loading archive file checkpoints
loading archive file data/CommonsenseQA
| dictionary: 50265 types
tensor(0, device='cuda:0')	0	1
tensor(1, device='cuda:0')	1	2
tensor(3, device='cuda:0')	3	3
tensor(3, device='cuda:0')	3	4
tensor(2, device='cuda:0')	1	4
tensor(1, device='cuda:0')	2	4
tensor(1, device='cuda:0')	0	4
tensor(2, device='cuda:0')	2	5
tensor(2, device='cuda:0')	2	6
tensor(2, device='cuda:0')	0	6
tensor(0, device='cuda:0')	1	6
tensor(2, device='cuda:0')	1	6
tensor(1, device='cuda:0')	1	7
tensor(1, device='cuda:0')	1	8
tensor(1, device='cuda:0')	1	9
tensor(3, device='cuda:0')	1	9
tensor(2, device='cuda:0')	1	9
tensor(0, device='cuda:0')	3	9
tensor(0, device='cuda:0')	1	9
tensor(2, device='cuda:0')	3	9
tensor(1, device='cuda:0')	3	9
tensor(3, device='cuda:0')	3	10
tensor(2, device='cuda:0')	3	10
tensor(0, device='cuda:0')	2	10
tensor(3, device='cuda:0')	1	10
tensor(0, device='cuda:0')	2	10
tensor(1, device='cuda:0')	1	11
tensor(1, device='cuda:0')	1	12
tensor(0, device='cuda:0')	0	13
tensor(1, device='cuda:0')	1	14
tensor(0, device='cuda:0')	0	15
tensor(2, device='cuda:0')	2	16
tensor(1, device='cuda:0')	0	16
tensor(0, device='cuda:0')	0	17
tensor(1, device='cuda:0')	2	17
tensor(0, device='cuda:0')	0	18
tensor(3, device='cuda:0')	3	19
tensor(3, device='cuda:0')	2	19
tensor(2, device='cuda:0')	2	20
tensor(0, device='cuda:0')	1	20
tensor(0, device='cuda:0')	0	21
tensor(1, device='cuda:0')	1	22
tensor(2, device='cuda:0')	0	22
tensor(0, device='cuda:0')	2	22
tensor(0, device='cuda:0')	0	23
tensor(3, device='cuda:0')	3	24
tensor(3, device='cuda:0')	3	25
tensor(2, device='cuda:0')	2	26
tensor(0, device='cuda:0')	3	26
tensor(3, device='cuda:0')	3	27
tensor(0, device='cuda:0')	0	28
tensor(1, device='cuda:0')	1	29
tensor(1, device='cuda:0')	2	29
tensor(0, device='cuda:0')	0	30
tensor(3, device='cuda:0')	2	30
tensor(3, device='cuda:0')	1	30
tensor(3, device='cuda:0')	3	31
tensor(3, device='cuda:0')	2	31
tensor(1, device='cuda:0')	1	32
tensor(1, device='cuda:0')	0	32
tensor(2, device='cuda:0')	1	32
tensor(3, device='cuda:0')	3	33
tensor(0, device='cuda:0')	3	33
tensor(1, device='cuda:0')	1	34
tensor(0, device='cuda:0')	0	35
tensor(0, device='cuda:0')	0	36
tensor(1, device='cuda:0')	1	37
tensor(1, device='cuda:0')	1	38
tensor(0, device='cuda:0')	0	39
tensor(1, device='cuda:0')	1	40
tensor(2, device='cuda:0')	0	40
tensor(3, device='cuda:0')	3	41
tensor(3, device='cuda:0')	3	42
tensor(2, device='cuda:0')	1	42
tensor(2, device='cuda:0')	2	43
tensor(3, device='cuda:0')	3	44
tensor(1, device='cuda:0')	1	45
tensor(1, device='cuda:0')	1	46
tensor(2, device='cuda:0')	1	46
tensor(0, device='cuda:0')	0	47
tensor(3, device='cuda:0')	3	48
tensor(2, device='cuda:0')	0	48
tensor(2, device='cuda:0')	2	49
tensor(3, device='cuda:0')	0	49
tensor(3, device='cuda:0')	1	49
tensor(0, device='cuda:0')	0	50
tensor(0, device='cuda:0')	0	51
tensor(1, device='cuda:0')	0	51
tensor(2, device='cuda:0')	2	52
tensor(3, device='cuda:0')	3	53
tensor(3, device='cuda:0')	2	53
tensor(2, device='cuda:0')	2	54
tensor(2, device='cuda:0')	2	55
tensor(1, device='cuda:0')	1	56
tensor(1, device='cuda:0')	1	57
tensor(0, device='cuda:0')	0	58
tensor(2, device='cuda:0')	0	58
tensor(0, device='cuda:0')	2	58
tensor(2, device='cuda:0')	1	58
tensor(1, device='cuda:0')	2	58
tensor(1, device='cuda:0')	1	59
tensor(3, device='cuda:0')	3	60
tensor(1, device='cuda:0')	1	61
tensor(1, device='cuda:0')	2	61
tensor(3, device='cuda:0')	3	62
tensor(2, device='cuda:0')	2	63
tensor(2, device='cuda:0')	1	63
tensor(2, device='cuda:0')	2	64
tensor(1, device='cuda:0')	2	64
tensor(2, device='cuda:0')	2	65
tensor(1, device='cuda:0')	1	66
tensor(2, device='cuda:0')	1	66
tensor(1, device='cuda:0')	1	67
tensor(1, device='cuda:0')	2	67
tensor(2, device='cuda:0')	2	68
tensor(0, device='cuda:0')	1	68
tensor(1, device='cuda:0')	1	69
tensor(1, device='cuda:0')	1	70
tensor(0, device='cuda:0')	0	71
tensor(2, device='cuda:0')	0	71
tensor(3, device='cuda:0')	0	71
tensor(3, device='cuda:0')	2	71
tensor(1, device='cuda:0')	1	72
tensor(2, device='cuda:0')	2	73
tensor(2, device='cuda:0')	2	74
tensor(0, device='cuda:0')	2	74
tensor(0, device='cuda:0')	0	75
tensor(2, device='cuda:0')	2	76
tensor(3, device='cuda:0')	2	76
tensor(1, device='cuda:0')	1	77
tensor(1, device='cuda:0')	2	77
tensor(0, device='cuda:0')	0	78
tensor(3, device='cuda:0')	1	78
tensor(1, device='cuda:0')	0	78
tensor(3, device='cuda:0')	1	78
tensor(1, device='cuda:0')	3	78
tensor(0, device='cuda:0')	0	79
tensor(0, device='cuda:0')	1	79
tensor(3, device='cuda:0')	3	80
tensor(0, device='cuda:0')	2	80
tensor(3, device='cuda:0')	1	80
tensor(0, device='cuda:0')	3	80
tensor(0, device='cuda:0')	1	80
tensor(3, device='cuda:0')	3	81
tensor(0, device='cuda:0')	0	82
tensor(3, device='cuda:0')	3	83
tensor(0, device='cuda:0')	0	84
tensor(1, device='cuda:0')	1	85
tensor(0, device='cuda:0')	1	85
tensor(3, device='cuda:0')	0	85
tensor(3, device='cuda:0')	0	85
tensor(0, device='cuda:0')	0	86
tensor(2, device='cuda:0')	3	86
tensor(0, device='cuda:0')	0	87
tensor(1, device='cuda:0')	3	87
tensor(1, device='cuda:0')	3	87
tensor(1, device='cuda:0')	3	87
tensor(0, device='cuda:0')	0	88
tensor(2, device='cuda:0')	3	88
tensor(1, device='cuda:0')	1	89
tensor(1, device='cuda:0')	3	89
tensor(2, device='cuda:0')	1	89
tensor(2, device='cuda:0')	2	90
tensor(3, device='cuda:0')	3	91
tensor(3, device='cuda:0')	2	91
tensor(0, device='cuda:0')	0	92
tensor(1, device='cuda:0')	1	93
tensor(0, device='cuda:0')	0	94
tensor(0, device='cuda:0')	0	95
tensor(1, device='cuda:0')	1	96
tensor(1, device='cuda:0')	2	96
tensor(1, device='cuda:0')	1	97
tensor(0, device='cuda:0')	3	97
tensor(0, device='cuda:0')	2	97
tensor(2, device='cuda:0')	2	98
tensor(2, device='cuda:0')	2	99
tensor(2, device='cuda:0')	0	99
tensor(1, device='cuda:0')	1	100
tensor(1, device='cuda:0')	2	100
tensor(2, device='cuda:0')	2	101
tensor(1, device='cuda:0')	1	102
tensor(0, device='cuda:0')	1	102
tensor(0, device='cuda:0')	0	103
tensor(3, device='cuda:0')	0	103
tensor(2, device='cuda:0')	2	104
tensor(3, device='cuda:0')	3	105
tensor(1, device='cuda:0')	1	106
tensor(3, device='cuda:0')	2	106
tensor(1, device='cuda:0')	1	107
tensor(2, device='cuda:0')	2	108
tensor(0, device='cuda:0')	0	109
tensor(2, device='cuda:0')	2	110
tensor(0, device='cuda:0')	0	111
tensor(3, device='cuda:0')	0	111
tensor(2, device='cuda:0')	1	111
tensor(1, device='cuda:0')	1	112
tensor(2, device='cuda:0')	2	113
tensor(2, device='cuda:0')	2	114
tensor(2, device='cuda:0')	3	114
tensor(1, device='cuda:0')	1	115
tensor(0, device='cuda:0')	2	115
tensor(0, device='cuda:0')	2	115
tensor(1, device='cuda:0')	2	115
tensor(3, device='cuda:0')	0	115
tensor(0, device='cuda:0')	1	115
tensor(1, device='cuda:0')	1	116
tensor(2, device='cuda:0')	2	117
tensor(3, device='cuda:0')	3	118
tensor(2, device='cuda:0')	2	119
tensor(2, device='cuda:0')	1	119
tensor(1, device='cuda:0')	1	120
tensor(2, device='cuda:0')	2	121
tensor(2, device='cuda:0')	2	122
tensor(2, device='cuda:0')	0	122
tensor(0, device='cuda:0')	0	123
tensor(0, device='cuda:0')	2	123
tensor(0, device='cuda:0')	0	124
tensor(1, device='cuda:0')	2	124
tensor(1, device='cuda:0')	1	125
tensor(0, device='cuda:0')	1	125
tensor(3, device='cuda:0')	3	126
tensor(3, device='cuda:0')	3	127
tensor(2, device='cuda:0')	2	128
tensor(3, device='cuda:0')	3	129
tensor(3, device='cuda:0')	3	130
tensor(3, device='cuda:0')	3	131
tensor(1, device='cuda:0')	0	131
tensor(0, device='cuda:0')	1	131
tensor(3, device='cuda:0')	3	132
tensor(0, device='cuda:0')	1	132
tensor(3, device='cuda:0')	0	132
tensor(1, device='cuda:0')	3	132
tensor(1, device='cuda:0')	1	133
tensor(1, device='cuda:0')	1	134
tensor(1, device='cuda:0')	1	135
tensor(0, device='cuda:0')	0	136
tensor(3, device='cuda:0')	3	137
tensor(0, device='cuda:0')	3	137
tensor(1, device='cuda:0')	0	137
tensor(1, device='cuda:0')	3	137
tensor(3, device='cuda:0')	1	137
tensor(3, device='cuda:0')	3	138
tensor(1, device='cuda:0')	3	138
tensor(0, device='cuda:0')	0	139
tensor(2, device='cuda:0')	2	140
tensor(3, device='cuda:0')	3	141
tensor(1, device='cuda:0')	1	142
tensor(3, device='cuda:0')	1	142
tensor(0, device='cuda:0')	0	143
tensor(0, device='cuda:0')	0	144
tensor(2, device='cuda:0')	2	145
tensor(1, device='cuda:0')	3	145
tensor(1, device='cuda:0')	1	146
tensor(2, device='cuda:0')	2	147
tensor(3, device='cuda:0')	3	148
tensor(0, device='cuda:0')	0	149
tensor(3, device='cuda:0')	3	150
tensor(3, device='cuda:0')	3	151
tensor(1, device='cuda:0')	1	152
tensor(0, device='cuda:0')	1	152
tensor(0, device='cuda:0')	0	153
tensor(2, device='cuda:0')	2	154
tensor(1, device='cuda:0')	1	155
tensor(0, device='cuda:0')	3	155
tensor(2, device='cuda:0')	2	156
tensor(3, device='cuda:0')	3	157
tensor(1, device='cuda:0')	0	157
tensor(0, device='cuda:0')	2	157
tensor(2, device='cuda:0')	2	158
tensor(0, device='cuda:0')	1	158
tensor(0, device='cuda:0')	2	158
tensor(3, device='cuda:0')	3	159
tensor(1, device='cuda:0')	0	159
tensor(1, device='cuda:0')	1	160
tensor(1, device='cuda:0')	0	160
tensor(2, device='cuda:0')	1	160
tensor(1, device='cuda:0')	1	161
tensor(1, device='cuda:0')	1	162
tensor(2, device='cuda:0')	2	163
tensor(2, device='cuda:0')	2	164
tensor(0, device='cuda:0')	0	165
tensor(2, device='cuda:0')	0	165
tensor(2, device='cuda:0')	2	166
tensor(0, device='cuda:0')	0	167
tensor(2, device='cuda:0')	0	167
tensor(3, device='cuda:0')	3	168
tensor(3, device='cuda:0')	3	169
tensor(2, device='cuda:0')	3	169
tensor(3, device='cuda:0')	0	169
tensor(1, device='cuda:0')	2	169
tensor(3, device='cuda:0')	1	169
tensor(1, device='cuda:0')	1	170
tensor(0, device='cuda:0')	2	170
tensor(0, device='cuda:0')	3	170
tensor(0, device='cuda:0')	0	171
tensor(2, device='cuda:0')	2	172
tensor(0, device='cuda:0')	0	173
tensor(2, device='cuda:0')	0	173
tensor(0, device='cuda:0')	1	173
tensor(2, device='cuda:0')	2	174
tensor(2, device='cuda:0')	2	175
tensor(2, device='cuda:0')	0	175
tensor(0, device='cuda:0')	1	175
tensor(2, device='cuda:0')	1	175
tensor(2, device='cuda:0')	2	176
tensor(1, device='cuda:0')	1	177
tensor(2, device='cuda:0')	2	178
tensor(2, device='cuda:0')	1	178
tensor(2, device='cuda:0')	2	179
tensor(1, device='cuda:0')	3	179
tensor(1, device='cuda:0')	1	180
tensor(2, device='cuda:0')	3	180
tensor(2, device='cuda:0')	0	180
tensor(3, device='cuda:0')	3	181
tensor(1, device='cuda:0')	1	182
tensor(0, device='cuda:0')	1	182
tensor(0, device='cuda:0')	3	182
tensor(1, device='cuda:0')	1	183
tensor(1, device='cuda:0')	1	184
tensor(3, device='cuda:0')	3	185
tensor(0, device='cuda:0')	0	186
tensor(2, device='cuda:0')	1	186
tensor(0, device='cuda:0')	0	187
tensor(3, device='cuda:0')	3	188
tensor(2, device='cuda:0')	2	189
tensor(1, device='cuda:0')	1	190
tensor(3, device='cuda:0')	2	190
tensor(1, device='cuda:0')	1	191
tensor(2, device='cuda:0')	0	191
tensor(0, device='cuda:0')	0	192
tensor(0, device='cuda:0')	3	192
tensor(1, device='cuda:0')	1	193
tensor(3, device='cuda:0')	0	193
tensor(1, device='cuda:0')	1	194
tensor(3, device='cuda:0')	3	195
tensor(1, device='cuda:0')	2	195
tensor(0, device='cuda:0')	2	195
tensor(0, device='cuda:0')	2	195
tensor(1, device='cuda:0')	2	195
tensor(3, device='cuda:0')	3	196
tensor(1, device='cuda:0')	1	197
tensor(1, device='cuda:0')	1	198
tensor(2, device='cuda:0')	2	199
tensor(0, device='cuda:0')	0	200
tensor(0, device='cuda:0')	1	200
tensor(2, device='cuda:0')	2	201
tensor(1, device='cuda:0')	0	201
tensor(0, device='cuda:0')	0	202
tensor(3, device='cuda:0')	2	202
tensor(0, device='cuda:0')	1	202
tensor(0, device='cuda:0')	0	203
tensor(2, device='cuda:0')	2	204
tensor(0, device='cuda:0')	3	204
tensor(1, device='cuda:0')	0	204
tensor(3, device='cuda:0')	2	204
tensor(3, device='cuda:0')	0	204
tensor(0, device='cuda:0')	0	205
tensor(3, device='cuda:0')	2	205
tensor(3, device='cuda:0')	3	206
tensor(1, device='cuda:0')	0	206
tensor(1, device='cuda:0')	1	207
tensor(1, device='cuda:0')	1	208
tensor(1, device='cuda:0')	1	209
tensor(3, device='cuda:0')	3	210
tensor(3, device='cuda:0')	3	211
tensor(0, device='cuda:0')	3	211
tensor(2, device='cuda:0')	2	212
tensor(0, device='cuda:0')	0	213
tensor(3, device='cuda:0')	3	214
tensor(3, device='cuda:0')	3	215
tensor(0, device='cuda:0')	0	216
tensor(3, device='cuda:0')	3	217
tensor(2, device='cuda:0')	2	218
tensor(2, device='cuda:0')	0	218
tensor(0, device='cuda:0')	3	218
tensor(3, device='cuda:0')	1	218
tensor(2, device='cuda:0')	1	218
tensor(3, device='cuda:0')	0	218
tensor(2, device='cuda:0')	2	219
tensor(1, device='cuda:0')	1	220
tensor(3, device='cuda:0')	3	221
tensor(2, device='cuda:0')	0	221
tensor(2, device='cuda:0')	3	221
tensor(2, device='cuda:0')	2	222
tensor(2, device='cuda:0')	0	222
tensor(0, device='cuda:0')	0	223
tensor(2, device='cuda:0')	2	224
tensor(2, device='cuda:0')	2	225
tensor(3, device='cuda:0')	3	226
tensor(3, device='cuda:0')	3	227
tensor(3, device='cuda:0')	3	228
tensor(1, device='cuda:0')	1	229
tensor(1, device='cuda:0')	3	229
tensor(0, device='cuda:0')	3	229
tensor(3, device='cuda:0')	1	229
tensor(1, device='cuda:0')	1	230
tensor(2, device='cuda:0')	2	231
tensor(3, device='cuda:0')	3	232
tensor(0, device='cuda:0')	2	232
tensor(1, device='cuda:0')	1	233
tensor(2, device='cuda:0')	0	233
tensor(1, device='cuda:0')	3	233
tensor(3, device='cuda:0')	3	234
tensor(0, device='cuda:0')	0	235
tensor(2, device='cuda:0')	3	235
tensor(3, device='cuda:0')	3	236
tensor(2, device='cuda:0')	2	237
tensor(2, device='cuda:0')	2	238
tensor(2, device='cuda:0')	1	238
tensor(1, device='cuda:0')	2	238
tensor(1, device='cuda:0')	1	239
tensor(2, device='cuda:0')	2	240
tensor(2, device='cuda:0')	2	241
tensor(0, device='cuda:0')	0	242
tensor(2, device='cuda:0')	2	243
tensor(0, device='cuda:0')	0	244
tensor(3, device='cuda:0')	3	245
tensor(2, device='cuda:0')	2	246
tensor(3, device='cuda:0')	3	247
tensor(0, device='cuda:0')	2	247
tensor(1, device='cuda:0')	1	248
tensor(0, device='cuda:0')	0	249
tensor(1, device='cuda:0')	1	250
tensor(2, device='cuda:0')	2	251
tensor(2, device='cuda:0')	3	251
tensor(3, device='cuda:0')	2	251
tensor(2, device='cuda:0')	1	251
tensor(1, device='cuda:0')	1	252
tensor(1, device='cuda:0')	2	252
tensor(0, device='cuda:0')	0	253
tensor(1, device='cuda:0')	3	253
tensor(3, device='cuda:0')	3	254
tensor(1, device='cuda:0')	1	255
tensor(3, device='cuda:0')	2	255
tensor(2, device='cuda:0')	2	256
tensor(1, device='cuda:0')	1	257
tensor(3, device='cuda:0')	3	258
tensor(3, device='cuda:0')	3	259
tensor(1, device='cuda:0')	1	260
tensor(0, device='cuda:0')	0	261
tensor(3, device='cuda:0')	3	262
tensor(3, device='cuda:0')	1	262
tensor(3, device='cuda:0')	0	262
tensor(2, device='cuda:0')	3	262
tensor(3, device='cuda:0')	0	262
tensor(0, device='cuda:0')	0	263
tensor(3, device='cuda:0')	3	264
tensor(3, device='cuda:0')	3	265
tensor(3, device='cuda:0')	3	266
tensor(2, device='cuda:0')	2	267
tensor(0, device='cuda:0')	2	267
tensor(1, device='cuda:0')	0	267
tensor(0, device='cuda:0')	2	267
tensor(3, device='cuda:0')	3	268
tensor(0, device='cuda:0')	1	268
tensor(3, device='cuda:0')	3	269
tensor(2, device='cuda:0')	2	270
tensor(3, device='cuda:0')	3	271
tensor(3, device='cuda:0')	3	272
tensor(1, device='cuda:0')	2	272
tensor(0, device='cuda:0')	3	272
tensor(3, device='cuda:0')	3	273
tensor(1, device='cuda:0')	1	274
tensor(0, device='cuda:0')	0	275
tensor(1, device='cuda:0')	0	275
tensor(2, device='cuda:0')	3	275
tensor(0, device='cuda:0')	0	276
tensor(0, device='cuda:0')	2	276
tensor(0, device='cuda:0')	0	277
tensor(0, device='cuda:0')	0	278
tensor(1, device='cuda:0')	0	278
tensor(3, device='cuda:0')	3	279
tensor(0, device='cuda:0')	2	279
tensor(2, device='cuda:0')	0	279
tensor(0, device='cuda:0')	2	279
tensor(3, device='cuda:0')	3	280
tensor(1, device='cuda:0')	1	281
tensor(2, device='cuda:0')	2	282
tensor(3, device='cuda:0')	3	283
tensor(0, device='cuda:0')	0	284
tensor(0, device='cuda:0')	1	284
tensor(0, device='cuda:0')	2	284
tensor(0, device='cuda:0')	2	284
tensor(2, device='cuda:0')	2	285
tensor(2, device='cuda:0')	2	286
tensor(3, device='cuda:0')	0	286
tensor(1, device='cuda:0')	3	286
tensor(1, device='cuda:0')	2	286
tensor(2, device='cuda:0')	2	287
tensor(0, device='cuda:0')	2	287
tensor(0, device='cuda:0')	1	287
tensor(0, device='cuda:0')	0	288
tensor(0, device='cuda:0')	2	288
tensor(2, device='cuda:0')	2	289
tensor(0, device='cuda:0')	3	289
tensor(3, device='cuda:0')	2	289
tensor(0, device='cuda:0')	2	289
tensor(0, device='cuda:0')	3	289
tensor(2, device='cuda:0')	2	290
tensor(1, device='cuda:0')	2	290
tensor(1, device='cuda:0')	1	291
tensor(1, device='cuda:0')	3	291
tensor(3, device='cuda:0')	3	292
tensor(0, device='cuda:0')	0	293
tensor(1, device='cuda:0')	2	293
tensor(0, device='cuda:0')	0	294
tensor(0, device='cuda:0')	2	294
tensor(2, device='cuda:0')	2	295
tensor(1, device='cuda:0')	0	295
tensor(3, device='cuda:0')	2	295
tensor(0, device='cuda:0')	0	296
tensor(3, device='cuda:0')	1	296
tensor(3, device='cuda:0')	1	296
tensor(0, device='cuda:0')	3	296
tensor(1, device='cuda:0')	3	296
tensor(0, device='cuda:0')	1	296
tensor(0, device='cuda:0')	0	297
tensor(3, device='cuda:0')	1	297
tensor(2, device='cuda:0')	2	298
tensor(2, device='cuda:0')	2	299
tensor(3, device='cuda:0')	2	299
tensor(1, device='cuda:0')	3	299
tensor(3, device='cuda:0')	3	300
tensor(0, device='cuda:0')	0	301
tensor(3, device='cuda:0')	0	301
tensor(3, device='cuda:0')	3	302
tensor(0, device='cuda:0')	3	302
tensor(0, device='cuda:0')	0	303
tensor(3, device='cuda:0')	2	303
tensor(0, device='cuda:0')	2	303
tensor(0, device='cuda:0')	3	303
tensor(2, device='cuda:0')	2	304
tensor(2, device='cuda:0')	2	305
tensor(3, device='cuda:0')	1	305
tensor(0, device='cuda:0')	0	306
tensor(0, device='cuda:0')	0	307
tensor(0, device='cuda:0')	2	307
tensor(1, device='cuda:0')	1	308
tensor(0, device='cuda:0')	0	309
tensor(2, device='cuda:0')	2	310
tensor(2, device='cuda:0')	2	311
tensor(1, device='cuda:0')	3	311
tensor(0, device='cuda:0')	0	312
tensor(1, device='cuda:0')	0	312
tensor(3, device='cuda:0')	3	313
tensor(1, device='cuda:0')	2	313
tensor(3, device='cuda:0')	3	314
tensor(2, device='cuda:0')	2	315
tensor(0, device='cuda:0')	2	315
tensor(1, device='cuda:0')	1	316
tensor(1, device='cuda:0')	3	316
tensor(0, device='cuda:0')	2	316
tensor(3, device='cuda:0')	3	317
tensor(1, device='cuda:0')	1	318
tensor(0, device='cuda:0')	0	319
tensor(0, device='cuda:0')	0	320
tensor(3, device='cuda:0')	3	321
tensor(3, device='cuda:0')	3	322
tensor(1, device='cuda:0')	1	323
tensor(2, device='cuda:0')	2	324
tensor(0, device='cuda:0')	0	325
tensor(0, device='cuda:0')	1	325
tensor(2, device='cuda:0')	2	326
tensor(3, device='cuda:0')	1	326
tensor(0, device='cuda:0')	2	326
tensor(1, device='cuda:0')	0	326
tensor(2, device='cuda:0')	2	327
tensor(2, device='cuda:0')	0	327
tensor(3, device='cuda:0')	2	327
tensor(3, device='cuda:0')	3	328
tensor(3, device='cuda:0')	3	329
tensor(1, device='cuda:0')	1	330
tensor(2, device='cuda:0')	1	330
tensor(3, device='cuda:0')	3	331
tensor(0, device='cuda:0')	2	331
tensor(0, device='cuda:0')	0	332
tensor(0, device='cuda:0')	2	332
tensor(3, device='cuda:0')	3	333
tensor(0, device='cuda:0')	0	334
tensor(2, device='cuda:0')	0	334
tensor(2, device='cuda:0')	0	334
tensor(3, device='cuda:0')	3	335
tensor(1, device='cuda:0')	1	336
tensor(3, device='cuda:0')	0	336
tensor(1, device='cuda:0')	1	337
tensor(2, device='cuda:0')	2	338
tensor(1, device='cuda:0')	1	339
tensor(0, device='cuda:0')	2	339
tensor(0, device='cuda:0')	3	339
tensor(3, device='cuda:0')	3	340
tensor(3, device='cuda:0')	2	340
tensor(0, device='cuda:0')	0	341
tensor(2, device='cuda:0')	2	342
tensor(3, device='cuda:0')	3	343
tensor(1, device='cuda:0')	1	344
tensor(2, device='cuda:0')	2	345
tensor(3, device='cuda:0')	2	345
tensor(0, device='cuda:0')	0	346
tensor(2, device='cuda:0')	2	347
tensor(3, device='cuda:0')	3	348
tensor(3, device='cuda:0')	2	348
tensor(2, device='cuda:0')	1	348
tensor(1, device='cuda:0')	1	349
tensor(1, device='cuda:0')	1	350
tensor(3, device='cuda:0')	1	350
tensor(0, device='cuda:0')	2	350
tensor(3, device='cuda:0')	1	350
tensor(0, device='cuda:0')	0	351
tensor(1, device='cuda:0')	0	351
tensor(3, device='cuda:0')	3	352
tensor(1, device='cuda:0')	1	353
tensor(3, device='cuda:0')	3	354
tensor(3, device='cuda:0')	0	354
tensor(0, device='cuda:0')	1	354
tensor(0, device='cuda:0')	0	355
tensor(1, device='cuda:0')	0	355
tensor(2, device='cuda:0')	2	356
tensor(1, device='cuda:0')	1	357
tensor(2, device='cuda:0')	3	357
tensor(2, device='cuda:0')	2	358
tensor(1, device='cuda:0')	1	359
tensor(3, device='cuda:0')	3	360
tensor(3, device='cuda:0')	0	360
tensor(0, device='cuda:0')	3	360
tensor(1, device='cuda:0')	2	360
tensor(2, device='cuda:0')	2	361
tensor(1, device='cuda:0')	3	361
tensor(2, device='cuda:0')	0	361
tensor(1, device='cuda:0')	0	361
tensor(1, device='cuda:0')	1	362
tensor(0, device='cuda:0')	0	363
tensor(0, device='cuda:0')	0	364
tensor(1, device='cuda:0')	2	364
tensor(3, device='cuda:0')	0	364
tensor(3, device='cuda:0')	3	365
tensor(2, device='cuda:0')	2	366
tensor(0, device='cuda:0')	1	366
tensor(2, device='cuda:0')	2	367
tensor(3, device='cuda:0')	3	368
tensor(2, device='cuda:0')	2	369
tensor(3, device='cuda:0')	2	369
tensor(1, device='cuda:0')	3	369
tensor(2, device='cuda:0')	3	369
tensor(2, device='cuda:0')	1	369
tensor(2, device='cuda:0')	3	369
tensor(3, device='cuda:0')	0	369
tensor(3, device='cuda:0')	3	370
tensor(3, device='cuda:0')	1	370
tensor(0, device='cuda:0')	0	371
tensor(3, device='cuda:0')	2	371
tensor(3, device='cuda:0')	3	372
tensor(3, device='cuda:0')	0	372
tensor(0, device='cuda:0')	1	372
tensor(0, device='cuda:0')	1	372
tensor(2, device='cuda:0')	2	373
tensor(3, device='cuda:0')	3	374
tensor(3, device='cuda:0')	3	375
tensor(3, device='cuda:0')	3	376
tensor(1, device='cuda:0')	1	377
tensor(1, device='cuda:0')	1	378
tensor(3, device='cuda:0')	3	379
tensor(0, device='cuda:0')	0	380
tensor(0, device='cuda:0')	2	380
tensor(2, device='cuda:0')	2	381
tensor(0, device='cuda:0')	1	381
tensor(2, device='cuda:0')	2	382
tensor(1, device='cuda:0')	2	382
tensor(2, device='cuda:0')	0	382
tensor(1, device='cuda:0')	1	383
tensor(1, device='cuda:0')	1	384
tensor(0, device='cuda:0')	0	385
tensor(1, device='cuda:0')	0	385
tensor(0, device='cuda:0')	3	385
tensor(0, device='cuda:0')	0	386
tensor(2, device='cuda:0')	3	386
tensor(3, device='cuda:0')	3	387
tensor(2, device='cuda:0')	2	388
tensor(0, device='cuda:0')	2	388
tensor(1, device='cuda:0')	2	388
tensor(2, device='cuda:0')	0	388
tensor(2, device='cuda:0')	2	389
tensor(2, device='cuda:0')	1	389
tensor(1, device='cuda:0')	1	390
tensor(0, device='cuda:0')	3	390
tensor(1, device='cuda:0')	2	390
tensor(0, device='cuda:0')	0	391
tensor(3, device='cuda:0')	0	391
tensor(2, device='cuda:0')	2	392
tensor(1, device='cuda:0')	0	392
tensor(3, device='cuda:0')	0	392
tensor(3, device='cuda:0')	1	392
tensor(0, device='cuda:0')	3	392
tensor(2, device='cuda:0')	1	392
tensor(2, device='cuda:0')	3	392
tensor(2, device='cuda:0')	3	392
tensor(1, device='cuda:0')	3	392
tensor(1, device='cuda:0')	1	393
tensor(1, device='cuda:0')	1	394
tensor(1, device='cuda:0')	1	395
tensor(0, device='cuda:0')	0	396
tensor(1, device='cuda:0')	3	396
tensor(3, device='cuda:0')	3	397
tensor(0, device='cuda:0')	1	397
tensor(0, device='cuda:0')	1	397
tensor(0, device='cuda:0')	2	397
tensor(3, device='cuda:0')	3	398
tensor(2, device='cuda:0')	1	398
tensor(2, device='cuda:0')	2	399
tensor(0, device='cuda:0')	0	400
tensor(3, device='cuda:0')	1	400
tensor(3, device='cuda:0')	3	401
tensor(1, device='cuda:0')	0	401
tensor(1, device='cuda:0')	1	402
tensor(0, device='cuda:0')	0	403
tensor(0, device='cuda:0')	1	403
tensor(1, device='cuda:0')	3	403
tensor(2, device='cuda:0')	2	404
tensor(2, device='cuda:0')	1	404
tensor(3, device='cuda:0')	0	404
tensor(2, device='cuda:0')	2	405
tensor(0, device='cuda:0')	0	406
tensor(0, device='cuda:0')	1	406
tensor(0, device='cuda:0')	0	407
tensor(2, device='cuda:0')	2	408
tensor(1, device='cuda:0')	2	408
tensor(1, device='cuda:0')	1	409
tensor(2, device='cuda:0')	2	410
tensor(0, device='cuda:0')	0	411
tensor(2, device='cuda:0')	0	411
tensor(1, device='cuda:0')	1	412
tensor(0, device='cuda:0')	0	413
tensor(0, device='cuda:0')	1	413
tensor(3, device='cuda:0')	3	414
tensor(1, device='cuda:0')	1	415
tensor(3, device='cuda:0')	3	416
tensor(3, device='cuda:0')	1	416
tensor(0, device='cuda:0')	0	417
tensor(0, device='cuda:0')	2	417
tensor(3, device='cuda:0')	1	417
tensor(2, device='cuda:0')	0	417
tensor(3, device='cuda:0')	3	418
tensor(0, device='cuda:0')	1	418
tensor(3, device='cuda:0')	0	418
tensor(1, device='cuda:0')	1	419
tensor(0, device='cuda:0')	0	420
tensor(1, device='cuda:0')	1	421
tensor(2, device='cuda:0')	1	421
tensor(2, device='cuda:0')	2	422
tensor(2, device='cuda:0')	2	423
tensor(1, device='cuda:0')	1	424
tensor(0, device='cuda:0')	0	425
tensor(2, device='cuda:0')	0	425
tensor(3, device='cuda:0')	1	425
tensor(3, device='cuda:0')	0	425
tensor(0, device='cuda:0')	0	426
tensor(2, device='cuda:0')	2	427
tensor(1, device='cuda:0')	0	427
tensor(2, device='cuda:0')	1	427
tensor(1, device='cuda:0')	1	428
tensor(2, device='cuda:0')	2	429
tensor(1, device='cuda:0')	2	429
tensor(3, device='cuda:0')	3	430
tensor(2, device='cuda:0')	3	430
tensor(1, device='cuda:0')	1	431
tensor(3, device='cuda:0')	3	432
tensor(0, device='cuda:0')	0	433
tensor(3, device='cuda:0')	1	433
tensor(3, device='cuda:0')	2	433
tensor(3, device='cuda:0')	3	434
tensor(2, device='cuda:0')	2	435
tensor(0, device='cuda:0')	0	436
tensor(2, device='cuda:0')	2	437
tensor(1, device='cuda:0')	1	438
tensor(3, device='cuda:0')	0	438
tensor(3, device='cuda:0')	3	439
tensor(3, device='cuda:0')	0	439
tensor(3, device='cuda:0')	3	440
tensor(1, device='cuda:0')	0	440
tensor(3, device='cuda:0')	1	440
tensor(1, device='cuda:0')	1	441
tensor(3, device='cuda:0')	3	442
tensor(1, device='cuda:0')	3	442
tensor(3, device='cuda:0')	2	442
tensor(2, device='cuda:0')	1	442
tensor(0, device='cuda:0')	0	443
tensor(2, device='cuda:0')	1	443
tensor(0, device='cuda:0')	2	443
tensor(3, device='cuda:0')	3	444
tensor(0, device='cuda:0')	1	444
tensor(1, device='cuda:0')	1	445
tensor(2, device='cuda:0')	2	446
tensor(1, device='cuda:0')	2	446
tensor(3, device='cuda:0')	3	447
tensor(3, device='cuda:0')	3	448
tensor(0, device='cuda:0')	1	448
tensor(0, device='cuda:0')	3	448
tensor(0, device='cuda:0')	2	448
tensor(3, device='cuda:0')	2	448
tensor(0, device='cuda:0')	0	449
tensor(0, device='cuda:0')	0	450
tensor(2, device='cuda:0')	2	451
tensor(0, device='cuda:0')	0	452
tensor(0, device='cuda:0')	2	452
tensor(2, device='cuda:0')	3	452
tensor(3, device='cuda:0')	1	452
tensor(0, device='cuda:0')	1	452
tensor(1, device='cuda:0')	1	453
tensor(1, device='cuda:0')	3	453
tensor(2, device='cuda:0')	2	454
tensor(2, device='cuda:0')	0	454
tensor(3, device='cuda:0')	0	454
tensor(2, device='cuda:0')	3	454
tensor(3, device='cuda:0')	3	455
tensor(2, device='cuda:0')	2	456
tensor(2, device='cuda:0')	0	456
tensor(1, device='cuda:0')	1	457
tensor(0, device='cuda:0')	2	457
tensor(1, device='cuda:0')	2	457
tensor(2, device='cuda:0')	2	458
tensor(2, device='cuda:0')	2	459
tensor(0, device='cuda:0')	0	460
tensor(3, device='cuda:0')	2	460
tensor(3, device='cuda:0')	3	461
tensor(1, device='cuda:0')	1	462
tensor(3, device='cuda:0')	3	463
tensor(2, device='cuda:0')	3	463
tensor(0, device='cuda:0')	3	463
tensor(0, device='cuda:0')	1	463
tensor(0, device='cuda:0')	0	464
tensor(2, device='cuda:0')	1	464
tensor(2, device='cuda:0')	2	465
tensor(0, device='cuda:0')	0	466
tensor(2, device='cuda:0')	0	466
tensor(0, device='cuda:0')	0	467
tensor(0, device='cuda:0')	0	468
tensor(0, device='cuda:0')	3	468
tensor(2, device='cuda:0')	3	468
tensor(2, device='cuda:0')	3	468
tensor(0, device='cuda:0')	3	468
tensor(0, device='cuda:0')	1	468
tensor(1, device='cuda:0')	3	468
tensor(3, device='cuda:0')	3	469
tensor(0, device='cuda:0')	0	470
tensor(1, device='cuda:0')	1	471
tensor(0, device='cuda:0')	1	471
tensor(1, device='cuda:0')	1	472
tensor(0, device='cuda:0')	0	473
tensor(1, device='cuda:0')	1	474
tensor(1, device='cuda:0')	3	474
tensor(0, device='cuda:0')	2	474
tensor(3, device='cuda:0')	3	475
tensor(2, device='cuda:0')	1	475
tensor(0, device='cuda:0')	3	475
tensor(3, device='cuda:0')	3	476
tensor(0, device='cuda:0')	0	477
tensor(0, device='cuda:0')	2	477
tensor(3, device='cuda:0')	3	478
tensor(2, device='cuda:0')	2	479
tensor(1, device='cuda:0')	1	480
tensor(3, device='cuda:0')	2	480
tensor(2, device='cuda:0')	2	481
tensor(3, device='cuda:0')	3	482
tensor(2, device='cuda:0')	2	483
tensor(2, device='cuda:0')	1	483
tensor(3, device='cuda:0')	3	484
tensor(3, device='cuda:0')	0	484
tensor(3, device='cuda:0')	1	484
tensor(3, device='cuda:0')	2	484
tensor(3, device='cuda:0')	3	485
tensor(1, device='cuda:0')	1	486
tensor(3, device='cuda:0')	0	486
tensor(1, device='cuda:0')	1	487
tensor(3, device='cuda:0')	3	488
tensor(1, device='cuda:0')	1	489
tensor(2, device='cuda:0')	2	490
tensor(3, device='cuda:0')	3	491
tensor(3, device='cuda:0')	0	491
tensor(0, device='cuda:0')	2	491
tensor(2, device='cuda:0')	2	492
tensor(0, device='cuda:0')	2	492
tensor(2, device='cuda:0')	2	493
tensor(0, device='cuda:0')	3	493
tensor(1, device='cuda:0')	1	494
tensor(0, device='cuda:0')	0	495
tensor(1, device='cuda:0')	3	495
tensor(2, device='cuda:0')	3	495
tensor(2, device='cuda:0')	1	495
tensor(2, device='cuda:0')	0	495
tensor(0, device='cuda:0')	0	496
tensor(1, device='cuda:0')	3	496
tensor(0, device='cuda:0')	2	496
tensor(1, device='cuda:0')	3	496
tensor(1, device='cuda:0')	1	497
tensor(0, device='cuda:0')	0	498
tensor(2, device='cuda:0')	3	498
tensor(3, device='cuda:0')	3	499
tensor(2, device='cuda:0')	2	500
tensor(2, device='cuda:0')	3	500
tensor(2, device='cuda:0')	2	501
tensor(3, device='cuda:0')	3	502
tensor(2, device='cuda:0')	3	502
tensor(1, device='cuda:0')	2	502
tensor(2, device='cuda:0')	3	502
tensor(1, device='cuda:0')	2	502
tensor(1, device='cuda:0')	2	502
tensor(1, device='cuda:0')	1	503
tensor(2, device='cuda:0')	2	504
tensor(1, device='cuda:0')	1	505
tensor(3, device='cuda:0')	3	506
tensor(2, device='cuda:0')	2	507
tensor(1, device='cuda:0')	1	508
tensor(0, device='cuda:0')	0	509
tensor(1, device='cuda:0')	1	510
tensor(3, device='cuda:0')	3	511
tensor(1, device='cuda:0')	1	512
tensor(2, device='cuda:0')	2	513
tensor(2, device='cuda:0')	2	514
tensor(3, device='cuda:0')	3	515
tensor(1, device='cuda:0')	1	516
tensor(2, device='cuda:0')	2	517
tensor(0, device='cuda:0')	0	518
tensor(1, device='cuda:0')	1	519
tensor(1, device='cuda:0')	1	520
tensor(1, device='cuda:0')	1	521
tensor(0, device='cuda:0')	3	521
tensor(3, device='cuda:0')	3	522
tensor(0, device='cuda:0')	0	523
tensor(2, device='cuda:0')	2	524
tensor(3, device='cuda:0')	1	524
tensor(1, device='cuda:0')	2	524
tensor(0, device='cuda:0')	0	525
tensor(1, device='cuda:0')	1	526
tensor(2, device='cuda:0')	2	527
tensor(3, device='cuda:0')	3	528
tensor(2, device='cuda:0')	3	528
tensor(1, device='cuda:0')	2	528
tensor(1, device='cuda:0')	1	529
tensor(3, device='cuda:0')	3	530
tensor(0, device='cuda:0')	0	531
tensor(0, device='cuda:0')	0	532
tensor(2, device='cuda:0')	2	533
tensor(1, device='cuda:0')	1	534
tensor(2, device='cuda:0')	2	535
tensor(2, device='cuda:0')	2	536
tensor(0, device='cuda:0')	0	537
tensor(1, device='cuda:0')	2	537
tensor(3, device='cuda:0')	1	537
tensor(1, device='cuda:0')	2	537
tensor(0, device='cuda:0')	3	537
tensor(2, device='cuda:0')	2	538
tensor(2, device='cuda:0')	2	539
tensor(0, device='cuda:0')	0	540
tensor(3, device='cuda:0')	3	541
tensor(3, device='cuda:0')	3	542
tensor(0, device='cuda:0')	0	543
tensor(0, device='cuda:0')	0	544
tensor(2, device='cuda:0')	0	544
tensor(3, device='cuda:0')	3	545
tensor(2, device='cuda:0')	0	545
tensor(0, device='cuda:0')	1	545
tensor(2, device='cuda:0')	0	545
tensor(0, device='cuda:0')	3	545
tensor(2, device='cuda:0')	2	546
tensor(0, device='cuda:0')	2	546
tensor(1, device='cuda:0')	2	546
tensor(0, device='cuda:0')	1	546
tensor(1, device='cuda:0')	2	546
tensor(0, device='cuda:0')	1	546
tensor(2, device='cuda:0')	2	547
tensor(3, device='cuda:0')	3	548
tensor(1, device='cuda:0')	2	548
tensor(3, device='cuda:0')	3	549
tensor(0, device='cuda:0')	0	550
tensor(2, device='cuda:0')	2	551
tensor(1, device='cuda:0')	1	552
tensor(2, device='cuda:0')	3	552
tensor(0, device='cuda:0')	1	552
tensor(2, device='cuda:0')	2	553
tensor(3, device='cuda:0')	3	554
tensor(0, device='cuda:0')	1	554
tensor(0, device='cuda:0')	2	554
tensor(0, device='cuda:0')	0	555
tensor(0, device='cuda:0')	3	555
tensor(0, device='cuda:0')	0	556
tensor(2, device='cuda:0')	2	557
tensor(2, device='cuda:0')	2	558
tensor(0, device='cuda:0')	3	558
tensor(2, device='cuda:0')	2	559
tensor(3, device='cuda:0')	3	560
tensor(2, device='cuda:0')	0	560
tensor(1, device='cuda:0')	2	560
tensor(3, device='cuda:0')	0	560
tensor(2, device='cuda:0')	0	560
tensor(0, device='cuda:0')	3	560
tensor(1, device='cuda:0')	1	561
tensor(1, device='cuda:0')	1	562
tensor(1, device='cuda:0')	0	562
tensor(0, device='cuda:0')	0	563
tensor(1, device='cuda:0')	3	563
tensor(3, device='cuda:0')	3	564
tensor(3, device='cuda:0')	3	565
tensor(2, device='cuda:0')	3	565
tensor(0, device='cuda:0')	1	565
tensor(2, device='cuda:0')	0	565
tensor(3, device='cuda:0')	0	565
tensor(3, device='cuda:0')	3	566
tensor(0, device='cuda:0')	2	566
tensor(3, device='cuda:0')	3	567
tensor(0, device='cuda:0')	3	567
tensor(1, device='cuda:0')	1	568
tensor(1, device='cuda:0')	3	568
tensor(3, device='cuda:0')	3	569
tensor(2, device='cuda:0')	2	570
tensor(0, device='cuda:0')	1	570
tensor(2, device='cuda:0')	2	571
tensor(1, device='cuda:0')	1	572
tensor(2, device='cuda:0')	2	573
tensor(2, device='cuda:0')	0	573
tensor(0, device='cuda:0')	2	573
tensor(0, device='cuda:0')	2	573
tensor(1, device='cuda:0')	3	573
tensor(3, device='cuda:0')	2	573
tensor(1, device='cuda:0')	1	574
tensor(2, device='cuda:0')	0	574
tensor(0, device='cuda:0')	1	574
tensor(3, device='cuda:0')	3	575
tensor(1, device='cuda:0')	1	576
tensor(3, device='cuda:0')	2	576
tensor(3, device='cuda:0')	1	576
tensor(0, device='cuda:0')	2	576
tensor(2, device='cuda:0')	3	576
tensor(3, device='cuda:0')	3	577
tensor(1, device='cuda:0')	1	578
tensor(2, device='cuda:0')	1	578
tensor(3, device='cuda:0')	2	578
tensor(2, device='cuda:0')	2	579
tensor(1, device='cuda:0')	1	580
tensor(0, device='cuda:0')	0	581
tensor(0, device='cuda:0')	0	582
tensor(0, device='cuda:0')	0	583
tensor(2, device='cuda:0')	2	584
tensor(2, device='cuda:0')	2	585
tensor(1, device='cuda:0')	1	586
tensor(1, device='cuda:0')	1	587
tensor(1, device='cuda:0')	0	587
tensor(1, device='cuda:0')	2	587
tensor(2, device='cuda:0')	3	587
tensor(2, device='cuda:0')	2	588
tensor(0, device='cuda:0')	2	588
tensor(1, device='cuda:0')	1	589
tensor(0, device='cuda:0')	0	590
tensor(2, device='cuda:0')	2	591
tensor(1, device='cuda:0')	0	591
tensor(3, device='cuda:0')	3	592
tensor(3, device='cuda:0')	0	592
tensor(2, device='cuda:0')	2	593
tensor(3, device='cuda:0')	2	593
tensor(0, device='cuda:0')	3	593
tensor(0, device='cuda:0')	0	594
tensor(0, device='cuda:0')	3	594
tensor(1, device='cuda:0')	1	595
tensor(1, device='cuda:0')	0	595
tensor(3, device='cuda:0')	3	596
tensor(0, device='cuda:0')	0	597
tensor(1, device='cuda:0')	1	598
tensor(2, device='cuda:0')	2	599
tensor(2, device='cuda:0')	1	599
tensor(0, device='cuda:0')	0	600
tensor(0, device='cuda:0')	0	601
tensor(1, device='cuda:0')	2	601
tensor(3, device='cuda:0')	3	602
tensor(2, device='cuda:0')	0	602
tensor(2, device='cuda:0')	2	603
tensor(1, device='cuda:0')	1	604
tensor(2, device='cuda:0')	2	605
tensor(2, device='cuda:0')	2	606
tensor(2, device='cuda:0')	2	607
tensor(0, device='cuda:0')	3	607
tensor(0, device='cuda:0')	0	608
tensor(2, device='cuda:0')	2	609
tensor(1, device='cuda:0')	2	609
tensor(2, device='cuda:0')	2	610
tensor(3, device='cuda:0')	3	611
tensor(1, device='cuda:0')	2	611
tensor(1, device='cuda:0')	2	611
tensor(1, device='cuda:0')	1	612
tensor(0, device='cuda:0')	0	613
tensor(3, device='cuda:0')	3	614
tensor(2, device='cuda:0')	2	615
tensor(2, device='cuda:0')	2	616
tensor(1, device='cuda:0')	2	616
tensor(3, device='cuda:0')	3	617
tensor(1, device='cuda:0')	1	618
tensor(1, device='cuda:0')	2	618
tensor(2, device='cuda:0')	0	618
tensor(0, device='cuda:0')	2	618
tensor(0, device='cuda:0')	0	619
tensor(2, device='cuda:0')	2	620
tensor(3, device='cuda:0')	3	621
tensor(3, device='cuda:0')	3	622
tensor(0, device='cuda:0')	0	623
tensor(3, device='cuda:0')	3	624
tensor(0, device='cuda:0')	0	625
tensor(1, device='cuda:0')	1	626
tensor(1, device='cuda:0')	1	627
tensor(2, device='cuda:0')	0	627
tensor(1, device='cuda:0')	2	627
tensor(0, device='cuda:0')	3	627
tensor(3, device='cuda:0')	3	628
tensor(3, device='cuda:0')	3	629
tensor(0, device='cuda:0')	0	630
tensor(2, device='cuda:0')	2	631
tensor(1, device='cuda:0')	3	631
tensor(0, device='cuda:0')	2	631
tensor(2, device='cuda:0')	3	631
tensor(3, device='cuda:0')	3	632
tensor(0, device='cuda:0')	0	633
tensor(3, device='cuda:0')	1	633
tensor(3, device='cuda:0')	3	634
tensor(2, device='cuda:0')	2	635
tensor(1, device='cuda:0')	1	636
tensor(0, device='cuda:0')	0	637
tensor(1, device='cuda:0')	1	638
tensor(3, device='cuda:0')	3	639
tensor(3, device='cuda:0')	3	640
tensor(1, device='cuda:0')	1	641
tensor(0, device='cuda:0')	0	642
tensor(1, device='cuda:0')	0	642
tensor(3, device='cuda:0')	3	643
tensor(1, device='cuda:0')	1	644
tensor(3, device='cuda:0')	3	645
tensor(0, device='cuda:0')	3	645
tensor(1, device='cuda:0')	3	645
tensor(1, device='cuda:0')	1	646
tensor(3, device='cuda:0')	3	647
tensor(0, device='cuda:0')	0	648
tensor(3, device='cuda:0')	3	649
tensor(0, device='cuda:0')	0	650
tensor(3, device='cuda:0')	2	650
tensor(3, device='cuda:0')	3	651
tensor(0, device='cuda:0')	1	651
tensor(0, device='cuda:0')	1	651
tensor(1, device='cuda:0')	1	652
tensor(0, device='cuda:0')	0	653
tensor(3, device='cuda:0')	0	653
tensor(0, device='cuda:0')	0	654
tensor(1, device='cuda:0')	1	655
tensor(2, device='cuda:0')	0	655
tensor(1, device='cuda:0')	1	656
tensor(1, device='cuda:0')	1	657
tensor(0, device='cuda:0')	2	657
tensor(2, device='cuda:0')	2	658
tensor(1, device='cuda:0')	0	658
tensor(0, device='cuda:0')	3	658
tensor(0, device='cuda:0')	1	658
tensor(3, device='cuda:0')	3	659
tensor(1, device='cuda:0')	1	660
tensor(2, device='cuda:0')	2	661
tensor(2, device='cuda:0')	1	661
tensor(3, device='cuda:0')	2	661
tensor(2, device='cuda:0')	1	661
tensor(3, device='cuda:0')	3	662
tensor(0, device='cuda:0')	1	662
tensor(0, device='cuda:0')	3	662
tensor(3, device='cuda:0')	0	662
tensor(0, device='cuda:0')	2	662
tensor(0, device='cuda:0')	0	663
tensor(2, device='cuda:0')	2	664
tensor(0, device='cuda:0')	0	665
tensor(1, device='cuda:0')	1	666
tensor(3, device='cuda:0')	3	667
tensor(2, device='cuda:0')	2	668
tensor(3, device='cuda:0')	1	668
tensor(3, device='cuda:0')	3	669
tensor(1, device='cuda:0')	1	670
tensor(2, device='cuda:0')	2	671
tensor(0, device='cuda:0')	3	671
tensor(2, device='cuda:0')	1	671
tensor(1, device='cuda:0')	3	671
tensor(0, device='cuda:0')	0	672
tensor(2, device='cuda:0')	2	673
tensor(1, device='cuda:0')	1	674
tensor(2, device='cuda:0')	0	674
tensor(1, device='cuda:0')	1	675
tensor(0, device='cuda:0')	0	676
tensor(1, device='cuda:0')	1	677
tensor(1, device='cuda:0')	3	677
tensor(2, device='cuda:0')	3	677
tensor(2, device='cuda:0')	3	677
tensor(3, device='cuda:0')	2	677
tensor(2, device='cuda:0')	3	677
tensor(1, device='cuda:0')	1	678
tensor(2, device='cuda:0')	2	679
tensor(1, device='cuda:0')	1	680
tensor(0, device='cuda:0')	0	681
tensor(3, device='cuda:0')	3	682
tensor(0, device='cuda:0')	0	683
tensor(3, device='cuda:0')	3	684
tensor(2, device='cuda:0')	2	685
tensor(3, device='cuda:0')	0	685
tensor(1, device='cuda:0')	2	685
tensor(0, device='cuda:0')	0	686
tensor(1, device='cuda:0')	3	686
tensor(0, device='cuda:0')	2	686
tensor(2, device='cuda:0')	2	687
tensor(0, device='cuda:0')	2	687
tensor(2, device='cuda:0')	0	687
tensor(2, device='cuda:0')	2	688
tensor(0, device='cuda:0')	1	688
tensor(0, device='cuda:0')	2	688
tensor(2, device='cuda:0')	2	689
tensor(3, device='cuda:0')	1	689
tensor(1, device='cuda:0')	3	689
tensor(2, device='cuda:0')	2	690
tensor(2, device='cuda:0')	0	690
tensor(0, device='cuda:0')	0	691
tensor(3, device='cuda:0')	2	691
tensor(0, device='cuda:0')	0	692
tensor(0, device='cuda:0')	0	693
tensor(2, device='cuda:0')	2	694
tensor(3, device='cuda:0')	2	694
tensor(1, device='cuda:0')	2	694
tensor(3, device='cuda:0')	3	695
tensor(3, device='cuda:0')	1	695
tensor(0, device='cuda:0')	1	695
tensor(0, device='cuda:0')	1	695
tensor(2, device='cuda:0')	2	696
tensor(0, device='cuda:0')	1	696
tensor(2, device='cuda:0')	3	696
tensor(0, device='cuda:0')	0	697
tensor(0, device='cuda:0')	3	697
tensor(0, device='cuda:0')	3	697
tensor(3, device='cuda:0')	3	698
tensor(0, device='cuda:0')	0	699
tensor(2, device='cuda:0')	1	699
tensor(1, device='cuda:0')	1	700
tensor(0, device='cuda:0')	0	701
tensor(3, device='cuda:0')	0	701
tensor(0, device='cuda:0')	0	702
tensor(0, device='cuda:0')	2	702
tensor(0, device='cuda:0')	0	703
tensor(1, device='cuda:0')	1	704
tensor(1, device='cuda:0')	3	704
tensor(3, device='cuda:0')	0	704
tensor(1, device='cuda:0')	0	704
tensor(1, device='cuda:0')	2	704
tensor(2, device='cuda:0')	2	705
tensor(3, device='cuda:0')	3	706
tensor(2, device='cuda:0')	2	707
tensor(1, device='cuda:0')	0	707
tensor(1, device='cuda:0')	3	707
tensor(3, device='cuda:0')	3	708
tensor(2, device='cuda:0')	2	709
tensor(2, device='cuda:0')	2	710
tensor(3, device='cuda:0')	3	711
tensor(1, device='cuda:0')	1	712
tensor(2, device='cuda:0')	0	712
tensor(3, device='cuda:0')	2	712
tensor(1, device='cuda:0')	1	713
tensor(2, device='cuda:0')	2	714
tensor(0, device='cuda:0')	0	715
tensor(3, device='cuda:0')	3	716
tensor(1, device='cuda:0')	0	716
tensor(2, device='cuda:0')	2	717
tensor(0, device='cuda:0')	3	717
tensor(3, device='cuda:0')	3	718
tensor(2, device='cuda:0')	2	719
tensor(2, device='cuda:0')	1	719
tensor(0, device='cuda:0')	2	719
tensor(0, device='cuda:0')	0	720
tensor(1, device='cuda:0')	1	721
tensor(2, device='cuda:0')	2	722
tensor(0, device='cuda:0')	0	723
tensor(2, device='cuda:0')	2	724
tensor(2, device='cuda:0')	3	724
tensor(2, device='cuda:0')	2	725
tensor(0, device='cuda:0')	3	725
tensor(3, device='cuda:0')	0	725
tensor(2, device='cuda:0')	2	726
tensor(3, device='cuda:0')	0	726
tensor(3, device='cuda:0')	3	727
tensor(0, device='cuda:0')	3	727
tensor(1, device='cuda:0')	0	727
tensor(2, device='cuda:0')	2	728
tensor(3, device='cuda:0')	3	729
tensor(1, device='cuda:0')	0	729
tensor(1, device='cuda:0')	1	730
tensor(1, device='cuda:0')	2	730
tensor(1, device='cuda:0')	3	730
tensor(3, device='cuda:0')	3	731
tensor(1, device='cuda:0')	1	732
tensor(0, device='cuda:0')	0	733
tensor(0, device='cuda:0')	0	734
tensor(3, device='cuda:0')	1	734
tensor(3, device='cuda:0')	3	735
tensor(2, device='cuda:0')	0	735
tensor(2, device='cuda:0')	2	736
tensor(1, device='cuda:0')	1	737
tensor(0, device='cuda:0')	0	738
tensor(0, device='cuda:0')	0	739
tensor(2, device='cuda:0')	1	739
tensor(3, device='cuda:0')	3	740
tensor(0, device='cuda:0')	0	741
tensor(1, device='cuda:0')	1	742
tensor(1, device='cuda:0')	1	743
tensor(3, device='cuda:0')	3	744
tensor(1, device='cuda:0')	1	745
tensor(3, device='cuda:0')	1	745
tensor(1, device='cuda:0')	3	745
tensor(3, device='cuda:0')	3	746
tensor(1, device='cuda:0')	1	747
tensor(2, device='cuda:0')	2	748
tensor(0, device='cuda:0')	0	749
tensor(2, device='cuda:0')	1	749
tensor(1, device='cuda:0')	1	750
tensor(3, device='cuda:0')	3	751
tensor(0, device='cuda:0')	0	752
tensor(1, device='cuda:0')	2	752
tensor(1, device='cuda:0')	1	753
tensor(3, device='cuda:0')	1	753
tensor(3, device='cuda:0')	0	753
tensor(1, device='cuda:0')	3	753
tensor(1, device='cuda:0')	1	754
tensor(1, device='cuda:0')	1	755
tensor(0, device='cuda:0')	0	756
tensor(3, device='cuda:0')	0	756
tensor(3, device='cuda:0')	3	757
tensor(0, device='cuda:0')	0	758
tensor(2, device='cuda:0')	0	758
tensor(0, device='cuda:0')	0	759
tensor(1, device='cuda:0')	1	760
tensor(1, device='cuda:0')	1	761
tensor(0, device='cuda:0')	2	761
tensor(0, device='cuda:0')	1	761
tensor(3, device='cuda:0')	3	762
tensor(0, device='cuda:0')	0	763
tensor(1, device='cuda:0')	1	764
tensor(3, device='cuda:0')	2	764
tensor(1, device='cuda:0')	1	765
tensor(1, device='cuda:0')	1	766
tensor(0, device='cuda:0')	2	766
tensor(0, device='cuda:0')	2	766
tensor(2, device='cuda:0')	2	767
tensor(3, device='cuda:0')	3	768
tensor(1, device='cuda:0')	1	769
tensor(1, device='cuda:0')	3	769
tensor(0, device='cuda:0')	0	770
tensor(0, device='cuda:0')	0	771
tensor(0, device='cuda:0')	0	772
tensor(2, device='cuda:0')	0	772
tensor(2, device='cuda:0')	2	773
tensor(3, device='cuda:0')	3	774
tensor(3, device='cuda:0')	3	775
tensor(0, device='cuda:0')	0	776
tensor(0, device='cuda:0')	3	776
tensor(0, device='cuda:0')	0	777
tensor(3, device='cuda:0')	3	778
tensor(0, device='cuda:0')	1	778
tensor(3, device='cuda:0')	3	779
tensor(2, device='cuda:0')	2	780
tensor(3, device='cuda:0')	3	781
tensor(0, device='cuda:0')	0	782
tensor(2, device='cuda:0')	1	782
tensor(0, device='cuda:0')	0	783
tensor(0, device='cuda:0')	0	784
tensor(3, device='cuda:0')	2	784
tensor(2, device='cuda:0')	2	785
tensor(1, device='cuda:0')	1	786
tensor(1, device='cuda:0')	2	786
tensor(2, device='cuda:0')	2	787
tensor(3, device='cuda:0')	0	787
tensor(3, device='cuda:0')	3	788
tensor(3, device='cuda:0')	0	788
tensor(3, device='cuda:0')	3	789
tensor(2, device='cuda:0')	0	789
tensor(3, device='cuda:0')	3	790
tensor(0, device='cuda:0')	2	790
tensor(1, device='cuda:0')	1	791
tensor(1, device='cuda:0')	2	791
tensor(2, device='cuda:0')	2	792
tensor(2, device='cuda:0')	3	792
tensor(0, device='cuda:0')	2	792
tensor(2, device='cuda:0')	3	792
tensor(2, device='cuda:0')	2	793
tensor(0, device='cuda:0')	1	793
tensor(0, device='cuda:0')	0	794
tensor(0, device='cuda:0')	2	794
tensor(1, device='cuda:0')	0	794
tensor(3, device='cuda:0')	3	795
tensor(2, device='cuda:0')	2	796
tensor(0, device='cuda:0')	3	796
tensor(2, device='cuda:0')	2	797
tensor(0, device='cuda:0')	0	798
tensor(1, device='cuda:0')	0	798
tensor(2, device='cuda:0')	2	799
tensor(1, device='cuda:0')	0	799
tensor(3, device='cuda:0')	3	800
tensor(1, device='cuda:0')	1	801
tensor(0, device='cuda:0')	0	802
tensor(0, device='cuda:0')	3	802
tensor(2, device='cuda:0')	2	803
tensor(3, device='cuda:0')	3	804
tensor(2, device='cuda:0')	2	805
tensor(0, device='cuda:0')	0	806
tensor(3, device='cuda:0')	1	806
tensor(1, device='cuda:0')	0	806
tensor(2, device='cuda:0')	3	806
tensor(1, device='cuda:0')	0	806
tensor(3, device='cuda:0')	1	806
tensor(0, device='cuda:0')	1	806
tensor(1, device='cuda:0')	1	807
tensor(0, device='cuda:0')	3	807
tensor(0, device='cuda:0')	1	807
tensor(3, device='cuda:0')	2	807
tensor(0, device='cuda:0')	0	808
tensor(0, device='cuda:0')	0	809
tensor(1, device='cuda:0')	1	810
tensor(2, device='cuda:0')	0	810
tensor(3, device='cuda:0')	3	811
tensor(1, device='cuda:0')	1	812
tensor(2, device='cuda:0')	2	813
tensor(1, device='cuda:0')	3	813
tensor(2, device='cuda:0')	2	814
tensor(3, device='cuda:0')	0	814
tensor(3, device='cuda:0')	3	815
tensor(1, device='cuda:0')	1	816
tensor(3, device='cuda:0')	3	817
tensor(1, device='cuda:0')	1	818
tensor(2, device='cuda:0')	2	819
tensor(0, device='cuda:0')	0	820
tensor(2, device='cuda:0')	2	821
tensor(1, device='cuda:0')	2	821
tensor(1, device='cuda:0')	3	821
tensor(3, device='cuda:0')	3	822
tensor(0, device='cuda:0')	3	822
tensor(2, device='cuda:0')	2	823
tensor(3, device='cuda:0')	2	823
tensor(0, device='cuda:0')	0	824
tensor(0, device='cuda:0')	0	825
tensor(3, device='cuda:0')	2	825
tensor(0, device='cuda:0')	0	826
tensor(1, device='cuda:0')	4	826
tensor(0, device='cuda:0')	2	826
tensor(0, device='cuda:0')	3	826
tensor(2, device='cuda:0')	0	826
tensor(2, device='cuda:0')	2	827
tensor(3, device='cuda:0')	0	827
tensor(0, device='cuda:0')	0	828
tensor(3, device='cuda:0')	3	829
tensor(0, device='cuda:0')	3	829
tensor(3, device='cuda:0')	0	829
tensor(1, device='cuda:0')	1	830
tensor(3, device='cuda:0')	3	831
tensor(2, device='cuda:0')	0	831
tensor(1, device='cuda:0')	1	832
tensor(0, device='cuda:0')	2	832
tensor(0, device='cuda:0')	3	832
tensor(1, device='cuda:0')	0	832
tensor(1, device='cuda:0')	1	833
tensor(2, device='cuda:0')	2	834
tensor(3, device='cuda:0')	3	835
tensor(1, device='cuda:0')	1	836
tensor(2, device='cuda:0')	2	837
tensor(0, device='cuda:0')	1	837
tensor(2, device='cuda:0')	2	838
tensor(0, device='cuda:0')	0	839
tensor(0, device='cuda:0')	1	839
tensor(3, device='cuda:0')	1	839
tensor(0, device='cuda:0')	0	840
tensor(3, device='cuda:0')	3	841
tensor(2, device='cuda:0')	2	842
tensor(1, device='cuda:0')	3	842
tensor(2, device='cuda:0')	2	843
tensor(2, device='cuda:0')	0	843
tensor(0, device='cuda:0')	1	843
tensor(1, device='cuda:0')	1	844
tensor(1, device='cuda:0')	3	844
tensor(2, device='cuda:0')	2	845
tensor(0, device='cuda:0')	3	845
tensor(1, device='cuda:0')	1	846
tensor(3, device='cuda:0')	3	847
tensor(1, device='cuda:0')	1	848
tensor(3, device='cuda:0')	3	849
tensor(3, device='cuda:0')	3	850
tensor(0, device='cuda:0')	0	851
tensor(3, device='cuda:0')	3	852
tensor(1, device='cuda:0')	1	853
tensor(0, device='cuda:0')	0	854
tensor(2, device='cuda:0')	2	855
tensor(0, device='cuda:0')	0	856
tensor(1, device='cuda:0')	0	856
tensor(3, device='cuda:0')	0	856
tensor(1, device='cuda:0')	0	856
tensor(3, device='cuda:0')	3	857
tensor(1, device='cuda:0')	1	858
tensor(1, device='cuda:0')	1	859
tensor(1, device='cuda:0')	0	859
tensor(3, device='cuda:0')	1	859
tensor(1, device='cuda:0')	1	860
tensor(3, device='cuda:0')	3	861
tensor(2, device='cuda:0')	0	861
tensor(2, device='cuda:0')	2	862
tensor(3, device='cuda:0')	0	862
tensor(3, device='cuda:0')	2	862
tensor(0, device='cuda:0')	0	863
tensor(0, device='cuda:0')	0	864
tensor(2, device='cuda:0')	0	864
tensor(2, device='cuda:0')	2	865
tensor(0, device='cuda:0')	0	866
tensor(3, device='cuda:0')	3	867
tensor(1, device='cuda:0')	1	868
tensor(2, device='cuda:0')	2	869
tensor(0, device='cuda:0')	1	869
tensor(2, device='cuda:0')	2	870
tensor(2, device='cuda:0')	2	871
tensor(0, device='cuda:0')	2	871
tensor(2, device='cuda:0')	2	872
tensor(2, device='cuda:0')	2	873
tensor(2, device='cuda:0')	2	874
tensor(2, device='cuda:0')	0	874
tensor(3, device='cuda:0')	3	875
tensor(2, device='cuda:0')	1	875
tensor(2, device='cuda:0')	2	876
tensor(0, device='cuda:0')	3	876
tensor(3, device='cuda:0')	0	876
tensor(2, device='cuda:0')	0	876
tensor(2, device='cuda:0')	2	877
tensor(1, device='cuda:0')	1	878
tensor(3, device='cuda:0')	3	879
tensor(2, device='cuda:0')	1	879
tensor(0, device='cuda:0')	2	879
tensor(1, device='cuda:0')	1	880
tensor(3, device='cuda:0')	3	881
tensor(3, device='cuda:0')	0	881
tensor(1, device='cuda:0')	3	881
tensor(0, device='cuda:0')	0	882
tensor(2, device='cuda:0')	2	883
tensor(0, device='cuda:0')	1	883
tensor(3, device='cuda:0')	3	884
tensor(2, device='cuda:0')	2	885
tensor(3, device='cuda:0')	3	886
tensor(1, device='cuda:0')	1	887
tensor(2, device='cuda:0')	3	887
tensor(0, device='cuda:0')	0	888
tensor(1, device='cuda:0')	1	889
tensor(0, device='cuda:0')	0	890
tensor(1, device='cuda:0')	1	891
tensor(0, device='cuda:0')	0	892
tensor(0, device='cuda:0')	0	893
tensor(0, device='cuda:0')	2	893
tensor(1, device='cuda:0')	1	894
tensor(0, device='cuda:0')	0	895
tensor(0, device='cuda:0')	0	896
tensor(0, device='cuda:0')	1	896
tensor(2, device='cuda:0')	2	897
tensor(3, device='cuda:0')	1	897
tensor(3, device='cuda:0')	3	898
tensor(2, device='cuda:0')	2	899
tensor(1, device='cuda:0')	1	900
tensor(1, device='cuda:0')	3	900
tensor(2, device='cuda:0')	0	900
tensor(2, device='cuda:0')	2	901
tensor(0, device='cuda:0')	2	901
tensor(2, device='cuda:0')	2	902
tensor(0, device='cuda:0')	3	902
tensor(0, device='cuda:0')	0	903
tensor(0, device='cuda:0')	0	904
tensor(2, device='cuda:0')	2	905
tensor(2, device='cuda:0')	0	905
tensor(1, device='cuda:0')	3	905
tensor(2, device='cuda:0')	3	905
tensor(2, device='cuda:0')	0	905
tensor(1, device='cuda:0')	1	906
tensor(2, device='cuda:0')	2	907
tensor(0, device='cuda:0')	0	908
tensor(3, device='cuda:0')	1	908
tensor(2, device='cuda:0')	2	909
tensor(3, device='cuda:0')	0	909
tensor(0, device='cuda:0')	3	909
tensor(3, device='cuda:0')	1	909
tensor(1, device='cuda:0')	1	910
tensor(2, device='cuda:0')	2	911
tensor(1, device='cuda:0')	1	912
tensor(0, device='cuda:0')	0	913
tensor(2, device='cuda:0')	2	914
tensor(2, device='cuda:0')	2	915
tensor(3, device='cuda:0')	0	915
tensor(0, device='cuda:0')	0	916
tensor(1, device='cuda:0')	3	916
tensor(2, device='cuda:0')	2	917
tensor(3, device='cuda:0')	0	917
tensor(0, device='cuda:0')	0	918
tensor(3, device='cuda:0')	2	918
tensor(2, device='cuda:0')	2	919
tensor(3, device='cuda:0')	0	919
tensor(3, device='cuda:0')	3	920
tensor(1, device='cuda:0')	2	920
tensor(3, device='cuda:0')	2	920
tensor(0, device='cuda:0')	1	920
tensor(2, device='cuda:0')	2	921
tensor(1, device='cuda:0')	2	921
tensor(2, device='cuda:0')	1	921
tensor(2, device='cuda:0')	2	922
tensor(1, device='cuda:0')	0	922
tensor(0, device='cuda:0')	0	923
tensor(3, device='cuda:0')	3	924
tensor(3, device='cuda:0')	3	925
tensor(1, device='cuda:0')	0	925
tensor(1, device='cuda:0')	3	925
tensor(2, device='cuda:0')	3	925
tensor(1, device='cuda:0')	2	925
tensor(1, device='cuda:0')	1	926
tensor(1, device='cuda:0')	3	926
tensor(3, device='cuda:0')	1	926
tensor(0, device='cuda:0')	0	927
tensor(0, device='cuda:0')	0	928
tensor(0, device='cuda:0')	2	928
tensor(2, device='cuda:0')	2	929
tensor(3, device='cuda:0')	3	930
tensor(2, device='cuda:0')	3	930
tensor(1, device='cuda:0')	1	931
tensor(2, device='cuda:0')	0	931
tensor(0, device='cuda:0')	3	931
tensor(2, device='cuda:0')	2	932
tensor(1, device='cuda:0')	1	933
tensor(3, device='cuda:0')	0	933
tensor(0, device='cuda:0')	1	933
tensor(3, device='cuda:0')	3	934
tensor(2, device='cuda:0')	3	934
tensor(0, device='cuda:0')	3	934
tensor(2, device='cuda:0')	2	935
tensor(0, device='cuda:0')	0	936
tensor(3, device='cuda:0')	3	937
tensor(3, device='cuda:0')	3	938
tensor(0, device='cuda:0')	2	938
tensor(0, device='cuda:0')	0	939
tensor(0, device='cuda:0')	1	939
tensor(2, device='cuda:0')	2	940
tensor(0, device='cuda:0')	2	940
tensor(1, device='cuda:0')	1	941
tensor(1, device='cuda:0')	1	942
tensor(1, device='cuda:0')	0	942
tensor(1, device='cuda:0')	0	942
tensor(1, device='cuda:0')	1	943
tensor(0, device='cuda:0')	3	943
tensor(3, device='cuda:0')	1	943
tensor(2, device='cuda:0')	0	943
tensor(1, device='cuda:0')	1	944
tensor(0, device='cuda:0')	1	944
tensor(3, device='cuda:0')	3	945
tensor(1, device='cuda:0')	1	946
tensor(0, device='cuda:0')	0	947
tensor(2, device='cuda:0')	2	948
tensor(2, device='cuda:0')	2	949
tensor(2, device='cuda:0')	2	950
tensor(2, device='cuda:0')	2	951
tensor(2, device='cuda:0')	3	951
tensor(0, device='cuda:0')	0	952
tensor(3, device='cuda:0')	3	953
tensor(0, device='cuda:0')	0	954
tensor(3, device='cuda:0')	3	955
tensor(2, device='cuda:0')	2	956
tensor(3, device='cuda:0')	0	956
tensor(3, device='cuda:0')	0	956
tensor(2, device='cuda:0')	2	957
tensor(0, device='cuda:0')	0	958
tensor(1, device='cuda:0')	2	958
tensor(3, device='cuda:0')	0	958
tensor(3, device='cuda:0')	1	958
tensor(2, device='cuda:0')	0	958
tensor(0, device='cuda:0')	2	958
tensor(2, device='cuda:0')	0	958
tensor(1, device='cuda:0')	1	959
tensor(3, device='cuda:0')	3	960
tensor(0, device='cuda:0')	0	961
tensor(0, device='cuda:0')	3	961
tensor(2, device='cuda:0')	0	961
tensor(1, device='cuda:0')	0	961
tensor(1, device='cuda:0')	3	961
tensor(1, device='cuda:0')	0	961
tensor(1, device='cuda:0')	3	961
tensor(2, device='cuda:0')	1	961
tensor(1, device='cuda:0')	1	962
tensor(3, device='cuda:0')	3	963
tensor(0, device='cuda:0')	0	964
tensor(3, device='cuda:0')	3	965
tensor(0, device='cuda:0')	0	966
tensor(2, device='cuda:0')	2	967
tensor(1, device='cuda:0')	1	968
tensor(2, device='cuda:0')	2	969
tensor(1, device='cuda:0')	0	969
tensor(1, device='cuda:0')	1	970
tensor(0, device='cuda:0')	0	971
tensor(0, device='cuda:0')	0	972
tensor(2, device='cuda:0')	3	972
tensor(1, device='cuda:0')	1	973
tensor(3, device='cuda:0')	2	973
tensor(0, device='cuda:0')	0	974
tensor(3, device='cuda:0')	2	974
tensor(3, device='cuda:0')	1	974
tensor(2, device='cuda:0')	2	975
tensor(2, device='cuda:0')	2	976
tensor(2, device='cuda:0')	2	977
tensor(3, device='cuda:0')	3	978
tensor(0, device='cuda:0')	1	978
tensor(2, device='cuda:0')	1	978
tensor(0, device='cuda:0')	0	979
tensor(2, device='cuda:0')	2	980
tensor(0, device='cuda:0')	0	981
tensor(3, device='cuda:0')	0	981
tensor(3, device='cuda:0')	3	982
tensor(2, device='cuda:0')	0	982
tensor(1, device='cuda:0')	1	983
tensor(3, device='cuda:0')	2	983
tensor(2, device='cuda:0')	2	984
tensor(0, device='cuda:0')	1	984
tensor(3, device='cuda:0')	2	984
tensor(2, device='cuda:0')	0	984
tensor(2, device='cuda:0')	0	984
tensor(2, device='cuda:0')	2	985
tensor(2, device='cuda:0')	3	985
tensor(3, device='cuda:0')	3	986
tensor(2, device='cuda:0')	2	987
tensor(2, device='cuda:0')	1	987
tensor(2, device='cuda:0')	3	987
tensor(3, device='cuda:0')	2	987
tensor(2, device='cuda:0')	2	988
tensor(2, device='cuda:0')	0	988
tensor(1, device='cuda:0')	1	989
tensor(1, device='cuda:0')	1	990
tensor(0, device='cuda:0')	0	991
tensor(0, device='cuda:0')	0	992
tensor(0, device='cuda:0')	1	992
tensor(2, device='cuda:0')	1	992
tensor(1, device='cuda:0')	2	992
tensor(2, device='cuda:0')	3	992
tensor(2, device='cuda:0')	1	992
tensor(2, device='cuda:0')	3	992
tensor(3, device='cuda:0')	3	993
tensor(3, device='cuda:0')	3	994
tensor(0, device='cuda:0')	0	995
tensor(0, device='cuda:0')	0	996
tensor(1, device='cuda:0')	1	997
tensor(2, device='cuda:0')	0	997
tensor(2, device='cuda:0')	2	998
tensor(2, device='cuda:0')	2	999
tensor(1, device='cuda:0')	0	999
tensor(0, device='cuda:0')	1	999
tensor(2, device='cuda:0')	0	999
tensor(3, device='cuda:0')	3	1000
tensor(2, device='cuda:0')	2	1001
tensor(3, device='cuda:0')	2	1001
tensor(0, device='cuda:0')	0	1002
tensor(0, device='cuda:0')	2	1002
tensor(2, device='cuda:0')	2	1003
tensor(1, device='cuda:0')	2	1003
tensor(0, device='cuda:0')	0	1004
tensor(3, device='cuda:0')	0	1004
tensor(2, device='cuda:0')	2	1005
tensor(0, device='cuda:0')	1	1005
tensor(0, device='cuda:0')	0	1006
tensor(3, device='cuda:0')	1	1006
tensor(0, device='cuda:0')	0	1007
tensor(1, device='cuda:0')	0	1007
tensor(3, device='cuda:0')	3	1008
tensor(1, device='cuda:0')	1	1009
tensor(0, device='cuda:0')	0	1010
tensor(2, device='cuda:0')	2	1011
tensor(0, device='cuda:0')	2	1011
tensor(2, device='cuda:0')	2	1012
tensor(2, device='cuda:0')	2	1013
tensor(3, device='cuda:0')	2	1013
tensor(2, device='cuda:0')	2	1014
tensor(3, device='cuda:0')	0	1014
tensor(1, device='cuda:0')	1	1015
tensor(2, device='cuda:0')	1	1015
tensor(3, device='cuda:0')	0	1015
tensor(2, device='cuda:0')	2	1016
tensor(2, device='cuda:0')	2	1017
tensor(1, device='cuda:0')	1	1018
tensor(0, device='cuda:0')	2	1018
tensor(2, device='cuda:0')	2	1019
tensor(2, device='cuda:0')	1	1019
tensor(1, device='cuda:0')	1	1020
tensor(1, device='cuda:0')	0	1020
tensor(2, device='cuda:0')	3	1020
tensor(3, device='cuda:0')	3	1021
tensor(1, device='cuda:0')	3	1021
tensor(2, device='cuda:0')	0	1021
tensor(3, device='cuda:0')	1	1021
tensor(3, device='cuda:0')	3	1022
tensor(1, device='cuda:0')	1	1023
tensor(0, device='cuda:0')	0	1024
tensor(1, device='cuda:0')	1	1025
tensor(3, device='cuda:0')	3	1026
tensor(1, device='cuda:0')	2	1026
tensor(0, device='cuda:0')	0	1027
tensor(3, device='cuda:0')	3	1028
tensor(0, device='cuda:0')	0	1029
tensor(2, device='cuda:0')	2	1030
tensor(1, device='cuda:0')	1	1031
tensor(3, device='cuda:0')	3	1032
tensor(0, device='cuda:0')	0	1033
tensor(2, device='cuda:0')	2	1034
tensor(2, device='cuda:0')	2	1035
tensor(1, device='cuda:0')	0	1035
tensor(0, device='cuda:0')	0	1036
tensor(2, device='cuda:0')	2	1037
tensor(2, device='cuda:0')	2	1038
tensor(3, device='cuda:0')	0	1038
tensor(1, device='cuda:0')	1	1039
tensor(3, device='cuda:0')	1	1039
tensor(0, device='cuda:0')	0	1040
tensor(3, device='cuda:0')	3	1041
tensor(1, device='cuda:0')	0	1041
tensor(1, device='cuda:0')	3	1041
tensor(3, device='cuda:0')	3	1042
tensor(3, device='cuda:0')	3	1043
tensor(3, device='cuda:0')	3	1044
tensor(0, device='cuda:0')	3	1044
tensor(2, device='cuda:0')	3	1044
tensor(1, device='cuda:0')	2	1044
tensor(3, device='cuda:0')	3	1045
tensor(0, device='cuda:0')	3	1045
tensor(2, device='cuda:0')	2	1046
tensor(0, device='cuda:0')	0	1047
tensor(3, device='cuda:0')	3	1048
tensor(2, device='cuda:0')	1	1048
tensor(3, device='cuda:0')	2	1048
tensor(0, device='cuda:0')	2	1048
tensor(0, device='cuda:0')	0	1049
tensor(0, device='cuda:0')	0	1050
tensor(0, device='cuda:0')	0	1051
tensor(3, device='cuda:0')	3	1052
tensor(0, device='cuda:0')	0	1053
tensor(2, device='cuda:0')	2	1054
tensor(1, device='cuda:0')	3	1054
tensor(2, device='cuda:0')	0	1054
tensor(1, device='cuda:0')	1	1055
tensor(0, device='cuda:0')	0	1056
tensor(0, device='cuda:0')	0	1057
tensor(2, device='cuda:0')	3	1057
tensor(1, device='cuda:0')	1	1058
tensor(3, device='cuda:0')	3	1059
tensor(2, device='cuda:0')	2	1060
tensor(2, device='cuda:0')	2	1061
tensor(0, device='cuda:0')	2	1061
tensor(1, device='cuda:0')	1	1062
tensor(2, device='cuda:0')	2	1063
tensor(2, device='cuda:0')	2	1064
tensor(2, device='cuda:0')	2	1065
tensor(3, device='cuda:0')	3	1066
tensor(2, device='cuda:0')	3	1066
tensor(0, device='cuda:0')	0	1067
tensor(0, device='cuda:0')	1	1067
tensor(1, device='cuda:0')	0	1067
tensor(2, device='cuda:0')	2	1068
tensor(1, device='cuda:0')	1	1069
tensor(1, device='cuda:0')	1	1070
tensor(2, device='cuda:0')	1	1070
tensor(0, device='cuda:0')	0	1071
tensor(3, device='cuda:0')	0	1071
tensor(3, device='cuda:0')	2	1071
tensor(1, device='cuda:0')	1	1072
tensor(0, device='cuda:0')	3	1072
tensor(1, device='cuda:0')	0	1072
tensor(3, device='cuda:0')	0	1072
tensor(0, device='cuda:0')	3	1072
tensor(1, device='cuda:0')	3	1072
tensor(3, device='cuda:0')	1	1072
tensor(0, device='cuda:0')	3	1072
tensor(2, device='cuda:0')	1	1072
tensor(3, device='cuda:0')	0	1072
tensor(2, device='cuda:0')	2	1073
tensor(0, device='cuda:0')	1	1073
tensor(2, device='cuda:0')	0	1073
tensor(0, device='cuda:0')	0	1074
tensor(0, device='cuda:0')	0	1075
tensor(0, device='cuda:0')	1	1075
tensor(0, device='cuda:0')	0	1076
tensor(2, device='cuda:0')	1	1076
tensor(3, device='cuda:0')	3	1077
tensor(1, device='cuda:0')	1	1078
tensor(0, device='cuda:0')	2	1078
tensor(1, device='cuda:0')	0	1078
tensor(1, device='cuda:0')	1	1079
tensor(2, device='cuda:0')	3	1079
tensor(3, device='cuda:0')	1	1079
tensor(0, device='cuda:0')	0	1080
tensor(2, device='cuda:0')	1	1080
tensor(2, device='cuda:0')	2	1081
tensor(1, device='cuda:0')	1	1082
tensor(2, device='cuda:0')	0	1082
tensor(0, device='cuda:0')	0	1083
tensor(1, device='cuda:0')	0	1083
tensor(1, device='cuda:0')	1	1084
tensor(3, device='cuda:0')	3	1085
tensor(0, device='cuda:0')	0	1086
tensor(1, device='cuda:0')	1	1087
tensor(3, device='cuda:0')	1	1087
tensor(0, device='cuda:0')	2	1087
tensor(0, device='cuda:0')	0	1088
tensor(0, device='cuda:0')	0	1089
tensor(2, device='cuda:0')	2	1090
tensor(0, device='cuda:0')	2	1090
tensor(2, device='cuda:0')	0	1090
tensor(2, device='cuda:0')	2	1091
tensor(0, device='cuda:0')	1	1091
tensor(3, device='cuda:0')	3	1092
tensor(3, device='cuda:0')	3	1093
tensor(1, device='cuda:0')	1	1094
tensor(3, device='cuda:0')	3	1095
tensor(1, device='cuda:0')	2	1095
tensor(2, device='cuda:0')	2	1096
tensor(0, device='cuda:0')	0	1097
tensor(0, device='cuda:0')	3	1097
tensor(1, device='cuda:0')	1	1098
tensor(2, device='cuda:0')	2	1099
tensor(3, device='cuda:0')	1	1099
tensor(3, device='cuda:0')	2	1099
tensor(3, device='cuda:0')	1	1099
tensor(3, device='cuda:0')	0	1099
tensor(3, device='cuda:0')	1	1099
tensor(3, device='cuda:0')	3	1100
tensor(1, device='cuda:0')	1	1101
tensor(1, device='cuda:0')	1	1102
tensor(2, device='cuda:0')	2	1103
tensor(1, device='cuda:0')	1	1104
tensor(1, device='cuda:0')	1	1105
tensor(1, device='cuda:0')	1	1106
tensor(1, device='cuda:0')	1	1107
tensor(1, device='cuda:0')	1	1108
tensor(0, device='cuda:0')	1	1108
tensor(3, device='cuda:0')	3	1109
tensor(0, device='cuda:0')	1	1109
tensor(0, device='cuda:0')	0	1110
tensor(1, device='cuda:0')	1	1111
tensor(2, device='cuda:0')	1	1111
tensor(3, device='cuda:0')	0	1111
tensor(1, device='cuda:0')	2	1111
tensor(0, device='cuda:0')	0	1112
tensor(2, device='cuda:0')	1	1112
tensor(0, device='cuda:0')	1	1112
tensor(1, device='cuda:0')	2	1112
tensor(1, device='cuda:0')	0	1112
tensor(0, device='cuda:0')	1	1112
tensor(3, device='cuda:0')	3	1113
tensor(0, device='cuda:0')	2	1113
tensor(1, device='cuda:0')	1	1114
tensor(3, device='cuda:0')	1	1114
tensor(3, device='cuda:0')	0	1114
tensor(1, device='cuda:0')	3	1114
tensor(1, device='cuda:0')	1	1115
tensor(1, device='cuda:0')	1	1116
tensor(1, device='cuda:0')	1	1117
tensor(2, device='cuda:0')	2	1118
tensor(2, device='cuda:0')	2	1119
tensor(3, device='cuda:0')	3	1120
tensor(1, device='cuda:0')	2	1120
tensor(1, device='cuda:0')	1	1121
tensor(0, device='cuda:0')	0	1122
tensor(0, device='cuda:0')	2	1122
tensor(3, device='cuda:0')	3	1123
tensor(0, device='cuda:0')	0	1124
tensor(0, device='cuda:0')	0	1125
tensor(0, device='cuda:0')	0	1126
tensor(0, device='cuda:0')	1	1126
tensor(3, device='cuda:0')	0	1126
tensor(2, device='cuda:0')	0	1126
tensor(3, device='cuda:0')	3	1127
tensor(2, device='cuda:0')	2	1128
tensor(0, device='cuda:0')	0	1129
tensor(3, device='cuda:0')	3	1130
tensor(0, device='cuda:0')	1	1130
tensor(2, device='cuda:0')	0	1130
tensor(2, device='cuda:0')	1	1130
tensor(3, device='cuda:0')	3	1131
tensor(1, device='cuda:0')	1	1132
tensor(1, device='cuda:0')	1	1133
tensor(0, device='cuda:0')	2	1133
tensor(2, device='cuda:0')	3	1133
tensor(1, device='cuda:0')	1	1134
tensor(0, device='cuda:0')	0	1135
tensor(2, device='cuda:0')	1	1135
tensor(1, device='cuda:0')	1	1136
tensor(3, device='cuda:0')	0	1136
tensor(1, device='cuda:0')	1	1137
tensor(0, device='cuda:0')	3	1137
tensor(0, device='cuda:0')	0	1138
tensor(3, device='cuda:0')	3	1139
tensor(1, device='cuda:0')	1	1140
tensor(0, device='cuda:0')	2	1140
tensor(1, device='cuda:0')	1	1141
tensor(1, device='cuda:0')	1	1142
tensor(0, device='cuda:0')	1	1142
tensor(3, device='cuda:0')	2	1142
tensor(3, device='cuda:0')	3	1143
tensor(0, device='cuda:0')	1	1143
tensor(0, device='cuda:0')	0	1144
tensor(1, device='cuda:0')	3	1144
tensor(2, device='cuda:0')	2	1145
tensor(0, device='cuda:0')	1	1145
tensor(3, device='cuda:0')	0	1145
tensor(1, device='cuda:0')	0	1145
tensor(1, device='cuda:0')	1	1146
tensor(2, device='cuda:0')	2	1147
tensor(2, device='cuda:0')	1	1147
tensor(1, device='cuda:0')	2	1147
tensor(0, device='cuda:0')	2	1147
tensor(0, device='cuda:0')	0	1148
tensor(2, device='cuda:0')	2	1149
tensor(3, device='cuda:0')	0	1149
tensor(3, device='cuda:0')	1	1149
tensor(1, device='cuda:0')	2	1149
tensor(1, device='cuda:0')	3	1149
tensor(3, device='cuda:0')	0	1149
tensor(1, device='cuda:0')	3	1149
tensor(3, device='cuda:0')	3	1150
tensor(3, device='cuda:0')	3	1151
tensor(3, device='cuda:0')	1	1151
tensor(2, device='cuda:0')	2	1152
tensor(2, device='cuda:0')	2	1153
tensor(1, device='cuda:0')	1	1154
tensor(0, device='cuda:0')	1	1154
tensor(3, device='cuda:0')	3	1155
tensor(1, device='cuda:0')	3	1155
tensor(0, device='cuda:0')	2	1155
tensor(1, device='cuda:0')	1	1156
tensor(0, device='cuda:0')	0	1157
tensor(1, device='cuda:0')	2	1157
tensor(3, device='cuda:0')	3	1158
tensor(0, device='cuda:0')	0	1159
tensor(2, device='cuda:0')	2	1160
tensor(2, device='cuda:0')	2	1161
tensor(1, device='cuda:0')	2	1161
tensor(1, device='cuda:0')	1	1162
tensor(2, device='cuda:0')	2	1163
tensor(2, device='cuda:0')	0	1163
tensor(1, device='cuda:0')	1	1164
tensor(3, device='cuda:0')	3	1165
tensor(2, device='cuda:0')	2	1166
tensor(0, device='cuda:0')	0	1167
tensor(0, device='cuda:0')	0	1168
tensor(1, device='cuda:0')	0	1168
tensor(0, device='cuda:0')	3	1168
tensor(3, device='cuda:0')	3	1169
tensor(2, device='cuda:0')	2	1170
tensor(3, device='cuda:0')	3	1171
tensor(3, device='cuda:0')	0	1171
tensor(2, device='cuda:0')	2	1172
tensor(2, device='cuda:0')	2	1173
tensor(3, device='cuda:0')	3	1174
tensor(0, device='cuda:0')	3	1174
tensor(3, device='cuda:0')	3	1175
tensor(1, device='cuda:0')	1	1176
tensor(0, device='cuda:0')	0	1177
tensor(1, device='cuda:0')	1	1178
tensor(2, device='cuda:0')	2	1179
tensor(2, device='cuda:0')	1	1179
tensor(3, device='cuda:0')	3	1180
tensor(0, device='cuda:0')	3	1180
tensor(2, device='cuda:0')	3	1180
tensor(0, device='cuda:0')	2	1180
tensor(1, device='cuda:0')	3	1180
tensor(1, device='cuda:0')	1	1181
tensor(1, device='cuda:0')	2	1181
tensor(3, device='cuda:0')	3	1182
tensor(0, device='cuda:0')	0	1183
tensor(1, device='cuda:0')	2	1183
tensor(2, device='cuda:0')	0	1183
tensor(3, device='cuda:0')	3	1184
tensor(0, device='cuda:0')	1	1184
tensor(3, device='cuda:0')	0	1184
tensor(1, device='cuda:0')	2	1184
tensor(1, device='cuda:0')	1	1185
tensor(3, device='cuda:0')	3	1186
tensor(0, device='cuda:0')	0	1187
tensor(1, device='cuda:0')	1	1188
tensor(0, device='cuda:0')	0	1189
tensor(2, device='cuda:0')	3	1189
tensor(1, device='cuda:0')	2	1189
tensor(0, device='cuda:0')	0	1190
tensor(2, device='cuda:0')	2	1191
tensor(3, device='cuda:0')	0	1191
tensor(3, device='cuda:0')	3	1192
tensor(2, device='cuda:0')	2	1193
tensor(3, device='cuda:0')	3	1194
tensor(1, device='cuda:0')	3	1194
tensor(2, device='cuda:0')	2	1195
tensor(0, device='cuda:0')	1	1195
tensor(3, device='cuda:0')	2	1195
tensor(3, device='cuda:0')	3	1196
tensor(3, device='cuda:0')	3	1197
tensor(3, device='cuda:0')	3	1198
tensor(3, device='cuda:0')	2	1198
tensor(3, device='cuda:0')	3	1199
tensor(3, device='cuda:0')	3	1200
tensor(2, device='cuda:0')	2	1201
tensor(3, device='cuda:0')	3	1202
tensor(1, device='cuda:0')	1	1203
tensor(2, device='cuda:0')	2	1204
tensor(1, device='cuda:0')	1	1205
tensor(2, device='cuda:0')	2	1206
tensor(3, device='cuda:0')	3	1207
tensor(1, device='cuda:0')	1	1208
tensor(3, device='cuda:0')	1	1208
tensor(0, device='cuda:0')	0	1209
tensor(1, device='cuda:0')	2	1209
tensor(1, device='cuda:0')	1	1210
tensor(2, device='cuda:0')	2	1211
tensor(3, device='cuda:0')	2	1211
tensor(2, device='cuda:0')	2	1212
tensor(1, device='cuda:0')	1	1213
tensor(3, device='cuda:0')	3	1214
tensor(2, device='cuda:0')	2	1215
tensor(1, device='cuda:0')	1	1216
tensor(3, device='cuda:0')	3	1217
tensor(2, device='cuda:0')	1	1217
tensor(1, device='cuda:0')	1	1218
tensor(2, device='cuda:0')	2	1219
tensor(0, device='cuda:0')	2	1219
tensor(2, device='cuda:0')	2	1220
tensor(0, device='cuda:0')	0	1221
tensor(1, device='cuda:0')	3	1221
tensor(1, device='cuda:0')	1	1222
tensor(0, device='cuda:0')	0	1223
tensor(0, device='cuda:0')	1	1223
tensor(3, device='cuda:0')	3	1224
tensor(3, device='cuda:0')	3	1225
tensor(2, device='cuda:0')	1	1225
tensor(1, device='cuda:0')	3	1225
tensor(2, device='cuda:0')	0	1225
tensor(2, device='cuda:0')	2	1226
tensor(2, device='cuda:0')	3	1226
tensor(1, device='cuda:0')	1	1227
tensor(0, device='cuda:0')	1	1227
tensor(1, device='cuda:0')	1	1228
tensor(2, device='cuda:0')	2	1229
tensor(3, device='cuda:0')	0	1229
tensor(2, device='cuda:0')	0	1229
tensor(2, device='cuda:0')	3	1229
tensor(2, device='cuda:0')	2	1230
tensor(1, device='cuda:0')	1	1231
tensor(3, device='cuda:0')	0	1231
tensor(1, device='cuda:0')	0	1231
tensor(3, device='cuda:0')	1	1231
tensor(1, device='cuda:0')	0	1231
tensor(1, device='cuda:0')	0	1231
tensor(1, device='cuda:0')	1	1232
tensor(1, device='cuda:0')	2	1232
tensor(1, device='cuda:0')	0	1232
tensor(2, device='cuda:0')	2	1233
tensor(0, device='cuda:0')	0	1234
tensor(3, device='cuda:0')	0	1234
tensor(3, device='cuda:0')	1	1234
tensor(1, device='cuda:0')	3	1234
tensor(2, device='cuda:0')	2	1235
tensor(3, device='cuda:0')	3	1236
tensor(0, device='cuda:0')	0	1237
tensor(1, device='cuda:0')	3	1237
tensor(0, device='cuda:0')	2	1237
tensor(1, device='cuda:0')	0	1237
tensor(0, device='cuda:0')	3	1237
tensor(3, device='cuda:0')	1	1237
tensor(0, device='cuda:0')	0	1238
tensor(3, device='cuda:0')	1	1238
tensor(3, device='cuda:0')	3	1239
tensor(0, device='cuda:0')	1	1239
tensor(2, device='cuda:0')	2	1240
tensor(0, device='cuda:0')	2	1240
tensor(2, device='cuda:0')	2	1241
tensor(2, device='cuda:0')	3	1241
tensor(0, device='cuda:0')	1	1241
tensor(3, device='cuda:0')	3	1242
tensor(3, device='cuda:0')	3	1243
tensor(1, device='cuda:0')	1	1244
tensor(1, device='cuda:0')	1	1245
tensor(3, device='cuda:0')	3	1246
tensor(0, device='cuda:0')	0	1247
tensor(3, device='cuda:0')	1	1247
tensor(0, device='cuda:0')	2	1247
tensor(3, device='cuda:0')	1	1247
tensor(1, device='cuda:0')	2	1247
tensor(3, device='cuda:0')	0	1247
tensor(3, device='cuda:0')	3	1248
tensor(3, device='cuda:0')	1	1248
tensor(0, device='cuda:0')	2	1248
tensor(2, device='cuda:0')	2	1249
tensor(1, device='cuda:0')	3	1249
tensor(3, device='cuda:0')	2	1249
tensor(1, device='cuda:0')	1	1250
tensor(2, device='cuda:0')	2	1251
tensor(2, device='cuda:0')	2	1252
tensor(1, device='cuda:0')	1	1253
tensor(1, device='cuda:0')	2	1253
tensor(3, device='cuda:0')	0	1253
tensor(1, device='cuda:0')	2	1253
tensor(3, device='cuda:0')	3	1254
tensor(2, device='cuda:0')	2	1255
tensor(1, device='cuda:0')	2	1255
tensor(2, device='cuda:0')	1	1255
tensor(3, device='cuda:0')	0	1255
tensor(3, device='cuda:0')	1	1255
tensor(0, device='cuda:0')	0	1256
tensor(1, device='cuda:0')	1	1257
tensor(3, device='cuda:0')	0	1257
tensor(1, device='cuda:0')	1	1258
tensor(3, device='cuda:0')	0	1258
tensor(3, device='cuda:0')	1	1258
tensor(3, device='cuda:0')	0	1258
tensor(1, device='cuda:0')	1	1259
tensor(1, device='cuda:0')	1	1260
tensor(3, device='cuda:0')	3	1261
tensor(0, device='cuda:0')	0	1262
tensor(0, device='cuda:0')	1	1262
tensor(2, device='cuda:0')	3	1262
tensor(1, device='cuda:0')	2	1262
tensor(1, device='cuda:0')	1	1263
tensor(0, device='cuda:0')	0	1264
tensor(0, device='cuda:0')	0	1265
tensor(0, device='cuda:0')	2	1265
tensor(2, device='cuda:0')	2	1266
tensor(3, device='cuda:0')	3	1267
tensor(1, device='cuda:0')	3	1267
tensor(3, device='cuda:0')	1	1267
tensor(0, device='cuda:0')	0	1268
tensor(0, device='cuda:0')	2	1268
tensor(1, device='cuda:0')	1	1269
tensor(0, device='cuda:0')	2	1269
tensor(3, device='cuda:0')	0	1269
tensor(3, device='cuda:0')	2	1269
tensor(0, device='cuda:0')	0	1270
tensor(0, device='cuda:0')	0	1271
tensor(1, device='cuda:0')	2	1271
tensor(1, device='cuda:0')	2	1271
tensor(2, device='cuda:0')	2	1272
tensor(2, device='cuda:0')	2	1273
tensor(3, device='cuda:0')	0	1273
tensor(0, device='cuda:0')	0	1274
tensor(0, device='cuda:0')	0	1275
tensor(1, device='cuda:0')	1	1276
tensor(3, device='cuda:0')	2	1276
tensor(0, device='cuda:0')	0	1277
tensor(2, device='cuda:0')	2	1278
tensor(1, device='cuda:0')	1	1279
tensor(0, device='cuda:0')	0	1280
tensor(2, device='cuda:0')	2	1281
tensor(1, device='cuda:0')	1	1282
tensor(0, device='cuda:0')	0	1283
tensor(2, device='cuda:0')	1	1283
tensor(3, device='cuda:0')	2	1283
tensor(3, device='cuda:0')	0	1283
tensor(0, device='cuda:0')	0	1284
tensor(0, device='cuda:0')	1	1284
tensor(1, device='cuda:0')	3	1284
tensor(3, device='cuda:0')	0	1284
tensor(3, device='cuda:0')	2	1284
tensor(0, device='cuda:0')	1	1284
tensor(3, device='cuda:0')	3	1285
tensor(0, device='cuda:0')	0	1286
tensor(0, device='cuda:0')	3	1286
tensor(1, device='cuda:0')	1	1287
tensor(1, device='cuda:0')	3	1287
tensor(3, device='cuda:0')	0	1287
tensor(3, device='cuda:0')	3	1288
tensor(3, device='cuda:0')	0	1288
tensor(0, device='cuda:0')	0	1289
tensor(2, device='cuda:0')	0	1289
tensor(1, device='cuda:0')	2	1289
tensor(3, device='cuda:0')	1	1289
tensor(3, device='cuda:0')	3	1290
tensor(2, device='cuda:0')	0	1290
tensor(0, device='cuda:0')	0	1291
tensor(2, device='cuda:0')	1	1291
tensor(0, device='cuda:0')	2	1291
tensor(0, device='cuda:0')	2	1291
tensor(0, device='cuda:0')	3	1291
tensor(2, device='cuda:0')	2	1292
tensor(3, device='cuda:0')	2	1292
tensor(0, device='cuda:0')	3	1292
tensor(2, device='cuda:0')	2	1293
tensor(0, device='cuda:0')	2	1293
tensor(1, device='cuda:0')	1	1294
tensor(1, device='cuda:0')	3	1294
tensor(0, device='cuda:0')	0	1295
tensor(2, device='cuda:0')	2	1296
tensor(1, device='cuda:0')	0	1296
tensor(1, device='cuda:0')	2	1296
tensor(2, device='cuda:0')	2	1297
tensor(1, device='cuda:0')	1	1298
tensor(3, device='cuda:0')	3	1299
tensor(2, device='cuda:0')	2	1300
tensor(3, device='cuda:0')	1	1300
tensor(3, device='cuda:0')	2	1300
tensor(0, device='cuda:0')	0	1301
tensor(2, device='cuda:0')	3	1301
tensor(0, device='cuda:0')	3	1301
tensor(3, device='cuda:0')	3	1302
tensor(0, device='cuda:0')	2	1302
tensor(3, device='cuda:0')	2	1302
tensor(3, device='cuda:0')	2	1302
tensor(0, device='cuda:0')	0	1303
tensor(1, device='cuda:0')	3	1303
tensor(2, device='cuda:0')	2	1304
tensor(3, device='cuda:0')	3	1305
tensor(2, device='cuda:0')	2	1306
tensor(2, device='cuda:0')	3	1306
tensor(0, device='cuda:0')	2	1306
tensor(2, device='cuda:0')	0	1306
tensor(3, device='cuda:0')	3	1307
tensor(2, device='cuda:0')	2	1308
tensor(3, device='cuda:0')	2	1308
tensor(1, device='cuda:0')	2	1308
tensor(2, device='cuda:0')	1	1308
tensor(3, device='cuda:0')	2	1308
tensor(0, device='cuda:0')	0	1309
tensor(1, device='cuda:0')	1	1310
tensor(1, device='cuda:0')	0	1310
tensor(3, device='cuda:0')	0	1310
tensor(1, device='cuda:0')	0	1310
tensor(0, device='cuda:0')	1	1310
tensor(3, device='cuda:0')	3	1311
tensor(3, device='cuda:0')	3	1312
tensor(2, device='cuda:0')	2	1313
tensor(1, device='cuda:0')	1	1314
tensor(3, device='cuda:0')	3	1315
tensor(3, device='cuda:0')	3	1316
tensor(0, device='cuda:0')	2	1316
tensor(2, device='cuda:0')	2	1317
tensor(3, device='cuda:0')	2	1317
tensor(0, device='cuda:0')	0	1318
tensor(3, device='cuda:0')	3	1319
tensor(0, device='cuda:0')	0	1320
tensor(0, device='cuda:0')	0	1321
tensor(2, device='cuda:0')	2	1322
tensor(3, device='cuda:0')	2	1322
tensor(3, device='cuda:0')	3	1323
tensor(1, device='cuda:0')	1	1324
tensor(0, device='cuda:0')	3	1324
tensor(1, device='cuda:0')	1	1325
tensor(1, device='cuda:0')	1	1326
tensor(3, device='cuda:0')	3	1327
tensor(1, device='cuda:0')	0	1327
tensor(0, device='cuda:0')	0	1328
tensor(2, device='cuda:0')	1	1328
tensor(2, device='cuda:0')	3	1328
tensor(1, device='cuda:0')	0	1328
tensor(0, device='cuda:0')	0	1329
tensor(2, device='cuda:0')	3	1329
tensor(0, device='cuda:0')	3	1329
tensor(1, device='cuda:0')	3	1329
tensor(3, device='cuda:0')	1	1329
tensor(0, device='cuda:0')	1	1329
tensor(2, device='cuda:0')	2	1330
tensor(3, device='cuda:0')	3	1331
tensor(2, device='cuda:0')	0	1331
tensor(2, device='cuda:0')	2	1332
tensor(0, device='cuda:0')	0	1333
tensor(0, device='cuda:0')	1	1333
tensor(1, device='cuda:0')	1	1334
tensor(1, device='cuda:0')	3	1334
tensor(0, device='cuda:0')	0	1335
tensor(1, device='cuda:0')	0	1335
tensor(1, device='cuda:0')	1	1336
tensor(2, device='cuda:0')	0	1336
tensor(3, device='cuda:0')	2	1336
tensor(1, device='cuda:0')	1	1337
tensor(1, device='cuda:0')	0	1337
tensor(2, device='cuda:0')	0	1337
tensor(1, device='cuda:0')	1	1338
tensor(0, device='cuda:0')	0	1339
tensor(3, device='cuda:0')	1	1339
tensor(0, device='cuda:0')	2	1339
tensor(1, device='cuda:0')	2	1339
tensor(0, device='cuda:0')	2	1339
tensor(2, device='cuda:0')	0	1339
2376
Accuracy: 0.5635521885521886
