loading archive file checkpoints
loading archive file data/CommonsenseQA
| dictionary: 50265 types
tensor(0, device='cuda:0')	0	1
tensor(1, device='cuda:0')	1	2
tensor(3, device='cuda:0')	3	3
tensor(3, device='cuda:0')	3	4
tensor(2, device='cuda:0')	1	4
tensor(1, device='cuda:0')	2	4
tensor(0, device='cuda:0')	0	5
tensor(2, device='cuda:0')	2	6
tensor(2, device='cuda:0')	2	7
tensor(2, device='cuda:0')	0	7
tensor(0, device='cuda:0')	1	7
tensor(0, device='cuda:0')	1	7
tensor(1, device='cuda:0')	1	8
tensor(1, device='cuda:0')	1	9
tensor(1, device='cuda:0')	1	10
tensor(3, device='cuda:0')	1	10
tensor(2, device='cuda:0')	1	10
tensor(0, device='cuda:0')	3	10
tensor(0, device='cuda:0')	1	10
tensor(2, device='cuda:0')	3	10
tensor(1, device='cuda:0')	3	10
tensor(3, device='cuda:0')	3	11
tensor(0, device='cuda:0')	3	11
tensor(1, device='cuda:0')	2	11
tensor(3, device='cuda:0')	1	11
tensor(0, device='cuda:0')	2	11
tensor(1, device='cuda:0')	1	12
tensor(1, device='cuda:0')	1	13
tensor(0, device='cuda:0')	0	14
tensor(1, device='cuda:0')	1	15
tensor(0, device='cuda:0')	0	16
tensor(2, device='cuda:0')	2	17
tensor(3, device='cuda:0')	0	17
tensor(0, device='cuda:0')	0	18
tensor(1, device='cuda:0')	2	18
tensor(0, device='cuda:0')	0	19
tensor(3, device='cuda:0')	3	20
tensor(3, device='cuda:0')	2	20
tensor(2, device='cuda:0')	2	21
tensor(2, device='cuda:0')	1	21
tensor(0, device='cuda:0')	0	22
tensor(3, device='cuda:0')	1	22
tensor(2, device='cuda:0')	0	22
tensor(3, device='cuda:0')	2	22
tensor(2, device='cuda:0')	0	22
tensor(3, device='cuda:0')	3	23
tensor(3, device='cuda:0')	3	24
tensor(2, device='cuda:0')	2	25
tensor(0, device='cuda:0')	3	25
tensor(3, device='cuda:0')	3	26
tensor(0, device='cuda:0')	0	27
tensor(1, device='cuda:0')	1	28
tensor(0, device='cuda:0')	2	28
tensor(0, device='cuda:0')	0	29
tensor(3, device='cuda:0')	2	29
tensor(3, device='cuda:0')	1	29
tensor(3, device='cuda:0')	3	30
tensor(0, device='cuda:0')	2	30
tensor(3, device='cuda:0')	1	30
tensor(2, device='cuda:0')	0	30
tensor(3, device='cuda:0')	1	30
tensor(3, device='cuda:0')	3	31
tensor(3, device='cuda:0')	3	32
tensor(1, device='cuda:0')	1	33
tensor(1, device='cuda:0')	0	33
tensor(0, device='cuda:0')	0	34
tensor(1, device='cuda:0')	1	35
tensor(1, device='cuda:0')	1	36
tensor(0, device='cuda:0')	0	37
tensor(1, device='cuda:0')	1	38
tensor(2, device='cuda:0')	0	38
tensor(3, device='cuda:0')	3	39
tensor(3, device='cuda:0')	3	40
tensor(2, device='cuda:0')	1	40
tensor(2, device='cuda:0')	2	41
tensor(3, device='cuda:0')	3	42
tensor(2, device='cuda:0')	1	42
tensor(1, device='cuda:0')	1	43
tensor(2, device='cuda:0')	1	43
tensor(0, device='cuda:0')	0	44
tensor(3, device='cuda:0')	3	45
tensor(2, device='cuda:0')	0	45
tensor(2, device='cuda:0')	2	46
tensor(0, device='cuda:0')	0	47
tensor(0, device='cuda:0')	1	47
tensor(1, device='cuda:0')	0	47
tensor(1, device='cuda:0')	0	47
tensor(1, device='cuda:0')	0	47
tensor(2, device='cuda:0')	2	48
tensor(3, device='cuda:0')	3	49
tensor(3, device='cuda:0')	2	49
tensor(2, device='cuda:0')	2	50
tensor(2, device='cuda:0')	2	51
tensor(1, device='cuda:0')	1	52
tensor(1, device='cuda:0')	1	53
tensor(0, device='cuda:0')	0	54
tensor(2, device='cuda:0')	0	54
tensor(1, device='cuda:0')	2	54
tensor(0, device='cuda:0')	1	54
tensor(3, device='cuda:0')	2	54
tensor(1, device='cuda:0')	1	55
tensor(3, device='cuda:0')	3	56
tensor(1, device='cuda:0')	1	57
tensor(1, device='cuda:0')	2	57
tensor(3, device='cuda:0')	3	58
tensor(2, device='cuda:0')	2	59
tensor(2, device='cuda:0')	1	59
tensor(2, device='cuda:0')	2	60
tensor(1, device='cuda:0')	2	60
tensor(2, device='cuda:0')	2	61
tensor(1, device='cuda:0')	1	62
tensor(1, device='cuda:0')	1	63
tensor(1, device='cuda:0')	1	64
tensor(1, device='cuda:0')	2	64
tensor(0, device='cuda:0')	2	64
tensor(0, device='cuda:0')	1	64
tensor(1, device='cuda:0')	1	65
tensor(1, device='cuda:0')	1	66
tensor(0, device='cuda:0')	0	67
tensor(2, device='cuda:0')	0	67
tensor(3, device='cuda:0')	0	67
tensor(2, device='cuda:0')	2	68
tensor(1, device='cuda:0')	1	69
tensor(2, device='cuda:0')	2	70
tensor(2, device='cuda:0')	2	71
tensor(1, device='cuda:0')	2	71
tensor(0, device='cuda:0')	0	72
tensor(2, device='cuda:0')	2	73
tensor(0, device='cuda:0')	2	73
tensor(1, device='cuda:0')	1	74
tensor(1, device='cuda:0')	2	74
tensor(0, device='cuda:0')	0	75
tensor(3, device='cuda:0')	1	75
tensor(3, device='cuda:0')	0	75
tensor(2, device='cuda:0')	1	75
tensor(1, device='cuda:0')	3	75
tensor(0, device='cuda:0')	0	76
tensor(3, device='cuda:0')	1	76
tensor(3, device='cuda:0')	3	77
tensor(0, device='cuda:0')	2	77
tensor(1, device='cuda:0')	1	78
tensor(2, device='cuda:0')	3	78
tensor(2, device='cuda:0')	1	78
tensor(2, device='cuda:0')	3	78
tensor(0, device='cuda:0')	0	79
tensor(3, device='cuda:0')	3	80
tensor(0, device='cuda:0')	0	81
tensor(1, device='cuda:0')	1	82
tensor(0, device='cuda:0')	1	82
tensor(3, device='cuda:0')	0	82
tensor(3, device='cuda:0')	0	82
tensor(0, device='cuda:0')	0	83
tensor(2, device='cuda:0')	3	83
tensor(0, device='cuda:0')	0	84
tensor(1, device='cuda:0')	3	84
tensor(1, device='cuda:0')	3	84
tensor(1, device='cuda:0')	3	84
tensor(0, device='cuda:0')	0	85
tensor(1, device='cuda:0')	3	85
tensor(1, device='cuda:0')	1	86
tensor(1, device='cuda:0')	3	86
tensor(0, device='cuda:0')	1	86
tensor(2, device='cuda:0')	2	87
tensor(3, device='cuda:0')	3	88
tensor(3, device='cuda:0')	2	88
tensor(3, device='cuda:0')	0	88
tensor(0, device='cuda:0')	1	88
tensor(0, device='cuda:0')	0	89
tensor(0, device='cuda:0')	0	90
tensor(1, device='cuda:0')	1	91
tensor(1, device='cuda:0')	2	91
tensor(1, device='cuda:0')	1	92
tensor(2, device='cuda:0')	3	92
tensor(1, device='cuda:0')	2	92
tensor(2, device='cuda:0')	2	93
tensor(2, device='cuda:0')	2	94
tensor(1, device='cuda:0')	0	94
tensor(1, device='cuda:0')	1	95
tensor(1, device='cuda:0')	2	95
tensor(2, device='cuda:0')	2	96
tensor(1, device='cuda:0')	1	97
tensor(0, device='cuda:0')	1	97
tensor(0, device='cuda:0')	0	98
tensor(3, device='cuda:0')	0	98
tensor(2, device='cuda:0')	2	99
tensor(3, device='cuda:0')	3	100
tensor(1, device='cuda:0')	1	101
tensor(3, device='cuda:0')	2	101
tensor(1, device='cuda:0')	1	102
tensor(2, device='cuda:0')	2	103
tensor(3, device='cuda:0')	0	103
tensor(2, device='cuda:0')	2	104
tensor(0, device='cuda:0')	0	105
tensor(3, device='cuda:0')	0	105
tensor(1, device='cuda:0')	1	106
tensor(1, device='cuda:0')	1	107
tensor(2, device='cuda:0')	2	108
tensor(1, device='cuda:0')	2	108
tensor(2, device='cuda:0')	3	108
tensor(1, device='cuda:0')	1	109
tensor(1, device='cuda:0')	2	109
tensor(0, device='cuda:0')	2	109
tensor(2, device='cuda:0')	2	110
tensor(3, device='cuda:0')	0	110
tensor(0, device='cuda:0')	1	110
tensor(1, device='cuda:0')	1	111
tensor(2, device='cuda:0')	2	112
tensor(2, device='cuda:0')	3	112
tensor(2, device='cuda:0')	2	113
tensor(2, device='cuda:0')	1	113
tensor(1, device='cuda:0')	1	114
tensor(2, device='cuda:0')	2	115
tensor(2, device='cuda:0')	2	116
tensor(2, device='cuda:0')	0	116
tensor(1, device='cuda:0')	0	116
tensor(0, device='cuda:0')	2	116
tensor(0, device='cuda:0')	0	117
tensor(1, device='cuda:0')	2	117
tensor(1, device='cuda:0')	1	118
tensor(0, device='cuda:0')	1	118
tensor(3, device='cuda:0')	3	119
tensor(3, device='cuda:0')	3	120
tensor(2, device='cuda:0')	2	121
tensor(3, device='cuda:0')	3	122
tensor(3, device='cuda:0')	3	123
tensor(3, device='cuda:0')	3	124
tensor(0, device='cuda:0')	0	125
tensor(0, device='cuda:0')	1	125
tensor(3, device='cuda:0')	3	126
tensor(0, device='cuda:0')	1	126
tensor(3, device='cuda:0')	0	126
tensor(1, device='cuda:0')	3	126
tensor(1, device='cuda:0')	1	127
tensor(1, device='cuda:0')	1	128
tensor(1, device='cuda:0')	1	129
tensor(3, device='cuda:0')	0	129
tensor(3, device='cuda:0')	3	130
tensor(0, device='cuda:0')	3	130
tensor(3, device='cuda:0')	0	130
tensor(1, device='cuda:0')	3	130
tensor(1, device='cuda:0')	1	131
tensor(3, device='cuda:0')	3	132
tensor(0, device='cuda:0')	3	132
tensor(0, device='cuda:0')	0	133
tensor(0, device='cuda:0')	2	133
tensor(3, device='cuda:0')	3	134
tensor(0, device='cuda:0')	1	134
tensor(3, device='cuda:0')	1	134
tensor(0, device='cuda:0')	0	135
tensor(0, device='cuda:0')	0	136
tensor(2, device='cuda:0')	2	137
tensor(1, device='cuda:0')	3	137
tensor(1, device='cuda:0')	1	138
tensor(2, device='cuda:0')	2	139
tensor(3, device='cuda:0')	3	140
tensor(0, device='cuda:0')	0	141
tensor(3, device='cuda:0')	3	142
tensor(3, device='cuda:0')	3	143
tensor(1, device='cuda:0')	1	144
tensor(0, device='cuda:0')	1	144
tensor(2, device='cuda:0')	0	144
tensor(2, device='cuda:0')	2	145
tensor(1, device='cuda:0')	1	146
tensor(2, device='cuda:0')	3	146
tensor(2, device='cuda:0')	2	147
tensor(3, device='cuda:0')	3	148
tensor(1, device='cuda:0')	0	148
tensor(2, device='cuda:0')	2	149
tensor(2, device='cuda:0')	2	150
tensor(3, device='cuda:0')	1	150
tensor(0, device='cuda:0')	2	150
tensor(3, device='cuda:0')	3	151
tensor(1, device='cuda:0')	0	151
tensor(1, device='cuda:0')	1	152
tensor(1, device='cuda:0')	0	152
tensor(0, device='cuda:0')	1	152
tensor(1, device='cuda:0')	1	153
tensor(1, device='cuda:0')	1	154
tensor(2, device='cuda:0')	2	155
tensor(2, device='cuda:0')	2	156
tensor(1, device='cuda:0')	0	156
tensor(3, device='cuda:0')	0	156
tensor(2, device='cuda:0')	2	157
tensor(1, device='cuda:0')	0	157
tensor(3, device='cuda:0')	0	157
tensor(3, device='cuda:0')	3	158
tensor(3, device='cuda:0')	3	159
tensor(2, device='cuda:0')	3	159
tensor(0, device='cuda:0')	0	160
tensor(3, device='cuda:0')	2	160
tensor(3, device='cuda:0')	1	160
tensor(1, device='cuda:0')	1	161
tensor(0, device='cuda:0')	2	161
tensor(0, device='cuda:0')	3	161
tensor(0, device='cuda:0')	0	162
tensor(2, device='cuda:0')	2	163
tensor(1, device='cuda:0')	0	163
tensor(1, device='cuda:0')	0	163
tensor(0, device='cuda:0')	1	163
tensor(2, device='cuda:0')	2	164
tensor(2, device='cuda:0')	2	165
tensor(2, device='cuda:0')	0	165
tensor(3, device='cuda:0')	1	165
tensor(2, device='cuda:0')	1	165
tensor(2, device='cuda:0')	2	166
tensor(0, device='cuda:0')	1	166
tensor(2, device='cuda:0')	2	167
tensor(0, device='cuda:0')	1	167
tensor(2, device='cuda:0')	2	168
tensor(1, device='cuda:0')	3	168
tensor(1, device='cuda:0')	1	169
tensor(2, device='cuda:0')	3	169
tensor(2, device='cuda:0')	0	169
tensor(3, device='cuda:0')	3	170
tensor(3, device='cuda:0')	1	170
tensor(0, device='cuda:0')	1	170
tensor(0, device='cuda:0')	3	170
tensor(1, device='cuda:0')	1	171
tensor(1, device='cuda:0')	1	172
tensor(3, device='cuda:0')	3	173
tensor(0, device='cuda:0')	0	174
tensor(2, device='cuda:0')	1	174
tensor(0, device='cuda:0')	0	175
tensor(3, device='cuda:0')	3	176
tensor(0, device='cuda:0')	2	176
tensor(1, device='cuda:0')	1	177
tensor(3, device='cuda:0')	2	177
tensor(1, device='cuda:0')	1	178
tensor(2, device='cuda:0')	0	178
tensor(0, device='cuda:0')	0	179
tensor(3, device='cuda:0')	3	180
tensor(1, device='cuda:0')	1	181
tensor(1, device='cuda:0')	0	181
tensor(1, device='cuda:0')	1	182
tensor(3, device='cuda:0')	3	183
tensor(1, device='cuda:0')	2	183
tensor(0, device='cuda:0')	2	183
tensor(0, device='cuda:0')	2	183
tensor(3, device='cuda:0')	2	183
tensor(3, device='cuda:0')	3	184
tensor(1, device='cuda:0')	1	185
tensor(1, device='cuda:0')	1	186
tensor(2, device='cuda:0')	2	187
tensor(0, device='cuda:0')	0	188
tensor(0, device='cuda:0')	1	188
tensor(2, device='cuda:0')	2	189
tensor(1, device='cuda:0')	0	189
tensor(1, device='cuda:0')	0	189
tensor(3, device='cuda:0')	2	189
tensor(3, device='cuda:0')	1	189
tensor(0, device='cuda:0')	0	190
tensor(2, device='cuda:0')	2	191
tensor(0, device='cuda:0')	3	191
tensor(1, device='cuda:0')	0	191
tensor(3, device='cuda:0')	2	191
tensor(3, device='cuda:0')	0	191
tensor(0, device='cuda:0')	0	192
tensor(3, device='cuda:0')	2	192
tensor(3, device='cuda:0')	3	193
tensor(1, device='cuda:0')	0	193
tensor(1, device='cuda:0')	1	194
tensor(1, device='cuda:0')	1	195
tensor(1, device='cuda:0')	1	196
tensor(3, device='cuda:0')	3	197
tensor(3, device='cuda:0')	3	198
tensor(0, device='cuda:0')	3	198
tensor(0, device='cuda:0')	2	198
tensor(0, device='cuda:0')	0	199
tensor(0, device='cuda:0')	3	199
tensor(3, device='cuda:0')	3	200
tensor(0, device='cuda:0')	0	201
tensor(1, device='cuda:0')	3	201
tensor(2, device='cuda:0')	2	202
tensor(2, device='cuda:0')	0	202
tensor(0, device='cuda:0')	3	202
tensor(2, device='cuda:0')	1	202
tensor(2, device='cuda:0')	1	202
tensor(3, device='cuda:0')	0	202
tensor(2, device='cuda:0')	2	203
tensor(1, device='cuda:0')	1	204
tensor(3, device='cuda:0')	3	205
tensor(2, device='cuda:0')	0	205
tensor(0, device='cuda:0')	3	205
tensor(2, device='cuda:0')	2	206
tensor(2, device='cuda:0')	0	206
tensor(0, device='cuda:0')	0	207
tensor(0, device='cuda:0')	2	207
tensor(2, device='cuda:0')	2	208
tensor(3, device='cuda:0')	3	209
tensor(3, device='cuda:0')	3	210
tensor(3, device='cuda:0')	3	211
tensor(1, device='cuda:0')	1	212
tensor(1, device='cuda:0')	3	212
tensor(0, device='cuda:0')	3	212
tensor(2, device='cuda:0')	1	212
tensor(2, device='cuda:0')	1	212
tensor(2, device='cuda:0')	2	213
tensor(3, device='cuda:0')	3	214
tensor(0, device='cuda:0')	2	214
tensor(1, device='cuda:0')	1	215
tensor(0, device='cuda:0')	0	216
tensor(2, device='cuda:0')	3	216
tensor(3, device='cuda:0')	3	217
tensor(0, device='cuda:0')	0	218
tensor(2, device='cuda:0')	3	218
tensor(3, device='cuda:0')	3	219
tensor(2, device='cuda:0')	2	220
tensor(2, device='cuda:0')	2	221
tensor(2, device='cuda:0')	1	221
tensor(1, device='cuda:0')	2	221
tensor(1, device='cuda:0')	1	222
tensor(2, device='cuda:0')	2	223
tensor(2, device='cuda:0')	2	224
tensor(0, device='cuda:0')	0	225
tensor(2, device='cuda:0')	2	226
tensor(0, device='cuda:0')	0	227
tensor(3, device='cuda:0')	3	228
tensor(0, device='cuda:0')	2	228
tensor(0, device='cuda:0')	3	228
tensor(0, device='cuda:0')	2	228
tensor(1, device='cuda:0')	1	229
tensor(0, device='cuda:0')	0	230
tensor(1, device='cuda:0')	1	231
tensor(2, device='cuda:0')	2	232
tensor(1, device='cuda:0')	3	232
tensor(3, device='cuda:0')	2	232
tensor(2, device='cuda:0')	1	232
tensor(1, device='cuda:0')	1	233
tensor(1, device='cuda:0')	2	233
tensor(0, device='cuda:0')	0	234
tensor(2, device='cuda:0')	3	234
tensor(3, device='cuda:0')	3	235
tensor(1, device='cuda:0')	1	236
tensor(3, device='cuda:0')	2	236
tensor(2, device='cuda:0')	2	237
tensor(1, device='cuda:0')	1	238
tensor(3, device='cuda:0')	3	239
tensor(3, device='cuda:0')	3	240
tensor(1, device='cuda:0')	1	241
tensor(0, device='cuda:0')	0	242
tensor(3, device='cuda:0')	3	243
tensor(3, device='cuda:0')	1	243
tensor(2, device='cuda:0')	0	243
tensor(2, device='cuda:0')	3	243
tensor(0, device='cuda:0')	0	244
tensor(0, device='cuda:0')	0	245
tensor(3, device='cuda:0')	3	246
tensor(3, device='cuda:0')	3	247
tensor(3, device='cuda:0')	3	248
tensor(2, device='cuda:0')	2	249
tensor(1, device='cuda:0')	2	249
tensor(0, device='cuda:0')	0	250
tensor(3, device='cuda:0')	2	250
tensor(3, device='cuda:0')	3	251
tensor(0, device='cuda:0')	1	251
tensor(3, device='cuda:0')	3	252
tensor(2, device='cuda:0')	2	253
tensor(3, device='cuda:0')	3	254
tensor(3, device='cuda:0')	3	255
tensor(1, device='cuda:0')	2	255
tensor(0, device='cuda:0')	3	255
tensor(3, device='cuda:0')	3	256
tensor(1, device='cuda:0')	1	257
tensor(0, device='cuda:0')	0	258
tensor(1, device='cuda:0')	0	258
tensor(2, device='cuda:0')	3	258
tensor(0, device='cuda:0')	0	259
tensor(3, device='cuda:0')	2	259
tensor(0, device='cuda:0')	0	260
tensor(0, device='cuda:0')	0	261
tensor(2, device='cuda:0')	0	261
tensor(3, device='cuda:0')	3	262
tensor(1, device='cuda:0')	2	262
tensor(0, device='cuda:0')	0	263
tensor(0, device='cuda:0')	2	263
tensor(3, device='cuda:0')	3	264
tensor(1, device='cuda:0')	1	265
tensor(2, device='cuda:0')	2	266
tensor(3, device='cuda:0')	3	267
tensor(0, device='cuda:0')	0	268
tensor(0, device='cuda:0')	1	268
tensor(0, device='cuda:0')	2	268
tensor(0, device='cuda:0')	2	268
tensor(2, device='cuda:0')	2	269
tensor(2, device='cuda:0')	2	270
tensor(2, device='cuda:0')	0	270
tensor(1, device='cuda:0')	3	270
tensor(2, device='cuda:0')	2	271
tensor(2, device='cuda:0')	2	272
tensor(0, device='cuda:0')	2	272
tensor(1, device='cuda:0')	1	273
tensor(2, device='cuda:0')	0	273
tensor(2, device='cuda:0')	2	274
tensor(2, device='cuda:0')	2	275
tensor(2, device='cuda:0')	3	275
tensor(0, device='cuda:0')	2	275
tensor(3, device='cuda:0')	2	275
tensor(0, device='cuda:0')	3	275
tensor(2, device='cuda:0')	2	276
tensor(3, device='cuda:0')	2	276
tensor(1, device='cuda:0')	1	277
tensor(1, device='cuda:0')	3	277
tensor(3, device='cuda:0')	3	278
tensor(0, device='cuda:0')	0	279
tensor(1, device='cuda:0')	2	279
tensor(0, device='cuda:0')	0	280
tensor(0, device='cuda:0')	2	280
tensor(2, device='cuda:0')	2	281
tensor(1, device='cuda:0')	0	281
tensor(0, device='cuda:0')	2	281
tensor(0, device='cuda:0')	0	282
tensor(3, device='cuda:0')	1	282
tensor(1, device='cuda:0')	1	283
tensor(2, device='cuda:0')	3	283
tensor(1, device='cuda:0')	3	283
tensor(3, device='cuda:0')	1	283
tensor(0, device='cuda:0')	0	284
tensor(3, device='cuda:0')	1	284
tensor(2, device='cuda:0')	2	285
tensor(2, device='cuda:0')	2	286
tensor(1, device='cuda:0')	2	286
tensor(2, device='cuda:0')	3	286
tensor(3, device='cuda:0')	3	287
tensor(0, device='cuda:0')	0	288
tensor(3, device='cuda:0')	0	288
tensor(3, device='cuda:0')	3	289
tensor(0, device='cuda:0')	3	289
tensor(0, device='cuda:0')	0	290
tensor(3, device='cuda:0')	2	290
tensor(0, device='cuda:0')	2	290
tensor(0, device='cuda:0')	3	290
tensor(2, device='cuda:0')	2	291
tensor(2, device='cuda:0')	2	292
tensor(2, device='cuda:0')	1	292
tensor(0, device='cuda:0')	0	293
tensor(0, device='cuda:0')	0	294
tensor(0, device='cuda:0')	2	294
tensor(1, device='cuda:0')	1	295
tensor(0, device='cuda:0')	0	296
tensor(2, device='cuda:0')	2	297
tensor(2, device='cuda:0')	2	298
tensor(0, device='cuda:0')	3	298
tensor(0, device='cuda:0')	0	299
tensor(1, device='cuda:0')	0	299
tensor(3, device='cuda:0')	3	300
tensor(1, device='cuda:0')	2	300
tensor(3, device='cuda:0')	3	301
tensor(2, device='cuda:0')	2	302
tensor(0, device='cuda:0')	2	302
tensor(1, device='cuda:0')	1	303
tensor(1, device='cuda:0')	3	303
tensor(0, device='cuda:0')	2	303
tensor(3, device='cuda:0')	3	304
tensor(1, device='cuda:0')	1	305
tensor(0, device='cuda:0')	0	306
tensor(0, device='cuda:0')	0	307
tensor(3, device='cuda:0')	3	308
tensor(3, device='cuda:0')	3	309
tensor(1, device='cuda:0')	1	310
tensor(2, device='cuda:0')	2	311
tensor(0, device='cuda:0')	0	312
tensor(0, device='cuda:0')	1	312
tensor(2, device='cuda:0')	2	313
tensor(3, device='cuda:0')	1	313
tensor(0, device='cuda:0')	2	313
tensor(1, device='cuda:0')	0	313
tensor(3, device='cuda:0')	2	313
tensor(2, device='cuda:0')	0	313
tensor(3, device='cuda:0')	2	313
tensor(2, device='cuda:0')	3	313
tensor(3, device='cuda:0')	3	314
tensor(1, device='cuda:0')	1	315
tensor(2, device='cuda:0')	1	315
tensor(3, device='cuda:0')	3	316
tensor(0, device='cuda:0')	2	316
tensor(0, device='cuda:0')	0	317
tensor(0, device='cuda:0')	2	317
tensor(3, device='cuda:0')	3	318
tensor(0, device='cuda:0')	0	319
tensor(2, device='cuda:0')	0	319
tensor(2, device='cuda:0')	0	319
tensor(3, device='cuda:0')	3	320
tensor(1, device='cuda:0')	1	321
tensor(3, device='cuda:0')	0	321
tensor(1, device='cuda:0')	1	322
tensor(0, device='cuda:0')	2	322
tensor(1, device='cuda:0')	1	323
tensor(3, device='cuda:0')	2	323
tensor(2, device='cuda:0')	3	323
tensor(3, device='cuda:0')	3	324
tensor(2, device='cuda:0')	2	325
tensor(3, device='cuda:0')	0	325
tensor(1, device='cuda:0')	2	325
tensor(3, device='cuda:0')	3	326
tensor(1, device='cuda:0')	1	327
tensor(2, device='cuda:0')	2	328
tensor(1, device='cuda:0')	2	328
tensor(0, device='cuda:0')	0	329
tensor(0, device='cuda:0')	2	329
tensor(3, device='cuda:0')	3	330
tensor(3, device='cuda:0')	2	330
tensor(2, device='cuda:0')	1	330
tensor(1, device='cuda:0')	1	331
tensor(1, device='cuda:0')	1	332
tensor(2, device='cuda:0')	1	332
tensor(0, device='cuda:0')	2	332
tensor(3, device='cuda:0')	1	332
tensor(0, device='cuda:0')	0	333
tensor(3, device='cuda:0')	0	333
tensor(3, device='cuda:0')	3	334
tensor(0, device='cuda:0')	1	334
tensor(3, device='cuda:0')	3	335
tensor(3, device='cuda:0')	0	335
tensor(0, device='cuda:0')	1	335
tensor(0, device='cuda:0')	0	336
tensor(1, device='cuda:0')	0	336
tensor(2, device='cuda:0')	2	337
tensor(1, device='cuda:0')	1	338
tensor(2, device='cuda:0')	3	338
tensor(2, device='cuda:0')	2	339
tensor(1, device='cuda:0')	1	340
tensor(3, device='cuda:0')	3	341
tensor(3, device='cuda:0')	0	341
tensor(1, device='cuda:0')	3	341
tensor(3, device='cuda:0')	2	341
tensor(2, device='cuda:0')	2	342
tensor(1, device='cuda:0')	3	342
tensor(2, device='cuda:0')	0	342
tensor(1, device='cuda:0')	0	342
tensor(1, device='cuda:0')	1	343
tensor(2, device='cuda:0')	0	343
tensor(0, device='cuda:0')	0	344
tensor(1, device='cuda:0')	2	344
tensor(2, device='cuda:0')	0	344
tensor(3, device='cuda:0')	3	345
tensor(2, device='cuda:0')	2	346
tensor(0, device='cuda:0')	1	346
tensor(2, device='cuda:0')	2	347
tensor(3, device='cuda:0')	3	348
tensor(2, device='cuda:0')	2	349
tensor(1, device='cuda:0')	2	349
tensor(3, device='cuda:0')	3	350
tensor(3, device='cuda:0')	3	351
tensor(0, device='cuda:0')	1	351
tensor(2, device='cuda:0')	3	351
tensor(2, device='cuda:0')	0	351
tensor(3, device='cuda:0')	3	352
tensor(0, device='cuda:0')	1	352
tensor(0, device='cuda:0')	0	353
tensor(3, device='cuda:0')	2	353
tensor(0, device='cuda:0')	3	353
tensor(2, device='cuda:0')	0	353
tensor(0, device='cuda:0')	1	353
tensor(1, device='cuda:0')	1	354
tensor(2, device='cuda:0')	2	355
tensor(3, device='cuda:0')	3	356
tensor(0, device='cuda:0')	3	356
tensor(1, device='cuda:0')	3	356
tensor(1, device='cuda:0')	1	357
tensor(1, device='cuda:0')	1	358
tensor(3, device='cuda:0')	3	359
tensor(0, device='cuda:0')	0	360
tensor(1, device='cuda:0')	2	360
tensor(2, device='cuda:0')	2	361
tensor(3, device='cuda:0')	1	361
tensor(2, device='cuda:0')	2	362
tensor(1, device='cuda:0')	2	362
tensor(3, device='cuda:0')	0	362
tensor(1, device='cuda:0')	1	363
tensor(1, device='cuda:0')	1	364
tensor(0, device='cuda:0')	0	365
tensor(1, device='cuda:0')	0	365
tensor(0, device='cuda:0')	3	365
tensor(1, device='cuda:0')	0	365
tensor(2, device='cuda:0')	3	365
tensor(1, device='cuda:0')	3	365
tensor(2, device='cuda:0')	2	366
tensor(0, device='cuda:0')	2	366
tensor(1, device='cuda:0')	2	366
tensor(0, device='cuda:0')	0	367
tensor(2, device='cuda:0')	2	368
tensor(2, device='cuda:0')	1	368
tensor(1, device='cuda:0')	1	369
tensor(2, device='cuda:0')	3	369
tensor(1, device='cuda:0')	2	369
tensor(0, device='cuda:0')	0	370
tensor(3, device='cuda:0')	0	370
tensor(2, device='cuda:0')	2	371
tensor(3, device='cuda:0')	0	371
tensor(3, device='cuda:0')	0	371
tensor(3, device='cuda:0')	1	371
tensor(0, device='cuda:0')	3	371
tensor(3, device='cuda:0')	1	371
tensor(2, device='cuda:0')	3	371
tensor(2, device='cuda:0')	3	371
tensor(1, device='cuda:0')	3	371
tensor(1, device='cuda:0')	1	372
tensor(1, device='cuda:0')	1	373
tensor(1, device='cuda:0')	1	374
tensor(0, device='cuda:0')	0	375
tensor(1, device='cuda:0')	3	375
tensor(3, device='cuda:0')	3	376
tensor(0, device='cuda:0')	1	376
tensor(2, device='cuda:0')	1	376
tensor(3, device='cuda:0')	2	376
tensor(3, device='cuda:0')	3	377
tensor(0, device='cuda:0')	1	377
tensor(2, device='cuda:0')	2	378
tensor(0, device='cuda:0')	0	379
tensor(0, device='cuda:0')	1	379
tensor(3, device='cuda:0')	3	380
tensor(2, device='cuda:0')	0	380
tensor(1, device='cuda:0')	1	381
tensor(0, device='cuda:0')	0	382
tensor(0, device='cuda:0')	1	382
tensor(1, device='cuda:0')	3	382
tensor(2, device='cuda:0')	2	383
tensor(2, device='cuda:0')	1	383
tensor(3, device='cuda:0')	0	383
tensor(2, device='cuda:0')	2	384
tensor(0, device='cuda:0')	0	385
tensor(1, device='cuda:0')	1	386
tensor(0, device='cuda:0')	0	387
tensor(2, device='cuda:0')	2	388
tensor(1, device='cuda:0')	2	388
tensor(1, device='cuda:0')	1	389
tensor(2, device='cuda:0')	2	390
tensor(0, device='cuda:0')	0	391
tensor(2, device='cuda:0')	0	391
tensor(1, device='cuda:0')	1	392
tensor(0, device='cuda:0')	0	393
tensor(0, device='cuda:0')	1	393
tensor(3, device='cuda:0')	3	394
tensor(3, device='cuda:0')	1	394
tensor(3, device='cuda:0')	3	395
tensor(3, device='cuda:0')	1	395
tensor(0, device='cuda:0')	0	396
tensor(2, device='cuda:0')	2	397
tensor(2, device='cuda:0')	1	397
tensor(2, device='cuda:0')	0	397
tensor(3, device='cuda:0')	3	398
tensor(0, device='cuda:0')	1	398
tensor(3, device='cuda:0')	0	398
tensor(1, device='cuda:0')	1	399
tensor(0, device='cuda:0')	0	400
tensor(1, device='cuda:0')	1	401
tensor(3, device='cuda:0')	1	401
tensor(2, device='cuda:0')	2	402
tensor(2, device='cuda:0')	2	403
tensor(1, device='cuda:0')	1	404
tensor(0, device='cuda:0')	0	405
tensor(0, device='cuda:0')	0	406
tensor(1, device='cuda:0')	1	407
tensor(3, device='cuda:0')	0	407
tensor(0, device='cuda:0')	0	408
tensor(2, device='cuda:0')	2	409
tensor(1, device='cuda:0')	0	409
tensor(0, device='cuda:0')	1	409
tensor(1, device='cuda:0')	1	410
tensor(2, device='cuda:0')	2	411
tensor(1, device='cuda:0')	2	411
tensor(0, device='cuda:0')	3	411
tensor(2, device='cuda:0')	3	411
tensor(1, device='cuda:0')	1	412
tensor(3, device='cuda:0')	3	413
tensor(2, device='cuda:0')	0	413
tensor(2, device='cuda:0')	1	413
tensor(3, device='cuda:0')	2	413
tensor(3, device='cuda:0')	3	414
tensor(2, device='cuda:0')	2	415
tensor(2, device='cuda:0')	0	415
tensor(2, device='cuda:0')	2	416
tensor(3, device='cuda:0')	1	416
tensor(1, device='cuda:0')	0	416
tensor(0, device='cuda:0')	3	416
tensor(2, device='cuda:0')	0	416
tensor(3, device='cuda:0')	3	417
tensor(0, device='cuda:0')	0	418
tensor(3, device='cuda:0')	1	418
tensor(0, device='cuda:0')	1	418
tensor(3, device='cuda:0')	3	419
tensor(0, device='cuda:0')	3	419
tensor(0, device='cuda:0')	2	419
tensor(3, device='cuda:0')	1	419
tensor(0, device='cuda:0')	0	420
tensor(1, device='cuda:0')	1	421
tensor(0, device='cuda:0')	2	421
tensor(3, device='cuda:0')	3	422
tensor(3, device='cuda:0')	1	422
tensor(1, device='cuda:0')	1	423
tensor(2, device='cuda:0')	2	424
tensor(3, device='cuda:0')	2	424
tensor(3, device='cuda:0')	3	425
tensor(3, device='cuda:0')	3	426
tensor(0, device='cuda:0')	1	426
tensor(3, device='cuda:0')	3	427
tensor(3, device='cuda:0')	2	427
tensor(3, device='cuda:0')	2	427
tensor(0, device='cuda:0')	0	428
tensor(3, device='cuda:0')	0	428
tensor(2, device='cuda:0')	2	429
tensor(0, device='cuda:0')	0	430
tensor(0, device='cuda:0')	2	430
tensor(3, device='cuda:0')	3	431
tensor(3, device='cuda:0')	1	431
tensor(3, device='cuda:0')	1	431
tensor(1, device='cuda:0')	1	432
tensor(1, device='cuda:0')	3	432
tensor(2, device='cuda:0')	2	433
tensor(2, device='cuda:0')	0	433
tensor(3, device='cuda:0')	0	433
tensor(2, device='cuda:0')	3	433
tensor(3, device='cuda:0')	3	434
tensor(2, device='cuda:0')	2	435
tensor(2, device='cuda:0')	0	435
tensor(1, device='cuda:0')	1	436
tensor(3, device='cuda:0')	2	436
tensor(1, device='cuda:0')	2	436
tensor(0, device='cuda:0')	2	436
tensor(2, device='cuda:0')	2	437
tensor(0, device='cuda:0')	0	438
tensor(3, device='cuda:0')	2	438
tensor(3, device='cuda:0')	3	439
tensor(1, device='cuda:0')	1	440
tensor(3, device='cuda:0')	3	441
tensor(2, device='cuda:0')	3	441
tensor(0, device='cuda:0')	3	441
tensor(0, device='cuda:0')	1	441
tensor(0, device='cuda:0')	0	442
tensor(0, device='cuda:0')	1	442
tensor(2, device='cuda:0')	2	443
tensor(2, device='cuda:0')	0	443
tensor(2, device='cuda:0')	0	443
tensor(0, device='cuda:0')	0	444
tensor(1, device='cuda:0')	0	444
tensor(3, device='cuda:0')	3	445
tensor(0, device='cuda:0')	3	445
tensor(2, device='cuda:0')	3	445
tensor(0, device='cuda:0')	3	445
tensor(0, device='cuda:0')	1	445
tensor(0, device='cuda:0')	3	445
tensor(3, device='cuda:0')	3	446
tensor(0, device='cuda:0')	0	447
tensor(1, device='cuda:0')	1	448
tensor(0, device='cuda:0')	1	448
tensor(3, device='cuda:0')	1	448
tensor(0, device='cuda:0')	0	449
tensor(1, device='cuda:0')	1	450
tensor(1, device='cuda:0')	3	450
tensor(0, device='cuda:0')	2	450
tensor(0, device='cuda:0')	3	450
tensor(3, device='cuda:0')	1	450
tensor(1, device='cuda:0')	3	450
tensor(3, device='cuda:0')	3	451
tensor(0, device='cuda:0')	0	452
tensor(0, device='cuda:0')	2	452
tensor(3, device='cuda:0')	3	453
tensor(2, device='cuda:0')	2	454
tensor(1, device='cuda:0')	1	455
tensor(0, device='cuda:0')	2	455
tensor(2, device='cuda:0')	2	456
tensor(3, device='cuda:0')	3	457
tensor(2, device='cuda:0')	2	458
tensor(2, device='cuda:0')	1	458
tensor(3, device='cuda:0')	3	459
tensor(1, device='cuda:0')	0	459
tensor(3, device='cuda:0')	1	459
tensor(2, device='cuda:0')	2	460
tensor(3, device='cuda:0')	3	461
tensor(1, device='cuda:0')	1	462
tensor(3, device='cuda:0')	0	462
tensor(1, device='cuda:0')	1	463
tensor(3, device='cuda:0')	3	464
tensor(1, device='cuda:0')	1	465
tensor(2, device='cuda:0')	2	466
tensor(3, device='cuda:0')	3	467
tensor(0, device='cuda:0')	0	468
tensor(1, device='cuda:0')	2	468
tensor(2, device='cuda:0')	2	469
tensor(3, device='cuda:0')	2	469
tensor(2, device='cuda:0')	2	470
tensor(2, device='cuda:0')	3	470
tensor(1, device='cuda:0')	1	471
tensor(0, device='cuda:0')	0	472
tensor(1, device='cuda:0')	3	472
tensor(2, device='cuda:0')	3	472
tensor(0, device='cuda:0')	1	472
tensor(2, device='cuda:0')	0	472
tensor(0, device='cuda:0')	0	473
tensor(1, device='cuda:0')	3	473
tensor(0, device='cuda:0')	2	473
tensor(1, device='cuda:0')	3	473
tensor(1, device='cuda:0')	1	474
tensor(0, device='cuda:0')	0	475
tensor(2, device='cuda:0')	3	475
tensor(3, device='cuda:0')	3	476
tensor(2, device='cuda:0')	2	477
tensor(2, device='cuda:0')	3	477
tensor(2, device='cuda:0')	2	478
tensor(3, device='cuda:0')	3	479
tensor(2, device='cuda:0')	3	479
tensor(1, device='cuda:0')	2	479
tensor(2, device='cuda:0')	3	479
tensor(1, device='cuda:0')	2	479
tensor(1, device='cuda:0')	2	479
tensor(1, device='cuda:0')	1	480
tensor(2, device='cuda:0')	2	481
tensor(1, device='cuda:0')	1	482
tensor(3, device='cuda:0')	3	483
tensor(2, device='cuda:0')	2	484
tensor(2, device='cuda:0')	1	484
tensor(0, device='cuda:0')	0	485
tensor(1, device='cuda:0')	1	486
tensor(3, device='cuda:0')	3	487
tensor(0, device='cuda:0')	1	487
tensor(2, device='cuda:0')	2	488
tensor(2, device='cuda:0')	2	489
tensor(3, device='cuda:0')	3	490
tensor(1, device='cuda:0')	1	491
tensor(2, device='cuda:0')	2	492
tensor(0, device='cuda:0')	0	493
tensor(1, device='cuda:0')	1	494
tensor(1, device='cuda:0')	1	495
tensor(1, device='cuda:0')	1	496
tensor(0, device='cuda:0')	3	496
tensor(3, device='cuda:0')	3	497
tensor(0, device='cuda:0')	0	498
tensor(2, device='cuda:0')	2	499
tensor(1, device='cuda:0')	1	500
tensor(1, device='cuda:0')	2	500
tensor(3, device='cuda:0')	0	500
tensor(1, device='cuda:0')	1	501
tensor(2, device='cuda:0')	2	502
tensor(3, device='cuda:0')	3	503
tensor(2, device='cuda:0')	3	503
tensor(1, device='cuda:0')	2	503
tensor(1, device='cuda:0')	1	504
tensor(3, device='cuda:0')	3	505
tensor(0, device='cuda:0')	0	506
tensor(0, device='cuda:0')	0	507
tensor(2, device='cuda:0')	2	508
tensor(1, device='cuda:0')	1	509
tensor(1, device='cuda:0')	2	509
tensor(2, device='cuda:0')	2	510
tensor(0, device='cuda:0')	0	511
tensor(1, device='cuda:0')	2	511
tensor(3, device='cuda:0')	1	511
tensor(1, device='cuda:0')	2	511
tensor(3, device='cuda:0')	3	512
tensor(2, device='cuda:0')	2	513
tensor(0, device='cuda:0')	2	513
tensor(0, device='cuda:0')	0	514
tensor(0, device='cuda:0')	3	514
tensor(3, device='cuda:0')	3	515
tensor(0, device='cuda:0')	0	516
tensor(0, device='cuda:0')	0	517
tensor(3, device='cuda:0')	0	517
tensor(0, device='cuda:0')	3	517
tensor(0, device='cuda:0')	0	518
tensor(0, device='cuda:0')	1	518
tensor(3, device='cuda:0')	0	518
tensor(0, device='cuda:0')	3	518
tensor(2, device='cuda:0')	2	519
tensor(3, device='cuda:0')	2	519
tensor(1, device='cuda:0')	2	519
tensor(2, device='cuda:0')	1	519
tensor(1, device='cuda:0')	2	519
tensor(0, device='cuda:0')	1	519
tensor(2, device='cuda:0')	2	520
tensor(3, device='cuda:0')	3	521
tensor(0, device='cuda:0')	2	521
tensor(3, device='cuda:0')	3	522
tensor(0, device='cuda:0')	0	523
tensor(2, device='cuda:0')	2	524
tensor(1, device='cuda:0')	1	525
tensor(0, device='cuda:0')	3	525
tensor(0, device='cuda:0')	1	525
tensor(2, device='cuda:0')	2	526
tensor(3, device='cuda:0')	3	527
tensor(0, device='cuda:0')	1	527
tensor(1, device='cuda:0')	2	527
tensor(0, device='cuda:0')	0	528
tensor(0, device='cuda:0')	3	528
tensor(0, device='cuda:0')	0	529
tensor(2, device='cuda:0')	2	530
tensor(2, device='cuda:0')	2	531
tensor(2, device='cuda:0')	3	531
tensor(2, device='cuda:0')	2	532
tensor(3, device='cuda:0')	3	533
tensor(2, device='cuda:0')	0	533
tensor(1, device='cuda:0')	2	533
tensor(3, device='cuda:0')	0	533
tensor(2, device='cuda:0')	0	533
tensor(0, device='cuda:0')	3	533
tensor(1, device='cuda:0')	1	534
tensor(1, device='cuda:0')	1	535
tensor(1, device='cuda:0')	0	535
tensor(0, device='cuda:0')	0	536
tensor(0, device='cuda:0')	3	536
tensor(3, device='cuda:0')	3	537
tensor(3, device='cuda:0')	3	538
tensor(2, device='cuda:0')	3	538
tensor(3, device='cuda:0')	1	538
tensor(3, device='cuda:0')	0	538
tensor(0, device='cuda:0')	0	539
tensor(3, device='cuda:0')	3	540
tensor(0, device='cuda:0')	2	540
tensor(3, device='cuda:0')	3	541
tensor(2, device='cuda:0')	3	541
tensor(2, device='cuda:0')	1	541
tensor(2, device='cuda:0')	3	541
tensor(2, device='cuda:0')	3	541
tensor(0, device='cuda:0')	2	541
tensor(0, device='cuda:0')	1	541
tensor(2, device='cuda:0')	2	542
tensor(1, device='cuda:0')	1	543
tensor(2, device='cuda:0')	2	544
tensor(2, device='cuda:0')	0	544
tensor(0, device='cuda:0')	2	544
tensor(0, device='cuda:0')	2	544
tensor(1, device='cuda:0')	3	544
tensor(3, device='cuda:0')	2	544
tensor(1, device='cuda:0')	1	545
tensor(2, device='cuda:0')	0	545
tensor(0, device='cuda:0')	1	545
tensor(3, device='cuda:0')	3	546
tensor(1, device='cuda:0')	1	547
tensor(3, device='cuda:0')	2	547
tensor(3, device='cuda:0')	1	547
tensor(3, device='cuda:0')	2	547
tensor(3, device='cuda:0')	3	548
tensor(3, device='cuda:0')	3	549
tensor(1, device='cuda:0')	1	550
tensor(2, device='cuda:0')	1	550
tensor(2, device='cuda:0')	2	551
tensor(2, device='cuda:0')	2	552
tensor(1, device='cuda:0')	1	553
tensor(0, device='cuda:0')	0	554
tensor(0, device='cuda:0')	0	555
tensor(0, device='cuda:0')	0	556
tensor(2, device='cuda:0')	2	557
tensor(2, device='cuda:0')	2	558
tensor(1, device='cuda:0')	1	559
tensor(1, device='cuda:0')	1	560
tensor(1, device='cuda:0')	0	560
tensor(1, device='cuda:0')	2	560
tensor(2, device='cuda:0')	3	560
tensor(2, device='cuda:0')	2	561
tensor(2, device='cuda:0')	2	562
tensor(1, device='cuda:0')	1	563
tensor(0, device='cuda:0')	0	564
tensor(2, device='cuda:0')	2	565
tensor(1, device='cuda:0')	0	565
tensor(2, device='cuda:0')	3	565
tensor(3, device='cuda:0')	0	565
tensor(2, device='cuda:0')	2	566
tensor(3, device='cuda:0')	2	566
tensor(1, device='cuda:0')	3	566
tensor(1, device='cuda:0')	0	566
tensor(0, device='cuda:0')	3	566
tensor(1, device='cuda:0')	1	567
tensor(1, device='cuda:0')	0	567
tensor(3, device='cuda:0')	3	568
tensor(1, device='cuda:0')	0	568
tensor(1, device='cuda:0')	1	569
tensor(2, device='cuda:0')	2	570
tensor(1, device='cuda:0')	1	571
tensor(2, device='cuda:0')	0	571
tensor(0, device='cuda:0')	0	572
tensor(2, device='cuda:0')	2	573
tensor(3, device='cuda:0')	3	574
tensor(2, device='cuda:0')	0	574
tensor(2, device='cuda:0')	2	575
tensor(1, device='cuda:0')	1	576
tensor(2, device='cuda:0')	2	577
tensor(2, device='cuda:0')	2	578
tensor(2, device='cuda:0')	2	579
tensor(2, device='cuda:0')	3	579
tensor(0, device='cuda:0')	0	580
tensor(2, device='cuda:0')	2	581
tensor(3, device='cuda:0')	2	581
tensor(2, device='cuda:0')	2	582
tensor(3, device='cuda:0')	3	583
tensor(3, device='cuda:0')	2	583
tensor(0, device='cuda:0')	2	583
tensor(1, device='cuda:0')	1	584
tensor(0, device='cuda:0')	0	585
tensor(3, device='cuda:0')	3	586
tensor(2, device='cuda:0')	2	587
tensor(2, device='cuda:0')	2	588
tensor(0, device='cuda:0')	2	588
tensor(2, device='cuda:0')	3	588
tensor(1, device='cuda:0')	1	589
tensor(3, device='cuda:0')	2	589
tensor(2, device='cuda:0')	0	589
tensor(0, device='cuda:0')	2	589
tensor(3, device='cuda:0')	0	589
tensor(2, device='cuda:0')	2	590
tensor(3, device='cuda:0')	3	591
tensor(3, device='cuda:0')	3	592
tensor(0, device='cuda:0')	0	593
tensor(0, device='cuda:0')	3	593
tensor(0, device='cuda:0')	0	594
tensor(1, device='cuda:0')	1	595
tensor(1, device='cuda:0')	1	596
tensor(3, device='cuda:0')	0	596
tensor(1, device='cuda:0')	2	596
tensor(0, device='cuda:0')	3	596
tensor(3, device='cuda:0')	3	597
tensor(3, device='cuda:0')	3	598
tensor(0, device='cuda:0')	0	599
tensor(2, device='cuda:0')	2	600
tensor(1, device='cuda:0')	3	600
tensor(1, device='cuda:0')	2	600
tensor(2, device='cuda:0')	3	600
tensor(3, device='cuda:0')	3	601
tensor(2, device='cuda:0')	0	601
tensor(3, device='cuda:0')	1	601
tensor(3, device='cuda:0')	3	602
tensor(2, device='cuda:0')	2	603
tensor(1, device='cuda:0')	1	604
tensor(2, device='cuda:0')	0	604
tensor(1, device='cuda:0')	1	605
tensor(3, device='cuda:0')	3	606
tensor(0, device='cuda:0')	3	606
tensor(1, device='cuda:0')	1	607
tensor(0, device='cuda:0')	0	608
tensor(2, device='cuda:0')	0	608
tensor(3, device='cuda:0')	3	609
tensor(1, device='cuda:0')	1	610
tensor(3, device='cuda:0')	3	611
tensor(0, device='cuda:0')	3	611
tensor(1, device='cuda:0')	3	611
tensor(1, device='cuda:0')	1	612
tensor(2, device='cuda:0')	3	612
tensor(0, device='cuda:0')	0	613
tensor(3, device='cuda:0')	3	614
tensor(0, device='cuda:0')	0	615
tensor(3, device='cuda:0')	2	615
tensor(3, device='cuda:0')	3	616
tensor(0, device='cuda:0')	1	616
tensor(0, device='cuda:0')	1	616
tensor(1, device='cuda:0')	1	617
tensor(3, device='cuda:0')	0	617
tensor(3, device='cuda:0')	0	617
tensor(0, device='cuda:0')	0	618
tensor(1, device='cuda:0')	1	619
tensor(1, device='cuda:0')	0	619
tensor(1, device='cuda:0')	1	620
tensor(1, device='cuda:0')	1	621
tensor(0, device='cuda:0')	2	621
tensor(2, device='cuda:0')	2	622
tensor(1, device='cuda:0')	0	622
tensor(0, device='cuda:0')	3	622
tensor(3, device='cuda:0')	1	622
tensor(3, device='cuda:0')	3	623
tensor(1, device='cuda:0')	1	624
tensor(2, device='cuda:0')	2	625
tensor(2, device='cuda:0')	1	625
tensor(3, device='cuda:0')	2	625
tensor(2, device='cuda:0')	1	625
tensor(3, device='cuda:0')	3	626
tensor(2, device='cuda:0')	1	626
tensor(0, device='cuda:0')	3	626
tensor(3, device='cuda:0')	0	626
tensor(0, device='cuda:0')	2	626
tensor(1, device='cuda:0')	0	626
tensor(2, device='cuda:0')	2	627
tensor(0, device='cuda:0')	0	628
tensor(1, device='cuda:0')	1	629
tensor(3, device='cuda:0')	3	630
tensor(2, device='cuda:0')	2	631
tensor(3, device='cuda:0')	1	631
tensor(3, device='cuda:0')	3	632
tensor(1, device='cuda:0')	1	633
tensor(0, device='cuda:0')	2	633
tensor(0, device='cuda:0')	3	633
tensor(0, device='cuda:0')	1	633
tensor(1, device='cuda:0')	3	633
tensor(0, device='cuda:0')	0	634
tensor(2, device='cuda:0')	2	635
tensor(1, device='cuda:0')	1	636
tensor(3, device='cuda:0')	0	636
tensor(1, device='cuda:0')	1	637
tensor(0, device='cuda:0')	0	638
tensor(1, device='cuda:0')	1	639
tensor(1, device='cuda:0')	3	639
tensor(2, device='cuda:0')	3	639
tensor(0, device='cuda:0')	3	639
tensor(2, device='cuda:0')	2	640
tensor(2, device='cuda:0')	3	640
tensor(1, device='cuda:0')	1	641
tensor(2, device='cuda:0')	2	642
tensor(1, device='cuda:0')	1	643
tensor(0, device='cuda:0')	0	644
tensor(3, device='cuda:0')	3	645
tensor(0, device='cuda:0')	0	646
tensor(3, device='cuda:0')	3	647
tensor(3, device='cuda:0')	2	647
tensor(3, device='cuda:0')	0	647
tensor(2, device='cuda:0')	2	648
tensor(0, device='cuda:0')	0	649
tensor(0, device='cuda:0')	3	649
tensor(0, device='cuda:0')	2	649
tensor(2, device='cuda:0')	2	650
tensor(0, device='cuda:0')	2	650
tensor(1, device='cuda:0')	0	650
tensor(2, device='cuda:0')	2	651
tensor(3, device='cuda:0')	1	651
tensor(2, device='cuda:0')	2	652
tensor(2, device='cuda:0')	2	653
tensor(0, device='cuda:0')	1	653
tensor(1, device='cuda:0')	3	653
tensor(2, device='cuda:0')	2	654
tensor(2, device='cuda:0')	0	654
tensor(0, device='cuda:0')	0	655
tensor(3, device='cuda:0')	2	655
tensor(0, device='cuda:0')	0	656
tensor(0, device='cuda:0')	0	657
tensor(2, device='cuda:0')	2	658
tensor(1, device='cuda:0')	2	658
tensor(1, device='cuda:0')	2	658
tensor(3, device='cuda:0')	3	659
tensor(3, device='cuda:0')	1	659
tensor(0, device='cuda:0')	1	659
tensor(2, device='cuda:0')	1	659
tensor(2, device='cuda:0')	2	660
tensor(2, device='cuda:0')	1	660
tensor(2, device='cuda:0')	3	660
tensor(0, device='cuda:0')	0	661
tensor(0, device='cuda:0')	3	661
tensor(0, device='cuda:0')	3	661
tensor(3, device='cuda:0')	3	662
tensor(0, device='cuda:0')	0	663
tensor(3, device='cuda:0')	1	663
tensor(1, device='cuda:0')	1	664
tensor(2, device='cuda:0')	0	664
tensor(3, device='cuda:0')	0	664
tensor(0, device='cuda:0')	0	665
tensor(0, device='cuda:0')	2	665
tensor(1, device='cuda:0')	0	665
tensor(1, device='cuda:0')	1	666
tensor(2, device='cuda:0')	3	666
tensor(3, device='cuda:0')	0	666
tensor(1, device='cuda:0')	0	666
tensor(1, device='cuda:0')	2	666
tensor(2, device='cuda:0')	2	667
tensor(3, device='cuda:0')	3	668
tensor(2, device='cuda:0')	2	669
tensor(0, device='cuda:0')	0	670
tensor(1, device='cuda:0')	3	670
tensor(3, device='cuda:0')	3	671
tensor(2, device='cuda:0')	2	672
tensor(2, device='cuda:0')	2	673
tensor(3, device='cuda:0')	3	674
tensor(1, device='cuda:0')	1	675
tensor(2, device='cuda:0')	0	675
tensor(3, device='cuda:0')	2	675
tensor(1, device='cuda:0')	1	676
tensor(2, device='cuda:0')	2	677
tensor(0, device='cuda:0')	0	678
tensor(3, device='cuda:0')	3	679
tensor(0, device='cuda:0')	0	680
tensor(2, device='cuda:0')	2	681
tensor(0, device='cuda:0')	3	681
tensor(2, device='cuda:0')	3	681
tensor(2, device='cuda:0')	2	682
tensor(2, device='cuda:0')	1	682
tensor(2, device='cuda:0')	2	683
tensor(0, device='cuda:0')	0	684
tensor(1, device='cuda:0')	1	685
tensor(2, device='cuda:0')	2	686
tensor(1, device='cuda:0')	0	686
tensor(2, device='cuda:0')	2	687
tensor(2, device='cuda:0')	3	687
tensor(2, device='cuda:0')	2	688
tensor(2, device='cuda:0')	3	688
tensor(3, device='cuda:0')	0	688
tensor(2, device='cuda:0')	2	689
tensor(3, device='cuda:0')	0	689
tensor(3, device='cuda:0')	3	690
tensor(1, device='cuda:0')	3	690
tensor(1, device='cuda:0')	0	690
tensor(0, device='cuda:0')	2	690
tensor(1, device='cuda:0')	3	690
tensor(3, device='cuda:0')	0	690
tensor(3, device='cuda:0')	1	690
tensor(1, device='cuda:0')	2	690
tensor(0, device='cuda:0')	3	690
tensor(3, device='cuda:0')	3	691
tensor(3, device='cuda:0')	1	691
tensor(0, device='cuda:0')	0	692
tensor(0, device='cuda:0')	0	693
tensor(3, device='cuda:0')	1	693
tensor(3, device='cuda:0')	3	694
tensor(2, device='cuda:0')	0	694
tensor(3, device='cuda:0')	2	694
tensor(1, device='cuda:0')	1	695
tensor(0, device='cuda:0')	0	696
tensor(0, device='cuda:0')	0	697
tensor(3, device='cuda:0')	1	697
tensor(3, device='cuda:0')	3	698
tensor(0, device='cuda:0')	0	699
tensor(1, device='cuda:0')	1	700
tensor(1, device='cuda:0')	1	701
tensor(3, device='cuda:0')	3	702
tensor(2, device='cuda:0')	1	702
tensor(3, device='cuda:0')	1	702
tensor(1, device='cuda:0')	3	702
tensor(3, device='cuda:0')	3	703
tensor(1, device='cuda:0')	1	704
tensor(0, device='cuda:0')	2	704
tensor(0, device='cuda:0')	0	705
tensor(2, device='cuda:0')	1	705
tensor(1, device='cuda:0')	1	706
tensor(3, device='cuda:0')	3	707
tensor(0, device='cuda:0')	0	708
tensor(0, device='cuda:0')	2	708
tensor(0, device='cuda:0')	1	708
tensor(3, device='cuda:0')	1	708
tensor(3, device='cuda:0')	0	708
tensor(2, device='cuda:0')	3	708
tensor(2, device='cuda:0')	1	708
tensor(1, device='cuda:0')	1	709
tensor(0, device='cuda:0')	0	710
tensor(1, device='cuda:0')	0	710
tensor(3, device='cuda:0')	3	711
tensor(0, device='cuda:0')	0	712
tensor(1, device='cuda:0')	0	712
tensor(0, device='cuda:0')	0	713
tensor(1, device='cuda:0')	1	714
tensor(1, device='cuda:0')	1	715
tensor(0, device='cuda:0')	2	715
tensor(2, device='cuda:0')	1	715
tensor(3, device='cuda:0')	3	716
tensor(0, device='cuda:0')	0	717
tensor(1, device='cuda:0')	1	718
tensor(1, device='cuda:0')	2	718
tensor(1, device='cuda:0')	1	719
tensor(1, device='cuda:0')	1	720
tensor(1, device='cuda:0')	2	720
tensor(0, device='cuda:0')	2	720
tensor(2, device='cuda:0')	2	721
tensor(3, device='cuda:0')	3	722
tensor(1, device='cuda:0')	1	723
tensor(1, device='cuda:0')	3	723
tensor(3, device='cuda:0')	0	723
tensor(0, device='cuda:0')	0	724
tensor(0, device='cuda:0')	0	725
tensor(0, device='cuda:0')	0	726
tensor(3, device='cuda:0')	2	726
tensor(1, device='cuda:0')	3	726
tensor(3, device='cuda:0')	3	727
tensor(0, device='cuda:0')	0	728
tensor(0, device='cuda:0')	3	728
tensor(2, device='cuda:0')	0	728
tensor(3, device='cuda:0')	3	729
tensor(2, device='cuda:0')	1	729
tensor(3, device='cuda:0')	3	730
tensor(2, device='cuda:0')	2	731
tensor(3, device='cuda:0')	3	732
tensor(3, device='cuda:0')	0	732
tensor(2, device='cuda:0')	1	732
tensor(0, device='cuda:0')	0	733
tensor(0, device='cuda:0')	0	734
tensor(3, device='cuda:0')	2	734
tensor(3, device='cuda:0')	2	734
tensor(3, device='cuda:0')	1	734
tensor(1, device='cuda:0')	2	734
tensor(2, device='cuda:0')	2	735
tensor(3, device='cuda:0')	0	735
tensor(3, device='cuda:0')	3	736
tensor(3, device='cuda:0')	0	736
tensor(2, device='cuda:0')	3	736
tensor(0, device='cuda:0')	0	737
tensor(3, device='cuda:0')	3	738
tensor(1, device='cuda:0')	2	738
tensor(1, device='cuda:0')	1	739
tensor(1, device='cuda:0')	2	739
tensor(2, device='cuda:0')	2	740
tensor(0, device='cuda:0')	3	740
tensor(3, device='cuda:0')	2	740
tensor(1, device='cuda:0')	3	740
tensor(2, device='cuda:0')	2	741
tensor(3, device='cuda:0')	1	741
tensor(0, device='cuda:0')	0	742
tensor(0, device='cuda:0')	2	742
tensor(1, device='cuda:0')	0	742
tensor(3, device='cuda:0')	3	743
tensor(2, device='cuda:0')	2	744
tensor(0, device='cuda:0')	3	744
tensor(2, device='cuda:0')	2	745
tensor(0, device='cuda:0')	0	746
tensor(3, device='cuda:0')	0	746
tensor(2, device='cuda:0')	2	747
tensor(1, device='cuda:0')	0	747
tensor(3, device='cuda:0')	3	748
tensor(1, device='cuda:0')	1	749
tensor(0, device='cuda:0')	0	750
tensor(0, device='cuda:0')	3	750
tensor(2, device='cuda:0')	2	751
tensor(3, device='cuda:0')	3	752
tensor(2, device='cuda:0')	2	753
tensor(0, device='cuda:0')	0	754
tensor(3, device='cuda:0')	1	754
tensor(1, device='cuda:0')	0	754
tensor(2, device='cuda:0')	3	754
tensor(3, device='cuda:0')	0	754
tensor(1, device='cuda:0')	1	755
tensor(0, device='cuda:0')	1	755
tensor(1, device='cuda:0')	1	756
tensor(0, device='cuda:0')	3	756
tensor(0, device='cuda:0')	1	756
tensor(3, device='cuda:0')	2	756
tensor(0, device='cuda:0')	0	757
tensor(0, device='cuda:0')	0	758
tensor(1, device='cuda:0')	1	759
tensor(2, device='cuda:0')	0	759
tensor(3, device='cuda:0')	3	760
tensor(2, device='cuda:0')	1	760
tensor(2, device='cuda:0')	2	761
tensor(1, device='cuda:0')	3	761
tensor(0, device='cuda:0')	2	761
tensor(3, device='cuda:0')	0	761
tensor(3, device='cuda:0')	3	762
tensor(1, device='cuda:0')	1	763
tensor(2, device='cuda:0')	3	763
tensor(2, device='cuda:0')	1	763
tensor(2, device='cuda:0')	2	764
tensor(0, device='cuda:0')	0	765
tensor(2, device='cuda:0')	2	766
tensor(1, device='cuda:0')	2	766
tensor(1, device='cuda:0')	3	766
tensor(3, device='cuda:0')	3	767
tensor(0, device='cuda:0')	3	767
tensor(2, device='cuda:0')	2	768
tensor(2, device='cuda:0')	2	769
tensor(1, device='cuda:0')	0	769
tensor(0, device='cuda:0')	0	770
tensor(2, device='cuda:0')	2	771
tensor(0, device='cuda:0')	0	772
tensor(1, device='cuda:0')	4	772
tensor(0, device='cuda:0')	2	772
tensor(0, device='cuda:0')	3	772
tensor(2, device='cuda:0')	0	772
tensor(0, device='cuda:0')	2	772
tensor(2, device='cuda:0')	0	772
tensor(0, device='cuda:0')	0	773
tensor(3, device='cuda:0')	3	774
tensor(0, device='cuda:0')	3	774
tensor(2, device='cuda:0')	0	774
tensor(1, device='cuda:0')	1	775
tensor(3, device='cuda:0')	3	776
tensor(2, device='cuda:0')	0	776
tensor(1, device='cuda:0')	1	777
tensor(0, device='cuda:0')	2	777
tensor(0, device='cuda:0')	3	777
tensor(3, device='cuda:0')	0	777
tensor(1, device='cuda:0')	1	778
tensor(2, device='cuda:0')	2	779
tensor(3, device='cuda:0')	3	780
tensor(1, device='cuda:0')	1	781
tensor(2, device='cuda:0')	2	782
tensor(1, device='cuda:0')	1	783
tensor(2, device='cuda:0')	2	784
tensor(0, device='cuda:0')	0	785
tensor(3, device='cuda:0')	1	785
tensor(3, device='cuda:0')	1	785
tensor(0, device='cuda:0')	0	786
tensor(3, device='cuda:0')	3	787
tensor(2, device='cuda:0')	2	788
tensor(3, device='cuda:0')	3	789
tensor(2, device='cuda:0')	2	790
tensor(3, device='cuda:0')	0	790
tensor(1, device='cuda:0')	1	791
tensor(1, device='cuda:0')	1	792
tensor(1, device='cuda:0')	3	792
tensor(2, device='cuda:0')	2	793
tensor(2, device='cuda:0')	3	793
tensor(1, device='cuda:0')	1	794
tensor(3, device='cuda:0')	3	795
tensor(1, device='cuda:0')	1	796
tensor(3, device='cuda:0')	3	797
tensor(3, device='cuda:0')	3	798
tensor(0, device='cuda:0')	0	799
tensor(3, device='cuda:0')	3	800
tensor(1, device='cuda:0')	1	801
tensor(3, device='cuda:0')	0	801
tensor(2, device='cuda:0')	2	802
tensor(0, device='cuda:0')	0	803
tensor(1, device='cuda:0')	0	803
tensor(1, device='cuda:0')	0	803
tensor(1, device='cuda:0')	0	803
tensor(2, device='cuda:0')	3	803
tensor(1, device='cuda:0')	1	804
tensor(1, device='cuda:0')	1	805
tensor(3, device='cuda:0')	0	805
tensor(2, device='cuda:0')	1	805
tensor(1, device='cuda:0')	1	806
tensor(3, device='cuda:0')	3	807
tensor(2, device='cuda:0')	0	807
tensor(2, device='cuda:0')	2	808
tensor(3, device='cuda:0')	0	808
tensor(2, device='cuda:0')	2	809
tensor(0, device='cuda:0')	0	810
tensor(0, device='cuda:0')	0	811
tensor(2, device='cuda:0')	0	811
tensor(2, device='cuda:0')	2	812
tensor(0, device='cuda:0')	0	813
tensor(3, device='cuda:0')	3	814
tensor(1, device='cuda:0')	1	815
tensor(2, device='cuda:0')	2	816
tensor(0, device='cuda:0')	1	816
tensor(2, device='cuda:0')	2	817
tensor(2, device='cuda:0')	2	818
tensor(0, device='cuda:0')	2	818
tensor(2, device='cuda:0')	2	819
tensor(2, device='cuda:0')	2	820
tensor(2, device='cuda:0')	2	821
tensor(3, device='cuda:0')	0	821
tensor(3, device='cuda:0')	3	822
tensor(2, device='cuda:0')	1	822
tensor(2, device='cuda:0')	2	823
tensor(0, device='cuda:0')	3	823
tensor(0, device='cuda:0')	0	824
tensor(3, device='cuda:0')	0	824
tensor(0, device='cuda:0')	2	824
tensor(1, device='cuda:0')	1	825
tensor(3, device='cuda:0')	3	826
tensor(1, device='cuda:0')	1	827
tensor(0, device='cuda:0')	2	827
tensor(1, device='cuda:0')	1	828
tensor(1, device='cuda:0')	3	828
tensor(1, device='cuda:0')	0	828
tensor(2, device='cuda:0')	3	828
tensor(0, device='cuda:0')	0	829
tensor(2, device='cuda:0')	2	830
tensor(0, device='cuda:0')	1	830
tensor(3, device='cuda:0')	3	831
tensor(2, device='cuda:0')	2	832
tensor(3, device='cuda:0')	3	833
tensor(1, device='cuda:0')	1	834
tensor(2, device='cuda:0')	3	834
tensor(0, device='cuda:0')	0	835
tensor(1, device='cuda:0')	1	836
tensor(0, device='cuda:0')	0	837
tensor(3, device='cuda:0')	1	837
tensor(3, device='cuda:0')	0	837
tensor(2, device='cuda:0')	0	837
tensor(0, device='cuda:0')	2	837
tensor(1, device='cuda:0')	1	838
tensor(2, device='cuda:0')	0	838
tensor(0, device='cuda:0')	0	839
tensor(0, device='cuda:0')	1	839
tensor(2, device='cuda:0')	2	840
tensor(3, device='cuda:0')	1	840
tensor(3, device='cuda:0')	3	841
tensor(2, device='cuda:0')	2	842
tensor(1, device='cuda:0')	1	843
tensor(1, device='cuda:0')	3	843
tensor(2, device='cuda:0')	0	843
tensor(2, device='cuda:0')	2	844
tensor(2, device='cuda:0')	2	845
tensor(1, device='cuda:0')	2	845
tensor(1, device='cuda:0')	3	845
tensor(0, device='cuda:0')	0	846
tensor(0, device='cuda:0')	0	847
tensor(3, device='cuda:0')	2	847
tensor(2, device='cuda:0')	0	847
tensor(1, device='cuda:0')	3	847
tensor(2, device='cuda:0')	3	847
tensor(2, device='cuda:0')	0	847
tensor(1, device='cuda:0')	1	848
tensor(2, device='cuda:0')	2	849
tensor(2, device='cuda:0')	0	849
tensor(3, device='cuda:0')	1	849
tensor(2, device='cuda:0')	2	850
tensor(3, device='cuda:0')	0	850
tensor(0, device='cuda:0')	3	850
tensor(2, device='cuda:0')	1	850
tensor(1, device='cuda:0')	1	851
tensor(2, device='cuda:0')	2	852
tensor(1, device='cuda:0')	1	853
tensor(0, device='cuda:0')	0	854
tensor(2, device='cuda:0')	2	855
tensor(2, device='cuda:0')	2	856
tensor(3, device='cuda:0')	0	856
tensor(0, device='cuda:0')	0	857
tensor(1, device='cuda:0')	3	857
tensor(3, device='cuda:0')	2	857
tensor(2, device='cuda:0')	0	857
tensor(0, device='cuda:0')	0	858
tensor(3, device='cuda:0')	2	858
tensor(2, device='cuda:0')	2	859
tensor(1, device='cuda:0')	0	859
tensor(2, device='cuda:0')	3	859
tensor(1, device='cuda:0')	2	859
tensor(3, device='cuda:0')	2	859
tensor(0, device='cuda:0')	1	859
tensor(1, device='cuda:0')	2	859
tensor(1, device='cuda:0')	2	859
tensor(3, device='cuda:0')	1	859
tensor(2, device='cuda:0')	2	860
tensor(2, device='cuda:0')	0	860
tensor(0, device='cuda:0')	0	861
tensor(3, device='cuda:0')	3	862
tensor(3, device='cuda:0')	3	863
tensor(2, device='cuda:0')	0	863
tensor(3, device='cuda:0')	3	864
tensor(2, device='cuda:0')	3	864
tensor(0, device='cuda:0')	2	864
tensor(1, device='cuda:0')	1	865
tensor(1, device='cuda:0')	3	865
tensor(1, device='cuda:0')	1	866
tensor(0, device='cuda:0')	0	867
tensor(0, device='cuda:0')	0	868
tensor(1, device='cuda:0')	2	868
tensor(2, device='cuda:0')	2	869
tensor(3, device='cuda:0')	3	870
tensor(3, device='cuda:0')	3	871
tensor(1, device='cuda:0')	1	872
tensor(3, device='cuda:0')	0	872
tensor(0, device='cuda:0')	3	872
tensor(2, device='cuda:0')	2	873
tensor(1, device='cuda:0')	1	874
tensor(3, device='cuda:0')	0	874
tensor(0, device='cuda:0')	1	874
tensor(3, device='cuda:0')	3	875
tensor(2, device='cuda:0')	3	875
tensor(0, device='cuda:0')	3	875
tensor(2, device='cuda:0')	2	876
tensor(0, device='cuda:0')	0	877
tensor(3, device='cuda:0')	3	878
tensor(3, device='cuda:0')	3	879
tensor(0, device='cuda:0')	2	879
tensor(0, device='cuda:0')	0	880
tensor(0, device='cuda:0')	1	880
tensor(2, device='cuda:0')	2	881
tensor(3, device='cuda:0')	2	881
tensor(1, device='cuda:0')	1	882
tensor(1, device='cuda:0')	1	883
tensor(1, device='cuda:0')	0	883
tensor(1, device='cuda:0')	0	883
tensor(1, device='cuda:0')	1	884
tensor(0, device='cuda:0')	3	884
tensor(0, device='cuda:0')	1	884
tensor(0, device='cuda:0')	0	885
tensor(3, device='cuda:0')	1	885
tensor(2, device='cuda:0')	1	885
tensor(3, device='cuda:0')	3	886
tensor(2, device='cuda:0')	1	886
tensor(0, device='cuda:0')	0	887
tensor(2, device='cuda:0')	2	888
tensor(2, device='cuda:0')	2	889
tensor(0, device='cuda:0')	2	889
tensor(2, device='cuda:0')	2	890
tensor(3, device='cuda:0')	3	891
tensor(0, device='cuda:0')	0	892
tensor(3, device='cuda:0')	3	893
tensor(0, device='cuda:0')	0	894
tensor(0, device='cuda:0')	3	894
tensor(2, device='cuda:0')	2	895
tensor(3, device='cuda:0')	0	895
tensor(3, device='cuda:0')	0	895
tensor(2, device='cuda:0')	2	896
tensor(0, device='cuda:0')	0	897
tensor(1, device='cuda:0')	2	897
tensor(3, device='cuda:0')	0	897
tensor(2, device='cuda:0')	1	897
tensor(2, device='cuda:0')	0	897
tensor(0, device='cuda:0')	2	897
tensor(2, device='cuda:0')	0	897
tensor(1, device='cuda:0')	1	898
tensor(3, device='cuda:0')	3	899
tensor(3, device='cuda:0')	0	899
tensor(0, device='cuda:0')	3	899
tensor(3, device='cuda:0')	0	899
tensor(1, device='cuda:0')	0	899
tensor(1, device='cuda:0')	3	899
tensor(1, device='cuda:0')	0	899
tensor(0, device='cuda:0')	3	899
tensor(2, device='cuda:0')	1	899
tensor(1, device='cuda:0')	1	900
tensor(2, device='cuda:0')	3	900
tensor(0, device='cuda:0')	0	901
tensor(3, device='cuda:0')	3	902
tensor(0, device='cuda:0')	0	903
tensor(2, device='cuda:0')	2	904
tensor(1, device='cuda:0')	1	905
tensor(2, device='cuda:0')	2	906
tensor(1, device='cuda:0')	0	906
tensor(1, device='cuda:0')	1	907
tensor(2, device='cuda:0')	0	907
tensor(0, device='cuda:0')	0	908
tensor(2, device='cuda:0')	3	908
tensor(1, device='cuda:0')	1	909
tensor(3, device='cuda:0')	2	909
tensor(2, device='cuda:0')	0	909
tensor(3, device='cuda:0')	2	909
tensor(3, device='cuda:0')	1	909
tensor(2, device='cuda:0')	2	910
tensor(2, device='cuda:0')	2	911
tensor(1, device='cuda:0')	2	911
tensor(2, device='cuda:0')	3	911
tensor(1, device='cuda:0')	1	912
tensor(0, device='cuda:0')	1	912
tensor(0, device='cuda:0')	0	913
tensor(2, device='cuda:0')	2	914
tensor(0, device='cuda:0')	0	915
tensor(1, device='cuda:0')	0	915
tensor(3, device='cuda:0')	3	916
tensor(2, device='cuda:0')	0	916
tensor(1, device='cuda:0')	1	917
tensor(3, device='cuda:0')	2	917
tensor(2, device='cuda:0')	2	918
tensor(0, device='cuda:0')	1	918
tensor(3, device='cuda:0')	2	918
tensor(2, device='cuda:0')	0	918
tensor(2, device='cuda:0')	0	918
tensor(1, device='cuda:0')	2	918
tensor(0, device='cuda:0')	3	918
tensor(3, device='cuda:0')	3	919
tensor(2, device='cuda:0')	2	920
tensor(2, device='cuda:0')	1	920
tensor(0, device='cuda:0')	3	920
tensor(3, device='cuda:0')	2	920
tensor(2, device='cuda:0')	2	921
tensor(2, device='cuda:0')	0	921
tensor(1, device='cuda:0')	1	922
tensor(1, device='cuda:0')	1	923
tensor(1, device='cuda:0')	0	923
tensor(0, device='cuda:0')	0	924
tensor(0, device='cuda:0')	1	924
tensor(2, device='cuda:0')	1	924
tensor(1, device='cuda:0')	2	924
tensor(2, device='cuda:0')	3	924
tensor(3, device='cuda:0')	1	924
tensor(1, device='cuda:0')	3	924
tensor(3, device='cuda:0')	3	925
tensor(3, device='cuda:0')	3	926
tensor(0, device='cuda:0')	0	927
tensor(3, device='cuda:0')	0	927
tensor(1, device='cuda:0')	1	928
tensor(2, device='cuda:0')	0	928
tensor(2, device='cuda:0')	2	929
tensor(2, device='cuda:0')	2	930
tensor(1, device='cuda:0')	0	930
tensor(0, device='cuda:0')	1	930
tensor(2, device='cuda:0')	0	930
tensor(1, device='cuda:0')	3	930
tensor(2, device='cuda:0')	2	931
tensor(3, device='cuda:0')	2	931
tensor(2, device='cuda:0')	0	931
tensor(0, device='cuda:0')	2	931
tensor(2, device='cuda:0')	2	932
tensor(0, device='cuda:0')	2	932
tensor(0, device='cuda:0')	0	933
tensor(0, device='cuda:0')	0	934
tensor(2, device='cuda:0')	2	935
tensor(1, device='cuda:0')	1	936
tensor(0, device='cuda:0')	0	937
tensor(3, device='cuda:0')	1	937
tensor(0, device='cuda:0')	0	938
tensor(1, device='cuda:0')	0	938
tensor(3, device='cuda:0')	3	939
tensor(1, device='cuda:0')	1	940
tensor(0, device='cuda:0')	0	941
tensor(2, device='cuda:0')	2	942
tensor(0, device='cuda:0')	2	942
tensor(2, device='cuda:0')	2	943
tensor(2, device='cuda:0')	2	944
tensor(1, device='cuda:0')	2	944
tensor(2, device='cuda:0')	2	945
tensor(3, device='cuda:0')	0	945
tensor(1, device='cuda:0')	1	946
tensor(2, device='cuda:0')	1	946
tensor(2, device='cuda:0')	0	946
tensor(2, device='cuda:0')	2	947
tensor(2, device='cuda:0')	2	948
tensor(1, device='cuda:0')	1	949
tensor(0, device='cuda:0')	2	949
tensor(2, device='cuda:0')	2	950
tensor(0, device='cuda:0')	1	950
tensor(1, device='cuda:0')	1	951
tensor(3, device='cuda:0')	0	951
tensor(2, device='cuda:0')	3	951
tensor(3, device='cuda:0')	3	952
tensor(1, device='cuda:0')	3	952
tensor(0, device='cuda:0')	0	953
tensor(3, device='cuda:0')	1	953
tensor(3, device='cuda:0')	3	954
tensor(0, device='cuda:0')	1	954
tensor(0, device='cuda:0')	0	955
tensor(1, device='cuda:0')	1	956
tensor(3, device='cuda:0')	3	957
tensor(1, device='cuda:0')	2	957
tensor(0, device='cuda:0')	0	958
tensor(0, device='cuda:0')	3	958
tensor(0, device='cuda:0')	0	959
tensor(2, device='cuda:0')	2	960
tensor(1, device='cuda:0')	1	961
tensor(2, device='cuda:0')	3	961
tensor(0, device='cuda:0')	0	962
tensor(2, device='cuda:0')	2	963
tensor(2, device='cuda:0')	2	964
tensor(1, device='cuda:0')	0	964
tensor(0, device='cuda:0')	0	965
tensor(2, device='cuda:0')	2	966
tensor(2, device='cuda:0')	2	967
tensor(3, device='cuda:0')	0	967
tensor(1, device='cuda:0')	1	968
tensor(2, device='cuda:0')	1	968
tensor(0, device='cuda:0')	0	969
tensor(3, device='cuda:0')	3	970
tensor(1, device='cuda:0')	0	970
tensor(0, device='cuda:0')	3	970
tensor(3, device='cuda:0')	3	971
tensor(3, device='cuda:0')	3	972
tensor(3, device='cuda:0')	3	973
tensor(1, device='cuda:0')	3	973
tensor(0, device='cuda:0')	3	973
tensor(1, device='cuda:0')	2	973
tensor(3, device='cuda:0')	3	974
tensor(0, device='cuda:0')	3	974
tensor(0, device='cuda:0')	2	974
tensor(0, device='cuda:0')	0	975
tensor(3, device='cuda:0')	3	976
tensor(2, device='cuda:0')	1	976
tensor(3, device='cuda:0')	2	976
tensor(1, device='cuda:0')	2	976
tensor(0, device='cuda:0')	0	977
tensor(0, device='cuda:0')	0	978
tensor(1, device='cuda:0')	0	978
tensor(3, device='cuda:0')	3	979
tensor(0, device='cuda:0')	0	980
tensor(2, device='cuda:0')	2	981
tensor(1, device='cuda:0')	3	981
tensor(2, device='cuda:0')	0	981
tensor(1, device='cuda:0')	1	982
tensor(0, device='cuda:0')	0	983
tensor(0, device='cuda:0')	0	984
tensor(2, device='cuda:0')	3	984
tensor(1, device='cuda:0')	1	985
tensor(3, device='cuda:0')	3	986
tensor(2, device='cuda:0')	2	987
tensor(2, device='cuda:0')	2	988
tensor(0, device='cuda:0')	2	988
tensor(1, device='cuda:0')	1	989
tensor(2, device='cuda:0')	2	990
tensor(2, device='cuda:0')	2	991
tensor(2, device='cuda:0')	2	992
tensor(3, device='cuda:0')	3	993
tensor(2, device='cuda:0')	3	993
tensor(2, device='cuda:0')	0	993
tensor(0, device='cuda:0')	1	993
tensor(1, device='cuda:0')	0	993
tensor(2, device='cuda:0')	2	994
tensor(1, device='cuda:0')	1	995
tensor(1, device='cuda:0')	1	996
tensor(2, device='cuda:0')	1	996
tensor(0, device='cuda:0')	0	997
tensor(2, device='cuda:0')	0	997
tensor(3, device='cuda:0')	2	997
tensor(1, device='cuda:0')	1	998
tensor(3, device='cuda:0')	3	999
tensor(1, device='cuda:0')	0	999
tensor(3, device='cuda:0')	0	999
tensor(0, device='cuda:0')	3	999
tensor(0, device='cuda:0')	3	999
tensor(3, device='cuda:0')	1	999
tensor(3, device='cuda:0')	3	1000
tensor(3, device='cuda:0')	1	1000
tensor(2, device='cuda:0')	0	1000
tensor(2, device='cuda:0')	2	1001
tensor(0, device='cuda:0')	1	1001
tensor(3, device='cuda:0')	0	1001
tensor(0, device='cuda:0')	0	1002
tensor(0, device='cuda:0')	0	1003
tensor(0, device='cuda:0')	1	1003
tensor(0, device='cuda:0')	0	1004
tensor(3, device='cuda:0')	1	1004
tensor(3, device='cuda:0')	3	1005
tensor(3, device='cuda:0')	1	1005
tensor(0, device='cuda:0')	2	1005
tensor(3, device='cuda:0')	0	1005
tensor(1, device='cuda:0')	1	1006
tensor(2, device='cuda:0')	3	1006
tensor(0, device='cuda:0')	1	1006
tensor(0, device='cuda:0')	0	1007
tensor(2, device='cuda:0')	1	1007
tensor(2, device='cuda:0')	2	1008
tensor(1, device='cuda:0')	1	1009
tensor(3, device='cuda:0')	0	1009
tensor(0, device='cuda:0')	0	1010
tensor(1, device='cuda:0')	0	1010
tensor(1, device='cuda:0')	1	1011
tensor(3, device='cuda:0')	3	1012
tensor(0, device='cuda:0')	0	1013
tensor(1, device='cuda:0')	1	1014
tensor(3, device='cuda:0')	1	1014
tensor(1, device='cuda:0')	2	1014
tensor(0, device='cuda:0')	0	1015
tensor(0, device='cuda:0')	0	1016
tensor(2, device='cuda:0')	2	1017
tensor(0, device='cuda:0')	2	1017
tensor(2, device='cuda:0')	0	1017
tensor(2, device='cuda:0')	2	1018
tensor(0, device='cuda:0')	1	1018
tensor(3, device='cuda:0')	3	1019
tensor(3, device='cuda:0')	3	1020
tensor(1, device='cuda:0')	1	1021
tensor(3, device='cuda:0')	3	1022
tensor(1, device='cuda:0')	2	1022
tensor(1, device='cuda:0')	2	1022
tensor(0, device='cuda:0')	0	1023
tensor(1, device='cuda:0')	3	1023
tensor(1, device='cuda:0')	1	1024
tensor(3, device='cuda:0')	2	1024
tensor(2, device='cuda:0')	1	1024
tensor(3, device='cuda:0')	2	1024
tensor(2, device='cuda:0')	1	1024
tensor(3, device='cuda:0')	0	1024
tensor(3, device='cuda:0')	1	1024
tensor(3, device='cuda:0')	3	1025
tensor(1, device='cuda:0')	1	1026
tensor(1, device='cuda:0')	1	1027
tensor(1, device='cuda:0')	2	1027
tensor(0, device='cuda:0')	1	1027
tensor(1, device='cuda:0')	1	1028
tensor(1, device='cuda:0')	1	1029
tensor(1, device='cuda:0')	1	1030
tensor(3, device='cuda:0')	1	1030
tensor(0, device='cuda:0')	1	1030
tensor(1, device='cuda:0')	3	1030
tensor(2, device='cuda:0')	1	1030
tensor(0, device='cuda:0')	0	1031
tensor(0, device='cuda:0')	1	1031
tensor(2, device='cuda:0')	1	1031
tensor(1, device='cuda:0')	0	1031
tensor(1, device='cuda:0')	2	1031
tensor(0, device='cuda:0')	0	1032
tensor(2, device='cuda:0')	1	1032
tensor(3, device='cuda:0')	1	1032
tensor(1, device='cuda:0')	2	1032
tensor(1, device='cuda:0')	0	1032
tensor(3, device='cuda:0')	1	1032
tensor(3, device='cuda:0')	3	1033
tensor(0, device='cuda:0')	2	1033
tensor(3, device='cuda:0')	1	1033
tensor(2, device='cuda:0')	1	1033
tensor(0, device='cuda:0')	0	1034
tensor(0, device='cuda:0')	3	1034
tensor(1, device='cuda:0')	1	1035
tensor(3, device='cuda:0')	1	1035
tensor(1, device='cuda:0')	1	1036
tensor(2, device='cuda:0')	2	1037
tensor(2, device='cuda:0')	2	1038
tensor(3, device='cuda:0')	3	1039
tensor(0, device='cuda:0')	2	1039
tensor(1, device='cuda:0')	1	1040
tensor(0, device='cuda:0')	0	1041
tensor(2, device='cuda:0')	2	1042
tensor(1, device='cuda:0')	3	1042
tensor(0, device='cuda:0')	0	1043
tensor(1, device='cuda:0')	0	1043
tensor(0, device='cuda:0')	0	1044
tensor(0, device='cuda:0')	1	1044
tensor(2, device='cuda:0')	0	1044
tensor(2, device='cuda:0')	0	1044
tensor(3, device='cuda:0')	3	1045
tensor(2, device='cuda:0')	2	1046
tensor(0, device='cuda:0')	0	1047
tensor(1, device='cuda:0')	3	1047
tensor(0, device='cuda:0')	1	1047
tensor(2, device='cuda:0')	0	1047
tensor(2, device='cuda:0')	1	1047
tensor(3, device='cuda:0')	3	1048
tensor(1, device='cuda:0')	1	1049
tensor(1, device='cuda:0')	1	1050
tensor(0, device='cuda:0')	2	1050
tensor(1, device='cuda:0')	3	1050
tensor(0, device='cuda:0')	1	1050
tensor(0, device='cuda:0')	0	1051
tensor(2, device='cuda:0')	1	1051
tensor(1, device='cuda:0')	1	1052
tensor(2, device='cuda:0')	0	1052
tensor(1, device='cuda:0')	1	1053
tensor(0, device='cuda:0')	3	1053
tensor(0, device='cuda:0')	0	1054
tensor(3, device='cuda:0')	3	1055
tensor(1, device='cuda:0')	1	1056
tensor(0, device='cuda:0')	2	1056
tensor(1, device='cuda:0')	1	1057
tensor(1, device='cuda:0')	1	1058
tensor(0, device='cuda:0')	1	1058
tensor(2, device='cuda:0')	2	1059
tensor(3, device='cuda:0')	3	1060
tensor(1, device='cuda:0')	1	1061
tensor(0, device='cuda:0')	0	1062
tensor(3, device='cuda:0')	3	1063
tensor(0, device='cuda:0')	2	1063
tensor(2, device='cuda:0')	1	1063
tensor(3, device='cuda:0')	0	1063
tensor(1, device='cuda:0')	0	1063
tensor(1, device='cuda:0')	1	1064
tensor(2, device='cuda:0')	2	1065
tensor(0, device='cuda:0')	1	1065
tensor(1, device='cuda:0')	2	1065
tensor(0, device='cuda:0')	2	1065
tensor(0, device='cuda:0')	0	1066
tensor(2, device='cuda:0')	2	1067
tensor(2, device='cuda:0')	0	1067
tensor(0, device='cuda:0')	1	1067
tensor(0, device='cuda:0')	2	1067
tensor(1, device='cuda:0')	3	1067
tensor(2, device='cuda:0')	0	1067
tensor(0, device='cuda:0')	3	1067
tensor(3, device='cuda:0')	3	1068
tensor(3, device='cuda:0')	3	1069
tensor(3, device='cuda:0')	1	1069
tensor(2, device='cuda:0')	2	1070
tensor(2, device='cuda:0')	2	1071
tensor(1, device='cuda:0')	1	1072
tensor(0, device='cuda:0')	1	1072
tensor(3, device='cuda:0')	3	1073
tensor(1, device='cuda:0')	3	1073
tensor(3, device='cuda:0')	2	1073
tensor(1, device='cuda:0')	1	1074
tensor(2, device='cuda:0')	0	1074
tensor(1, device='cuda:0')	2	1074
tensor(3, device='cuda:0')	3	1075
tensor(0, device='cuda:0')	0	1076
tensor(3, device='cuda:0')	2	1076
tensor(1, device='cuda:0')	2	1076
tensor(1, device='cuda:0')	2	1076
tensor(1, device='cuda:0')	1	1077
tensor(2, device='cuda:0')	2	1078
tensor(2, device='cuda:0')	0	1078
tensor(1, device='cuda:0')	1	1079
tensor(3, device='cuda:0')	3	1080
tensor(2, device='cuda:0')	2	1081
tensor(1, device='cuda:0')	0	1081
tensor(2, device='cuda:0')	0	1081
tensor(1, device='cuda:0')	0	1081
tensor(1, device='cuda:0')	3	1081
tensor(3, device='cuda:0')	3	1082
tensor(2, device='cuda:0')	2	1083
tensor(3, device='cuda:0')	3	1084
tensor(3, device='cuda:0')	0	1084
tensor(2, device='cuda:0')	2	1085
tensor(2, device='cuda:0')	2	1086
tensor(3, device='cuda:0')	3	1087
tensor(2, device='cuda:0')	3	1087
tensor(3, device='cuda:0')	3	1088
tensor(1, device='cuda:0')	1	1089
tensor(0, device='cuda:0')	0	1090
tensor(1, device='cuda:0')	1	1091
tensor(2, device='cuda:0')	2	1092
tensor(1, device='cuda:0')	1	1093
tensor(3, device='cuda:0')	3	1094
tensor(1, device='cuda:0')	3	1094
tensor(2, device='cuda:0')	3	1094
tensor(1, device='cuda:0')	2	1094
tensor(0, device='cuda:0')	3	1094
tensor(1, device='cuda:0')	1	1095
tensor(3, device='cuda:0')	2	1095
tensor(3, device='cuda:0')	3	1096
tensor(0, device='cuda:0')	0	1097
tensor(2, device='cuda:0')	2	1098
tensor(0, device='cuda:0')	0	1099
tensor(3, device='cuda:0')	3	1100
tensor(0, device='cuda:0')	1	1100
tensor(3, device='cuda:0')	0	1100
tensor(1, device='cuda:0')	2	1100
tensor(1, device='cuda:0')	1	1101
tensor(3, device='cuda:0')	3	1102
tensor(0, device='cuda:0')	0	1103
tensor(3, device='cuda:0')	1	1103
tensor(0, device='cuda:0')	0	1104
tensor(1, device='cuda:0')	3	1104
tensor(3, device='cuda:0')	2	1104
tensor(0, device='cuda:0')	0	1105
tensor(2, device='cuda:0')	2	1106
tensor(1, device='cuda:0')	0	1106
tensor(3, device='cuda:0')	3	1107
tensor(2, device='cuda:0')	2	1108
tensor(3, device='cuda:0')	3	1109
tensor(1, device='cuda:0')	3	1109
tensor(2, device='cuda:0')	2	1110
tensor(3, device='cuda:0')	1	1110
tensor(3, device='cuda:0')	2	1110
tensor(3, device='cuda:0')	3	1111
tensor(3, device='cuda:0')	3	1112
tensor(3, device='cuda:0')	3	1113
tensor(3, device='cuda:0')	2	1113
tensor(1, device='cuda:0')	3	1113
tensor(3, device='cuda:0')	3	1114
tensor(3, device='cuda:0')	2	1114
tensor(3, device='cuda:0')	3	1115
tensor(1, device='cuda:0')	1	1116
tensor(2, device='cuda:0')	2	1117
tensor(1, device='cuda:0')	1	1118
tensor(2, device='cuda:0')	2	1119
tensor(3, device='cuda:0')	3	1120
tensor(1, device='cuda:0')	1	1121
tensor(1, device='cuda:0')	1	1122
tensor(0, device='cuda:0')	0	1123
tensor(1, device='cuda:0')	2	1123
tensor(1, device='cuda:0')	1	1124
tensor(2, device='cuda:0')	2	1125
tensor(0, device='cuda:0')	2	1125
tensor(2, device='cuda:0')	2	1126
tensor(1, device='cuda:0')	1	1127
tensor(3, device='cuda:0')	3	1128
tensor(1, device='cuda:0')	2	1128
tensor(1, device='cuda:0')	1	1129
tensor(3, device='cuda:0')	3	1130
tensor(2, device='cuda:0')	1	1130
tensor(1, device='cuda:0')	1	1131
tensor(1, device='cuda:0')	2	1131
tensor(0, device='cuda:0')	2	1131
tensor(2, device='cuda:0')	2	1132
tensor(0, device='cuda:0')	0	1133
tensor(1, device='cuda:0')	3	1133
tensor(1, device='cuda:0')	1	1134
tensor(2, device='cuda:0')	0	1134
tensor(0, device='cuda:0')	1	1134
tensor(3, device='cuda:0')	3	1135
tensor(3, device='cuda:0')	3	1136
tensor(2, device='cuda:0')	1	1136
tensor(1, device='cuda:0')	3	1136
tensor(3, device='cuda:0')	0	1136
tensor(2, device='cuda:0')	2	1137
tensor(2, device='cuda:0')	3	1137
tensor(1, device='cuda:0')	1	1138
tensor(0, device='cuda:0')	1	1138
tensor(1, device='cuda:0')	1	1139
tensor(2, device='cuda:0')	2	1140
tensor(2, device='cuda:0')	0	1140
tensor(0, device='cuda:0')	0	1141
tensor(2, device='cuda:0')	3	1141
tensor(2, device='cuda:0')	2	1142
tensor(1, device='cuda:0')	1	1143
tensor(3, device='cuda:0')	0	1143
tensor(1, device='cuda:0')	0	1143
tensor(3, device='cuda:0')	1	1143
tensor(1, device='cuda:0')	0	1143
tensor(2, device='cuda:0')	0	1143
tensor(1, device='cuda:0')	1	1144
tensor(0, device='cuda:0')	2	1144
tensor(1, device='cuda:0')	0	1144
tensor(2, device='cuda:0')	2	1145
tensor(0, device='cuda:0')	0	1146
tensor(3, device='cuda:0')	0	1146
tensor(2, device='cuda:0')	1	1146
tensor(1, device='cuda:0')	3	1146
tensor(2, device='cuda:0')	2	1147
tensor(3, device='cuda:0')	3	1148
tensor(0, device='cuda:0')	0	1149
tensor(2, device='cuda:0')	3	1149
tensor(0, device='cuda:0')	2	1149
tensor(1, device='cuda:0')	0	1149
tensor(0, device='cuda:0')	3	1149
tensor(3, device='cuda:0')	1	1149
tensor(0, device='cuda:0')	0	1150
tensor(3, device='cuda:0')	1	1150
tensor(3, device='cuda:0')	3	1151
tensor(0, device='cuda:0')	1	1151
tensor(2, device='cuda:0')	2	1152
tensor(0, device='cuda:0')	2	1152
tensor(0, device='cuda:0')	2	1152
tensor(0, device='cuda:0')	3	1152
tensor(0, device='cuda:0')	1	1152
tensor(3, device='cuda:0')	3	1153
tensor(3, device='cuda:0')	3	1154
tensor(1, device='cuda:0')	1	1155
tensor(3, device='cuda:0')	1	1155
tensor(3, device='cuda:0')	3	1156
tensor(0, device='cuda:0')	0	1157
tensor(3, device='cuda:0')	1	1157
tensor(2, device='cuda:0')	2	1158
tensor(3, device='cuda:0')	1	1158
tensor(0, device='cuda:0')	2	1158
tensor(3, device='cuda:0')	0	1158
tensor(3, device='cuda:0')	3	1159
tensor(0, device='cuda:0')	1	1159
tensor(0, device='cuda:0')	2	1159
tensor(1, device='cuda:0')	2	1159
tensor(1, device='cuda:0')	3	1159
tensor(3, device='cuda:0')	2	1159
tensor(1, device='cuda:0')	1	1160
tensor(2, device='cuda:0')	2	1161
tensor(2, device='cuda:0')	2	1162
tensor(1, device='cuda:0')	1	1163
tensor(0, device='cuda:0')	2	1163
tensor(3, device='cuda:0')	0	1163
tensor(2, device='cuda:0')	2	1164
tensor(3, device='cuda:0')	3	1165
tensor(2, device='cuda:0')	2	1166
tensor(1, device='cuda:0')	2	1166
tensor(1, device='cuda:0')	1	1167
tensor(2, device='cuda:0')	0	1167
tensor(3, device='cuda:0')	1	1167
tensor(0, device='cuda:0')	0	1168
tensor(1, device='cuda:0')	1	1169
tensor(1, device='cuda:0')	0	1169
tensor(1, device='cuda:0')	1	1170
tensor(2, device='cuda:0')	0	1170
tensor(2, device='cuda:0')	1	1170
tensor(3, device='cuda:0')	0	1170
tensor(1, device='cuda:0')	1	1171
tensor(1, device='cuda:0')	1	1172
tensor(3, device='cuda:0')	3	1173
tensor(0, device='cuda:0')	0	1174
tensor(0, device='cuda:0')	1	1174
tensor(0, device='cuda:0')	3	1174
tensor(1, device='cuda:0')	2	1174
tensor(1, device='cuda:0')	1	1175
tensor(3, device='cuda:0')	0	1175
tensor(2, device='cuda:0')	0	1175
tensor(2, device='cuda:0')	2	1176
tensor(2, device='cuda:0')	2	1177
tensor(3, device='cuda:0')	3	1178
tensor(1, device='cuda:0')	3	1178
tensor(3, device='cuda:0')	1	1178
tensor(0, device='cuda:0')	0	1179
tensor(0, device='cuda:0')	2	1179
tensor(1, device='cuda:0')	1	1180
tensor(0, device='cuda:0')	2	1180
tensor(2, device='cuda:0')	0	1180
tensor(3, device='cuda:0')	2	1180
tensor(0, device='cuda:0')	0	1181
tensor(0, device='cuda:0')	0	1182
tensor(1, device='cuda:0')	2	1182
tensor(1, device='cuda:0')	2	1182
tensor(2, device='cuda:0')	2	1183
tensor(2, device='cuda:0')	2	1184
tensor(1, device='cuda:0')	0	1184
tensor(0, device='cuda:0')	0	1185
tensor(0, device='cuda:0')	0	1186
tensor(1, device='cuda:0')	1	1187
tensor(3, device='cuda:0')	2	1187
tensor(0, device='cuda:0')	0	1188
tensor(2, device='cuda:0')	2	1189
tensor(1, device='cuda:0')	1	1190
tensor(0, device='cuda:0')	0	1191
tensor(2, device='cuda:0')	2	1192
tensor(1, device='cuda:0')	1	1193
tensor(0, device='cuda:0')	0	1194
tensor(1, device='cuda:0')	1	1195
tensor(0, device='cuda:0')	2	1195
tensor(3, device='cuda:0')	0	1195
tensor(0, device='cuda:0')	0	1196
tensor(0, device='cuda:0')	1	1196
tensor(1, device='cuda:0')	3	1196
tensor(0, device='cuda:0')	0	1197
tensor(3, device='cuda:0')	2	1197
tensor(0, device='cuda:0')	1	1197
tensor(3, device='cuda:0')	3	1198
tensor(0, device='cuda:0')	0	1199
tensor(0, device='cuda:0')	3	1199
tensor(1, device='cuda:0')	1	1200
tensor(3, device='cuda:0')	3	1201
tensor(0, device='cuda:0')	0	1202
tensor(2, device='cuda:0')	3	1202
tensor(3, device='cuda:0')	0	1202
tensor(0, device='cuda:0')	0	1203
tensor(1, device='cuda:0')	0	1203
tensor(1, device='cuda:0')	2	1203
tensor(3, device='cuda:0')	1	1203
tensor(0, device='cuda:0')	3	1203
tensor(2, device='cuda:0')	0	1203
tensor(0, device='cuda:0')	0	1204
tensor(3, device='cuda:0')	1	1204
tensor(2, device='cuda:0')	2	1205
tensor(0, device='cuda:0')	2	1205
tensor(0, device='cuda:0')	3	1205
tensor(2, device='cuda:0')	2	1206
tensor(0, device='cuda:0')	2	1206
tensor(0, device='cuda:0')	3	1206
tensor(2, device='cuda:0')	2	1207
tensor(2, device='cuda:0')	2	1208
tensor(1, device='cuda:0')	1	1209
tensor(2, device='cuda:0')	3	1209
tensor(0, device='cuda:0')	0	1210
tensor(2, device='cuda:0')	2	1211
tensor(1, device='cuda:0')	0	1211
tensor(1, device='cuda:0')	2	1211
tensor(2, device='cuda:0')	2	1212
tensor(1, device='cuda:0')	1	1213
tensor(1, device='cuda:0')	3	1213
tensor(2, device='cuda:0')	2	1214
tensor(3, device='cuda:0')	1	1214
tensor(3, device='cuda:0')	2	1214
tensor(0, device='cuda:0')	0	1215
tensor(2, device='cuda:0')	3	1215
tensor(0, device='cuda:0')	3	1215
tensor(3, device='cuda:0')	3	1216
tensor(0, device='cuda:0')	2	1216
tensor(3, device='cuda:0')	2	1216
tensor(3, device='cuda:0')	2	1216
tensor(0, device='cuda:0')	0	1217
tensor(0, device='cuda:0')	3	1217
tensor(2, device='cuda:0')	2	1218
tensor(3, device='cuda:0')	3	1219
tensor(2, device='cuda:0')	2	1220
tensor(2, device='cuda:0')	3	1220
tensor(0, device='cuda:0')	2	1220
tensor(2, device='cuda:0')	0	1220
tensor(3, device='cuda:0')	3	1221
tensor(2, device='cuda:0')	2	1222
tensor(2, device='cuda:0')	2	1223
tensor(2, device='cuda:0')	2	1224
tensor(2, device='cuda:0')	1	1224
tensor(1, device='cuda:0')	2	1224
tensor(0, device='cuda:0')	0	1225
tensor(1, device='cuda:0')	1	1226
tensor(1, device='cuda:0')	0	1226
tensor(3, device='cuda:0')	0	1226
tensor(3, device='cuda:0')	0	1226
tensor(0, device='cuda:0')	1	1226
tensor(3, device='cuda:0')	3	1227
tensor(3, device='cuda:0')	3	1228
tensor(2, device='cuda:0')	2	1229
tensor(1, device='cuda:0')	1	1230
tensor(3, device='cuda:0')	3	1231
tensor(3, device='cuda:0')	3	1232
tensor(0, device='cuda:0')	2	1232
tensor(2, device='cuda:0')	2	1233
tensor(3, device='cuda:0')	2	1233
tensor(2, device='cuda:0')	0	1233
tensor(3, device='cuda:0')	3	1234
tensor(0, device='cuda:0')	0	1235
tensor(0, device='cuda:0')	0	1236
tensor(2, device='cuda:0')	2	1237
tensor(3, device='cuda:0')	2	1237
tensor(3, device='cuda:0')	3	1238
tensor(3, device='cuda:0')	1	1238
tensor(1, device='cuda:0')	3	1238
tensor(1, device='cuda:0')	1	1239
tensor(1, device='cuda:0')	1	1240
tensor(0, device='cuda:0')	3	1240
tensor(1, device='cuda:0')	0	1240
tensor(3, device='cuda:0')	0	1240
tensor(2, device='cuda:0')	1	1240
tensor(3, device='cuda:0')	3	1241
tensor(1, device='cuda:0')	0	1241
tensor(0, device='cuda:0')	0	1242
tensor(2, device='cuda:0')	3	1242
tensor(1, device='cuda:0')	3	1242
tensor(2, device='cuda:0')	3	1242
tensor(0, device='cuda:0')	1	1242
tensor(3, device='cuda:0')	1	1242
tensor(0, device='cuda:0')	2	1242
tensor(3, device='cuda:0')	3	1243
tensor(2, device='cuda:0')	0	1243
tensor(2, device='cuda:0')	2	1244
tensor(3, device='cuda:0')	0	1244
tensor(3, device='cuda:0')	1	1244
tensor(1, device='cuda:0')	1	1245
tensor(1, device='cuda:0')	3	1245
tensor(0, device='cuda:0')	0	1246
tensor(1, device='cuda:0')	0	1246
tensor(1, device='cuda:0')	1	1247
tensor(1, device='cuda:0')	0	1247
tensor(3, device='cuda:0')	2	1247
tensor(1, device='cuda:0')	1	1248
tensor(1, device='cuda:0')	0	1248
tensor(3, device='cuda:0')	0	1248
tensor(1, device='cuda:0')	1	1249
tensor(2, device='cuda:0')	0	1249
tensor(3, device='cuda:0')	1	1249
tensor(3, device='cuda:0')	2	1249
tensor(1, device='cuda:0')	2	1249
tensor(1, device='cuda:0')	2	1249
tensor(2, device='cuda:0')	0	1249
2376
Accuracy: 0.5256734006734006
