loading archive file checkpoints
loading archive file data/CommonsenseQA
| dictionary: 50265 types
tensor(0, device='cuda:0')	0	1
tensor(1, device='cuda:0')	1	2
tensor(3, device='cuda:0')	3	3
tensor(3, device='cuda:0')	3	4
tensor(2, device='cuda:0')	1	4
tensor(1, device='cuda:0')	2	4
tensor(1, device='cuda:0')	0	4
tensor(2, device='cuda:0')	2	5
tensor(3, device='cuda:0')	2	5
tensor(2, device='cuda:0')	0	5
tensor(0, device='cuda:0')	1	5
tensor(2, device='cuda:0')	1	5
tensor(1, device='cuda:0')	1	6
tensor(1, device='cuda:0')	1	7
tensor(1, device='cuda:0')	1	8
tensor(3, device='cuda:0')	1	8
tensor(2, device='cuda:0')	1	8
tensor(0, device='cuda:0')	3	8
tensor(0, device='cuda:0')	1	8
tensor(2, device='cuda:0')	3	8
tensor(4, device='cuda:0')	3	8
tensor(3, device='cuda:0')	3	9
tensor(4, device='cuda:0')	3	9
tensor(1, device='cuda:0')	2	9
tensor(3, device='cuda:0')	1	9
tensor(1, device='cuda:0')	2	9
tensor(1, device='cuda:0')	1	10
tensor(1, device='cuda:0')	1	11
tensor(0, device='cuda:0')	0	12
tensor(1, device='cuda:0')	1	13
tensor(0, device='cuda:0')	0	14
tensor(2, device='cuda:0')	2	15
tensor(3, device='cuda:0')	0	15
tensor(0, device='cuda:0')	0	16
tensor(0, device='cuda:0')	2	16
tensor(0, device='cuda:0')	0	17
tensor(3, device='cuda:0')	3	18
tensor(3, device='cuda:0')	2	18
tensor(2, device='cuda:0')	2	19
tensor(0, device='cuda:0')	1	19
tensor(0, device='cuda:0')	0	20
tensor(3, device='cuda:0')	1	20
tensor(2, device='cuda:0')	0	20
tensor(0, device='cuda:0')	2	20
tensor(2, device='cuda:0')	0	20
tensor(3, device='cuda:0')	3	21
tensor(3, device='cuda:0')	3	22
tensor(2, device='cuda:0')	2	23
tensor(4, device='cuda:0')	3	23
tensor(1, device='cuda:0')	3	23
tensor(0, device='cuda:0')	0	24
tensor(1, device='cuda:0')	1	25
tensor(0, device='cuda:0')	2	25
tensor(0, device='cuda:0')	0	26
tensor(3, device='cuda:0')	2	26
tensor(3, device='cuda:0')	1	26
tensor(3, device='cuda:0')	3	27
tensor(3, device='cuda:0')	2	27
tensor(3, device='cuda:0')	1	27
tensor(1, device='cuda:0')	0	27
tensor(4, device='cuda:0')	1	27
tensor(3, device='cuda:0')	3	28
tensor(0, device='cuda:0')	3	28
tensor(1, device='cuda:0')	1	29
tensor(1, device='cuda:0')	0	29
tensor(0, device='cuda:0')	0	30
tensor(1, device='cuda:0')	1	31
tensor(1, device='cuda:0')	1	32
tensor(0, device='cuda:0')	0	33
tensor(1, device='cuda:0')	1	34
tensor(2, device='cuda:0')	0	34
tensor(3, device='cuda:0')	3	35
tensor(3, device='cuda:0')	3	36
tensor(2, device='cuda:0')	1	36
tensor(0, device='cuda:0')	2	36
tensor(3, device='cuda:0')	3	37
tensor(2, device='cuda:0')	1	37
tensor(1, device='cuda:0')	1	38
tensor(2, device='cuda:0')	1	38
tensor(0, device='cuda:0')	0	39
tensor(3, device='cuda:0')	3	40
tensor(2, device='cuda:0')	0	40
tensor(2, device='cuda:0')	2	41
tensor(3, device='cuda:0')	0	41
tensor(3, device='cuda:0')	1	41
tensor(4, device='cuda:0')	0	41
tensor(1, device='cuda:0')	0	41
tensor(1, device='cuda:0')	0	41
tensor(2, device='cuda:0')	2	42
tensor(3, device='cuda:0')	3	43
tensor(0, device='cuda:0')	2	43
tensor(2, device='cuda:0')	2	44
tensor(2, device='cuda:0')	2	45
tensor(1, device='cuda:0')	1	46
tensor(1, device='cuda:0')	1	47
tensor(0, device='cuda:0')	0	48
tensor(2, device='cuda:0')	0	48
tensor(1, device='cuda:0')	2	48
tensor(4, device='cuda:0')	1	48
tensor(1, device='cuda:0')	2	48
tensor(1, device='cuda:0')	1	49
tensor(3, device='cuda:0')	3	50
tensor(1, device='cuda:0')	1	51
tensor(1, device='cuda:0')	2	51
tensor(3, device='cuda:0')	3	52
tensor(2, device='cuda:0')	2	53
tensor(3, device='cuda:0')	1	53
tensor(2, device='cuda:0')	2	54
tensor(1, device='cuda:0')	2	54
tensor(2, device='cuda:0')	2	55
tensor(0, device='cuda:0')	1	55
tensor(2, device='cuda:0')	1	55
tensor(1, device='cuda:0')	1	56
tensor(1, device='cuda:0')	2	56
tensor(0, device='cuda:0')	2	56
tensor(0, device='cuda:0')	1	56
tensor(1, device='cuda:0')	1	57
tensor(1, device='cuda:0')	1	58
tensor(0, device='cuda:0')	0	59
tensor(1, device='cuda:0')	0	59
tensor(3, device='cuda:0')	0	59
tensor(3, device='cuda:0')	2	59
tensor(1, device='cuda:0')	1	60
tensor(2, device='cuda:0')	2	61
tensor(2, device='cuda:0')	2	62
tensor(0, device='cuda:0')	2	62
tensor(0, device='cuda:0')	0	63
tensor(2, device='cuda:0')	2	64
tensor(3, device='cuda:0')	2	64
tensor(1, device='cuda:0')	1	65
tensor(1, device='cuda:0')	2	65
tensor(0, device='cuda:0')	0	66
tensor(3, device='cuda:0')	1	66
tensor(1, device='cuda:0')	0	66
tensor(2, device='cuda:0')	1	66
tensor(1, device='cuda:0')	3	66
tensor(0, device='cuda:0')	0	67
tensor(0, device='cuda:0')	1	67
tensor(3, device='cuda:0')	3	68
tensor(0, device='cuda:0')	2	68
tensor(3, device='cuda:0')	1	68
tensor(0, device='cuda:0')	3	68
tensor(2, device='cuda:0')	1	68
tensor(2, device='cuda:0')	3	68
tensor(0, device='cuda:0')	0	69
tensor(3, device='cuda:0')	3	70
tensor(0, device='cuda:0')	0	71
tensor(1, device='cuda:0')	1	72
tensor(0, device='cuda:0')	1	72
tensor(3, device='cuda:0')	0	72
tensor(3, device='cuda:0')	0	72
tensor(0, device='cuda:0')	0	73
tensor(2, device='cuda:0')	3	73
tensor(0, device='cuda:0')	0	74
tensor(1, device='cuda:0')	3	74
tensor(1, device='cuda:0')	3	74
tensor(1, device='cuda:0')	3	74
tensor(0, device='cuda:0')	0	75
tensor(2, device='cuda:0')	3	75
tensor(1, device='cuda:0')	1	76
tensor(1, device='cuda:0')	3	76
tensor(4, device='cuda:0')	1	76
tensor(2, device='cuda:0')	2	77
tensor(3, device='cuda:0')	3	78
tensor(3, device='cuda:0')	2	78
tensor(3, device='cuda:0')	0	78
tensor(0, device='cuda:0')	1	78
tensor(0, device='cuda:0')	0	79
tensor(0, device='cuda:0')	0	80
tensor(1, device='cuda:0')	1	81
tensor(1, device='cuda:0')	2	81
tensor(1, device='cuda:0')	1	82
tensor(2, device='cuda:0')	3	82
tensor(0, device='cuda:0')	2	82
tensor(2, device='cuda:0')	2	83
tensor(2, device='cuda:0')	2	84
tensor(1, device='cuda:0')	0	84
tensor(1, device='cuda:0')	1	85
tensor(1, device='cuda:0')	2	85
tensor(2, device='cuda:0')	2	86
tensor(1, device='cuda:0')	1	87
tensor(2, device='cuda:0')	1	87
tensor(0, device='cuda:0')	0	88
tensor(3, device='cuda:0')	0	88
tensor(2, device='cuda:0')	2	89
tensor(3, device='cuda:0')	3	90
tensor(1, device='cuda:0')	1	91
tensor(3, device='cuda:0')	2	91
tensor(1, device='cuda:0')	1	92
tensor(2, device='cuda:0')	2	93
tensor(3, device='cuda:0')	0	93
tensor(2, device='cuda:0')	2	94
tensor(0, device='cuda:0')	0	95
tensor(3, device='cuda:0')	0	95
tensor(2, device='cuda:0')	1	95
tensor(1, device='cuda:0')	1	96
tensor(2, device='cuda:0')	2	97
tensor(1, device='cuda:0')	2	97
tensor(2, device='cuda:0')	3	97
tensor(1, device='cuda:0')	1	98
tensor(1, device='cuda:0')	2	98
tensor(0, device='cuda:0')	2	98
tensor(1, device='cuda:0')	2	98
tensor(3, device='cuda:0')	0	98
tensor(0, device='cuda:0')	1	98
tensor(1, device='cuda:0')	1	99
tensor(2, device='cuda:0')	2	100
tensor(4, device='cuda:0')	3	100
tensor(2, device='cuda:0')	2	101
tensor(2, device='cuda:0')	1	101
tensor(1, device='cuda:0')	1	102
tensor(2, device='cuda:0')	2	103
tensor(2, device='cuda:0')	2	104
tensor(2, device='cuda:0')	0	104
tensor(4, device='cuda:0')	0	104
tensor(0, device='cuda:0')	2	104
tensor(0, device='cuda:0')	0	105
tensor(4, device='cuda:0')	2	105
tensor(1, device='cuda:0')	1	106
tensor(0, device='cuda:0')	1	106
tensor(3, device='cuda:0')	3	107
tensor(3, device='cuda:0')	3	108
tensor(2, device='cuda:0')	2	109
tensor(3, device='cuda:0')	3	110
tensor(3, device='cuda:0')	3	111
tensor(3, device='cuda:0')	3	112
tensor(1, device='cuda:0')	0	112
tensor(0, device='cuda:0')	1	112
tensor(3, device='cuda:0')	3	113
tensor(2, device='cuda:0')	1	113
tensor(3, device='cuda:0')	0	113
tensor(1, device='cuda:0')	3	113
tensor(1, device='cuda:0')	1	114
tensor(1, device='cuda:0')	1	115
tensor(1, device='cuda:0')	1	116
tensor(3, device='cuda:0')	0	116
tensor(3, device='cuda:0')	3	117
tensor(4, device='cuda:0')	3	117
tensor(1, device='cuda:0')	0	117
tensor(0, device='cuda:0')	3	117
tensor(3, device='cuda:0')	1	117
tensor(3, device='cuda:0')	3	118
tensor(4, device='cuda:0')	3	118
tensor(0, device='cuda:0')	0	119
tensor(4, device='cuda:0')	2	119
tensor(3, device='cuda:0')	3	120
tensor(0, device='cuda:0')	1	120
tensor(3, device='cuda:0')	1	120
tensor(0, device='cuda:0')	0	121
tensor(0, device='cuda:0')	0	122
tensor(2, device='cuda:0')	2	123
tensor(1, device='cuda:0')	3	123
tensor(1, device='cuda:0')	1	124
tensor(2, device='cuda:0')	2	125
tensor(0, device='cuda:0')	3	125
tensor(0, device='cuda:0')	0	126
tensor(3, device='cuda:0')	3	127
tensor(3, device='cuda:0')	3	128
tensor(1, device='cuda:0')	1	129
tensor(0, device='cuda:0')	1	129
tensor(2, device='cuda:0')	0	129
tensor(2, device='cuda:0')	2	130
tensor(1, device='cuda:0')	1	131
tensor(4, device='cuda:0')	3	131
tensor(2, device='cuda:0')	2	132
tensor(3, device='cuda:0')	3	133
tensor(1, device='cuda:0')	0	133
tensor(0, device='cuda:0')	2	133
tensor(2, device='cuda:0')	2	134
tensor(3, device='cuda:0')	1	134
tensor(0, device='cuda:0')	2	134
tensor(3, device='cuda:0')	3	135
tensor(1, device='cuda:0')	0	135
tensor(1, device='cuda:0')	1	136
tensor(1, device='cuda:0')	0	136
tensor(0, device='cuda:0')	1	136
tensor(1, device='cuda:0')	1	137
tensor(1, device='cuda:0')	1	138
tensor(3, device='cuda:0')	2	138
tensor(2, device='cuda:0')	2	139
tensor(4, device='cuda:0')	0	139
tensor(2, device='cuda:0')	0	139
tensor(2, device='cuda:0')	2	140
tensor(1, device='cuda:0')	0	140
tensor(3, device='cuda:0')	0	140
tensor(3, device='cuda:0')	3	141
tensor(3, device='cuda:0')	3	142
tensor(2, device='cuda:0')	3	142
tensor(3, device='cuda:0')	0	142
tensor(4, device='cuda:0')	2	142
tensor(3, device='cuda:0')	1	142
tensor(1, device='cuda:0')	1	143
tensor(0, device='cuda:0')	2	143
tensor(0, device='cuda:0')	3	143
tensor(0, device='cuda:0')	0	144
tensor(2, device='cuda:0')	2	145
tensor(1, device='cuda:0')	0	145
tensor(2, device='cuda:0')	0	145
tensor(0, device='cuda:0')	1	145
tensor(2, device='cuda:0')	2	146
tensor(2, device='cuda:0')	2	147
tensor(2, device='cuda:0')	0	147
tensor(0, device='cuda:0')	1	147
tensor(2, device='cuda:0')	1	147
tensor(2, device='cuda:0')	2	148
tensor(4, device='cuda:0')	1	148
tensor(2, device='cuda:0')	2	149
tensor(4, device='cuda:0')	1	149
tensor(2, device='cuda:0')	2	150
tensor(1, device='cuda:0')	3	150
tensor(1, device='cuda:0')	1	151
tensor(2, device='cuda:0')	3	151
tensor(2, device='cuda:0')	0	151
tensor(3, device='cuda:0')	3	152
tensor(3, device='cuda:0')	1	152
tensor(0, device='cuda:0')	1	152
tensor(0, device='cuda:0')	3	152
tensor(1, device='cuda:0')	1	153
tensor(1, device='cuda:0')	1	154
tensor(3, device='cuda:0')	3	155
tensor(0, device='cuda:0')	0	156
tensor(3, device='cuda:0')	1	156
tensor(0, device='cuda:0')	0	157
tensor(0, device='cuda:0')	3	157
tensor(4, device='cuda:0')	2	157
tensor(1, device='cuda:0')	1	158
tensor(3, device='cuda:0')	2	158
tensor(1, device='cuda:0')	1	159
tensor(2, device='cuda:0')	0	159
tensor(0, device='cuda:0')	0	160
tensor(0, device='cuda:0')	3	160
tensor(1, device='cuda:0')	1	161
tensor(3, device='cuda:0')	0	161
tensor(0, device='cuda:0')	1	161
tensor(3, device='cuda:0')	3	162
tensor(1, device='cuda:0')	2	162
tensor(0, device='cuda:0')	2	162
tensor(0, device='cuda:0')	2	162
tensor(1, device='cuda:0')	2	162
tensor(3, device='cuda:0')	3	163
tensor(1, device='cuda:0')	1	164
tensor(1, device='cuda:0')	1	165
tensor(2, device='cuda:0')	2	166
tensor(0, device='cuda:0')	0	167
tensor(0, device='cuda:0')	1	167
tensor(2, device='cuda:0')	2	168
tensor(1, device='cuda:0')	0	168
tensor(4, device='cuda:0')	0	168
tensor(3, device='cuda:0')	2	168
tensor(0, device='cuda:0')	1	168
tensor(0, device='cuda:0')	0	169
tensor(2, device='cuda:0')	2	170
tensor(0, device='cuda:0')	3	170
tensor(1, device='cuda:0')	0	170
tensor(3, device='cuda:0')	2	170
tensor(3, device='cuda:0')	0	170
tensor(0, device='cuda:0')	0	171
tensor(3, device='cuda:0')	2	171
tensor(1, device='cuda:0')	3	171
tensor(1, device='cuda:0')	0	171
tensor(1, device='cuda:0')	1	172
tensor(1, device='cuda:0')	1	173
tensor(1, device='cuda:0')	1	174
tensor(3, device='cuda:0')	3	175
tensor(3, device='cuda:0')	3	176
tensor(0, device='cuda:0')	3	176
tensor(4, device='cuda:0')	2	176
tensor(0, device='cuda:0')	0	177
tensor(0, device='cuda:0')	3	177
tensor(3, device='cuda:0')	3	178
tensor(0, device='cuda:0')	0	179
tensor(1, device='cuda:0')	3	179
tensor(2, device='cuda:0')	2	180
tensor(2, device='cuda:0')	0	180
tensor(0, device='cuda:0')	3	180
tensor(2, device='cuda:0')	1	180
tensor(2, device='cuda:0')	1	180
tensor(3, device='cuda:0')	0	180
tensor(2, device='cuda:0')	2	181
tensor(1, device='cuda:0')	1	182
tensor(3, device='cuda:0')	3	183
tensor(2, device='cuda:0')	0	183
tensor(0, device='cuda:0')	3	183
tensor(3, device='cuda:0')	2	183
tensor(2, device='cuda:0')	0	183
tensor(0, device='cuda:0')	0	184
tensor(0, device='cuda:0')	2	184
tensor(2, device='cuda:0')	2	185
tensor(3, device='cuda:0')	3	186
tensor(3, device='cuda:0')	3	187
tensor(3, device='cuda:0')	3	188
tensor(1, device='cuda:0')	1	189
tensor(1, device='cuda:0')	3	189
tensor(0, device='cuda:0')	3	189
tensor(4, device='cuda:0')	1	189
tensor(2, device='cuda:0')	1	189
tensor(2, device='cuda:0')	2	190
tensor(3, device='cuda:0')	3	191
tensor(0, device='cuda:0')	2	191
tensor(1, device='cuda:0')	1	192
tensor(2, device='cuda:0')	0	192
tensor(1, device='cuda:0')	3	192
tensor(3, device='cuda:0')	3	193
tensor(0, device='cuda:0')	0	194
tensor(2, device='cuda:0')	3	194
tensor(3, device='cuda:0')	3	195
tensor(2, device='cuda:0')	2	196
tensor(2, device='cuda:0')	2	197
tensor(0, device='cuda:0')	1	197
tensor(1, device='cuda:0')	2	197
tensor(1, device='cuda:0')	1	198
tensor(2, device='cuda:0')	2	199
tensor(2, device='cuda:0')	2	200
tensor(0, device='cuda:0')	0	201
tensor(2, device='cuda:0')	2	202
tensor(0, device='cuda:0')	0	203
tensor(3, device='cuda:0')	3	204
tensor(4, device='cuda:0')	2	204
tensor(0, device='cuda:0')	3	204
tensor(0, device='cuda:0')	2	204
tensor(1, device='cuda:0')	1	205
tensor(0, device='cuda:0')	0	206
tensor(1, device='cuda:0')	1	207
tensor(2, device='cuda:0')	2	208
tensor(2, device='cuda:0')	3	208
tensor(3, device='cuda:0')	2	208
tensor(2, device='cuda:0')	1	208
tensor(1, device='cuda:0')	1	209
tensor(1, device='cuda:0')	2	209
tensor(0, device='cuda:0')	0	210
tensor(2, device='cuda:0')	3	210
tensor(3, device='cuda:0')	3	211
tensor(1, device='cuda:0')	1	212
tensor(3, device='cuda:0')	2	212
tensor(2, device='cuda:0')	2	213
tensor(1, device='cuda:0')	1	214
tensor(3, device='cuda:0')	3	215
tensor(3, device='cuda:0')	3	216
tensor(1, device='cuda:0')	1	217
tensor(0, device='cuda:0')	0	218
tensor(3, device='cuda:0')	3	219
tensor(3, device='cuda:0')	1	219
tensor(2, device='cuda:0')	0	219
tensor(2, device='cuda:0')	3	219
tensor(3, device='cuda:0')	0	219
tensor(0, device='cuda:0')	0	220
tensor(3, device='cuda:0')	3	221
tensor(3, device='cuda:0')	3	222
tensor(3, device='cuda:0')	3	223
tensor(2, device='cuda:0')	2	224
tensor(0, device='cuda:0')	2	224
tensor(1, device='cuda:0')	0	224
tensor(0, device='cuda:0')	2	224
tensor(3, device='cuda:0')	3	225
tensor(4, device='cuda:0')	1	225
tensor(3, device='cuda:0')	3	226
tensor(2, device='cuda:0')	2	227
tensor(3, device='cuda:0')	3	228
tensor(3, device='cuda:0')	3	229
tensor(1, device='cuda:0')	2	229
tensor(0, device='cuda:0')	3	229
tensor(3, device='cuda:0')	3	230
tensor(1, device='cuda:0')	1	231
tensor(0, device='cuda:0')	0	232
tensor(1, device='cuda:0')	0	232
tensor(2, device='cuda:0')	3	232
tensor(0, device='cuda:0')	0	233
tensor(0, device='cuda:0')	2	233
tensor(0, device='cuda:0')	0	234
tensor(0, device='cuda:0')	0	235
tensor(2, device='cuda:0')	0	235
tensor(2, device='cuda:0')	3	235
tensor(0, device='cuda:0')	2	235
tensor(2, device='cuda:0')	0	235
tensor(0, device='cuda:0')	2	235
tensor(3, device='cuda:0')	3	236
tensor(1, device='cuda:0')	1	237
tensor(2, device='cuda:0')	2	238
tensor(3, device='cuda:0')	3	239
tensor(0, device='cuda:0')	0	240
tensor(0, device='cuda:0')	1	240
tensor(0, device='cuda:0')	2	240
tensor(0, device='cuda:0')	2	240
tensor(2, device='cuda:0')	2	241
tensor(2, device='cuda:0')	2	242
tensor(3, device='cuda:0')	0	242
tensor(1, device='cuda:0')	3	242
tensor(1, device='cuda:0')	2	242
tensor(1, device='cuda:0')	2	242
tensor(0, device='cuda:0')	2	242
tensor(0, device='cuda:0')	1	242
tensor(2, device='cuda:0')	0	242
tensor(0, device='cuda:0')	2	242
tensor(2, device='cuda:0')	2	243
tensor(2, device='cuda:0')	3	243
tensor(0, device='cuda:0')	2	243
tensor(0, device='cuda:0')	2	243
tensor(2, device='cuda:0')	3	243
tensor(2, device='cuda:0')	2	244
tensor(3, device='cuda:0')	2	244
tensor(1, device='cuda:0')	1	245
tensor(1, device='cuda:0')	3	245
tensor(3, device='cuda:0')	3	246
tensor(0, device='cuda:0')	0	247
tensor(1, device='cuda:0')	2	247
tensor(0, device='cuda:0')	0	248
tensor(0, device='cuda:0')	2	248
tensor(2, device='cuda:0')	2	249
tensor(1, device='cuda:0')	0	249
tensor(3, device='cuda:0')	2	249
tensor(0, device='cuda:0')	0	250
tensor(3, device='cuda:0')	1	250
tensor(3, device='cuda:0')	1	250
tensor(2, device='cuda:0')	3	250
tensor(1, device='cuda:0')	3	250
tensor(0, device='cuda:0')	1	250
tensor(0, device='cuda:0')	0	251
tensor(3, device='cuda:0')	1	251
tensor(2, device='cuda:0')	2	252
tensor(2, device='cuda:0')	2	253
tensor(3, device='cuda:0')	2	253
tensor(4, device='cuda:0')	3	253
tensor(3, device='cuda:0')	3	254
tensor(0, device='cuda:0')	0	255
tensor(3, device='cuda:0')	0	255
tensor(3, device='cuda:0')	3	256
tensor(0, device='cuda:0')	3	256
tensor(0, device='cuda:0')	0	257
tensor(3, device='cuda:0')	2	257
tensor(0, device='cuda:0')	2	257
tensor(2, device='cuda:0')	3	257
tensor(2, device='cuda:0')	2	258
tensor(2, device='cuda:0')	2	259
tensor(2, device='cuda:0')	1	259
tensor(0, device='cuda:0')	0	260
tensor(0, device='cuda:0')	0	261
tensor(0, device='cuda:0')	2	261
tensor(1, device='cuda:0')	1	262
tensor(0, device='cuda:0')	0	263
tensor(2, device='cuda:0')	2	264
tensor(2, device='cuda:0')	2	265
tensor(0, device='cuda:0')	3	265
tensor(0, device='cuda:0')	0	266
tensor(1, device='cuda:0')	0	266
tensor(3, device='cuda:0')	3	267
tensor(4, device='cuda:0')	2	267
tensor(3, device='cuda:0')	3	268
tensor(2, device='cuda:0')	2	269
tensor(0, device='cuda:0')	2	269
tensor(2, device='cuda:0')	1	269
tensor(4, device='cuda:0')	3	269
tensor(0, device='cuda:0')	2	269
tensor(3, device='cuda:0')	3	270
tensor(1, device='cuda:0')	1	271
tensor(0, device='cuda:0')	0	272
tensor(0, device='cuda:0')	0	273
tensor(3, device='cuda:0')	3	274
tensor(3, device='cuda:0')	3	275
tensor(1, device='cuda:0')	1	276
tensor(2, device='cuda:0')	2	277
tensor(0, device='cuda:0')	0	278
tensor(0, device='cuda:0')	1	278
tensor(2, device='cuda:0')	2	279
tensor(3, device='cuda:0')	1	279
tensor(0, device='cuda:0')	2	279
tensor(1, device='cuda:0')	0	279
tensor(4, device='cuda:0')	2	279
tensor(2, device='cuda:0')	0	279
tensor(3, device='cuda:0')	2	279
tensor(4, device='cuda:0')	3	279
tensor(3, device='cuda:0')	3	280
tensor(1, device='cuda:0')	1	281
tensor(2, device='cuda:0')	1	281
tensor(3, device='cuda:0')	3	282
tensor(1, device='cuda:0')	2	282
tensor(0, device='cuda:0')	0	283
tensor(0, device='cuda:0')	2	283
tensor(3, device='cuda:0')	3	284
tensor(0, device='cuda:0')	0	285
tensor(2, device='cuda:0')	0	285
tensor(2, device='cuda:0')	0	285
tensor(3, device='cuda:0')	3	286
tensor(1, device='cuda:0')	1	287
tensor(3, device='cuda:0')	0	287
tensor(1, device='cuda:0')	1	288
tensor(4, device='cuda:0')	2	288
tensor(1, device='cuda:0')	1	289
tensor(4, device='cuda:0')	2	289
tensor(0, device='cuda:0')	3	289
tensor(3, device='cuda:0')	3	290
tensor(3, device='cuda:0')	2	290
tensor(3, device='cuda:0')	0	290
tensor(1, device='cuda:0')	2	290
tensor(3, device='cuda:0')	3	291
tensor(1, device='cuda:0')	1	292
tensor(2, device='cuda:0')	2	293
tensor(3, device='cuda:0')	2	293
tensor(0, device='cuda:0')	0	294
tensor(0, device='cuda:0')	2	294
tensor(3, device='cuda:0')	3	295
tensor(3, device='cuda:0')	2	295
tensor(2, device='cuda:0')	1	295
tensor(1, device='cuda:0')	1	296
tensor(1, device='cuda:0')	1	297
tensor(2, device='cuda:0')	1	297
tensor(0, device='cuda:0')	2	297
tensor(3, device='cuda:0')	1	297
tensor(0, device='cuda:0')	0	298
tensor(4, device='cuda:0')	0	298
tensor(3, device='cuda:0')	3	299
tensor(0, device='cuda:0')	1	299
tensor(3, device='cuda:0')	3	300
tensor(3, device='cuda:0')	0	300
tensor(0, device='cuda:0')	1	300
tensor(0, device='cuda:0')	0	301
tensor(1, device='cuda:0')	0	301
tensor(2, device='cuda:0')	2	302
tensor(1, device='cuda:0')	1	303
tensor(2, device='cuda:0')	3	303
tensor(2, device='cuda:0')	2	304
tensor(0, device='cuda:0')	1	304
tensor(3, device='cuda:0')	3	305
tensor(3, device='cuda:0')	0	305
tensor(1, device='cuda:0')	3	305
tensor(1, device='cuda:0')	2	305
tensor(2, device='cuda:0')	2	306
tensor(1, device='cuda:0')	3	306
tensor(2, device='cuda:0')	0	306
tensor(2, device='cuda:0')	0	306
tensor(1, device='cuda:0')	1	307
tensor(4, device='cuda:0')	0	307
tensor(0, device='cuda:0')	0	308
tensor(1, device='cuda:0')	2	308
tensor(4, device='cuda:0')	0	308
tensor(3, device='cuda:0')	3	309
tensor(2, device='cuda:0')	2	310
tensor(0, device='cuda:0')	1	310
tensor(2, device='cuda:0')	2	311
tensor(3, device='cuda:0')	3	312
tensor(2, device='cuda:0')	2	313
tensor(1, device='cuda:0')	2	313
tensor(1, device='cuda:0')	3	313
tensor(2, device='cuda:0')	3	313
tensor(2, device='cuda:0')	1	313
tensor(2, device='cuda:0')	3	313
tensor(4, device='cuda:0')	0	313
tensor(3, device='cuda:0')	3	314
tensor(3, device='cuda:0')	1	314
tensor(2, device='cuda:0')	0	314
tensor(3, device='cuda:0')	2	314
tensor(0, device='cuda:0')	3	314
tensor(3, device='cuda:0')	0	314
tensor(0, device='cuda:0')	1	314
tensor(0, device='cuda:0')	1	314
tensor(2, device='cuda:0')	2	315
tensor(3, device='cuda:0')	3	316
tensor(4, device='cuda:0')	3	316
tensor(4, device='cuda:0')	3	316
tensor(1, device='cuda:0')	1	317
tensor(1, device='cuda:0')	1	318
tensor(3, device='cuda:0')	3	319
tensor(0, device='cuda:0')	0	320
tensor(0, device='cuda:0')	2	320
tensor(2, device='cuda:0')	2	321
tensor(3, device='cuda:0')	1	321
tensor(2, device='cuda:0')	2	322
tensor(1, device='cuda:0')	2	322
tensor(2, device='cuda:0')	0	322
tensor(1, device='cuda:0')	1	323
tensor(1, device='cuda:0')	1	324
tensor(0, device='cuda:0')	0	325
tensor(1, device='cuda:0')	0	325
tensor(0, device='cuda:0')	3	325
tensor(4, device='cuda:0')	0	325
tensor(2, device='cuda:0')	3	325
tensor(4, device='cuda:0')	3	325
tensor(2, device='cuda:0')	2	326
tensor(0, device='cuda:0')	2	326
tensor(1, device='cuda:0')	2	326
tensor(2, device='cuda:0')	0	326
tensor(2, device='cuda:0')	2	327
tensor(2, device='cuda:0')	1	327
tensor(1, device='cuda:0')	1	328
tensor(2, device='cuda:0')	3	328
tensor(1, device='cuda:0')	2	328
tensor(0, device='cuda:0')	0	329
tensor(3, device='cuda:0')	0	329
tensor(2, device='cuda:0')	2	330
tensor(1, device='cuda:0')	0	330
tensor(3, device='cuda:0')	0	330
tensor(0, device='cuda:0')	1	330
tensor(0, device='cuda:0')	3	330
tensor(3, device='cuda:0')	1	330
tensor(2, device='cuda:0')	3	330
tensor(2, device='cuda:0')	3	330
tensor(1, device='cuda:0')	3	330
tensor(3, device='cuda:0')	1	330
tensor(1, device='cuda:0')	1	331
tensor(1, device='cuda:0')	1	332
tensor(0, device='cuda:0')	0	333
tensor(1, device='cuda:0')	3	333
tensor(3, device='cuda:0')	3	334
tensor(0, device='cuda:0')	1	334
tensor(2, device='cuda:0')	1	334
tensor(4, device='cuda:0')	2	334
tensor(3, device='cuda:0')	3	335
tensor(2, device='cuda:0')	1	335
tensor(2, device='cuda:0')	2	336
tensor(0, device='cuda:0')	0	337
tensor(3, device='cuda:0')	1	337
tensor(3, device='cuda:0')	3	338
tensor(4, device='cuda:0')	0	338
tensor(1, device='cuda:0')	1	339
tensor(0, device='cuda:0')	0	340
tensor(0, device='cuda:0')	1	340
tensor(1, device='cuda:0')	3	340
tensor(2, device='cuda:0')	2	341
tensor(2, device='cuda:0')	1	341
tensor(3, device='cuda:0')	0	341
tensor(2, device='cuda:0')	2	342
tensor(0, device='cuda:0')	0	343
tensor(0, device='cuda:0')	1	343
tensor(0, device='cuda:0')	0	344
tensor(2, device='cuda:0')	2	345
tensor(1, device='cuda:0')	2	345
tensor(1, device='cuda:0')	1	346
tensor(2, device='cuda:0')	2	347
tensor(0, device='cuda:0')	0	348
tensor(2, device='cuda:0')	0	348
tensor(1, device='cuda:0')	1	349
tensor(0, device='cuda:0')	0	350
tensor(0, device='cuda:0')	1	350
tensor(3, device='cuda:0')	3	351
tensor(4, device='cuda:0')	1	351
tensor(3, device='cuda:0')	3	352
tensor(3, device='cuda:0')	1	352
tensor(0, device='cuda:0')	0	353
tensor(0, device='cuda:0')	2	353
tensor(2, device='cuda:0')	1	353
tensor(1, device='cuda:0')	0	353
tensor(3, device='cuda:0')	3	354
tensor(0, device='cuda:0')	1	354
tensor(3, device='cuda:0')	0	354
tensor(1, device='cuda:0')	1	355
tensor(0, device='cuda:0')	0	356
tensor(1, device='cuda:0')	1	357
tensor(4, device='cuda:0')	1	357
tensor(2, device='cuda:0')	2	358
tensor(2, device='cuda:0')	2	359
tensor(1, device='cuda:0')	1	360
tensor(0, device='cuda:0')	0	361
tensor(2, device='cuda:0')	0	361
tensor(3, device='cuda:0')	1	361
tensor(3, device='cuda:0')	0	361
tensor(0, device='cuda:0')	0	362
tensor(2, device='cuda:0')	2	363
tensor(1, device='cuda:0')	0	363
tensor(0, device='cuda:0')	1	363
tensor(1, device='cuda:0')	1	364
tensor(2, device='cuda:0')	2	365
tensor(1, device='cuda:0')	2	365
tensor(0, device='cuda:0')	3	365
tensor(2, device='cuda:0')	3	365
tensor(1, device='cuda:0')	1	366
tensor(3, device='cuda:0')	3	367
tensor(4, device='cuda:0')	0	367
tensor(2, device='cuda:0')	1	367
tensor(3, device='cuda:0')	2	367
tensor(3, device='cuda:0')	3	368
tensor(2, device='cuda:0')	2	369
tensor(4, device='cuda:0')	0	369
tensor(2, device='cuda:0')	2	370
tensor(4, device='cuda:0')	1	370
tensor(4, device='cuda:0')	0	370
tensor(0, device='cuda:0')	3	370
tensor(2, device='cuda:0')	0	370
tensor(3, device='cuda:0')	3	371
tensor(1, device='cuda:0')	0	371
tensor(3, device='cuda:0')	1	371
tensor(0, device='cuda:0')	1	371
tensor(3, device='cuda:0')	3	372
tensor(1, device='cuda:0')	3	372
tensor(0, device='cuda:0')	2	372
tensor(2, device='cuda:0')	1	372
tensor(0, device='cuda:0')	0	373
tensor(2, device='cuda:0')	1	373
tensor(0, device='cuda:0')	2	373
tensor(3, device='cuda:0')	3	374
tensor(0, device='cuda:0')	1	374
tensor(1, device='cuda:0')	1	375
tensor(2, device='cuda:0')	2	376
tensor(1, device='cuda:0')	2	376
tensor(3, device='cuda:0')	3	377
tensor(3, device='cuda:0')	3	378
tensor(0, device='cuda:0')	1	378
tensor(0, device='cuda:0')	3	378
tensor(0, device='cuda:0')	2	378
tensor(3, device='cuda:0')	2	378
tensor(0, device='cuda:0')	0	379
tensor(3, device='cuda:0')	0	379
tensor(2, device='cuda:0')	2	380
tensor(0, device='cuda:0')	0	381
tensor(0, device='cuda:0')	2	381
tensor(2, device='cuda:0')	3	381
tensor(2, device='cuda:0')	1	381
tensor(3, device='cuda:0')	1	381
tensor(1, device='cuda:0')	1	382
tensor(1, device='cuda:0')	3	382
tensor(2, device='cuda:0')	2	383
tensor(3, device='cuda:0')	0	383
tensor(3, device='cuda:0')	0	383
tensor(2, device='cuda:0')	3	383
tensor(3, device='cuda:0')	3	384
tensor(2, device='cuda:0')	2	385
tensor(2, device='cuda:0')	0	385
tensor(1, device='cuda:0')	1	386
tensor(3, device='cuda:0')	2	386
tensor(1, device='cuda:0')	2	386
tensor(4, device='cuda:0')	2	386
tensor(1, device='cuda:0')	2	386
tensor(0, device='cuda:0')	0	387
tensor(3, device='cuda:0')	2	387
tensor(3, device='cuda:0')	3	388
tensor(1, device='cuda:0')	1	389
tensor(3, device='cuda:0')	3	390
tensor(2, device='cuda:0')	3	390
tensor(0, device='cuda:0')	3	390
tensor(0, device='cuda:0')	1	390
tensor(0, device='cuda:0')	0	391
tensor(2, device='cuda:0')	1	391
tensor(2, device='cuda:0')	2	392
tensor(4, device='cuda:0')	0	392
tensor(3, device='cuda:0')	0	392
tensor(0, device='cuda:0')	0	393
tensor(1, device='cuda:0')	0	393
tensor(0, device='cuda:0')	3	393
tensor(2, device='cuda:0')	3	393
tensor(2, device='cuda:0')	3	393
tensor(0, device='cuda:0')	3	393
tensor(0, device='cuda:0')	1	393
tensor(4, device='cuda:0')	3	393
tensor(3, device='cuda:0')	3	394
tensor(0, device='cuda:0')	0	395
tensor(1, device='cuda:0')	1	396
tensor(0, device='cuda:0')	1	396
tensor(3, device='cuda:0')	1	396
tensor(0, device='cuda:0')	0	397
tensor(1, device='cuda:0')	1	398
tensor(1, device='cuda:0')	3	398
tensor(0, device='cuda:0')	2	398
tensor(0, device='cuda:0')	3	398
tensor(3, device='cuda:0')	1	398
tensor(1, device='cuda:0')	3	398
tensor(3, device='cuda:0')	3	399
tensor(0, device='cuda:0')	0	400
tensor(0, device='cuda:0')	2	400
tensor(3, device='cuda:0')	3	401
tensor(2, device='cuda:0')	2	402
tensor(1, device='cuda:0')	1	403
tensor(3, device='cuda:0')	2	403
tensor(2, device='cuda:0')	2	404
tensor(3, device='cuda:0')	3	405
tensor(2, device='cuda:0')	2	406
tensor(2, device='cuda:0')	1	406
tensor(3, device='cuda:0')	3	407
tensor(3, device='cuda:0')	0	407
tensor(3, device='cuda:0')	1	407
tensor(3, device='cuda:0')	2	407
tensor(3, device='cuda:0')	3	408
tensor(1, device='cuda:0')	1	409
tensor(3, device='cuda:0')	0	409
tensor(1, device='cuda:0')	1	410
tensor(3, device='cuda:0')	3	411
tensor(1, device='cuda:0')	1	412
tensor(2, device='cuda:0')	2	413
tensor(3, device='cuda:0')	3	414
tensor(3, device='cuda:0')	0	414
tensor(0, device='cuda:0')	2	414
tensor(2, device='cuda:0')	2	415
tensor(0, device='cuda:0')	2	415
tensor(2, device='cuda:0')	2	416
tensor(4, device='cuda:0')	3	416
tensor(1, device='cuda:0')	1	417
tensor(0, device='cuda:0')	0	418
tensor(1, device='cuda:0')	3	418
tensor(0, device='cuda:0')	3	418
tensor(2, device='cuda:0')	1	418
tensor(2, device='cuda:0')	0	418
tensor(0, device='cuda:0')	0	419
tensor(1, device='cuda:0')	3	419
tensor(0, device='cuda:0')	2	419
tensor(1, device='cuda:0')	3	419
tensor(1, device='cuda:0')	1	420
tensor(0, device='cuda:0')	0	421
tensor(2, device='cuda:0')	3	421
tensor(3, device='cuda:0')	3	422
tensor(2, device='cuda:0')	2	423
tensor(2, device='cuda:0')	3	423
tensor(2, device='cuda:0')	2	424
tensor(3, device='cuda:0')	3	425
tensor(2, device='cuda:0')	3	425
tensor(1, device='cuda:0')	2	425
tensor(2, device='cuda:0')	3	425
tensor(1, device='cuda:0')	2	425
tensor(1, device='cuda:0')	2	425
tensor(1, device='cuda:0')	1	426
tensor(2, device='cuda:0')	2	427
tensor(1, device='cuda:0')	1	428
tensor(3, device='cuda:0')	3	429
tensor(2, device='cuda:0')	2	430
tensor(2, device='cuda:0')	1	430
tensor(0, device='cuda:0')	0	431
tensor(1, device='cuda:0')	1	432
tensor(3, device='cuda:0')	3	433
tensor(0, device='cuda:0')	1	433
tensor(2, device='cuda:0')	2	434
tensor(2, device='cuda:0')	2	435
tensor(3, device='cuda:0')	3	436
tensor(1, device='cuda:0')	1	437
tensor(2, device='cuda:0')	2	438
tensor(0, device='cuda:0')	0	439
tensor(1, device='cuda:0')	1	440
tensor(1, device='cuda:0')	1	441
tensor(1, device='cuda:0')	1	442
tensor(0, device='cuda:0')	3	442
tensor(3, device='cuda:0')	3	443
tensor(0, device='cuda:0')	0	444
tensor(2, device='cuda:0')	2	445
tensor(3, device='cuda:0')	1	445
tensor(1, device='cuda:0')	2	445
tensor(3, device='cuda:0')	0	445
tensor(1, device='cuda:0')	1	446
tensor(2, device='cuda:0')	2	447
tensor(3, device='cuda:0')	3	448
tensor(2, device='cuda:0')	3	448
tensor(1, device='cuda:0')	2	448
tensor(1, device='cuda:0')	1	449
tensor(3, device='cuda:0')	3	450
tensor(0, device='cuda:0')	0	451
tensor(0, device='cuda:0')	0	452
tensor(2, device='cuda:0')	2	453
tensor(1, device='cuda:0')	1	454
tensor(4, device='cuda:0')	2	454
tensor(2, device='cuda:0')	2	455
tensor(0, device='cuda:0')	0	456
tensor(1, device='cuda:0')	2	456
tensor(3, device='cuda:0')	1	456
tensor(1, device='cuda:0')	2	456
tensor(0, device='cuda:0')	3	456
tensor(2, device='cuda:0')	2	457
tensor(0, device='cuda:0')	2	457
tensor(0, device='cuda:0')	0	458
tensor(0, device='cuda:0')	3	458
tensor(3, device='cuda:0')	3	459
tensor(0, device='cuda:0')	0	460
tensor(0, device='cuda:0')	0	461
tensor(3, device='cuda:0')	0	461
tensor(4, device='cuda:0')	3	461
tensor(2, device='cuda:0')	0	461
tensor(0, device='cuda:0')	1	461
tensor(2, device='cuda:0')	0	461
tensor(1, device='cuda:0')	3	461
tensor(2, device='cuda:0')	2	462
tensor(0, device='cuda:0')	2	462
tensor(1, device='cuda:0')	2	462
tensor(0, device='cuda:0')	1	462
tensor(1, device='cuda:0')	2	462
tensor(0, device='cuda:0')	1	462
tensor(2, device='cuda:0')	2	463
tensor(3, device='cuda:0')	3	464
tensor(1, device='cuda:0')	2	464
tensor(3, device='cuda:0')	3	465
tensor(0, device='cuda:0')	0	466
tensor(2, device='cuda:0')	2	467
tensor(1, device='cuda:0')	1	468
tensor(2, device='cuda:0')	3	468
tensor(0, device='cuda:0')	1	468
tensor(2, device='cuda:0')	2	469
tensor(3, device='cuda:0')	3	470
tensor(0, device='cuda:0')	1	470
tensor(1, device='cuda:0')	2	470
tensor(2, device='cuda:0')	0	470
tensor(0, device='cuda:0')	3	470
tensor(0, device='cuda:0')	0	471
tensor(2, device='cuda:0')	2	472
tensor(2, device='cuda:0')	2	473
tensor(0, device='cuda:0')	3	473
tensor(2, device='cuda:0')	2	474
tensor(3, device='cuda:0')	3	475
tensor(2, device='cuda:0')	0	475
tensor(3, device='cuda:0')	2	475
tensor(3, device='cuda:0')	0	475
tensor(2, device='cuda:0')	0	475
tensor(0, device='cuda:0')	3	475
tensor(1, device='cuda:0')	1	476
tensor(1, device='cuda:0')	1	477
tensor(4, device='cuda:0')	0	477
tensor(0, device='cuda:0')	0	478
tensor(0, device='cuda:0')	3	478
tensor(3, device='cuda:0')	3	479
tensor(3, device='cuda:0')	3	480
tensor(2, device='cuda:0')	3	480
tensor(0, device='cuda:0')	1	480
tensor(2, device='cuda:0')	0	480
tensor(3, device='cuda:0')	0	480
tensor(3, device='cuda:0')	3	481
tensor(0, device='cuda:0')	2	481
tensor(3, device='cuda:0')	3	482
tensor(2, device='cuda:0')	3	482
tensor(2, device='cuda:0')	1	482
tensor(2, device='cuda:0')	3	482
tensor(4, device='cuda:0')	3	482
tensor(4, device='cuda:0')	2	482
tensor(0, device='cuda:0')	1	482
tensor(2, device='cuda:0')	2	483
tensor(1, device='cuda:0')	1	484
tensor(2, device='cuda:0')	2	485
tensor(2, device='cuda:0')	0	485
tensor(0, device='cuda:0')	2	485
tensor(0, device='cuda:0')	2	485
tensor(1, device='cuda:0')	3	485
tensor(3, device='cuda:0')	2	485
tensor(1, device='cuda:0')	1	486
tensor(2, device='cuda:0')	0	486
tensor(0, device='cuda:0')	1	486
tensor(3, device='cuda:0')	3	487
tensor(1, device='cuda:0')	1	488
tensor(3, device='cuda:0')	2	488
tensor(3, device='cuda:0')	1	488
tensor(0, device='cuda:0')	2	488
tensor(2, device='cuda:0')	3	488
tensor(3, device='cuda:0')	3	489
tensor(1, device='cuda:0')	1	490
tensor(0, device='cuda:0')	1	490
tensor(3, device='cuda:0')	2	490
tensor(2, device='cuda:0')	2	491
tensor(1, device='cuda:0')	1	492
tensor(0, device='cuda:0')	0	493
tensor(0, device='cuda:0')	0	494
tensor(0, device='cuda:0')	0	495
tensor(2, device='cuda:0')	2	496
tensor(2, device='cuda:0')	2	497
tensor(1, device='cuda:0')	1	498
tensor(1, device='cuda:0')	1	499
tensor(1, device='cuda:0')	0	499
tensor(1, device='cuda:0')	2	499
tensor(2, device='cuda:0')	3	499
tensor(2, device='cuda:0')	2	500
tensor(0, device='cuda:0')	2	500
tensor(1, device='cuda:0')	1	501
tensor(0, device='cuda:0')	0	502
tensor(2, device='cuda:0')	2	503
tensor(1, device='cuda:0')	0	503
tensor(2, device='cuda:0')	3	503
tensor(3, device='cuda:0')	0	503
tensor(2, device='cuda:0')	2	504
tensor(3, device='cuda:0')	2	504
tensor(0, device='cuda:0')	3	504
tensor(1, device='cuda:0')	0	504
tensor(0, device='cuda:0')	3	504
tensor(1, device='cuda:0')	1	505
tensor(1, device='cuda:0')	0	505
tensor(3, device='cuda:0')	3	506
tensor(1, device='cuda:0')	0	506
tensor(1, device='cuda:0')	1	507
tensor(2, device='cuda:0')	2	508
tensor(1, device='cuda:0')	1	509
tensor(2, device='cuda:0')	0	509
tensor(0, device='cuda:0')	0	510
tensor(1, device='cuda:0')	2	510
tensor(3, device='cuda:0')	3	511
tensor(2, device='cuda:0')	0	511
tensor(2, device='cuda:0')	2	512
tensor(1, device='cuda:0')	1	513
tensor(2, device='cuda:0')	2	514
tensor(2, device='cuda:0')	2	515
tensor(2, device='cuda:0')	2	516
tensor(2, device='cuda:0')	3	516
tensor(0, device='cuda:0')	0	517
tensor(2, device='cuda:0')	2	518
tensor(3, device='cuda:0')	2	518
tensor(2, device='cuda:0')	2	519
tensor(3, device='cuda:0')	3	520
tensor(1, device='cuda:0')	2	520
tensor(1, device='cuda:0')	2	520
tensor(1, device='cuda:0')	1	521
tensor(0, device='cuda:0')	0	522
tensor(3, device='cuda:0')	3	523
tensor(2, device='cuda:0')	2	524
tensor(2, device='cuda:0')	2	525
tensor(0, device='cuda:0')	2	525
tensor(4, device='cuda:0')	3	525
tensor(1, device='cuda:0')	1	526
tensor(3, device='cuda:0')	2	526
tensor(2, device='cuda:0')	0	526
tensor(0, device='cuda:0')	2	526
tensor(3, device='cuda:0')	0	526
tensor(3, device='cuda:0')	2	526
tensor(3, device='cuda:0')	3	527
tensor(3, device='cuda:0')	3	528
tensor(0, device='cuda:0')	0	529
tensor(4, device='cuda:0')	3	529
tensor(0, device='cuda:0')	0	530
tensor(1, device='cuda:0')	1	531
tensor(1, device='cuda:0')	1	532
tensor(3, device='cuda:0')	0	532
tensor(1, device='cuda:0')	2	532
tensor(0, device='cuda:0')	3	532
tensor(3, device='cuda:0')	3	533
tensor(3, device='cuda:0')	3	534
tensor(0, device='cuda:0')	0	535
tensor(2, device='cuda:0')	2	536
tensor(1, device='cuda:0')	3	536
tensor(4, device='cuda:0')	2	536
tensor(2, device='cuda:0')	3	536
tensor(0, device='cuda:0')	3	536
tensor(2, device='cuda:0')	0	536
tensor(3, device='cuda:0')	1	536
tensor(3, device='cuda:0')	3	537
tensor(2, device='cuda:0')	2	538
tensor(1, device='cuda:0')	1	539
tensor(4, device='cuda:0')	0	539
tensor(1, device='cuda:0')	1	540
tensor(3, device='cuda:0')	3	541
tensor(0, device='cuda:0')	3	541
tensor(2, device='cuda:0')	1	541
tensor(0, device='cuda:0')	0	542
tensor(1, device='cuda:0')	0	542
tensor(3, device='cuda:0')	3	543
tensor(1, device='cuda:0')	1	544
tensor(3, device='cuda:0')	3	545
tensor(0, device='cuda:0')	3	545
tensor(1, device='cuda:0')	3	545
tensor(1, device='cuda:0')	1	546
tensor(2, device='cuda:0')	3	546
tensor(0, device='cuda:0')	0	547
tensor(3, device='cuda:0')	3	548
tensor(0, device='cuda:0')	0	549
tensor(3, device='cuda:0')	2	549
tensor(2, device='cuda:0')	3	549
tensor(0, device='cuda:0')	1	549
tensor(0, device='cuda:0')	1	549
tensor(1, device='cuda:0')	1	550
tensor(4, device='cuda:0')	0	550
tensor(3, device='cuda:0')	0	550
tensor(0, device='cuda:0')	0	551
tensor(1, device='cuda:0')	1	552
tensor(2, device='cuda:0')	0	552
tensor(1, device='cuda:0')	1	553
tensor(1, device='cuda:0')	1	554
tensor(0, device='cuda:0')	2	554
tensor(2, device='cuda:0')	2	555
tensor(1, device='cuda:0')	0	555
tensor(0, device='cuda:0')	3	555
tensor(3, device='cuda:0')	1	555
tensor(3, device='cuda:0')	3	556
tensor(1, device='cuda:0')	1	557
tensor(2, device='cuda:0')	2	558
tensor(2, device='cuda:0')	1	558
tensor(3, device='cuda:0')	2	558
tensor(3, device='cuda:0')	1	558
tensor(3, device='cuda:0')	3	559
tensor(4, device='cuda:0')	1	559
tensor(0, device='cuda:0')	3	559
tensor(2, device='cuda:0')	0	559
tensor(3, device='cuda:0')	2	559
tensor(1, device='cuda:0')	0	559
tensor(2, device='cuda:0')	2	560
tensor(0, device='cuda:0')	0	561
tensor(1, device='cuda:0')	1	562
tensor(3, device='cuda:0')	3	563
tensor(2, device='cuda:0')	2	564
tensor(3, device='cuda:0')	1	564
tensor(0, device='cuda:0')	3	564
tensor(1, device='cuda:0')	1	565
tensor(0, device='cuda:0')	2	565
tensor(0, device='cuda:0')	3	565
tensor(2, device='cuda:0')	1	565
tensor(1, device='cuda:0')	3	565
tensor(0, device='cuda:0')	0	566
tensor(2, device='cuda:0')	2	567
tensor(1, device='cuda:0')	1	568
tensor(3, device='cuda:0')	0	568
tensor(1, device='cuda:0')	1	569
tensor(0, device='cuda:0')	0	570
tensor(1, device='cuda:0')	1	571
tensor(1, device='cuda:0')	3	571
tensor(2, device='cuda:0')	3	571
tensor(4, device='cuda:0')	3	571
tensor(3, device='cuda:0')	2	571
tensor(2, device='cuda:0')	3	571
tensor(1, device='cuda:0')	1	572
tensor(2, device='cuda:0')	2	573
tensor(1, device='cuda:0')	1	574
tensor(0, device='cuda:0')	0	575
tensor(3, device='cuda:0')	3	576
tensor(0, device='cuda:0')	0	577
tensor(3, device='cuda:0')	3	578
tensor(3, device='cuda:0')	2	578
tensor(3, device='cuda:0')	0	578
tensor(1, device='cuda:0')	2	578
tensor(0, device='cuda:0')	0	579
tensor(1, device='cuda:0')	3	579
tensor(0, device='cuda:0')	2	579
tensor(2, device='cuda:0')	2	580
tensor(0, device='cuda:0')	2	580
tensor(4, device='cuda:0')	0	580
tensor(2, device='cuda:0')	2	581
tensor(3, device='cuda:0')	1	581
tensor(0, device='cuda:0')	2	581
tensor(2, device='cuda:0')	2	582
tensor(3, device='cuda:0')	1	582
tensor(1, device='cuda:0')	3	582
tensor(2, device='cuda:0')	2	583
tensor(2, device='cuda:0')	0	583
tensor(0, device='cuda:0')	0	584
tensor(3, device='cuda:0')	2	584
tensor(0, device='cuda:0')	0	585
tensor(0, device='cuda:0')	0	586
tensor(2, device='cuda:0')	2	587
tensor(3, device='cuda:0')	2	587
tensor(1, device='cuda:0')	2	587
tensor(3, device='cuda:0')	3	588
tensor(3, device='cuda:0')	1	588
tensor(0, device='cuda:0')	1	588
tensor(2, device='cuda:0')	1	588
tensor(2, device='cuda:0')	2	589
tensor(0, device='cuda:0')	1	589
tensor(2, device='cuda:0')	3	589
tensor(0, device='cuda:0')	0	590
tensor(0, device='cuda:0')	3	590
tensor(0, device='cuda:0')	3	590
tensor(3, device='cuda:0')	3	591
tensor(0, device='cuda:0')	0	592
tensor(4, device='cuda:0')	1	592
tensor(1, device='cuda:0')	1	593
tensor(2, device='cuda:0')	0	593
tensor(3, device='cuda:0')	0	593
tensor(0, device='cuda:0')	0	594
tensor(0, device='cuda:0')	2	594
tensor(4, device='cuda:0')	0	594
tensor(1, device='cuda:0')	1	595
tensor(1, device='cuda:0')	3	595
tensor(3, device='cuda:0')	0	595
tensor(1, device='cuda:0')	0	595
tensor(1, device='cuda:0')	2	595
tensor(2, device='cuda:0')	2	596
tensor(3, device='cuda:0')	3	597
tensor(2, device='cuda:0')	2	598
tensor(1, device='cuda:0')	0	598
tensor(1, device='cuda:0')	3	598
tensor(3, device='cuda:0')	3	599
tensor(2, device='cuda:0')	2	600
tensor(2, device='cuda:0')	2	601
tensor(3, device='cuda:0')	3	602
tensor(1, device='cuda:0')	1	603
tensor(3, device='cuda:0')	0	603
tensor(3, device='cuda:0')	2	603
tensor(1, device='cuda:0')	1	604
tensor(2, device='cuda:0')	2	605
tensor(0, device='cuda:0')	0	606
tensor(3, device='cuda:0')	3	607
tensor(1, device='cuda:0')	0	607
tensor(2, device='cuda:0')	2	608
tensor(0, device='cuda:0')	3	608
tensor(4, device='cuda:0')	3	608
tensor(2, device='cuda:0')	2	609
tensor(2, device='cuda:0')	1	609
tensor(0, device='cuda:0')	2	609
tensor(0, device='cuda:0')	0	610
tensor(1, device='cuda:0')	1	611
tensor(2, device='cuda:0')	2	612
tensor(1, device='cuda:0')	0	612
tensor(2, device='cuda:0')	2	613
tensor(2, device='cuda:0')	3	613
tensor(2, device='cuda:0')	2	614
tensor(0, device='cuda:0')	3	614
tensor(3, device='cuda:0')	0	614
tensor(2, device='cuda:0')	2	615
tensor(3, device='cuda:0')	0	615
tensor(3, device='cuda:0')	3	616
tensor(4, device='cuda:0')	3	616
tensor(1, device='cuda:0')	0	616
tensor(4, device='cuda:0')	2	616
tensor(4, device='cuda:0')	3	616
tensor(1, device='cuda:0')	0	616
tensor(3, device='cuda:0')	1	616
tensor(1, device='cuda:0')	2	616
tensor(1, device='cuda:0')	3	616
tensor(3, device='cuda:0')	3	617
tensor(3, device='cuda:0')	1	617
tensor(0, device='cuda:0')	0	618
tensor(0, device='cuda:0')	0	619
tensor(3, device='cuda:0')	1	619
tensor(3, device='cuda:0')	3	620
tensor(2, device='cuda:0')	0	620
tensor(3, device='cuda:0')	2	620
tensor(1, device='cuda:0')	1	621
tensor(0, device='cuda:0')	0	622
tensor(0, device='cuda:0')	0	623
tensor(3, device='cuda:0')	1	623
tensor(1, device='cuda:0')	3	623
tensor(0, device='cuda:0')	0	624
tensor(1, device='cuda:0')	1	625
tensor(1, device='cuda:0')	1	626
tensor(3, device='cuda:0')	3	627
tensor(2, device='cuda:0')	1	627
tensor(3, device='cuda:0')	1	627
tensor(1, device='cuda:0')	3	627
tensor(3, device='cuda:0')	3	628
tensor(1, device='cuda:0')	1	629
tensor(0, device='cuda:0')	2	629
tensor(0, device='cuda:0')	0	630
tensor(2, device='cuda:0')	1	630
tensor(1, device='cuda:0')	1	631
tensor(3, device='cuda:0')	3	632
tensor(0, device='cuda:0')	0	633
tensor(1, device='cuda:0')	2	633
tensor(0, device='cuda:0')	1	633
tensor(0, device='cuda:0')	1	633
tensor(3, device='cuda:0')	0	633
tensor(2, device='cuda:0')	3	633
tensor(2, device='cuda:0')	1	633
tensor(1, device='cuda:0')	1	634
tensor(0, device='cuda:0')	0	635
tensor(3, device='cuda:0')	0	635
tensor(3, device='cuda:0')	3	636
tensor(0, device='cuda:0')	0	637
tensor(2, device='cuda:0')	0	637
tensor(0, device='cuda:0')	0	638
tensor(1, device='cuda:0')	1	639
tensor(1, device='cuda:0')	1	640
tensor(0, device='cuda:0')	2	640
tensor(2, device='cuda:0')	1	640
tensor(3, device='cuda:0')	3	641
tensor(0, device='cuda:0')	0	642
tensor(1, device='cuda:0')	1	643
tensor(1, device='cuda:0')	2	643
tensor(1, device='cuda:0')	1	644
tensor(1, device='cuda:0')	1	645
tensor(1, device='cuda:0')	2	645
tensor(0, device='cuda:0')	2	645
tensor(1, device='cuda:0')	2	645
tensor(3, device='cuda:0')	3	646
tensor(1, device='cuda:0')	1	647
tensor(1, device='cuda:0')	3	647
tensor(3, device='cuda:0')	0	647
tensor(0, device='cuda:0')	0	648
tensor(0, device='cuda:0')	0	649
tensor(2, device='cuda:0')	0	649
tensor(4, device='cuda:0')	2	649
tensor(4, device='cuda:0')	3	649
tensor(3, device='cuda:0')	3	650
tensor(0, device='cuda:0')	0	651
tensor(0, device='cuda:0')	3	651
tensor(2, device='cuda:0')	0	651
tensor(3, device='cuda:0')	3	652
tensor(4, device='cuda:0')	1	652
tensor(3, device='cuda:0')	3	653
tensor(2, device='cuda:0')	2	654
tensor(3, device='cuda:0')	3	655
tensor(3, device='cuda:0')	0	655
tensor(2, device='cuda:0')	1	655
tensor(0, device='cuda:0')	0	656
tensor(0, device='cuda:0')	0	657
tensor(3, device='cuda:0')	2	657
tensor(4, device='cuda:0')	2	657
tensor(3, device='cuda:0')	1	657
tensor(1, device='cuda:0')	2	657
tensor(2, device='cuda:0')	2	658
tensor(3, device='cuda:0')	0	658
tensor(3, device='cuda:0')	3	659
tensor(3, device='cuda:0')	0	659
tensor(2, device='cuda:0')	3	659
tensor(2, device='cuda:0')	0	659
tensor(3, device='cuda:0')	3	660
tensor(0, device='cuda:0')	2	660
tensor(1, device='cuda:0')	1	661
tensor(1, device='cuda:0')	2	661
tensor(2, device='cuda:0')	2	662
tensor(2, device='cuda:0')	3	662
tensor(0, device='cuda:0')	2	662
tensor(1, device='cuda:0')	3	662
tensor(2, device='cuda:0')	2	663
tensor(3, device='cuda:0')	1	663
tensor(0, device='cuda:0')	0	664
tensor(0, device='cuda:0')	2	664
tensor(4, device='cuda:0')	0	664
tensor(3, device='cuda:0')	3	665
tensor(2, device='cuda:0')	2	666
tensor(0, device='cuda:0')	3	666
tensor(2, device='cuda:0')	2	667
tensor(0, device='cuda:0')	0	668
tensor(1, device='cuda:0')	0	668
tensor(2, device='cuda:0')	2	669
tensor(1, device='cuda:0')	0	669
tensor(0, device='cuda:0')	3	669
tensor(1, device='cuda:0')	1	670
tensor(0, device='cuda:0')	0	671
tensor(2, device='cuda:0')	3	671
tensor(2, device='cuda:0')	2	672
tensor(3, device='cuda:0')	3	673
tensor(1, device='cuda:0')	2	673
tensor(0, device='cuda:0')	0	674
tensor(0, device='cuda:0')	1	674
tensor(2, device='cuda:0')	0	674
tensor(2, device='cuda:0')	3	674
tensor(1, device='cuda:0')	0	674
tensor(3, device='cuda:0')	1	674
tensor(0, device='cuda:0')	1	674
tensor(1, device='cuda:0')	1	675
tensor(0, device='cuda:0')	3	675
tensor(0, device='cuda:0')	1	675
tensor(3, device='cuda:0')	2	675
tensor(0, device='cuda:0')	0	676
tensor(0, device='cuda:0')	0	677
tensor(1, device='cuda:0')	1	678
tensor(2, device='cuda:0')	0	678
tensor(3, device='cuda:0')	3	679
tensor(4, device='cuda:0')	1	679
tensor(2, device='cuda:0')	2	680
tensor(1, device='cuda:0')	3	680
tensor(4, device='cuda:0')	2	680
tensor(3, device='cuda:0')	0	680
tensor(3, device='cuda:0')	3	681
tensor(1, device='cuda:0')	1	682
tensor(4, device='cuda:0')	3	682
tensor(4, device='cuda:0')	1	682
tensor(2, device='cuda:0')	2	683
tensor(0, device='cuda:0')	0	684
tensor(2, device='cuda:0')	2	685
tensor(3, device='cuda:0')	2	685
tensor(1, device='cuda:0')	3	685
tensor(3, device='cuda:0')	3	686
tensor(0, device='cuda:0')	3	686
tensor(2, device='cuda:0')	2	687
tensor(3, device='cuda:0')	2	687
tensor(4, device='cuda:0')	0	687
tensor(0, device='cuda:0')	0	688
tensor(3, device='cuda:0')	2	688
tensor(0, device='cuda:0')	0	689
tensor(1, device='cuda:0')	4	689
tensor(0, device='cuda:0')	2	689
tensor(0, device='cuda:0')	3	689
tensor(2, device='cuda:0')	0	689
tensor(0, device='cuda:0')	2	689
tensor(3, device='cuda:0')	0	689
tensor(0, device='cuda:0')	0	690
tensor(3, device='cuda:0')	3	691
tensor(0, device='cuda:0')	3	691
tensor(2, device='cuda:0')	0	691
tensor(1, device='cuda:0')	1	692
tensor(3, device='cuda:0')	3	693
tensor(2, device='cuda:0')	0	693
tensor(1, device='cuda:0')	1	694
tensor(0, device='cuda:0')	2	694
tensor(0, device='cuda:0')	3	694
tensor(3, device='cuda:0')	0	694
tensor(1, device='cuda:0')	1	695
tensor(2, device='cuda:0')	2	696
tensor(3, device='cuda:0')	3	697
tensor(1, device='cuda:0')	1	698
tensor(2, device='cuda:0')	2	699
tensor(0, device='cuda:0')	1	699
tensor(2, device='cuda:0')	2	700
tensor(0, device='cuda:0')	0	701
tensor(3, device='cuda:0')	1	701
tensor(3, device='cuda:0')	1	701
tensor(0, device='cuda:0')	0	702
tensor(3, device='cuda:0')	3	703
tensor(2, device='cuda:0')	2	704
tensor(1, device='cuda:0')	3	704
tensor(2, device='cuda:0')	2	705
tensor(2, device='cuda:0')	0	705
tensor(0, device='cuda:0')	1	705
tensor(1, device='cuda:0')	1	706
tensor(1, device='cuda:0')	3	706
tensor(2, device='cuda:0')	2	707
tensor(0, device='cuda:0')	3	707
tensor(1, device='cuda:0')	1	708
tensor(3, device='cuda:0')	3	709
tensor(1, device='cuda:0')	1	710
tensor(3, device='cuda:0')	3	711
tensor(3, device='cuda:0')	3	712
tensor(0, device='cuda:0')	0	713
tensor(3, device='cuda:0')	3	714
tensor(1, device='cuda:0')	1	715
tensor(3, device='cuda:0')	0	715
tensor(2, device='cuda:0')	2	716
tensor(0, device='cuda:0')	0	717
tensor(1, device='cuda:0')	0	717
tensor(4, device='cuda:0')	0	717
tensor(1, device='cuda:0')	0	717
tensor(2, device='cuda:0')	3	717
tensor(1, device='cuda:0')	1	718
tensor(1, device='cuda:0')	1	719
tensor(1, device='cuda:0')	0	719
tensor(3, device='cuda:0')	1	719
tensor(1, device='cuda:0')	1	720
tensor(3, device='cuda:0')	3	721
tensor(2, device='cuda:0')	0	721
tensor(2, device='cuda:0')	2	722
tensor(3, device='cuda:0')	0	722
tensor(3, device='cuda:0')	2	722
tensor(0, device='cuda:0')	0	723
tensor(0, device='cuda:0')	0	724
tensor(2, device='cuda:0')	0	724
tensor(2, device='cuda:0')	2	725
tensor(0, device='cuda:0')	0	726
tensor(3, device='cuda:0')	3	727
tensor(1, device='cuda:0')	1	728
tensor(2, device='cuda:0')	2	729
tensor(0, device='cuda:0')	1	729
tensor(2, device='cuda:0')	2	730
tensor(2, device='cuda:0')	2	731
tensor(0, device='cuda:0')	2	731
tensor(2, device='cuda:0')	2	732
tensor(2, device='cuda:0')	2	733
tensor(2, device='cuda:0')	2	734
tensor(3, device='cuda:0')	0	734
tensor(3, device='cuda:0')	3	735
tensor(3, device='cuda:0')	1	735
tensor(2, device='cuda:0')	2	736
tensor(0, device='cuda:0')	3	736
tensor(3, device='cuda:0')	0	736
tensor(2, device='cuda:0')	0	736
tensor(0, device='cuda:0')	2	736
tensor(1, device='cuda:0')	1	737
tensor(3, device='cuda:0')	3	738
tensor(2, device='cuda:0')	1	738
tensor(0, device='cuda:0')	2	738
tensor(1, device='cuda:0')	1	739
tensor(4, device='cuda:0')	3	739
tensor(1, device='cuda:0')	0	739
tensor(1, device='cuda:0')	3	739
tensor(0, device='cuda:0')	0	740
tensor(2, device='cuda:0')	2	741
tensor(0, device='cuda:0')	1	741
tensor(3, device='cuda:0')	3	742
tensor(2, device='cuda:0')	2	743
tensor(3, device='cuda:0')	3	744
tensor(1, device='cuda:0')	1	745
tensor(2, device='cuda:0')	3	745
tensor(0, device='cuda:0')	0	746
tensor(0, device='cuda:0')	1	746
tensor(0, device='cuda:0')	0	747
tensor(4, device='cuda:0')	1	747
tensor(3, device='cuda:0')	0	747
tensor(4, device='cuda:0')	0	747
tensor(0, device='cuda:0')	2	747
tensor(1, device='cuda:0')	1	748
tensor(4, device='cuda:0')	0	748
tensor(0, device='cuda:0')	0	749
tensor(0, device='cuda:0')	1	749
tensor(2, device='cuda:0')	2	750
tensor(3, device='cuda:0')	1	750
tensor(3, device='cuda:0')	3	751
tensor(2, device='cuda:0')	2	752
tensor(1, device='cuda:0')	1	753
tensor(4, device='cuda:0')	3	753
tensor(2, device='cuda:0')	0	753
tensor(2, device='cuda:0')	2	754
tensor(0, device='cuda:0')	2	754
tensor(4, device='cuda:0')	2	754
tensor(0, device='cuda:0')	3	754
tensor(0, device='cuda:0')	0	755
tensor(0, device='cuda:0')	0	756
tensor(4, device='cuda:0')	2	756
tensor(2, device='cuda:0')	0	756
tensor(1, device='cuda:0')	3	756
tensor(2, device='cuda:0')	3	756
tensor(2, device='cuda:0')	0	756
tensor(1, device='cuda:0')	1	757
tensor(2, device='cuda:0')	2	758
tensor(2, device='cuda:0')	0	758
tensor(3, device='cuda:0')	1	758
tensor(2, device='cuda:0')	2	759
tensor(1, device='cuda:0')	0	759
tensor(0, device='cuda:0')	3	759
tensor(2, device='cuda:0')	1	759
tensor(1, device='cuda:0')	1	760
tensor(2, device='cuda:0')	2	761
tensor(1, device='cuda:0')	1	762
tensor(0, device='cuda:0')	0	763
tensor(2, device='cuda:0')	2	764
tensor(2, device='cuda:0')	2	765
tensor(3, device='cuda:0')	0	765
tensor(0, device='cuda:0')	0	766
tensor(1, device='cuda:0')	3	766
tensor(3, device='cuda:0')	2	766
tensor(3, device='cuda:0')	0	766
tensor(0, device='cuda:0')	0	767
tensor(3, device='cuda:0')	2	767
tensor(2, device='cuda:0')	2	768
tensor(1, device='cuda:0')	0	768
tensor(2, device='cuda:0')	3	768
tensor(1, device='cuda:0')	2	768
tensor(3, device='cuda:0')	2	768
tensor(0, device='cuda:0')	1	768
tensor(4, device='cuda:0')	2	768
tensor(1, device='cuda:0')	2	768
tensor(2, device='cuda:0')	1	768
tensor(2, device='cuda:0')	2	769
tensor(1, device='cuda:0')	0	769
tensor(0, device='cuda:0')	0	770
tensor(3, device='cuda:0')	3	771
tensor(3, device='cuda:0')	3	772
tensor(4, device='cuda:0')	0	772
tensor(3, device='cuda:0')	3	773
tensor(2, device='cuda:0')	3	773
tensor(4, device='cuda:0')	2	773
tensor(3, device='cuda:0')	1	773
tensor(1, device='cuda:0')	3	773
tensor(3, device='cuda:0')	1	773
tensor(0, device='cuda:0')	0	774
tensor(0, device='cuda:0')	0	775
tensor(0, device='cuda:0')	2	775
tensor(2, device='cuda:0')	2	776
tensor(1, device='cuda:0')	3	776
tensor(2, device='cuda:0')	3	776
tensor(1, device='cuda:0')	1	777
tensor(3, device='cuda:0')	0	777
tensor(0, device='cuda:0')	3	777
tensor(2, device='cuda:0')	2	778
tensor(1, device='cuda:0')	1	779
tensor(3, device='cuda:0')	0	779
tensor(0, device='cuda:0')	1	779
tensor(3, device='cuda:0')	3	780
tensor(2, device='cuda:0')	3	780
tensor(0, device='cuda:0')	3	780
tensor(2, device='cuda:0')	2	781
tensor(0, device='cuda:0')	0	782
tensor(3, device='cuda:0')	3	783
tensor(3, device='cuda:0')	3	784
tensor(0, device='cuda:0')	2	784
tensor(0, device='cuda:0')	0	785
tensor(0, device='cuda:0')	1	785
tensor(3, device='cuda:0')	2	785
tensor(0, device='cuda:0')	2	785
tensor(1, device='cuda:0')	1	786
tensor(1, device='cuda:0')	1	787
tensor(2, device='cuda:0')	0	787
tensor(1, device='cuda:0')	0	787
tensor(1, device='cuda:0')	1	788
tensor(0, device='cuda:0')	3	788
tensor(0, device='cuda:0')	1	788
tensor(2, device='cuda:0')	0	788
tensor(4, device='cuda:0')	1	788
tensor(2, device='cuda:0')	1	788
tensor(3, device='cuda:0')	3	789
tensor(4, device='cuda:0')	1	789
tensor(0, device='cuda:0')	0	790
tensor(2, device='cuda:0')	2	791
tensor(2, device='cuda:0')	2	792
tensor(0, device='cuda:0')	2	792
tensor(2, device='cuda:0')	2	793
tensor(2, device='cuda:0')	3	793
tensor(0, device='cuda:0')	0	794
tensor(3, device='cuda:0')	3	795
tensor(0, device='cuda:0')	0	796
tensor(4, device='cuda:0')	3	796
tensor(2, device='cuda:0')	2	797
tensor(3, device='cuda:0')	0	797
tensor(3, device='cuda:0')	0	797
tensor(2, device='cuda:0')	2	798
tensor(0, device='cuda:0')	0	799
tensor(1, device='cuda:0')	2	799
tensor(3, device='cuda:0')	0	799
tensor(3, device='cuda:0')	1	799
tensor(2, device='cuda:0')	0	799
tensor(0, device='cuda:0')	2	799
tensor(2, device='cuda:0')	0	799
tensor(1, device='cuda:0')	1	800
tensor(0, device='cuda:0')	3	800
tensor(3, device='cuda:0')	0	800
tensor(4, device='cuda:0')	3	800
tensor(3, device='cuda:0')	0	800
tensor(1, device='cuda:0')	0	800
tensor(1, device='cuda:0')	3	800
tensor(2, device='cuda:0')	0	800
tensor(0, device='cuda:0')	3	800
tensor(2, device='cuda:0')	1	800
tensor(1, device='cuda:0')	1	801
tensor(4, device='cuda:0')	3	801
tensor(0, device='cuda:0')	0	802
tensor(3, device='cuda:0')	3	803
tensor(0, device='cuda:0')	0	804
tensor(2, device='cuda:0')	2	805
tensor(1, device='cuda:0')	1	806
tensor(2, device='cuda:0')	2	807
tensor(1, device='cuda:0')	0	807
tensor(1, device='cuda:0')	1	808
tensor(2, device='cuda:0')	0	808
tensor(0, device='cuda:0')	0	809
tensor(2, device='cuda:0')	3	809
tensor(1, device='cuda:0')	1	810
tensor(3, device='cuda:0')	2	810
tensor(2, device='cuda:0')	0	810
tensor(3, device='cuda:0')	2	810
tensor(0, device='cuda:0')	1	810
tensor(0, device='cuda:0')	2	810
tensor(2, device='cuda:0')	2	811
tensor(1, device='cuda:0')	2	811
tensor(2, device='cuda:0')	3	811
tensor(0, device='cuda:0')	1	811
tensor(0, device='cuda:0')	1	811
tensor(2, device='cuda:0')	0	811
tensor(2, device='cuda:0')	2	812
tensor(0, device='cuda:0')	0	813
tensor(3, device='cuda:0')	0	813
tensor(3, device='cuda:0')	3	814
tensor(2, device='cuda:0')	0	814
tensor(1, device='cuda:0')	1	815
tensor(3, device='cuda:0')	2	815
tensor(2, device='cuda:0')	2	816
tensor(0, device='cuda:0')	1	816
tensor(3, device='cuda:0')	2	816
tensor(2, device='cuda:0')	0	816
tensor(2, device='cuda:0')	0	816
tensor(1, device='cuda:0')	2	816
tensor(0, device='cuda:0')	3	816
tensor(3, device='cuda:0')	3	817
tensor(2, device='cuda:0')	2	818
tensor(2, device='cuda:0')	1	818
tensor(0, device='cuda:0')	3	818
tensor(3, device='cuda:0')	2	818
tensor(2, device='cuda:0')	2	819
tensor(2, device='cuda:0')	0	819
tensor(1, device='cuda:0')	1	820
tensor(1, device='cuda:0')	1	821
tensor(1, device='cuda:0')	0	821
tensor(0, device='cuda:0')	0	822
tensor(0, device='cuda:0')	1	822
tensor(0, device='cuda:0')	1	822
tensor(0, device='cuda:0')	2	822
tensor(2, device='cuda:0')	3	822
tensor(2, device='cuda:0')	1	822
tensor(1, device='cuda:0')	3	822
tensor(3, device='cuda:0')	3	823
tensor(3, device='cuda:0')	3	824
tensor(0, device='cuda:0')	0	825
tensor(4, device='cuda:0')	0	825
tensor(1, device='cuda:0')	1	826
tensor(2, device='cuda:0')	0	826
tensor(2, device='cuda:0')	2	827
tensor(2, device='cuda:0')	2	828
tensor(1, device='cuda:0')	0	828
tensor(0, device='cuda:0')	1	828
tensor(2, device='cuda:0')	0	828
tensor(4, device='cuda:0')	3	828
tensor(2, device='cuda:0')	2	829
tensor(3, device='cuda:0')	2	829
tensor(4, device='cuda:0')	0	829
tensor(0, device='cuda:0')	2	829
tensor(2, device='cuda:0')	2	830
tensor(1, device='cuda:0')	2	830
tensor(0, device='cuda:0')	0	831
tensor(3, device='cuda:0')	0	831
tensor(2, device='cuda:0')	2	832
tensor(0, device='cuda:0')	1	832
tensor(0, device='cuda:0')	0	833
tensor(3, device='cuda:0')	1	833
tensor(0, device='cuda:0')	0	834
tensor(1, device='cuda:0')	0	834
tensor(3, device='cuda:0')	3	835
tensor(1, device='cuda:0')	1	836
tensor(0, device='cuda:0')	0	837
tensor(2, device='cuda:0')	2	838
tensor(0, device='cuda:0')	2	838
tensor(2, device='cuda:0')	2	839
tensor(2, device='cuda:0')	2	840
tensor(3, device='cuda:0')	2	840
tensor(2, device='cuda:0')	2	841
tensor(3, device='cuda:0')	0	841
tensor(1, device='cuda:0')	1	842
tensor(2, device='cuda:0')	1	842
tensor(3, device='cuda:0')	0	842
tensor(3, device='cuda:0')	2	842
tensor(2, device='cuda:0')	2	843
tensor(1, device='cuda:0')	1	844
tensor(0, device='cuda:0')	2	844
tensor(2, device='cuda:0')	2	845
tensor(3, device='cuda:0')	1	845
tensor(1, device='cuda:0')	1	846
tensor(1, device='cuda:0')	0	846
tensor(2, device='cuda:0')	3	846
tensor(3, device='cuda:0')	3	847
tensor(1, device='cuda:0')	3	847
tensor(2, device='cuda:0')	0	847
tensor(3, device='cuda:0')	1	847
tensor(3, device='cuda:0')	3	848
tensor(0, device='cuda:0')	1	848
tensor(0, device='cuda:0')	0	849
tensor(1, device='cuda:0')	1	850
tensor(3, device='cuda:0')	3	851
tensor(1, device='cuda:0')	2	851
tensor(0, device='cuda:0')	0	852
tensor(0, device='cuda:0')	3	852
tensor(0, device='cuda:0')	0	853
tensor(2, device='cuda:0')	2	854
tensor(1, device='cuda:0')	1	855
tensor(2, device='cuda:0')	3	855
tensor(0, device='cuda:0')	0	856
tensor(2, device='cuda:0')	2	857
tensor(2, device='cuda:0')	2	858
tensor(1, device='cuda:0')	0	858
tensor(0, device='cuda:0')	0	859
tensor(2, device='cuda:0')	2	860
tensor(2, device='cuda:0')	2	861
tensor(3, device='cuda:0')	0	861
tensor(1, device='cuda:0')	1	862
tensor(4, device='cuda:0')	1	862
tensor(0, device='cuda:0')	0	863
tensor(3, device='cuda:0')	3	864
tensor(1, device='cuda:0')	0	864
tensor(0, device='cuda:0')	3	864
tensor(3, device='cuda:0')	3	865
tensor(3, device='cuda:0')	3	866
tensor(3, device='cuda:0')	3	867
tensor(0, device='cuda:0')	3	867
tensor(0, device='cuda:0')	3	867
tensor(1, device='cuda:0')	2	867
tensor(3, device='cuda:0')	3	868
tensor(0, device='cuda:0')	3	868
tensor(0, device='cuda:0')	2	868
tensor(0, device='cuda:0')	0	869
tensor(3, device='cuda:0')	3	870
tensor(2, device='cuda:0')	1	870
tensor(3, device='cuda:0')	2	870
tensor(0, device='cuda:0')	2	870
tensor(0, device='cuda:0')	0	871
tensor(0, device='cuda:0')	0	872
tensor(1, device='cuda:0')	0	872
tensor(3, device='cuda:0')	3	873
tensor(0, device='cuda:0')	0	874
tensor(2, device='cuda:0')	2	875
tensor(2, device='cuda:0')	3	875
tensor(3, device='cuda:0')	0	875
tensor(1, device='cuda:0')	1	876
tensor(2, device='cuda:0')	0	876
tensor(0, device='cuda:0')	0	877
tensor(4, device='cuda:0')	3	877
tensor(1, device='cuda:0')	1	878
tensor(3, device='cuda:0')	3	879
tensor(2, device='cuda:0')	2	880
tensor(2, device='cuda:0')	2	881
tensor(0, device='cuda:0')	2	881
tensor(1, device='cuda:0')	1	882
tensor(2, device='cuda:0')	2	883
tensor(2, device='cuda:0')	2	884
tensor(2, device='cuda:0')	2	885
tensor(3, device='cuda:0')	3	886
tensor(2, device='cuda:0')	3	886
tensor(4, device='cuda:0')	0	886
tensor(0, device='cuda:0')	1	886
tensor(1, device='cuda:0')	0	886
tensor(2, device='cuda:0')	2	887
tensor(1, device='cuda:0')	1	888
tensor(1, device='cuda:0')	1	889
tensor(2, device='cuda:0')	1	889
tensor(0, device='cuda:0')	0	890
tensor(2, device='cuda:0')	0	890
tensor(3, device='cuda:0')	2	890
tensor(1, device='cuda:0')	1	891
tensor(0, device='cuda:0')	3	891
tensor(1, device='cuda:0')	0	891
tensor(3, device='cuda:0')	0	891
tensor(0, device='cuda:0')	3	891
tensor(0, device='cuda:0')	3	891
tensor(0, device='cuda:0')	1	891
tensor(0, device='cuda:0')	3	891
tensor(3, device='cuda:0')	1	891
tensor(4, device='cuda:0')	0	891
tensor(2, device='cuda:0')	2	892
tensor(0, device='cuda:0')	1	892
tensor(2, device='cuda:0')	0	892
tensor(0, device='cuda:0')	0	893
tensor(0, device='cuda:0')	0	894
tensor(2, device='cuda:0')	1	894
tensor(2, device='cuda:0')	0	894
tensor(2, device='cuda:0')	1	894
tensor(3, device='cuda:0')	3	895
tensor(3, device='cuda:0')	1	895
tensor(0, device='cuda:0')	2	895
tensor(3, device='cuda:0')	0	895
tensor(1, device='cuda:0')	1	896
tensor(2, device='cuda:0')	3	896
tensor(3, device='cuda:0')	1	896
tensor(0, device='cuda:0')	0	897
tensor(2, device='cuda:0')	1	897
tensor(2, device='cuda:0')	2	898
tensor(1, device='cuda:0')	1	899
tensor(2, device='cuda:0')	0	899
tensor(2, device='cuda:0')	0	899
tensor(1, device='cuda:0')	0	899
tensor(1, device='cuda:0')	1	900
tensor(3, device='cuda:0')	3	901
tensor(0, device='cuda:0')	0	902
tensor(1, device='cuda:0')	1	903
tensor(2, device='cuda:0')	1	903
tensor(1, device='cuda:0')	2	903
tensor(0, device='cuda:0')	0	904
tensor(0, device='cuda:0')	0	905
tensor(2, device='cuda:0')	2	906
tensor(0, device='cuda:0')	2	906
tensor(2, device='cuda:0')	0	906
tensor(1, device='cuda:0')	2	906
tensor(0, device='cuda:0')	1	906
tensor(3, device='cuda:0')	3	907
tensor(2, device='cuda:0')	3	907
tensor(1, device='cuda:0')	1	908
tensor(3, device='cuda:0')	3	909
tensor(1, device='cuda:0')	2	909
tensor(1, device='cuda:0')	2	909
tensor(0, device='cuda:0')	0	910
tensor(0, device='cuda:0')	3	910
tensor(1, device='cuda:0')	1	911
tensor(3, device='cuda:0')	2	911
tensor(3, device='cuda:0')	1	911
tensor(3, device='cuda:0')	2	911
tensor(2, device='cuda:0')	1	911
tensor(3, device='cuda:0')	0	911
tensor(3, device='cuda:0')	1	911
tensor(3, device='cuda:0')	3	912
tensor(1, device='cuda:0')	1	913
tensor(1, device='cuda:0')	1	914
tensor(1, device='cuda:0')	2	914
tensor(4, device='cuda:0')	1	914
tensor(1, device='cuda:0')	1	915
tensor(1, device='cuda:0')	1	916
tensor(1, device='cuda:0')	1	917
tensor(3, device='cuda:0')	1	917
tensor(0, device='cuda:0')	1	917
tensor(1, device='cuda:0')	3	917
tensor(2, device='cuda:0')	1	917
tensor(0, device='cuda:0')	0	918
tensor(0, device='cuda:0')	1	918
tensor(2, device='cuda:0')	1	918
tensor(1, device='cuda:0')	0	918
tensor(1, device='cuda:0')	2	918
tensor(0, device='cuda:0')	0	919
tensor(2, device='cuda:0')	1	919
tensor(0, device='cuda:0')	1	919
tensor(1, device='cuda:0')	2	919
tensor(1, device='cuda:0')	0	919
tensor(3, device='cuda:0')	1	919
tensor(3, device='cuda:0')	3	920
tensor(0, device='cuda:0')	2	920
tensor(3, device='cuda:0')	1	920
tensor(2, device='cuda:0')	1	920
tensor(3, device='cuda:0')	0	920
tensor(1, device='cuda:0')	3	920
tensor(1, device='cuda:0')	1	921
tensor(4, device='cuda:0')	1	921
tensor(1, device='cuda:0')	1	922
tensor(1, device='cuda:0')	2	922
tensor(2, device='cuda:0')	2	923
tensor(3, device='cuda:0')	3	924
tensor(4, device='cuda:0')	2	924
tensor(1, device='cuda:0')	1	925
tensor(0, device='cuda:0')	0	926
tensor(0, device='cuda:0')	2	926
tensor(1, device='cuda:0')	3	926
tensor(0, device='cuda:0')	0	927
tensor(4, device='cuda:0')	0	927
tensor(0, device='cuda:0')	0	928
tensor(0, device='cuda:0')	1	928
tensor(3, device='cuda:0')	0	928
tensor(2, device='cuda:0')	0	928
tensor(3, device='cuda:0')	3	929
tensor(2, device='cuda:0')	2	930
tensor(0, device='cuda:0')	0	931
tensor(1, device='cuda:0')	3	931
tensor(0, device='cuda:0')	1	931
tensor(2, device='cuda:0')	0	931
tensor(2, device='cuda:0')	1	931
tensor(3, device='cuda:0')	3	932
tensor(1, device='cuda:0')	1	933
tensor(1, device='cuda:0')	1	934
tensor(0, device='cuda:0')	2	934
tensor(1, device='cuda:0')	3	934
tensor(0, device='cuda:0')	1	934
tensor(0, device='cuda:0')	0	935
tensor(2, device='cuda:0')	1	935
tensor(1, device='cuda:0')	1	936
tensor(3, device='cuda:0')	0	936
tensor(1, device='cuda:0')	1	937
tensor(0, device='cuda:0')	3	937
tensor(0, device='cuda:0')	0	938
tensor(3, device='cuda:0')	3	939
tensor(1, device='cuda:0')	1	940
tensor(0, device='cuda:0')	2	940
tensor(1, device='cuda:0')	1	941
tensor(1, device='cuda:0')	1	942
tensor(3, device='cuda:0')	1	942
tensor(3, device='cuda:0')	2	942
tensor(3, device='cuda:0')	3	943
tensor(0, device='cuda:0')	1	943
tensor(0, device='cuda:0')	0	944
tensor(1, device='cuda:0')	3	944
tensor(4, device='cuda:0')	2	944
tensor(4, device='cuda:0')	1	944
tensor(3, device='cuda:0')	0	944
tensor(1, device='cuda:0')	0	944
tensor(1, device='cuda:0')	1	945
tensor(2, device='cuda:0')	2	946
tensor(4, device='cuda:0')	1	946
tensor(1, device='cuda:0')	2	946
tensor(0, device='cuda:0')	2	946
tensor(0, device='cuda:0')	0	947
tensor(2, device='cuda:0')	2	948
tensor(4, device='cuda:0')	0	948
tensor(0, device='cuda:0')	1	948
tensor(1, device='cuda:0')	2	948
tensor(0, device='cuda:0')	3	948
tensor(3, device='cuda:0')	0	948
tensor(1, device='cuda:0')	3	948
tensor(3, device='cuda:0')	3	949
tensor(3, device='cuda:0')	3	950
tensor(3, device='cuda:0')	1	950
tensor(2, device='cuda:0')	2	951
tensor(2, device='cuda:0')	2	952
tensor(1, device='cuda:0')	1	953
tensor(0, device='cuda:0')	1	953
tensor(3, device='cuda:0')	3	954
tensor(1, device='cuda:0')	3	954
tensor(3, device='cuda:0')	2	954
tensor(1, device='cuda:0')	1	955
tensor(2, device='cuda:0')	0	955
tensor(1, device='cuda:0')	2	955
tensor(3, device='cuda:0')	3	956
tensor(0, device='cuda:0')	0	957
tensor(3, device='cuda:0')	2	957
tensor(1, device='cuda:0')	2	957
tensor(1, device='cuda:0')	2	957
tensor(1, device='cuda:0')	1	958
tensor(2, device='cuda:0')	2	959
tensor(2, device='cuda:0')	0	959
tensor(1, device='cuda:0')	1	960
tensor(3, device='cuda:0')	3	961
tensor(2, device='cuda:0')	2	962
tensor(1, device='cuda:0')	0	962
tensor(2, device='cuda:0')	0	962
tensor(1, device='cuda:0')	0	962
tensor(0, device='cuda:0')	3	962
tensor(3, device='cuda:0')	3	963
tensor(2, device='cuda:0')	2	964
tensor(3, device='cuda:0')	3	965
tensor(3, device='cuda:0')	0	965
tensor(2, device='cuda:0')	2	966
tensor(2, device='cuda:0')	2	967
tensor(3, device='cuda:0')	3	968
tensor(2, device='cuda:0')	3	968
tensor(3, device='cuda:0')	3	969
tensor(1, device='cuda:0')	1	970
tensor(0, device='cuda:0')	0	971
tensor(1, device='cuda:0')	1	972
tensor(2, device='cuda:0')	2	973
tensor(2, device='cuda:0')	1	973
tensor(3, device='cuda:0')	3	974
tensor(0, device='cuda:0')	3	974
tensor(2, device='cuda:0')	3	974
tensor(1, device='cuda:0')	2	974
tensor(0, device='cuda:0')	3	974
tensor(1, device='cuda:0')	1	975
tensor(3, device='cuda:0')	2	975
tensor(3, device='cuda:0')	3	976
tensor(0, device='cuda:0')	0	977
tensor(1, device='cuda:0')	2	977
tensor(2, device='cuda:0')	0	977
tensor(3, device='cuda:0')	3	978
tensor(0, device='cuda:0')	1	978
tensor(3, device='cuda:0')	0	978
tensor(1, device='cuda:0')	2	978
tensor(1, device='cuda:0')	1	979
tensor(3, device='cuda:0')	3	980
tensor(0, device='cuda:0')	0	981
tensor(3, device='cuda:0')	1	981
tensor(0, device='cuda:0')	0	982
tensor(2, device='cuda:0')	3	982
tensor(1, device='cuda:0')	2	982
tensor(0, device='cuda:0')	0	983
tensor(2, device='cuda:0')	2	984
tensor(4, device='cuda:0')	0	984
tensor(3, device='cuda:0')	3	985
tensor(2, device='cuda:0')	2	986
tensor(3, device='cuda:0')	3	987
tensor(1, device='cuda:0')	3	987
tensor(2, device='cuda:0')	2	988
tensor(3, device='cuda:0')	1	988
tensor(0, device='cuda:0')	2	988
tensor(3, device='cuda:0')	3	989
tensor(3, device='cuda:0')	3	990
tensor(3, device='cuda:0')	3	991
tensor(3, device='cuda:0')	2	991
tensor(1, device='cuda:0')	3	991
tensor(3, device='cuda:0')	3	992
tensor(4, device='cuda:0')	2	992
tensor(3, device='cuda:0')	3	993
tensor(1, device='cuda:0')	1	994
tensor(2, device='cuda:0')	2	995
tensor(1, device='cuda:0')	1	996
tensor(2, device='cuda:0')	2	997
tensor(3, device='cuda:0')	3	998
tensor(1, device='cuda:0')	1	999
tensor(3, device='cuda:0')	1	999
tensor(0, device='cuda:0')	0	1000
tensor(1, device='cuda:0')	2	1000
tensor(1, device='cuda:0')	1	1001
tensor(2, device='cuda:0')	2	1002
tensor(0, device='cuda:0')	2	1002
tensor(2, device='cuda:0')	2	1003
tensor(1, device='cuda:0')	1	1004
tensor(3, device='cuda:0')	3	1005
tensor(4, device='cuda:0')	2	1005
tensor(1, device='cuda:0')	1	1006
tensor(3, device='cuda:0')	3	1007
tensor(2, device='cuda:0')	1	1007
tensor(1, device='cuda:0')	1	1008
tensor(1, device='cuda:0')	2	1008
tensor(0, device='cuda:0')	2	1008
tensor(2, device='cuda:0')	2	1009
tensor(0, device='cuda:0')	0	1010
tensor(1, device='cuda:0')	3	1010
tensor(1, device='cuda:0')	1	1011
tensor(2, device='cuda:0')	0	1011
tensor(0, device='cuda:0')	1	1011
tensor(3, device='cuda:0')	3	1012
tensor(3, device='cuda:0')	3	1013
tensor(2, device='cuda:0')	1	1013
tensor(1, device='cuda:0')	3	1013
tensor(2, device='cuda:0')	0	1013
tensor(2, device='cuda:0')	2	1014
tensor(2, device='cuda:0')	3	1014
tensor(1, device='cuda:0')	1	1015
tensor(0, device='cuda:0')	1	1015
tensor(1, device='cuda:0')	1	1016
tensor(2, device='cuda:0')	2	1017
tensor(3, device='cuda:0')	0	1017
tensor(2, device='cuda:0')	0	1017
tensor(1, device='cuda:0')	3	1017
tensor(2, device='cuda:0')	2	1018
tensor(1, device='cuda:0')	1	1019
tensor(3, device='cuda:0')	0	1019
tensor(1, device='cuda:0')	0	1019
tensor(3, device='cuda:0')	1	1019
tensor(1, device='cuda:0')	0	1019
tensor(2, device='cuda:0')	0	1019
tensor(1, device='cuda:0')	1	1020
tensor(0, device='cuda:0')	2	1020
tensor(1, device='cuda:0')	0	1020
tensor(2, device='cuda:0')	2	1021
tensor(0, device='cuda:0')	0	1022
tensor(3, device='cuda:0')	0	1022
tensor(3, device='cuda:0')	1	1022
tensor(1, device='cuda:0')	3	1022
tensor(0, device='cuda:0')	2	1022
tensor(3, device='cuda:0')	3	1023
tensor(0, device='cuda:0')	0	1024
tensor(1, device='cuda:0')	3	1024
tensor(0, device='cuda:0')	2	1024
tensor(1, device='cuda:0')	0	1024
tensor(0, device='cuda:0')	3	1024
tensor(0, device='cuda:0')	1	1024
tensor(0, device='cuda:0')	0	1025
tensor(3, device='cuda:0')	1	1025
tensor(3, device='cuda:0')	3	1026
tensor(0, device='cuda:0')	1	1026
tensor(2, device='cuda:0')	2	1027
tensor(0, device='cuda:0')	2	1027
tensor(4, device='cuda:0')	2	1027
tensor(2, device='cuda:0')	3	1027
tensor(0, device='cuda:0')	1	1027
tensor(3, device='cuda:0')	3	1028
tensor(3, device='cuda:0')	3	1029
tensor(1, device='cuda:0')	1	1030
tensor(3, device='cuda:0')	1	1030
tensor(3, device='cuda:0')	3	1031
tensor(0, device='cuda:0')	0	1032
tensor(3, device='cuda:0')	1	1032
tensor(0, device='cuda:0')	2	1032
tensor(3, device='cuda:0')	1	1032
tensor(0, device='cuda:0')	2	1032
tensor(3, device='cuda:0')	0	1032
tensor(3, device='cuda:0')	3	1033
tensor(3, device='cuda:0')	1	1033
tensor(0, device='cuda:0')	2	1033
tensor(1, device='cuda:0')	2	1033
tensor(1, device='cuda:0')	3	1033
tensor(3, device='cuda:0')	2	1033
tensor(1, device='cuda:0')	1	1034
tensor(2, device='cuda:0')	2	1035
tensor(2, device='cuda:0')	2	1036
tensor(1, device='cuda:0')	1	1037
tensor(1, device='cuda:0')	2	1037
tensor(3, device='cuda:0')	0	1037
tensor(1, device='cuda:0')	2	1037
tensor(3, device='cuda:0')	3	1038
tensor(2, device='cuda:0')	2	1039
tensor(1, device='cuda:0')	2	1039
tensor(2, device='cuda:0')	1	1039
tensor(2, device='cuda:0')	0	1039
tensor(3, device='cuda:0')	1	1039
tensor(0, device='cuda:0')	0	1040
tensor(1, device='cuda:0')	1	1041
tensor(1, device='cuda:0')	0	1041
tensor(1, device='cuda:0')	1	1042
tensor(2, device='cuda:0')	0	1042
tensor(4, device='cuda:0')	1	1042
tensor(3, device='cuda:0')	0	1042
tensor(1, device='cuda:0')	1	1043
tensor(1, device='cuda:0')	1	1044
tensor(3, device='cuda:0')	3	1045
tensor(0, device='cuda:0')	0	1046
tensor(0, device='cuda:0')	1	1046
tensor(4, device='cuda:0')	3	1046
tensor(1, device='cuda:0')	2	1046
tensor(1, device='cuda:0')	1	1047
tensor(4, device='cuda:0')	0	1047
tensor(4, device='cuda:0')	0	1047
tensor(0, device='cuda:0')	2	1047
tensor(2, device='cuda:0')	2	1048
tensor(3, device='cuda:0')	3	1049
tensor(1, device='cuda:0')	3	1049
tensor(3, device='cuda:0')	1	1049
tensor(0, device='cuda:0')	0	1050
tensor(0, device='cuda:0')	2	1050
tensor(1, device='cuda:0')	1	1051
tensor(0, device='cuda:0')	2	1051
tensor(4, device='cuda:0')	0	1051
tensor(3, device='cuda:0')	2	1051
tensor(0, device='cuda:0')	0	1052
tensor(0, device='cuda:0')	0	1053
tensor(1, device='cuda:0')	2	1053
tensor(1, device='cuda:0')	2	1053
tensor(1, device='cuda:0')	2	1053
tensor(2, device='cuda:0')	2	1054
tensor(1, device='cuda:0')	0	1054
tensor(0, device='cuda:0')	0	1055
tensor(0, device='cuda:0')	0	1056
tensor(1, device='cuda:0')	1	1057
tensor(3, device='cuda:0')	2	1057
tensor(0, device='cuda:0')	0	1058
tensor(2, device='cuda:0')	2	1059
tensor(2, device='cuda:0')	1	1059
tensor(0, device='cuda:0')	0	1060
tensor(2, device='cuda:0')	2	1061
tensor(0, device='cuda:0')	1	1061
tensor(0, device='cuda:0')	0	1062
tensor(2, device='cuda:0')	1	1062
tensor(4, device='cuda:0')	2	1062
tensor(3, device='cuda:0')	0	1062
tensor(0, device='cuda:0')	0	1063
tensor(0, device='cuda:0')	1	1063
tensor(0, device='cuda:0')	3	1063
tensor(3, device='cuda:0')	0	1063
tensor(3, device='cuda:0')	2	1063
tensor(4, device='cuda:0')	1	1063
tensor(3, device='cuda:0')	3	1064
tensor(0, device='cuda:0')	0	1065
tensor(0, device='cuda:0')	3	1065
tensor(1, device='cuda:0')	1	1066
tensor(1, device='cuda:0')	3	1066
tensor(3, device='cuda:0')	0	1066
tensor(2, device='cuda:0')	3	1066
tensor(3, device='cuda:0')	0	1066
tensor(0, device='cuda:0')	0	1067
tensor(1, device='cuda:0')	0	1067
tensor(1, device='cuda:0')	2	1067
tensor(3, device='cuda:0')	1	1067
tensor(4, device='cuda:0')	3	1067
tensor(2, device='cuda:0')	0	1067
tensor(0, device='cuda:0')	0	1068
tensor(2, device='cuda:0')	1	1068
tensor(0, device='cuda:0')	2	1068
tensor(0, device='cuda:0')	2	1068
tensor(0, device='cuda:0')	3	1068
tensor(2, device='cuda:0')	2	1069
tensor(3, device='cuda:0')	2	1069
tensor(0, device='cuda:0')	3	1069
tensor(2, device='cuda:0')	2	1070
tensor(0, device='cuda:0')	2	1070
tensor(1, device='cuda:0')	1	1071
tensor(2, device='cuda:0')	3	1071
tensor(0, device='cuda:0')	0	1072
tensor(2, device='cuda:0')	2	1073
tensor(1, device='cuda:0')	0	1073
tensor(1, device='cuda:0')	2	1073
tensor(2, device='cuda:0')	2	1074
tensor(1, device='cuda:0')	1	1075
tensor(4, device='cuda:0')	3	1075
tensor(2, device='cuda:0')	2	1076
tensor(3, device='cuda:0')	1	1076
tensor(1, device='cuda:0')	2	1076
tensor(0, device='cuda:0')	0	1077
tensor(2, device='cuda:0')	3	1077
tensor(0, device='cuda:0')	3	1077
tensor(3, device='cuda:0')	3	1078
tensor(0, device='cuda:0')	2	1078
tensor(0, device='cuda:0')	2	1078
tensor(3, device='cuda:0')	2	1078
tensor(0, device='cuda:0')	0	1079
tensor(0, device='cuda:0')	3	1079
tensor(2, device='cuda:0')	2	1080
tensor(3, device='cuda:0')	3	1081
tensor(2, device='cuda:0')	2	1082
tensor(2, device='cuda:0')	3	1082
tensor(0, device='cuda:0')	2	1082
tensor(2, device='cuda:0')	0	1082
tensor(3, device='cuda:0')	3	1083
tensor(2, device='cuda:0')	2	1084
tensor(2, device='cuda:0')	2	1085
tensor(1, device='cuda:0')	2	1085
tensor(2, device='cuda:0')	1	1085
tensor(3, device='cuda:0')	2	1085
tensor(0, device='cuda:0')	0	1086
tensor(1, device='cuda:0')	1	1087
tensor(1, device='cuda:0')	0	1087
tensor(3, device='cuda:0')	0	1087
tensor(3, device='cuda:0')	0	1087
tensor(0, device='cuda:0')	1	1087
tensor(3, device='cuda:0')	3	1088
tensor(3, device='cuda:0')	3	1089
tensor(2, device='cuda:0')	2	1090
tensor(1, device='cuda:0')	1	1091
tensor(3, device='cuda:0')	3	1092
tensor(3, device='cuda:0')	3	1093
tensor(0, device='cuda:0')	2	1093
tensor(2, device='cuda:0')	2	1094
tensor(1, device='cuda:0')	2	1094
tensor(2, device='cuda:0')	0	1094
tensor(3, device='cuda:0')	3	1095
tensor(0, device='cuda:0')	0	1096
tensor(0, device='cuda:0')	0	1097
tensor(2, device='cuda:0')	2	1098
tensor(3, device='cuda:0')	2	1098
tensor(3, device='cuda:0')	3	1099
tensor(3, device='cuda:0')	1	1099
tensor(4, device='cuda:0')	3	1099
tensor(1, device='cuda:0')	1	1100
tensor(1, device='cuda:0')	1	1101
tensor(0, device='cuda:0')	3	1101
tensor(1, device='cuda:0')	0	1101
tensor(3, device='cuda:0')	0	1101
tensor(2, device='cuda:0')	1	1101
tensor(2, device='cuda:0')	3	1101
tensor(1, device='cuda:0')	0	1101
tensor(0, device='cuda:0')	0	1102
tensor(2, device='cuda:0')	3	1102
tensor(1, device='cuda:0')	3	1102
tensor(1, device='cuda:0')	3	1102
tensor(0, device='cuda:0')	1	1102
tensor(3, device='cuda:0')	1	1102
tensor(0, device='cuda:0')	2	1102
tensor(3, device='cuda:0')	3	1103
tensor(2, device='cuda:0')	0	1103
tensor(2, device='cuda:0')	2	1104
tensor(3, device='cuda:0')	0	1104
tensor(4, device='cuda:0')	1	1104
tensor(1, device='cuda:0')	1	1105
tensor(1, device='cuda:0')	3	1105
tensor(0, device='cuda:0')	0	1106
tensor(1, device='cuda:0')	0	1106
tensor(1, device='cuda:0')	1	1107
tensor(2, device='cuda:0')	0	1107
tensor(4, device='cuda:0')	2	1107
tensor(1, device='cuda:0')	1	1108
tensor(4, device='cuda:0')	0	1108
tensor(3, device='cuda:0')	0	1108
tensor(1, device='cuda:0')	1	1109
tensor(2, device='cuda:0')	0	1109
tensor(3, device='cuda:0')	1	1109
tensor(3, device='cuda:0')	2	1109
tensor(1, device='cuda:0')	2	1109
tensor(1, device='cuda:0')	2	1109
tensor(2, device='cuda:0')	0	1109
2376
Accuracy: 0.46675084175084175
