loading archive file checkpoints
loading archive file data/CommonsenseQA
| dictionary: 50265 types
tensor(0, device='cuda:0')	0	1
tensor(1, device='cuda:0')	1	2
tensor(3, device='cuda:0')	3	3
tensor(3, device='cuda:0')	3	4
tensor(2, device='cuda:0')	1	4
tensor(1, device='cuda:0')	2	4
tensor(1, device='cuda:0')	0	4
tensor(2, device='cuda:0')	2	5
tensor(3, device='cuda:0')	2	5
tensor(2, device='cuda:0')	0	5
tensor(0, device='cuda:0')	1	5
tensor(2, device='cuda:0')	1	5
tensor(1, device='cuda:0')	1	6
tensor(1, device='cuda:0')	1	7
tensor(1, device='cuda:0')	1	8
tensor(3, device='cuda:0')	1	8
tensor(2, device='cuda:0')	1	8
tensor(0, device='cuda:0')	3	8
tensor(0, device='cuda:0')	1	8
tensor(2, device='cuda:0')	3	8
tensor(3, device='cuda:0')	3	9
tensor(3, device='cuda:0')	3	10
tensor(1, device='cuda:0')	3	10
tensor(1, device='cuda:0')	2	10
tensor(3, device='cuda:0')	1	10
tensor(1, device='cuda:0')	2	10
tensor(1, device='cuda:0')	1	11
tensor(1, device='cuda:0')	1	12
tensor(0, device='cuda:0')	0	13
tensor(1, device='cuda:0')	1	14
tensor(0, device='cuda:0')	0	15
tensor(2, device='cuda:0')	2	16
tensor(3, device='cuda:0')	0	16
tensor(0, device='cuda:0')	0	17
tensor(0, device='cuda:0')	2	17
tensor(0, device='cuda:0')	0	18
tensor(3, device='cuda:0')	3	19
tensor(3, device='cuda:0')	2	19
tensor(2, device='cuda:0')	2	20
tensor(0, device='cuda:0')	1	20
tensor(0, device='cuda:0')	0	21
tensor(3, device='cuda:0')	1	21
tensor(2, device='cuda:0')	0	21
tensor(0, device='cuda:0')	2	21
tensor(2, device='cuda:0')	0	21
tensor(3, device='cuda:0')	3	22
tensor(3, device='cuda:0')	3	23
tensor(2, device='cuda:0')	2	24
tensor(0, device='cuda:0')	3	24
tensor(1, device='cuda:0')	3	24
tensor(0, device='cuda:0')	0	25
tensor(1, device='cuda:0')	1	26
tensor(0, device='cuda:0')	2	26
tensor(0, device='cuda:0')	0	27
tensor(3, device='cuda:0')	2	27
tensor(3, device='cuda:0')	1	27
tensor(3, device='cuda:0')	3	28
tensor(3, device='cuda:0')	2	28
tensor(3, device='cuda:0')	1	28
tensor(1, device='cuda:0')	0	28
tensor(3, device='cuda:0')	1	28
tensor(3, device='cuda:0')	3	29
tensor(0, device='cuda:0')	3	29
tensor(1, device='cuda:0')	1	30
tensor(1, device='cuda:0')	0	30
tensor(0, device='cuda:0')	0	31
tensor(1, device='cuda:0')	1	32
tensor(1, device='cuda:0')	1	33
tensor(0, device='cuda:0')	0	34
tensor(1, device='cuda:0')	1	35
tensor(2, device='cuda:0')	0	35
tensor(3, device='cuda:0')	3	36
tensor(3, device='cuda:0')	3	37
tensor(2, device='cuda:0')	1	37
tensor(0, device='cuda:0')	2	37
tensor(3, device='cuda:0')	3	38
tensor(2, device='cuda:0')	1	38
tensor(1, device='cuda:0')	1	39
tensor(2, device='cuda:0')	1	39
tensor(0, device='cuda:0')	0	40
tensor(3, device='cuda:0')	3	41
tensor(2, device='cuda:0')	0	41
tensor(2, device='cuda:0')	2	42
tensor(3, device='cuda:0')	0	42
tensor(3, device='cuda:0')	1	42
tensor(0, device='cuda:0')	0	43
tensor(1, device='cuda:0')	0	43
tensor(1, device='cuda:0')	0	43
tensor(2, device='cuda:0')	2	44
tensor(3, device='cuda:0')	3	45
tensor(0, device='cuda:0')	2	45
tensor(2, device='cuda:0')	2	46
tensor(2, device='cuda:0')	2	47
tensor(1, device='cuda:0')	1	48
tensor(1, device='cuda:0')	1	49
tensor(0, device='cuda:0')	0	50
tensor(2, device='cuda:0')	0	50
tensor(1, device='cuda:0')	2	50
tensor(2, device='cuda:0')	1	50
tensor(1, device='cuda:0')	2	50
tensor(1, device='cuda:0')	1	51
tensor(3, device='cuda:0')	3	52
tensor(1, device='cuda:0')	1	53
tensor(1, device='cuda:0')	2	53
tensor(3, device='cuda:0')	3	54
tensor(2, device='cuda:0')	2	55
tensor(3, device='cuda:0')	1	55
tensor(2, device='cuda:0')	2	56
tensor(1, device='cuda:0')	2	56
tensor(2, device='cuda:0')	2	57
tensor(0, device='cuda:0')	1	57
tensor(2, device='cuda:0')	1	57
tensor(1, device='cuda:0')	1	58
tensor(1, device='cuda:0')	2	58
tensor(0, device='cuda:0')	2	58
tensor(0, device='cuda:0')	1	58
tensor(1, device='cuda:0')	1	59
tensor(1, device='cuda:0')	1	60
tensor(0, device='cuda:0')	0	61
tensor(1, device='cuda:0')	0	61
tensor(3, device='cuda:0')	0	61
tensor(3, device='cuda:0')	2	61
tensor(1, device='cuda:0')	1	62
tensor(2, device='cuda:0')	2	63
tensor(2, device='cuda:0')	2	64
tensor(0, device='cuda:0')	2	64
tensor(0, device='cuda:0')	0	65
tensor(2, device='cuda:0')	2	66
tensor(3, device='cuda:0')	2	66
tensor(1, device='cuda:0')	1	67
tensor(1, device='cuda:0')	2	67
tensor(0, device='cuda:0')	0	68
tensor(3, device='cuda:0')	1	68
tensor(1, device='cuda:0')	0	68
tensor(2, device='cuda:0')	1	68
tensor(1, device='cuda:0')	3	68
tensor(0, device='cuda:0')	0	69
tensor(0, device='cuda:0')	1	69
tensor(3, device='cuda:0')	3	70
tensor(0, device='cuda:0')	2	70
tensor(3, device='cuda:0')	1	70
tensor(0, device='cuda:0')	3	70
tensor(2, device='cuda:0')	1	70
tensor(2, device='cuda:0')	3	70
tensor(0, device='cuda:0')	0	71
tensor(3, device='cuda:0')	3	72
tensor(0, device='cuda:0')	0	73
tensor(1, device='cuda:0')	1	74
tensor(0, device='cuda:0')	1	74
tensor(3, device='cuda:0')	0	74
tensor(3, device='cuda:0')	0	74
tensor(0, device='cuda:0')	0	75
tensor(2, device='cuda:0')	3	75
tensor(0, device='cuda:0')	0	76
tensor(1, device='cuda:0')	3	76
tensor(1, device='cuda:0')	3	76
tensor(1, device='cuda:0')	3	76
tensor(0, device='cuda:0')	0	77
tensor(2, device='cuda:0')	3	77
tensor(1, device='cuda:0')	1	78
tensor(1, device='cuda:0')	3	78
tensor(2, device='cuda:0')	1	78
tensor(2, device='cuda:0')	2	79
tensor(3, device='cuda:0')	3	80
tensor(3, device='cuda:0')	2	80
tensor(3, device='cuda:0')	0	80
tensor(0, device='cuda:0')	1	80
tensor(0, device='cuda:0')	0	81
tensor(0, device='cuda:0')	0	82
tensor(1, device='cuda:0')	1	83
tensor(1, device='cuda:0')	2	83
tensor(1, device='cuda:0')	1	84
tensor(2, device='cuda:0')	3	84
tensor(0, device='cuda:0')	2	84
tensor(2, device='cuda:0')	2	85
tensor(2, device='cuda:0')	2	86
tensor(1, device='cuda:0')	0	86
tensor(1, device='cuda:0')	1	87
tensor(1, device='cuda:0')	2	87
tensor(2, device='cuda:0')	2	88
tensor(1, device='cuda:0')	1	89
tensor(2, device='cuda:0')	1	89
tensor(0, device='cuda:0')	0	90
tensor(3, device='cuda:0')	0	90
tensor(2, device='cuda:0')	2	91
tensor(3, device='cuda:0')	3	92
tensor(1, device='cuda:0')	1	93
tensor(3, device='cuda:0')	2	93
tensor(1, device='cuda:0')	1	94
tensor(2, device='cuda:0')	2	95
tensor(3, device='cuda:0')	0	95
tensor(2, device='cuda:0')	2	96
tensor(0, device='cuda:0')	0	97
tensor(3, device='cuda:0')	0	97
tensor(2, device='cuda:0')	1	97
tensor(1, device='cuda:0')	1	98
tensor(2, device='cuda:0')	2	99
tensor(1, device='cuda:0')	2	99
tensor(2, device='cuda:0')	3	99
tensor(1, device='cuda:0')	1	100
tensor(1, device='cuda:0')	2	100
tensor(0, device='cuda:0')	2	100
tensor(1, device='cuda:0')	2	100
tensor(3, device='cuda:0')	0	100
tensor(0, device='cuda:0')	1	100
tensor(1, device='cuda:0')	1	101
tensor(2, device='cuda:0')	2	102
tensor(3, device='cuda:0')	3	103
tensor(2, device='cuda:0')	2	104
tensor(2, device='cuda:0')	1	104
tensor(1, device='cuda:0')	1	105
tensor(2, device='cuda:0')	2	106
tensor(2, device='cuda:0')	2	107
tensor(2, device='cuda:0')	0	107
tensor(0, device='cuda:0')	0	108
tensor(0, device='cuda:0')	2	108
tensor(0, device='cuda:0')	0	109
tensor(3, device='cuda:0')	2	109
tensor(1, device='cuda:0')	1	110
tensor(0, device='cuda:0')	1	110
tensor(3, device='cuda:0')	3	111
tensor(3, device='cuda:0')	3	112
tensor(2, device='cuda:0')	2	113
tensor(3, device='cuda:0')	3	114
tensor(3, device='cuda:0')	3	115
tensor(3, device='cuda:0')	3	116
tensor(1, device='cuda:0')	0	116
tensor(0, device='cuda:0')	1	116
tensor(3, device='cuda:0')	3	117
tensor(2, device='cuda:0')	1	117
tensor(3, device='cuda:0')	0	117
tensor(1, device='cuda:0')	3	117
tensor(1, device='cuda:0')	1	118
tensor(1, device='cuda:0')	1	119
tensor(1, device='cuda:0')	1	120
tensor(3, device='cuda:0')	0	120
tensor(3, device='cuda:0')	3	121
tensor(0, device='cuda:0')	3	121
tensor(1, device='cuda:0')	0	121
tensor(0, device='cuda:0')	3	121
tensor(3, device='cuda:0')	1	121
tensor(3, device='cuda:0')	3	122
tensor(1, device='cuda:0')	3	122
tensor(0, device='cuda:0')	0	123
tensor(2, device='cuda:0')	2	124
tensor(3, device='cuda:0')	3	125
tensor(0, device='cuda:0')	1	125
tensor(3, device='cuda:0')	1	125
tensor(0, device='cuda:0')	0	126
tensor(0, device='cuda:0')	0	127
tensor(2, device='cuda:0')	2	128
tensor(1, device='cuda:0')	3	128
tensor(1, device='cuda:0')	1	129
tensor(2, device='cuda:0')	2	130
tensor(0, device='cuda:0')	3	130
tensor(0, device='cuda:0')	0	131
tensor(3, device='cuda:0')	3	132
tensor(3, device='cuda:0')	3	133
tensor(1, device='cuda:0')	1	134
tensor(0, device='cuda:0')	1	134
tensor(2, device='cuda:0')	0	134
tensor(2, device='cuda:0')	2	135
tensor(1, device='cuda:0')	1	136
tensor(0, device='cuda:0')	3	136
tensor(2, device='cuda:0')	2	137
tensor(3, device='cuda:0')	3	138
tensor(1, device='cuda:0')	0	138
tensor(0, device='cuda:0')	2	138
tensor(2, device='cuda:0')	2	139
tensor(3, device='cuda:0')	1	139
tensor(0, device='cuda:0')	2	139
tensor(3, device='cuda:0')	3	140
tensor(1, device='cuda:0')	0	140
tensor(1, device='cuda:0')	1	141
tensor(1, device='cuda:0')	0	141
tensor(0, device='cuda:0')	1	141
tensor(1, device='cuda:0')	1	142
tensor(1, device='cuda:0')	1	143
tensor(3, device='cuda:0')	2	143
tensor(2, device='cuda:0')	2	144
tensor(0, device='cuda:0')	0	145
tensor(2, device='cuda:0')	0	145
tensor(2, device='cuda:0')	2	146
tensor(1, device='cuda:0')	0	146
tensor(3, device='cuda:0')	0	146
tensor(3, device='cuda:0')	3	147
tensor(3, device='cuda:0')	3	148
tensor(2, device='cuda:0')	3	148
tensor(3, device='cuda:0')	0	148
tensor(1, device='cuda:0')	2	148
tensor(3, device='cuda:0')	1	148
tensor(1, device='cuda:0')	1	149
tensor(0, device='cuda:0')	2	149
tensor(0, device='cuda:0')	3	149
tensor(0, device='cuda:0')	0	150
tensor(2, device='cuda:0')	2	151
tensor(1, device='cuda:0')	0	151
tensor(2, device='cuda:0')	0	151
tensor(0, device='cuda:0')	1	151
tensor(2, device='cuda:0')	2	152
tensor(2, device='cuda:0')	2	153
tensor(2, device='cuda:0')	0	153
tensor(0, device='cuda:0')	1	153
tensor(2, device='cuda:0')	1	153
tensor(2, device='cuda:0')	2	154
tensor(1, device='cuda:0')	1	155
tensor(2, device='cuda:0')	2	156
tensor(1, device='cuda:0')	1	157
tensor(2, device='cuda:0')	2	158
tensor(1, device='cuda:0')	3	158
tensor(1, device='cuda:0')	1	159
tensor(2, device='cuda:0')	3	159
tensor(2, device='cuda:0')	0	159
tensor(3, device='cuda:0')	3	160
tensor(3, device='cuda:0')	1	160
tensor(0, device='cuda:0')	1	160
tensor(0, device='cuda:0')	3	160
tensor(1, device='cuda:0')	1	161
tensor(1, device='cuda:0')	1	162
tensor(3, device='cuda:0')	3	163
tensor(0, device='cuda:0')	0	164
tensor(3, device='cuda:0')	1	164
tensor(0, device='cuda:0')	0	165
tensor(0, device='cuda:0')	3	165
tensor(2, device='cuda:0')	2	166
tensor(1, device='cuda:0')	1	167
tensor(3, device='cuda:0')	2	167
tensor(1, device='cuda:0')	1	168
tensor(2, device='cuda:0')	0	168
tensor(0, device='cuda:0')	0	169
tensor(0, device='cuda:0')	3	169
tensor(1, device='cuda:0')	1	170
tensor(3, device='cuda:0')	0	170
tensor(0, device='cuda:0')	1	170
tensor(3, device='cuda:0')	3	171
tensor(1, device='cuda:0')	2	171
tensor(0, device='cuda:0')	2	171
tensor(0, device='cuda:0')	2	171
tensor(1, device='cuda:0')	2	171
tensor(3, device='cuda:0')	3	172
tensor(1, device='cuda:0')	1	173
tensor(1, device='cuda:0')	1	174
tensor(2, device='cuda:0')	2	175
tensor(0, device='cuda:0')	0	176
tensor(0, device='cuda:0')	1	176
tensor(2, device='cuda:0')	2	177
tensor(1, device='cuda:0')	0	177
tensor(0, device='cuda:0')	0	178
tensor(3, device='cuda:0')	2	178
tensor(0, device='cuda:0')	1	178
tensor(0, device='cuda:0')	0	179
tensor(2, device='cuda:0')	2	180
tensor(0, device='cuda:0')	3	180
tensor(1, device='cuda:0')	0	180
tensor(3, device='cuda:0')	2	180
tensor(3, device='cuda:0')	0	180
tensor(0, device='cuda:0')	0	181
tensor(3, device='cuda:0')	2	181
tensor(1, device='cuda:0')	3	181
tensor(1, device='cuda:0')	0	181
tensor(1, device='cuda:0')	1	182
tensor(1, device='cuda:0')	1	183
tensor(1, device='cuda:0')	1	184
tensor(3, device='cuda:0')	3	185
tensor(3, device='cuda:0')	3	186
tensor(0, device='cuda:0')	3	186
tensor(2, device='cuda:0')	2	187
tensor(0, device='cuda:0')	0	188
tensor(0, device='cuda:0')	3	188
tensor(3, device='cuda:0')	3	189
tensor(0, device='cuda:0')	0	190
tensor(1, device='cuda:0')	3	190
tensor(2, device='cuda:0')	2	191
tensor(2, device='cuda:0')	0	191
tensor(0, device='cuda:0')	3	191
tensor(2, device='cuda:0')	1	191
tensor(2, device='cuda:0')	1	191
tensor(3, device='cuda:0')	0	191
tensor(2, device='cuda:0')	2	192
tensor(1, device='cuda:0')	1	193
tensor(3, device='cuda:0')	3	194
tensor(2, device='cuda:0')	0	194
tensor(0, device='cuda:0')	3	194
tensor(3, device='cuda:0')	2	194
tensor(2, device='cuda:0')	0	194
tensor(0, device='cuda:0')	0	195
tensor(0, device='cuda:0')	2	195
tensor(2, device='cuda:0')	2	196
tensor(3, device='cuda:0')	3	197
tensor(3, device='cuda:0')	3	198
tensor(3, device='cuda:0')	3	199
tensor(1, device='cuda:0')	1	200
tensor(1, device='cuda:0')	3	200
tensor(0, device='cuda:0')	3	200
tensor(2, device='cuda:0')	1	200
tensor(2, device='cuda:0')	1	200
tensor(2, device='cuda:0')	2	201
tensor(3, device='cuda:0')	3	202
tensor(0, device='cuda:0')	2	202
tensor(1, device='cuda:0')	1	203
tensor(2, device='cuda:0')	0	203
tensor(1, device='cuda:0')	3	203
tensor(3, device='cuda:0')	3	204
tensor(0, device='cuda:0')	0	205
tensor(2, device='cuda:0')	3	205
tensor(3, device='cuda:0')	3	206
tensor(2, device='cuda:0')	2	207
tensor(2, device='cuda:0')	2	208
tensor(0, device='cuda:0')	1	208
tensor(1, device='cuda:0')	2	208
tensor(1, device='cuda:0')	1	209
tensor(2, device='cuda:0')	2	210
tensor(2, device='cuda:0')	2	211
tensor(0, device='cuda:0')	0	212
tensor(2, device='cuda:0')	2	213
tensor(0, device='cuda:0')	0	214
tensor(3, device='cuda:0')	3	215
tensor(2, device='cuda:0')	2	216
tensor(0, device='cuda:0')	3	216
tensor(0, device='cuda:0')	2	216
tensor(1, device='cuda:0')	1	217
tensor(0, device='cuda:0')	0	218
tensor(1, device='cuda:0')	1	219
tensor(2, device='cuda:0')	2	220
tensor(2, device='cuda:0')	3	220
tensor(3, device='cuda:0')	2	220
tensor(2, device='cuda:0')	1	220
tensor(1, device='cuda:0')	1	221
tensor(1, device='cuda:0')	2	221
tensor(0, device='cuda:0')	0	222
tensor(2, device='cuda:0')	3	222
tensor(3, device='cuda:0')	3	223
tensor(1, device='cuda:0')	1	224
tensor(3, device='cuda:0')	2	224
tensor(2, device='cuda:0')	2	225
tensor(1, device='cuda:0')	1	226
tensor(3, device='cuda:0')	3	227
tensor(3, device='cuda:0')	3	228
tensor(1, device='cuda:0')	1	229
tensor(0, device='cuda:0')	0	230
tensor(3, device='cuda:0')	3	231
tensor(3, device='cuda:0')	1	231
tensor(2, device='cuda:0')	0	231
tensor(2, device='cuda:0')	3	231
tensor(3, device='cuda:0')	0	231
tensor(0, device='cuda:0')	0	232
tensor(3, device='cuda:0')	3	233
tensor(3, device='cuda:0')	3	234
tensor(3, device='cuda:0')	3	235
tensor(2, device='cuda:0')	2	236
tensor(0, device='cuda:0')	2	236
tensor(1, device='cuda:0')	0	236
tensor(0, device='cuda:0')	2	236
tensor(3, device='cuda:0')	3	237
tensor(0, device='cuda:0')	1	237
tensor(3, device='cuda:0')	3	238
tensor(2, device='cuda:0')	2	239
tensor(3, device='cuda:0')	3	240
tensor(3, device='cuda:0')	3	241
tensor(1, device='cuda:0')	2	241
tensor(0, device='cuda:0')	3	241
tensor(3, device='cuda:0')	3	242
tensor(1, device='cuda:0')	1	243
tensor(0, device='cuda:0')	0	244
tensor(1, device='cuda:0')	0	244
tensor(2, device='cuda:0')	3	244
tensor(0, device='cuda:0')	0	245
tensor(0, device='cuda:0')	2	245
tensor(0, device='cuda:0')	0	246
tensor(0, device='cuda:0')	0	247
tensor(2, device='cuda:0')	0	247
tensor(2, device='cuda:0')	3	247
tensor(0, device='cuda:0')	2	247
tensor(2, device='cuda:0')	0	247
tensor(0, device='cuda:0')	2	247
tensor(3, device='cuda:0')	3	248
tensor(1, device='cuda:0')	1	249
tensor(2, device='cuda:0')	2	250
tensor(3, device='cuda:0')	3	251
tensor(0, device='cuda:0')	0	252
tensor(0, device='cuda:0')	1	252
tensor(0, device='cuda:0')	2	252
tensor(0, device='cuda:0')	2	252
tensor(2, device='cuda:0')	2	253
tensor(2, device='cuda:0')	2	254
tensor(3, device='cuda:0')	0	254
tensor(1, device='cuda:0')	3	254
tensor(1, device='cuda:0')	2	254
tensor(1, device='cuda:0')	2	254
tensor(0, device='cuda:0')	2	254
tensor(0, device='cuda:0')	1	254
tensor(2, device='cuda:0')	0	254
tensor(0, device='cuda:0')	2	254
tensor(2, device='cuda:0')	2	255
tensor(2, device='cuda:0')	3	255
tensor(0, device='cuda:0')	2	255
tensor(0, device='cuda:0')	2	255
tensor(2, device='cuda:0')	3	255
tensor(2, device='cuda:0')	2	256
tensor(3, device='cuda:0')	2	256
tensor(1, device='cuda:0')	1	257
tensor(1, device='cuda:0')	3	257
tensor(3, device='cuda:0')	3	258
tensor(0, device='cuda:0')	0	259
tensor(1, device='cuda:0')	2	259
tensor(0, device='cuda:0')	0	260
tensor(0, device='cuda:0')	2	260
tensor(2, device='cuda:0')	2	261
tensor(1, device='cuda:0')	0	261
tensor(3, device='cuda:0')	2	261
tensor(0, device='cuda:0')	0	262
tensor(3, device='cuda:0')	1	262
tensor(3, device='cuda:0')	1	262
tensor(2, device='cuda:0')	3	262
tensor(1, device='cuda:0')	3	262
tensor(0, device='cuda:0')	1	262
tensor(0, device='cuda:0')	0	263
tensor(3, device='cuda:0')	1	263
tensor(2, device='cuda:0')	2	264
tensor(2, device='cuda:0')	2	265
tensor(3, device='cuda:0')	2	265
tensor(1, device='cuda:0')	3	265
tensor(3, device='cuda:0')	3	266
tensor(0, device='cuda:0')	0	267
tensor(3, device='cuda:0')	0	267
tensor(3, device='cuda:0')	3	268
tensor(0, device='cuda:0')	3	268
tensor(0, device='cuda:0')	0	269
tensor(3, device='cuda:0')	2	269
tensor(0, device='cuda:0')	2	269
tensor(2, device='cuda:0')	3	269
tensor(2, device='cuda:0')	2	270
tensor(2, device='cuda:0')	2	271
tensor(2, device='cuda:0')	1	271
tensor(0, device='cuda:0')	0	272
tensor(0, device='cuda:0')	0	273
tensor(0, device='cuda:0')	2	273
tensor(1, device='cuda:0')	1	274
tensor(0, device='cuda:0')	0	275
tensor(2, device='cuda:0')	2	276
tensor(2, device='cuda:0')	2	277
tensor(0, device='cuda:0')	3	277
tensor(0, device='cuda:0')	0	278
tensor(1, device='cuda:0')	0	278
tensor(3, device='cuda:0')	3	279
tensor(1, device='cuda:0')	2	279
tensor(3, device='cuda:0')	3	280
tensor(2, device='cuda:0')	2	281
tensor(0, device='cuda:0')	2	281
tensor(2, device='cuda:0')	1	281
tensor(1, device='cuda:0')	3	281
tensor(0, device='cuda:0')	2	281
tensor(3, device='cuda:0')	3	282
tensor(1, device='cuda:0')	1	283
tensor(0, device='cuda:0')	0	284
tensor(0, device='cuda:0')	0	285
tensor(3, device='cuda:0')	3	286
tensor(3, device='cuda:0')	3	287
tensor(1, device='cuda:0')	1	288
tensor(2, device='cuda:0')	2	289
tensor(0, device='cuda:0')	0	290
tensor(0, device='cuda:0')	1	290
tensor(2, device='cuda:0')	2	291
tensor(3, device='cuda:0')	1	291
tensor(0, device='cuda:0')	2	291
tensor(1, device='cuda:0')	0	291
tensor(2, device='cuda:0')	2	292
tensor(2, device='cuda:0')	0	292
tensor(3, device='cuda:0')	2	292
tensor(3, device='cuda:0')	3	293
tensor(3, device='cuda:0')	3	294
tensor(1, device='cuda:0')	1	295
tensor(2, device='cuda:0')	1	295
tensor(3, device='cuda:0')	3	296
tensor(1, device='cuda:0')	2	296
tensor(0, device='cuda:0')	0	297
tensor(0, device='cuda:0')	2	297
tensor(3, device='cuda:0')	3	298
tensor(0, device='cuda:0')	0	299
tensor(2, device='cuda:0')	0	299
tensor(2, device='cuda:0')	0	299
tensor(3, device='cuda:0')	3	300
tensor(1, device='cuda:0')	1	301
tensor(3, device='cuda:0')	0	301
tensor(1, device='cuda:0')	1	302
tensor(2, device='cuda:0')	2	303
tensor(1, device='cuda:0')	1	304
tensor(0, device='cuda:0')	2	304
tensor(0, device='cuda:0')	3	304
tensor(3, device='cuda:0')	3	305
tensor(3, device='cuda:0')	2	305
tensor(3, device='cuda:0')	0	305
tensor(1, device='cuda:0')	2	305
tensor(3, device='cuda:0')	3	306
tensor(1, device='cuda:0')	1	307
tensor(2, device='cuda:0')	2	308
tensor(3, device='cuda:0')	2	308
tensor(0, device='cuda:0')	0	309
tensor(0, device='cuda:0')	2	309
tensor(3, device='cuda:0')	3	310
tensor(3, device='cuda:0')	2	310
tensor(2, device='cuda:0')	1	310
tensor(1, device='cuda:0')	1	311
tensor(1, device='cuda:0')	1	312
tensor(2, device='cuda:0')	1	312
tensor(0, device='cuda:0')	2	312
tensor(3, device='cuda:0')	1	312
tensor(0, device='cuda:0')	0	313
tensor(1, device='cuda:0')	0	313
tensor(3, device='cuda:0')	3	314
tensor(0, device='cuda:0')	1	314
tensor(3, device='cuda:0')	3	315
tensor(3, device='cuda:0')	0	315
tensor(0, device='cuda:0')	1	315
tensor(0, device='cuda:0')	0	316
tensor(1, device='cuda:0')	0	316
tensor(2, device='cuda:0')	2	317
tensor(1, device='cuda:0')	1	318
tensor(2, device='cuda:0')	3	318
tensor(2, device='cuda:0')	2	319
tensor(0, device='cuda:0')	1	319
tensor(3, device='cuda:0')	3	320
tensor(3, device='cuda:0')	0	320
tensor(1, device='cuda:0')	3	320
tensor(1, device='cuda:0')	2	320
tensor(2, device='cuda:0')	2	321
tensor(1, device='cuda:0')	3	321
tensor(2, device='cuda:0')	0	321
tensor(2, device='cuda:0')	0	321
tensor(1, device='cuda:0')	1	322
tensor(0, device='cuda:0')	0	323
tensor(0, device='cuda:0')	0	324
tensor(1, device='cuda:0')	2	324
tensor(3, device='cuda:0')	0	324
tensor(3, device='cuda:0')	3	325
tensor(2, device='cuda:0')	2	326
tensor(0, device='cuda:0')	1	326
tensor(2, device='cuda:0')	2	327
tensor(3, device='cuda:0')	3	328
tensor(2, device='cuda:0')	2	329
tensor(1, device='cuda:0')	2	329
tensor(1, device='cuda:0')	3	329
tensor(2, device='cuda:0')	3	329
tensor(2, device='cuda:0')	1	329
tensor(2, device='cuda:0')	3	329
tensor(3, device='cuda:0')	0	329
tensor(3, device='cuda:0')	3	330
tensor(3, device='cuda:0')	1	330
tensor(2, device='cuda:0')	0	330
tensor(3, device='cuda:0')	2	330
tensor(0, device='cuda:0')	3	330
tensor(3, device='cuda:0')	0	330
tensor(0, device='cuda:0')	1	330
tensor(0, device='cuda:0')	1	330
tensor(2, device='cuda:0')	2	331
tensor(3, device='cuda:0')	3	332
tensor(3, device='cuda:0')	3	333
tensor(0, device='cuda:0')	3	333
tensor(1, device='cuda:0')	1	334
tensor(1, device='cuda:0')	1	335
tensor(3, device='cuda:0')	3	336
tensor(0, device='cuda:0')	0	337
tensor(0, device='cuda:0')	2	337
tensor(2, device='cuda:0')	2	338
tensor(3, device='cuda:0')	1	338
tensor(2, device='cuda:0')	2	339
tensor(1, device='cuda:0')	2	339
tensor(2, device='cuda:0')	0	339
tensor(1, device='cuda:0')	1	340
tensor(1, device='cuda:0')	1	341
tensor(0, device='cuda:0')	0	342
tensor(1, device='cuda:0')	0	342
tensor(0, device='cuda:0')	3	342
tensor(0, device='cuda:0')	0	343
tensor(2, device='cuda:0')	3	343
tensor(2, device='cuda:0')	3	343
tensor(2, device='cuda:0')	2	344
tensor(0, device='cuda:0')	2	344
tensor(1, device='cuda:0')	2	344
tensor(2, device='cuda:0')	0	344
tensor(2, device='cuda:0')	2	345
tensor(2, device='cuda:0')	1	345
tensor(1, device='cuda:0')	1	346
tensor(2, device='cuda:0')	3	346
tensor(1, device='cuda:0')	2	346
tensor(0, device='cuda:0')	0	347
tensor(3, device='cuda:0')	0	347
tensor(2, device='cuda:0')	2	348
tensor(1, device='cuda:0')	0	348
tensor(3, device='cuda:0')	0	348
tensor(0, device='cuda:0')	1	348
tensor(0, device='cuda:0')	3	348
tensor(3, device='cuda:0')	1	348
tensor(2, device='cuda:0')	3	348
tensor(2, device='cuda:0')	3	348
tensor(1, device='cuda:0')	3	348
tensor(3, device='cuda:0')	1	348
tensor(1, device='cuda:0')	1	349
tensor(1, device='cuda:0')	1	350
tensor(0, device='cuda:0')	0	351
tensor(1, device='cuda:0')	3	351
tensor(3, device='cuda:0')	3	352
tensor(0, device='cuda:0')	1	352
tensor(2, device='cuda:0')	1	352
tensor(0, device='cuda:0')	2	352
tensor(3, device='cuda:0')	3	353
tensor(2, device='cuda:0')	1	353
tensor(2, device='cuda:0')	2	354
tensor(0, device='cuda:0')	0	355
tensor(3, device='cuda:0')	1	355
tensor(3, device='cuda:0')	3	356
tensor(1, device='cuda:0')	0	356
tensor(1, device='cuda:0')	1	357
tensor(0, device='cuda:0')	0	358
tensor(0, device='cuda:0')	1	358
tensor(1, device='cuda:0')	3	358
tensor(2, device='cuda:0')	2	359
tensor(2, device='cuda:0')	1	359
tensor(3, device='cuda:0')	0	359
tensor(2, device='cuda:0')	2	360
tensor(0, device='cuda:0')	0	361
tensor(0, device='cuda:0')	1	361
tensor(0, device='cuda:0')	0	362
tensor(2, device='cuda:0')	2	363
tensor(1, device='cuda:0')	2	363
tensor(1, device='cuda:0')	1	364
tensor(2, device='cuda:0')	2	365
tensor(0, device='cuda:0')	0	366
tensor(2, device='cuda:0')	0	366
tensor(1, device='cuda:0')	1	367
tensor(0, device='cuda:0')	0	368
tensor(0, device='cuda:0')	1	368
tensor(3, device='cuda:0')	3	369
tensor(1, device='cuda:0')	1	370
tensor(3, device='cuda:0')	3	371
tensor(3, device='cuda:0')	1	371
tensor(0, device='cuda:0')	0	372
tensor(0, device='cuda:0')	2	372
tensor(2, device='cuda:0')	1	372
tensor(1, device='cuda:0')	0	372
tensor(3, device='cuda:0')	3	373
tensor(0, device='cuda:0')	1	373
tensor(3, device='cuda:0')	0	373
tensor(1, device='cuda:0')	1	374
tensor(0, device='cuda:0')	0	375
tensor(1, device='cuda:0')	1	376
tensor(2, device='cuda:0')	1	376
tensor(2, device='cuda:0')	2	377
tensor(2, device='cuda:0')	2	378
tensor(1, device='cuda:0')	1	379
tensor(0, device='cuda:0')	0	380
tensor(2, device='cuda:0')	0	380
tensor(3, device='cuda:0')	1	380
tensor(3, device='cuda:0')	0	380
tensor(0, device='cuda:0')	0	381
tensor(2, device='cuda:0')	2	382
tensor(1, device='cuda:0')	0	382
tensor(0, device='cuda:0')	1	382
tensor(1, device='cuda:0')	1	383
tensor(2, device='cuda:0')	2	384
tensor(1, device='cuda:0')	2	384
tensor(0, device='cuda:0')	3	384
tensor(2, device='cuda:0')	3	384
tensor(1, device='cuda:0')	1	385
tensor(3, device='cuda:0')	3	386
tensor(0, device='cuda:0')	0	387
tensor(2, device='cuda:0')	1	387
tensor(3, device='cuda:0')	2	387
tensor(3, device='cuda:0')	3	388
tensor(2, device='cuda:0')	2	389
tensor(0, device='cuda:0')	0	390
tensor(2, device='cuda:0')	2	391
tensor(1, device='cuda:0')	1	392
tensor(3, device='cuda:0')	0	392
tensor(0, device='cuda:0')	3	392
tensor(2, device='cuda:0')	0	392
tensor(3, device='cuda:0')	3	393
tensor(1, device='cuda:0')	0	393
tensor(3, device='cuda:0')	1	393
tensor(0, device='cuda:0')	1	393
tensor(3, device='cuda:0')	3	394
tensor(1, device='cuda:0')	3	394
tensor(0, device='cuda:0')	2	394
tensor(2, device='cuda:0')	1	394
tensor(0, device='cuda:0')	0	395
tensor(2, device='cuda:0')	1	395
tensor(0, device='cuda:0')	2	395
tensor(3, device='cuda:0')	3	396
tensor(0, device='cuda:0')	1	396
tensor(1, device='cuda:0')	1	397
tensor(2, device='cuda:0')	2	398
tensor(1, device='cuda:0')	2	398
tensor(3, device='cuda:0')	3	399
tensor(3, device='cuda:0')	3	400
tensor(0, device='cuda:0')	1	400
tensor(0, device='cuda:0')	3	400
tensor(0, device='cuda:0')	2	400
tensor(3, device='cuda:0')	2	400
tensor(0, device='cuda:0')	0	401
tensor(3, device='cuda:0')	0	401
tensor(2, device='cuda:0')	2	402
tensor(0, device='cuda:0')	0	403
tensor(0, device='cuda:0')	2	403
tensor(2, device='cuda:0')	3	403
tensor(2, device='cuda:0')	1	403
tensor(3, device='cuda:0')	1	403
tensor(1, device='cuda:0')	1	404
tensor(1, device='cuda:0')	3	404
tensor(2, device='cuda:0')	2	405
tensor(3, device='cuda:0')	0	405
tensor(3, device='cuda:0')	0	405
tensor(2, device='cuda:0')	3	405
tensor(3, device='cuda:0')	3	406
tensor(2, device='cuda:0')	2	407
tensor(2, device='cuda:0')	0	407
tensor(1, device='cuda:0')	1	408
tensor(3, device='cuda:0')	2	408
tensor(1, device='cuda:0')	2	408
tensor(3, device='cuda:0')	2	408
tensor(1, device='cuda:0')	2	408
tensor(0, device='cuda:0')	0	409
tensor(3, device='cuda:0')	2	409
tensor(3, device='cuda:0')	3	410
tensor(1, device='cuda:0')	1	411
tensor(3, device='cuda:0')	3	412
tensor(2, device='cuda:0')	3	412
tensor(0, device='cuda:0')	3	412
tensor(0, device='cuda:0')	1	412
tensor(0, device='cuda:0')	0	413
tensor(2, device='cuda:0')	1	413
tensor(2, device='cuda:0')	2	414
tensor(1, device='cuda:0')	0	414
tensor(3, device='cuda:0')	0	414
tensor(0, device='cuda:0')	0	415
tensor(1, device='cuda:0')	0	415
tensor(0, device='cuda:0')	3	415
tensor(2, device='cuda:0')	3	415
tensor(2, device='cuda:0')	3	415
tensor(0, device='cuda:0')	3	415
tensor(0, device='cuda:0')	1	415
tensor(1, device='cuda:0')	3	415
tensor(3, device='cuda:0')	3	416
tensor(0, device='cuda:0')	0	417
tensor(1, device='cuda:0')	1	418
tensor(0, device='cuda:0')	1	418
tensor(3, device='cuda:0')	1	418
tensor(0, device='cuda:0')	0	419
tensor(1, device='cuda:0')	1	420
tensor(1, device='cuda:0')	3	420
tensor(0, device='cuda:0')	2	420
tensor(0, device='cuda:0')	3	420
tensor(3, device='cuda:0')	1	420
tensor(1, device='cuda:0')	3	420
tensor(3, device='cuda:0')	3	421
tensor(0, device='cuda:0')	0	422
tensor(0, device='cuda:0')	2	422
tensor(3, device='cuda:0')	3	423
tensor(2, device='cuda:0')	2	424
tensor(1, device='cuda:0')	1	425
tensor(3, device='cuda:0')	2	425
tensor(2, device='cuda:0')	2	426
tensor(3, device='cuda:0')	3	427
tensor(2, device='cuda:0')	2	428
tensor(2, device='cuda:0')	1	428
tensor(3, device='cuda:0')	3	429
tensor(3, device='cuda:0')	0	429
tensor(3, device='cuda:0')	1	429
tensor(3, device='cuda:0')	2	429
tensor(3, device='cuda:0')	3	430
tensor(1, device='cuda:0')	1	431
tensor(3, device='cuda:0')	0	431
tensor(1, device='cuda:0')	1	432
tensor(3, device='cuda:0')	3	433
tensor(1, device='cuda:0')	1	434
tensor(2, device='cuda:0')	2	435
tensor(3, device='cuda:0')	3	436
tensor(3, device='cuda:0')	0	436
tensor(0, device='cuda:0')	2	436
tensor(2, device='cuda:0')	2	437
tensor(0, device='cuda:0')	2	437
tensor(2, device='cuda:0')	2	438
tensor(0, device='cuda:0')	3	438
tensor(1, device='cuda:0')	1	439
tensor(0, device='cuda:0')	0	440
tensor(1, device='cuda:0')	3	440
tensor(0, device='cuda:0')	3	440
tensor(2, device='cuda:0')	1	440
tensor(2, device='cuda:0')	0	440
tensor(0, device='cuda:0')	0	441
tensor(1, device='cuda:0')	3	441
tensor(0, device='cuda:0')	2	441
tensor(1, device='cuda:0')	3	441
tensor(1, device='cuda:0')	1	442
tensor(0, device='cuda:0')	0	443
tensor(2, device='cuda:0')	3	443
tensor(3, device='cuda:0')	3	444
tensor(2, device='cuda:0')	2	445
tensor(2, device='cuda:0')	3	445
tensor(2, device='cuda:0')	2	446
tensor(3, device='cuda:0')	3	447
tensor(2, device='cuda:0')	3	447
tensor(1, device='cuda:0')	2	447
tensor(2, device='cuda:0')	3	447
tensor(1, device='cuda:0')	2	447
tensor(1, device='cuda:0')	2	447
tensor(1, device='cuda:0')	1	448
tensor(2, device='cuda:0')	2	449
tensor(1, device='cuda:0')	1	450
tensor(3, device='cuda:0')	3	451
tensor(2, device='cuda:0')	2	452
tensor(2, device='cuda:0')	1	452
tensor(0, device='cuda:0')	0	453
tensor(1, device='cuda:0')	1	454
tensor(3, device='cuda:0')	3	455
tensor(0, device='cuda:0')	1	455
tensor(2, device='cuda:0')	2	456
tensor(2, device='cuda:0')	2	457
tensor(3, device='cuda:0')	3	458
tensor(1, device='cuda:0')	1	459
tensor(2, device='cuda:0')	2	460
tensor(0, device='cuda:0')	0	461
tensor(1, device='cuda:0')	1	462
tensor(1, device='cuda:0')	1	463
tensor(1, device='cuda:0')	1	464
tensor(0, device='cuda:0')	3	464
tensor(3, device='cuda:0')	3	465
tensor(0, device='cuda:0')	0	466
tensor(2, device='cuda:0')	2	467
tensor(3, device='cuda:0')	1	467
tensor(1, device='cuda:0')	2	467
tensor(3, device='cuda:0')	0	467
tensor(1, device='cuda:0')	1	468
tensor(2, device='cuda:0')	2	469
tensor(3, device='cuda:0')	3	470
tensor(2, device='cuda:0')	3	470
tensor(1, device='cuda:0')	2	470
tensor(1, device='cuda:0')	1	471
tensor(3, device='cuda:0')	3	472
tensor(0, device='cuda:0')	0	473
tensor(0, device='cuda:0')	0	474
tensor(2, device='cuda:0')	2	475
tensor(1, device='cuda:0')	1	476
tensor(1, device='cuda:0')	2	476
tensor(2, device='cuda:0')	2	477
tensor(0, device='cuda:0')	0	478
tensor(1, device='cuda:0')	2	478
tensor(3, device='cuda:0')	1	478
tensor(1, device='cuda:0')	2	478
tensor(0, device='cuda:0')	3	478
tensor(2, device='cuda:0')	2	479
tensor(0, device='cuda:0')	2	479
tensor(0, device='cuda:0')	0	480
tensor(0, device='cuda:0')	3	480
tensor(3, device='cuda:0')	3	481
tensor(0, device='cuda:0')	0	482
tensor(0, device='cuda:0')	0	483
tensor(3, device='cuda:0')	0	483
tensor(0, device='cuda:0')	3	483
tensor(2, device='cuda:0')	0	483
tensor(0, device='cuda:0')	1	483
tensor(2, device='cuda:0')	0	483
tensor(1, device='cuda:0')	3	483
tensor(2, device='cuda:0')	2	484
tensor(0, device='cuda:0')	2	484
tensor(1, device='cuda:0')	2	484
tensor(0, device='cuda:0')	1	484
tensor(1, device='cuda:0')	2	484
tensor(0, device='cuda:0')	1	484
tensor(2, device='cuda:0')	2	485
tensor(3, device='cuda:0')	3	486
tensor(1, device='cuda:0')	2	486
tensor(3, device='cuda:0')	3	487
tensor(0, device='cuda:0')	0	488
tensor(2, device='cuda:0')	2	489
tensor(1, device='cuda:0')	1	490
tensor(2, device='cuda:0')	3	490
tensor(0, device='cuda:0')	1	490
tensor(2, device='cuda:0')	2	491
tensor(3, device='cuda:0')	3	492
tensor(0, device='cuda:0')	1	492
tensor(1, device='cuda:0')	2	492
tensor(2, device='cuda:0')	0	492
tensor(0, device='cuda:0')	3	492
tensor(0, device='cuda:0')	0	493
tensor(2, device='cuda:0')	2	494
tensor(2, device='cuda:0')	2	495
tensor(0, device='cuda:0')	3	495
tensor(2, device='cuda:0')	2	496
tensor(3, device='cuda:0')	3	497
tensor(2, device='cuda:0')	0	497
tensor(3, device='cuda:0')	2	497
tensor(3, device='cuda:0')	0	497
tensor(2, device='cuda:0')	0	497
tensor(0, device='cuda:0')	3	497
tensor(1, device='cuda:0')	1	498
tensor(1, device='cuda:0')	1	499
tensor(1, device='cuda:0')	0	499
tensor(0, device='cuda:0')	0	500
tensor(0, device='cuda:0')	3	500
tensor(3, device='cuda:0')	3	501
tensor(3, device='cuda:0')	3	502
tensor(2, device='cuda:0')	3	502
tensor(0, device='cuda:0')	1	502
tensor(2, device='cuda:0')	0	502
tensor(3, device='cuda:0')	0	502
tensor(3, device='cuda:0')	3	503
tensor(0, device='cuda:0')	2	503
tensor(3, device='cuda:0')	3	504
tensor(2, device='cuda:0')	3	504
tensor(2, device='cuda:0')	1	504
tensor(2, device='cuda:0')	3	504
tensor(3, device='cuda:0')	3	505
tensor(1, device='cuda:0')	2	505
tensor(0, device='cuda:0')	1	505
tensor(2, device='cuda:0')	2	506
tensor(1, device='cuda:0')	1	507
tensor(2, device='cuda:0')	2	508
tensor(2, device='cuda:0')	0	508
tensor(0, device='cuda:0')	2	508
tensor(0, device='cuda:0')	2	508
tensor(1, device='cuda:0')	3	508
tensor(3, device='cuda:0')	2	508
tensor(1, device='cuda:0')	1	509
tensor(2, device='cuda:0')	0	509
tensor(0, device='cuda:0')	1	509
tensor(3, device='cuda:0')	3	510
tensor(1, device='cuda:0')	1	511
tensor(3, device='cuda:0')	2	511
tensor(3, device='cuda:0')	1	511
tensor(0, device='cuda:0')	2	511
tensor(2, device='cuda:0')	3	511
tensor(3, device='cuda:0')	3	512
tensor(1, device='cuda:0')	1	513
tensor(0, device='cuda:0')	1	513
tensor(3, device='cuda:0')	2	513
tensor(2, device='cuda:0')	2	514
tensor(1, device='cuda:0')	1	515
tensor(0, device='cuda:0')	0	516
tensor(0, device='cuda:0')	0	517
tensor(0, device='cuda:0')	0	518
tensor(2, device='cuda:0')	2	519
tensor(2, device='cuda:0')	2	520
tensor(1, device='cuda:0')	1	521
tensor(1, device='cuda:0')	1	522
tensor(1, device='cuda:0')	0	522
tensor(1, device='cuda:0')	2	522
tensor(2, device='cuda:0')	3	522
tensor(2, device='cuda:0')	2	523
tensor(0, device='cuda:0')	2	523
tensor(1, device='cuda:0')	1	524
tensor(0, device='cuda:0')	0	525
tensor(2, device='cuda:0')	2	526
tensor(1, device='cuda:0')	0	526
tensor(2, device='cuda:0')	3	526
tensor(3, device='cuda:0')	0	526
tensor(2, device='cuda:0')	2	527
tensor(3, device='cuda:0')	2	527
tensor(0, device='cuda:0')	3	527
tensor(1, device='cuda:0')	0	527
tensor(0, device='cuda:0')	3	527
tensor(1, device='cuda:0')	1	528
tensor(1, device='cuda:0')	0	528
tensor(3, device='cuda:0')	3	529
tensor(1, device='cuda:0')	0	529
tensor(1, device='cuda:0')	1	530
tensor(2, device='cuda:0')	2	531
tensor(1, device='cuda:0')	1	532
tensor(2, device='cuda:0')	0	532
tensor(0, device='cuda:0')	0	533
tensor(1, device='cuda:0')	2	533
tensor(3, device='cuda:0')	3	534
tensor(2, device='cuda:0')	0	534
tensor(2, device='cuda:0')	2	535
tensor(1, device='cuda:0')	1	536
tensor(2, device='cuda:0')	2	537
tensor(2, device='cuda:0')	2	538
tensor(2, device='cuda:0')	2	539
tensor(2, device='cuda:0')	3	539
tensor(0, device='cuda:0')	0	540
tensor(2, device='cuda:0')	2	541
tensor(3, device='cuda:0')	2	541
tensor(2, device='cuda:0')	2	542
tensor(3, device='cuda:0')	3	543
tensor(1, device='cuda:0')	2	543
tensor(1, device='cuda:0')	2	543
tensor(1, device='cuda:0')	1	544
tensor(0, device='cuda:0')	0	545
tensor(3, device='cuda:0')	3	546
tensor(2, device='cuda:0')	2	547
tensor(2, device='cuda:0')	2	548
tensor(0, device='cuda:0')	2	548
tensor(3, device='cuda:0')	3	549
tensor(1, device='cuda:0')	1	550
tensor(3, device='cuda:0')	2	550
tensor(2, device='cuda:0')	0	550
tensor(0, device='cuda:0')	2	550
tensor(3, device='cuda:0')	0	550
tensor(3, device='cuda:0')	2	550
tensor(3, device='cuda:0')	3	551
tensor(3, device='cuda:0')	3	552
tensor(0, device='cuda:0')	0	553
tensor(3, device='cuda:0')	3	554
tensor(0, device='cuda:0')	0	555
tensor(1, device='cuda:0')	1	556
tensor(1, device='cuda:0')	1	557
tensor(3, device='cuda:0')	0	557
tensor(1, device='cuda:0')	2	557
tensor(0, device='cuda:0')	3	557
tensor(3, device='cuda:0')	3	558
tensor(3, device='cuda:0')	3	559
tensor(0, device='cuda:0')	0	560
tensor(2, device='cuda:0')	2	561
tensor(1, device='cuda:0')	3	561
tensor(0, device='cuda:0')	2	561
tensor(2, device='cuda:0')	3	561
tensor(0, device='cuda:0')	3	561
tensor(2, device='cuda:0')	0	561
tensor(3, device='cuda:0')	1	561
tensor(3, device='cuda:0')	3	562
tensor(2, device='cuda:0')	2	563
tensor(1, device='cuda:0')	1	564
tensor(0, device='cuda:0')	0	565
tensor(1, device='cuda:0')	1	566
tensor(3, device='cuda:0')	3	567
tensor(0, device='cuda:0')	3	567
tensor(2, device='cuda:0')	1	567
tensor(0, device='cuda:0')	0	568
tensor(1, device='cuda:0')	0	568
tensor(3, device='cuda:0')	3	569
tensor(1, device='cuda:0')	1	570
tensor(3, device='cuda:0')	3	571
tensor(0, device='cuda:0')	3	571
tensor(1, device='cuda:0')	3	571
tensor(1, device='cuda:0')	1	572
tensor(2, device='cuda:0')	3	572
tensor(0, device='cuda:0')	0	573
tensor(3, device='cuda:0')	3	574
tensor(0, device='cuda:0')	0	575
tensor(3, device='cuda:0')	2	575
tensor(2, device='cuda:0')	3	575
tensor(0, device='cuda:0')	1	575
tensor(0, device='cuda:0')	1	575
tensor(1, device='cuda:0')	1	576
tensor(0, device='cuda:0')	0	577
tensor(3, device='cuda:0')	0	577
tensor(0, device='cuda:0')	0	578
tensor(1, device='cuda:0')	1	579
tensor(2, device='cuda:0')	0	579
tensor(1, device='cuda:0')	1	580
tensor(1, device='cuda:0')	1	581
tensor(0, device='cuda:0')	2	581
tensor(2, device='cuda:0')	2	582
tensor(1, device='cuda:0')	0	582
tensor(0, device='cuda:0')	3	582
tensor(3, device='cuda:0')	1	582
tensor(3, device='cuda:0')	3	583
tensor(1, device='cuda:0')	1	584
tensor(2, device='cuda:0')	2	585
tensor(2, device='cuda:0')	1	585
tensor(3, device='cuda:0')	2	585
tensor(3, device='cuda:0')	1	585
tensor(3, device='cuda:0')	3	586
tensor(0, device='cuda:0')	1	586
tensor(0, device='cuda:0')	3	586
tensor(2, device='cuda:0')	0	586
tensor(3, device='cuda:0')	2	586
tensor(1, device='cuda:0')	0	586
tensor(2, device='cuda:0')	2	587
tensor(0, device='cuda:0')	0	588
tensor(1, device='cuda:0')	1	589
tensor(3, device='cuda:0')	3	590
tensor(2, device='cuda:0')	2	591
tensor(3, device='cuda:0')	1	591
tensor(0, device='cuda:0')	3	591
tensor(1, device='cuda:0')	1	592
tensor(0, device='cuda:0')	2	592
tensor(0, device='cuda:0')	3	592
tensor(2, device='cuda:0')	1	592
tensor(1, device='cuda:0')	3	592
tensor(0, device='cuda:0')	0	593
tensor(2, device='cuda:0')	2	594
tensor(1, device='cuda:0')	1	595
tensor(3, device='cuda:0')	0	595
tensor(1, device='cuda:0')	1	596
tensor(0, device='cuda:0')	0	597
tensor(1, device='cuda:0')	1	598
tensor(1, device='cuda:0')	3	598
tensor(2, device='cuda:0')	3	598
tensor(2, device='cuda:0')	3	598
tensor(3, device='cuda:0')	2	598
tensor(2, device='cuda:0')	3	598
tensor(1, device='cuda:0')	1	599
tensor(2, device='cuda:0')	2	600
tensor(1, device='cuda:0')	1	601
tensor(0, device='cuda:0')	0	602
tensor(3, device='cuda:0')	3	603
tensor(0, device='cuda:0')	0	604
tensor(3, device='cuda:0')	3	605
tensor(3, device='cuda:0')	2	605
tensor(3, device='cuda:0')	0	605
tensor(1, device='cuda:0')	2	605
tensor(0, device='cuda:0')	0	606
tensor(1, device='cuda:0')	3	606
tensor(0, device='cuda:0')	2	606
tensor(2, device='cuda:0')	2	607
tensor(0, device='cuda:0')	2	607
tensor(2, device='cuda:0')	0	607
tensor(2, device='cuda:0')	2	608
tensor(3, device='cuda:0')	1	608
tensor(0, device='cuda:0')	2	608
tensor(2, device='cuda:0')	2	609
tensor(3, device='cuda:0')	1	609
tensor(1, device='cuda:0')	3	609
tensor(2, device='cuda:0')	2	610
tensor(2, device='cuda:0')	0	610
tensor(0, device='cuda:0')	0	611
tensor(3, device='cuda:0')	2	611
tensor(0, device='cuda:0')	0	612
tensor(0, device='cuda:0')	0	613
tensor(2, device='cuda:0')	2	614
tensor(3, device='cuda:0')	2	614
tensor(1, device='cuda:0')	2	614
tensor(3, device='cuda:0')	3	615
tensor(3, device='cuda:0')	1	615
tensor(0, device='cuda:0')	1	615
tensor(2, device='cuda:0')	1	615
tensor(2, device='cuda:0')	2	616
tensor(0, device='cuda:0')	1	616
tensor(2, device='cuda:0')	3	616
tensor(0, device='cuda:0')	0	617
tensor(0, device='cuda:0')	3	617
tensor(0, device='cuda:0')	3	617
tensor(3, device='cuda:0')	3	618
tensor(0, device='cuda:0')	0	619
tensor(0, device='cuda:0')	1	619
tensor(1, device='cuda:0')	1	620
tensor(2, device='cuda:0')	0	620
tensor(3, device='cuda:0')	0	620
tensor(0, device='cuda:0')	0	621
tensor(0, device='cuda:0')	2	621
tensor(0, device='cuda:0')	0	622
tensor(1, device='cuda:0')	1	623
tensor(1, device='cuda:0')	3	623
tensor(3, device='cuda:0')	0	623
tensor(1, device='cuda:0')	0	623
tensor(1, device='cuda:0')	2	623
tensor(2, device='cuda:0')	2	624
tensor(3, device='cuda:0')	3	625
tensor(2, device='cuda:0')	2	626
tensor(1, device='cuda:0')	0	626
tensor(1, device='cuda:0')	3	626
tensor(3, device='cuda:0')	3	627
tensor(2, device='cuda:0')	2	628
tensor(2, device='cuda:0')	2	629
tensor(3, device='cuda:0')	3	630
tensor(1, device='cuda:0')	1	631
tensor(3, device='cuda:0')	0	631
tensor(3, device='cuda:0')	2	631
tensor(1, device='cuda:0')	1	632
tensor(2, device='cuda:0')	2	633
tensor(0, device='cuda:0')	0	634
tensor(3, device='cuda:0')	3	635
tensor(1, device='cuda:0')	0	635
tensor(2, device='cuda:0')	2	636
tensor(0, device='cuda:0')	3	636
tensor(3, device='cuda:0')	3	637
tensor(2, device='cuda:0')	2	638
tensor(2, device='cuda:0')	1	638
tensor(0, device='cuda:0')	2	638
tensor(0, device='cuda:0')	0	639
tensor(1, device='cuda:0')	1	640
tensor(2, device='cuda:0')	2	641
tensor(1, device='cuda:0')	0	641
tensor(2, device='cuda:0')	2	642
tensor(2, device='cuda:0')	3	642
tensor(2, device='cuda:0')	2	643
tensor(0, device='cuda:0')	3	643
tensor(3, device='cuda:0')	0	643
tensor(2, device='cuda:0')	2	644
tensor(3, device='cuda:0')	0	644
tensor(3, device='cuda:0')	3	645
tensor(2, device='cuda:0')	3	645
tensor(1, device='cuda:0')	0	645
tensor(2, device='cuda:0')	2	646
tensor(3, device='cuda:0')	3	647
tensor(1, device='cuda:0')	0	647
tensor(3, device='cuda:0')	1	647
tensor(1, device='cuda:0')	2	647
tensor(1, device='cuda:0')	3	647
tensor(3, device='cuda:0')	3	648
tensor(3, device='cuda:0')	1	648
tensor(0, device='cuda:0')	0	649
tensor(0, device='cuda:0')	0	650
tensor(3, device='cuda:0')	1	650
tensor(3, device='cuda:0')	3	651
tensor(2, device='cuda:0')	0	651
tensor(3, device='cuda:0')	2	651
tensor(1, device='cuda:0')	1	652
tensor(0, device='cuda:0')	0	653
tensor(0, device='cuda:0')	0	654
tensor(3, device='cuda:0')	1	654
tensor(1, device='cuda:0')	3	654
tensor(0, device='cuda:0')	0	655
tensor(1, device='cuda:0')	1	656
tensor(1, device='cuda:0')	1	657
tensor(3, device='cuda:0')	3	658
tensor(2, device='cuda:0')	1	658
tensor(3, device='cuda:0')	1	658
tensor(1, device='cuda:0')	3	658
tensor(3, device='cuda:0')	3	659
tensor(1, device='cuda:0')	1	660
tensor(0, device='cuda:0')	2	660
tensor(0, device='cuda:0')	0	661
tensor(2, device='cuda:0')	1	661
tensor(1, device='cuda:0')	1	662
tensor(3, device='cuda:0')	3	663
tensor(0, device='cuda:0')	0	664
tensor(1, device='cuda:0')	2	664
tensor(0, device='cuda:0')	1	664
tensor(0, device='cuda:0')	1	664
tensor(3, device='cuda:0')	0	664
tensor(2, device='cuda:0')	3	664
tensor(2, device='cuda:0')	1	664
tensor(1, device='cuda:0')	1	665
tensor(0, device='cuda:0')	0	666
tensor(3, device='cuda:0')	0	666
tensor(3, device='cuda:0')	3	667
tensor(0, device='cuda:0')	0	668
tensor(2, device='cuda:0')	0	668
tensor(0, device='cuda:0')	0	669
tensor(1, device='cuda:0')	1	670
tensor(1, device='cuda:0')	1	671
tensor(0, device='cuda:0')	2	671
tensor(2, device='cuda:0')	1	671
tensor(3, device='cuda:0')	3	672
tensor(0, device='cuda:0')	0	673
tensor(1, device='cuda:0')	1	674
tensor(1, device='cuda:0')	2	674
tensor(1, device='cuda:0')	1	675
tensor(1, device='cuda:0')	1	676
tensor(1, device='cuda:0')	2	676
tensor(0, device='cuda:0')	2	676
tensor(1, device='cuda:0')	2	676
tensor(3, device='cuda:0')	3	677
tensor(1, device='cuda:0')	1	678
tensor(1, device='cuda:0')	3	678
tensor(3, device='cuda:0')	0	678
tensor(0, device='cuda:0')	0	679
tensor(0, device='cuda:0')	0	680
tensor(2, device='cuda:0')	0	680
tensor(2, device='cuda:0')	2	681
tensor(3, device='cuda:0')	3	682
tensor(3, device='cuda:0')	3	683
tensor(0, device='cuda:0')	0	684
tensor(0, device='cuda:0')	3	684
tensor(2, device='cuda:0')	0	684
tensor(3, device='cuda:0')	3	685
tensor(0, device='cuda:0')	1	685
tensor(3, device='cuda:0')	3	686
tensor(2, device='cuda:0')	2	687
tensor(3, device='cuda:0')	3	688
tensor(3, device='cuda:0')	0	688
tensor(2, device='cuda:0')	1	688
tensor(0, device='cuda:0')	0	689
tensor(0, device='cuda:0')	0	690
tensor(3, device='cuda:0')	2	690
tensor(2, device='cuda:0')	2	691
tensor(3, device='cuda:0')	1	691
tensor(1, device='cuda:0')	2	691
tensor(2, device='cuda:0')	2	692
tensor(3, device='cuda:0')	0	692
tensor(3, device='cuda:0')	3	693
tensor(3, device='cuda:0')	0	693
tensor(2, device='cuda:0')	3	693
tensor(2, device='cuda:0')	0	693
tensor(3, device='cuda:0')	3	694
tensor(0, device='cuda:0')	2	694
tensor(1, device='cuda:0')	1	695
tensor(1, device='cuda:0')	2	695
tensor(2, device='cuda:0')	2	696
tensor(2, device='cuda:0')	3	696
tensor(0, device='cuda:0')	2	696
tensor(1, device='cuda:0')	3	696
tensor(2, device='cuda:0')	2	697
tensor(3, device='cuda:0')	1	697
tensor(0, device='cuda:0')	0	698
tensor(0, device='cuda:0')	2	698
tensor(1, device='cuda:0')	0	698
tensor(3, device='cuda:0')	3	699
tensor(2, device='cuda:0')	2	700
tensor(0, device='cuda:0')	3	700
tensor(2, device='cuda:0')	2	701
tensor(0, device='cuda:0')	0	702
tensor(1, device='cuda:0')	0	702
tensor(2, device='cuda:0')	2	703
tensor(1, device='cuda:0')	0	703
tensor(0, device='cuda:0')	3	703
tensor(1, device='cuda:0')	1	704
tensor(0, device='cuda:0')	0	705
tensor(2, device='cuda:0')	3	705
tensor(2, device='cuda:0')	2	706
tensor(3, device='cuda:0')	3	707
tensor(1, device='cuda:0')	2	707
tensor(0, device='cuda:0')	0	708
tensor(0, device='cuda:0')	1	708
tensor(2, device='cuda:0')	0	708
tensor(2, device='cuda:0')	3	708
tensor(1, device='cuda:0')	0	708
tensor(3, device='cuda:0')	1	708
tensor(0, device='cuda:0')	1	708
tensor(1, device='cuda:0')	1	709
tensor(0, device='cuda:0')	3	709
tensor(0, device='cuda:0')	1	709
tensor(3, device='cuda:0')	2	709
tensor(0, device='cuda:0')	0	710
tensor(0, device='cuda:0')	0	711
tensor(1, device='cuda:0')	1	712
tensor(2, device='cuda:0')	0	712
tensor(3, device='cuda:0')	3	713
tensor(1, device='cuda:0')	1	714
tensor(2, device='cuda:0')	2	715
tensor(1, device='cuda:0')	3	715
tensor(2, device='cuda:0')	2	716
tensor(3, device='cuda:0')	0	716
tensor(3, device='cuda:0')	3	717
tensor(1, device='cuda:0')	1	718
tensor(3, device='cuda:0')	3	719
tensor(1, device='cuda:0')	1	720
tensor(2, device='cuda:0')	2	721
tensor(0, device='cuda:0')	0	722
tensor(2, device='cuda:0')	2	723
tensor(3, device='cuda:0')	2	723
tensor(1, device='cuda:0')	3	723
tensor(3, device='cuda:0')	3	724
tensor(0, device='cuda:0')	3	724
tensor(2, device='cuda:0')	2	725
tensor(3, device='cuda:0')	2	725
tensor(0, device='cuda:0')	0	726
tensor(0, device='cuda:0')	0	727
tensor(3, device='cuda:0')	2	727
tensor(0, device='cuda:0')	0	728
tensor(1, device='cuda:0')	4	728
tensor(0, device='cuda:0')	2	728
tensor(0, device='cuda:0')	3	728
tensor(2, device='cuda:0')	0	728
tensor(0, device='cuda:0')	2	728
tensor(3, device='cuda:0')	0	728
tensor(0, device='cuda:0')	0	729
tensor(3, device='cuda:0')	3	730
tensor(0, device='cuda:0')	3	730
tensor(2, device='cuda:0')	0	730
tensor(1, device='cuda:0')	1	731
tensor(3, device='cuda:0')	3	732
tensor(2, device='cuda:0')	0	732
tensor(1, device='cuda:0')	1	733
tensor(0, device='cuda:0')	2	733
tensor(0, device='cuda:0')	3	733
tensor(3, device='cuda:0')	0	733
tensor(1, device='cuda:0')	1	734
tensor(2, device='cuda:0')	2	735
tensor(3, device='cuda:0')	3	736
tensor(1, device='cuda:0')	1	737
tensor(2, device='cuda:0')	2	738
tensor(0, device='cuda:0')	1	738
tensor(2, device='cuda:0')	2	739
tensor(0, device='cuda:0')	0	740
tensor(3, device='cuda:0')	1	740
tensor(3, device='cuda:0')	1	740
tensor(0, device='cuda:0')	0	741
tensor(3, device='cuda:0')	3	742
tensor(2, device='cuda:0')	2	743
tensor(1, device='cuda:0')	3	743
tensor(2, device='cuda:0')	2	744
tensor(2, device='cuda:0')	0	744
tensor(0, device='cuda:0')	1	744
tensor(1, device='cuda:0')	1	745
tensor(1, device='cuda:0')	3	745
tensor(2, device='cuda:0')	2	746
tensor(0, device='cuda:0')	3	746
tensor(1, device='cuda:0')	1	747
tensor(3, device='cuda:0')	3	748
tensor(1, device='cuda:0')	1	749
tensor(3, device='cuda:0')	3	750
tensor(3, device='cuda:0')	3	751
tensor(0, device='cuda:0')	0	752
tensor(3, device='cuda:0')	3	753
tensor(1, device='cuda:0')	1	754
tensor(3, device='cuda:0')	0	754
tensor(2, device='cuda:0')	2	755
tensor(0, device='cuda:0')	0	756
tensor(1, device='cuda:0')	0	756
tensor(3, device='cuda:0')	0	756
tensor(1, device='cuda:0')	0	756
tensor(2, device='cuda:0')	3	756
tensor(1, device='cuda:0')	1	757
tensor(1, device='cuda:0')	1	758
tensor(1, device='cuda:0')	0	758
tensor(3, device='cuda:0')	1	758
tensor(1, device='cuda:0')	1	759
tensor(3, device='cuda:0')	3	760
tensor(2, device='cuda:0')	0	760
tensor(2, device='cuda:0')	2	761
tensor(3, device='cuda:0')	0	761
tensor(3, device='cuda:0')	2	761
tensor(0, device='cuda:0')	0	762
tensor(0, device='cuda:0')	0	763
tensor(2, device='cuda:0')	0	763
tensor(2, device='cuda:0')	2	764
tensor(0, device='cuda:0')	0	765
tensor(3, device='cuda:0')	3	766
tensor(1, device='cuda:0')	1	767
tensor(2, device='cuda:0')	2	768
tensor(0, device='cuda:0')	1	768
tensor(2, device='cuda:0')	2	769
tensor(2, device='cuda:0')	2	770
tensor(0, device='cuda:0')	2	770
tensor(2, device='cuda:0')	2	771
tensor(2, device='cuda:0')	2	772
tensor(2, device='cuda:0')	2	773
tensor(3, device='cuda:0')	0	773
tensor(3, device='cuda:0')	3	774
tensor(3, device='cuda:0')	1	774
tensor(2, device='cuda:0')	2	775
tensor(0, device='cuda:0')	3	775
tensor(3, device='cuda:0')	0	775
tensor(2, device='cuda:0')	0	775
tensor(0, device='cuda:0')	2	775
tensor(1, device='cuda:0')	1	776
tensor(3, device='cuda:0')	3	777
tensor(2, device='cuda:0')	1	777
tensor(0, device='cuda:0')	2	777
tensor(1, device='cuda:0')	1	778
tensor(1, device='cuda:0')	3	778
tensor(1, device='cuda:0')	0	778
tensor(1, device='cuda:0')	3	778
tensor(0, device='cuda:0')	0	779
tensor(2, device='cuda:0')	2	780
tensor(0, device='cuda:0')	1	780
tensor(3, device='cuda:0')	3	781
tensor(2, device='cuda:0')	2	782
tensor(3, device='cuda:0')	3	783
tensor(1, device='cuda:0')	1	784
tensor(2, device='cuda:0')	3	784
tensor(0, device='cuda:0')	0	785
tensor(0, device='cuda:0')	1	785
tensor(0, device='cuda:0')	0	786
tensor(2, device='cuda:0')	1	786
tensor(3, device='cuda:0')	0	786
tensor(0, device='cuda:0')	0	787
tensor(0, device='cuda:0')	2	787
tensor(1, device='cuda:0')	1	788
tensor(0, device='cuda:0')	0	789
tensor(0, device='cuda:0')	0	790
tensor(0, device='cuda:0')	1	790
tensor(2, device='cuda:0')	2	791
tensor(3, device='cuda:0')	1	791
tensor(3, device='cuda:0')	3	792
tensor(2, device='cuda:0')	2	793
tensor(1, device='cuda:0')	1	794
tensor(2, device='cuda:0')	3	794
tensor(2, device='cuda:0')	0	794
tensor(2, device='cuda:0')	2	795
tensor(0, device='cuda:0')	2	795
tensor(2, device='cuda:0')	2	796
tensor(0, device='cuda:0')	3	796
tensor(0, device='cuda:0')	0	797
tensor(0, device='cuda:0')	0	798
tensor(2, device='cuda:0')	2	799
tensor(2, device='cuda:0')	0	799
tensor(1, device='cuda:0')	3	799
tensor(2, device='cuda:0')	3	799
tensor(2, device='cuda:0')	0	799
tensor(1, device='cuda:0')	1	800
tensor(2, device='cuda:0')	2	801
tensor(2, device='cuda:0')	0	801
tensor(3, device='cuda:0')	1	801
tensor(2, device='cuda:0')	2	802
tensor(1, device='cuda:0')	0	802
tensor(0, device='cuda:0')	3	802
tensor(2, device='cuda:0')	1	802
tensor(1, device='cuda:0')	1	803
tensor(2, device='cuda:0')	2	804
tensor(1, device='cuda:0')	1	805
tensor(0, device='cuda:0')	0	806
tensor(2, device='cuda:0')	2	807
tensor(2, device='cuda:0')	2	808
tensor(3, device='cuda:0')	0	808
tensor(0, device='cuda:0')	0	809
tensor(1, device='cuda:0')	3	809
tensor(3, device='cuda:0')	2	809
tensor(3, device='cuda:0')	0	809
tensor(0, device='cuda:0')	0	810
tensor(3, device='cuda:0')	2	810
tensor(2, device='cuda:0')	2	811
tensor(1, device='cuda:0')	0	811
tensor(2, device='cuda:0')	3	811
tensor(1, device='cuda:0')	2	811
tensor(3, device='cuda:0')	2	811
tensor(0, device='cuda:0')	1	811
tensor(2, device='cuda:0')	2	812
tensor(1, device='cuda:0')	2	812
tensor(2, device='cuda:0')	1	812
tensor(2, device='cuda:0')	2	813
tensor(1, device='cuda:0')	0	813
tensor(0, device='cuda:0')	0	814
tensor(3, device='cuda:0')	3	815
tensor(3, device='cuda:0')	3	816
tensor(1, device='cuda:0')	0	816
tensor(3, device='cuda:0')	3	817
tensor(2, device='cuda:0')	3	817
tensor(3, device='cuda:0')	2	817
tensor(3, device='cuda:0')	1	817
tensor(1, device='cuda:0')	3	817
tensor(3, device='cuda:0')	1	817
tensor(0, device='cuda:0')	0	818
tensor(0, device='cuda:0')	0	819
tensor(0, device='cuda:0')	2	819
tensor(2, device='cuda:0')	2	820
tensor(1, device='cuda:0')	3	820
tensor(2, device='cuda:0')	3	820
tensor(1, device='cuda:0')	1	821
tensor(3, device='cuda:0')	0	821
tensor(0, device='cuda:0')	3	821
tensor(2, device='cuda:0')	2	822
tensor(1, device='cuda:0')	1	823
tensor(3, device='cuda:0')	0	823
tensor(0, device='cuda:0')	1	823
tensor(3, device='cuda:0')	3	824
tensor(2, device='cuda:0')	3	824
tensor(0, device='cuda:0')	3	824
tensor(2, device='cuda:0')	2	825
tensor(0, device='cuda:0')	0	826
tensor(3, device='cuda:0')	3	827
tensor(3, device='cuda:0')	3	828
tensor(0, device='cuda:0')	2	828
tensor(0, device='cuda:0')	0	829
tensor(0, device='cuda:0')	1	829
tensor(3, device='cuda:0')	2	829
tensor(0, device='cuda:0')	2	829
tensor(1, device='cuda:0')	1	830
tensor(1, device='cuda:0')	1	831
tensor(2, device='cuda:0')	0	831
tensor(1, device='cuda:0')	0	831
tensor(1, device='cuda:0')	1	832
tensor(0, device='cuda:0')	3	832
tensor(0, device='cuda:0')	1	832
tensor(2, device='cuda:0')	0	832
tensor(1, device='cuda:0')	1	833
tensor(2, device='cuda:0')	1	833
tensor(3, device='cuda:0')	3	834
tensor(1, device='cuda:0')	1	835
tensor(0, device='cuda:0')	0	836
tensor(2, device='cuda:0')	2	837
tensor(2, device='cuda:0')	2	838
tensor(0, device='cuda:0')	2	838
tensor(2, device='cuda:0')	2	839
tensor(2, device='cuda:0')	3	839
tensor(0, device='cuda:0')	0	840
tensor(3, device='cuda:0')	3	841
tensor(0, device='cuda:0')	0	842
tensor(3, device='cuda:0')	3	843
tensor(2, device='cuda:0')	2	844
tensor(3, device='cuda:0')	0	844
tensor(3, device='cuda:0')	0	844
tensor(2, device='cuda:0')	2	845
tensor(0, device='cuda:0')	0	846
tensor(1, device='cuda:0')	2	846
tensor(3, device='cuda:0')	0	846
tensor(3, device='cuda:0')	1	846
tensor(2, device='cuda:0')	0	846
tensor(0, device='cuda:0')	2	846
tensor(2, device='cuda:0')	0	846
tensor(1, device='cuda:0')	1	847
tensor(0, device='cuda:0')	3	847
tensor(3, device='cuda:0')	0	847
tensor(0, device='cuda:0')	3	847
tensor(3, device='cuda:0')	0	847
tensor(1, device='cuda:0')	0	847
tensor(1, device='cuda:0')	3	847
tensor(2, device='cuda:0')	0	847
tensor(0, device='cuda:0')	3	847
tensor(2, device='cuda:0')	1	847
tensor(1, device='cuda:0')	1	848
tensor(3, device='cuda:0')	3	849
tensor(0, device='cuda:0')	0	850
tensor(3, device='cuda:0')	3	851
tensor(0, device='cuda:0')	0	852
tensor(2, device='cuda:0')	2	853
tensor(1, device='cuda:0')	1	854
tensor(2, device='cuda:0')	2	855
tensor(1, device='cuda:0')	0	855
tensor(1, device='cuda:0')	1	856
tensor(2, device='cuda:0')	0	856
tensor(0, device='cuda:0')	0	857
tensor(2, device='cuda:0')	3	857
tensor(1, device='cuda:0')	1	858
tensor(3, device='cuda:0')	2	858
tensor(2, device='cuda:0')	0	858
tensor(3, device='cuda:0')	2	858
tensor(0, device='cuda:0')	1	858
tensor(0, device='cuda:0')	2	858
tensor(2, device='cuda:0')	2	859
tensor(1, device='cuda:0')	2	859
tensor(2, device='cuda:0')	3	859
tensor(0, device='cuda:0')	1	859
tensor(0, device='cuda:0')	1	859
tensor(2, device='cuda:0')	0	859
tensor(2, device='cuda:0')	2	860
tensor(0, device='cuda:0')	0	861
tensor(3, device='cuda:0')	0	861
tensor(3, device='cuda:0')	3	862
tensor(2, device='cuda:0')	0	862
tensor(1, device='cuda:0')	1	863
tensor(3, device='cuda:0')	2	863
tensor(2, device='cuda:0')	2	864
tensor(0, device='cuda:0')	1	864
tensor(3, device='cuda:0')	2	864
tensor(2, device='cuda:0')	0	864
tensor(2, device='cuda:0')	0	864
tensor(1, device='cuda:0')	2	864
tensor(0, device='cuda:0')	3	864
tensor(3, device='cuda:0')	3	865
tensor(2, device='cuda:0')	2	866
tensor(2, device='cuda:0')	1	866
tensor(0, device='cuda:0')	3	866
tensor(3, device='cuda:0')	2	866
tensor(2, device='cuda:0')	2	867
tensor(2, device='cuda:0')	0	867
tensor(1, device='cuda:0')	1	868
tensor(1, device='cuda:0')	1	869
tensor(1, device='cuda:0')	0	869
tensor(0, device='cuda:0')	0	870
tensor(0, device='cuda:0')	1	870
tensor(0, device='cuda:0')	1	870
tensor(0, device='cuda:0')	2	870
tensor(2, device='cuda:0')	3	870
tensor(2, device='cuda:0')	1	870
tensor(1, device='cuda:0')	3	870
tensor(3, device='cuda:0')	3	871
tensor(3, device='cuda:0')	3	872
tensor(0, device='cuda:0')	0	873
tensor(0, device='cuda:0')	0	874
tensor(1, device='cuda:0')	1	875
tensor(2, device='cuda:0')	0	875
tensor(2, device='cuda:0')	2	876
tensor(2, device='cuda:0')	2	877
tensor(1, device='cuda:0')	0	877
tensor(0, device='cuda:0')	1	877
tensor(2, device='cuda:0')	0	877
tensor(3, device='cuda:0')	3	878
tensor(2, device='cuda:0')	2	879
tensor(3, device='cuda:0')	2	879
tensor(0, device='cuda:0')	0	880
tensor(0, device='cuda:0')	2	880
tensor(2, device='cuda:0')	2	881
tensor(1, device='cuda:0')	2	881
tensor(0, device='cuda:0')	0	882
tensor(3, device='cuda:0')	0	882
tensor(2, device='cuda:0')	2	883
tensor(0, device='cuda:0')	1	883
tensor(0, device='cuda:0')	0	884
tensor(3, device='cuda:0')	1	884
tensor(0, device='cuda:0')	0	885
tensor(1, device='cuda:0')	0	885
tensor(3, device='cuda:0')	3	886
tensor(1, device='cuda:0')	1	887
tensor(0, device='cuda:0')	0	888
tensor(2, device='cuda:0')	2	889
tensor(0, device='cuda:0')	2	889
tensor(2, device='cuda:0')	2	890
tensor(2, device='cuda:0')	2	891
tensor(3, device='cuda:0')	2	891
tensor(2, device='cuda:0')	2	892
tensor(3, device='cuda:0')	0	892
tensor(1, device='cuda:0')	1	893
tensor(2, device='cuda:0')	1	893
tensor(3, device='cuda:0')	0	893
tensor(3, device='cuda:0')	2	893
tensor(2, device='cuda:0')	2	894
tensor(1, device='cuda:0')	1	895
tensor(0, device='cuda:0')	2	895
tensor(2, device='cuda:0')	2	896
tensor(3, device='cuda:0')	1	896
tensor(1, device='cuda:0')	1	897
tensor(1, device='cuda:0')	0	897
tensor(2, device='cuda:0')	3	897
tensor(3, device='cuda:0')	3	898
tensor(1, device='cuda:0')	3	898
tensor(2, device='cuda:0')	0	898
tensor(3, device='cuda:0')	1	898
tensor(3, device='cuda:0')	3	899
tensor(0, device='cuda:0')	1	899
tensor(0, device='cuda:0')	0	900
tensor(1, device='cuda:0')	1	901
tensor(3, device='cuda:0')	3	902
tensor(1, device='cuda:0')	2	902
tensor(0, device='cuda:0')	0	903
tensor(0, device='cuda:0')	3	903
tensor(0, device='cuda:0')	0	904
tensor(2, device='cuda:0')	2	905
tensor(1, device='cuda:0')	1	906
tensor(2, device='cuda:0')	3	906
tensor(0, device='cuda:0')	0	907
tensor(2, device='cuda:0')	2	908
tensor(2, device='cuda:0')	2	909
tensor(1, device='cuda:0')	0	909
tensor(0, device='cuda:0')	0	910
tensor(2, device='cuda:0')	2	911
tensor(2, device='cuda:0')	2	912
tensor(3, device='cuda:0')	0	912
tensor(1, device='cuda:0')	1	913
tensor(3, device='cuda:0')	1	913
tensor(0, device='cuda:0')	0	914
tensor(3, device='cuda:0')	3	915
tensor(1, device='cuda:0')	0	915
tensor(0, device='cuda:0')	3	915
tensor(3, device='cuda:0')	3	916
tensor(3, device='cuda:0')	3	917
tensor(3, device='cuda:0')	3	918
tensor(0, device='cuda:0')	3	918
tensor(0, device='cuda:0')	3	918
tensor(1, device='cuda:0')	2	918
tensor(3, device='cuda:0')	3	919
tensor(0, device='cuda:0')	3	919
tensor(0, device='cuda:0')	2	919
tensor(0, device='cuda:0')	0	920
tensor(3, device='cuda:0')	3	921
tensor(2, device='cuda:0')	1	921
tensor(3, device='cuda:0')	2	921
tensor(0, device='cuda:0')	2	921
tensor(0, device='cuda:0')	0	922
tensor(0, device='cuda:0')	0	923
tensor(1, device='cuda:0')	0	923
tensor(3, device='cuda:0')	3	924
tensor(0, device='cuda:0')	0	925
tensor(2, device='cuda:0')	2	926
tensor(2, device='cuda:0')	3	926
tensor(3, device='cuda:0')	0	926
tensor(1, device='cuda:0')	1	927
tensor(2, device='cuda:0')	0	927
tensor(0, device='cuda:0')	0	928
tensor(0, device='cuda:0')	3	928
tensor(1, device='cuda:0')	1	929
tensor(3, device='cuda:0')	3	930
tensor(2, device='cuda:0')	2	931
tensor(2, device='cuda:0')	2	932
tensor(0, device='cuda:0')	2	932
tensor(1, device='cuda:0')	1	933
tensor(2, device='cuda:0')	2	934
tensor(2, device='cuda:0')	2	935
tensor(2, device='cuda:0')	2	936
tensor(3, device='cuda:0')	3	937
tensor(2, device='cuda:0')	3	937
tensor(0, device='cuda:0')	0	938
tensor(0, device='cuda:0')	1	938
tensor(1, device='cuda:0')	0	938
tensor(2, device='cuda:0')	2	939
tensor(1, device='cuda:0')	1	940
tensor(1, device='cuda:0')	1	941
tensor(2, device='cuda:0')	1	941
tensor(0, device='cuda:0')	0	942
tensor(2, device='cuda:0')	0	942
tensor(3, device='cuda:0')	2	942
tensor(1, device='cuda:0')	1	943
tensor(0, device='cuda:0')	3	943
tensor(1, device='cuda:0')	0	943
tensor(3, device='cuda:0')	0	943
tensor(0, device='cuda:0')	3	943
tensor(0, device='cuda:0')	3	943
tensor(0, device='cuda:0')	1	943
tensor(0, device='cuda:0')	3	943
tensor(3, device='cuda:0')	1	943
tensor(3, device='cuda:0')	0	943
tensor(2, device='cuda:0')	2	944
tensor(0, device='cuda:0')	1	944
tensor(2, device='cuda:0')	0	944
tensor(0, device='cuda:0')	0	945
tensor(0, device='cuda:0')	0	946
tensor(2, device='cuda:0')	1	946
tensor(2, device='cuda:0')	0	946
tensor(2, device='cuda:0')	1	946
tensor(3, device='cuda:0')	3	947
tensor(3, device='cuda:0')	1	947
tensor(0, device='cuda:0')	2	947
tensor(3, device='cuda:0')	0	947
tensor(1, device='cuda:0')	1	948
tensor(2, device='cuda:0')	3	948
tensor(3, device='cuda:0')	1	948
tensor(0, device='cuda:0')	0	949
tensor(2, device='cuda:0')	1	949
tensor(2, device='cuda:0')	2	950
tensor(1, device='cuda:0')	1	951
tensor(2, device='cuda:0')	0	951
tensor(2, device='cuda:0')	0	951
tensor(1, device='cuda:0')	0	951
tensor(1, device='cuda:0')	1	952
tensor(3, device='cuda:0')	3	953
tensor(0, device='cuda:0')	0	954
tensor(1, device='cuda:0')	1	955
tensor(2, device='cuda:0')	1	955
tensor(1, device='cuda:0')	2	955
tensor(0, device='cuda:0')	0	956
tensor(0, device='cuda:0')	0	957
tensor(2, device='cuda:0')	2	958
tensor(0, device='cuda:0')	2	958
tensor(2, device='cuda:0')	0	958
tensor(1, device='cuda:0')	2	958
tensor(0, device='cuda:0')	1	958
tensor(3, device='cuda:0')	3	959
tensor(2, device='cuda:0')	3	959
tensor(1, device='cuda:0')	1	960
tensor(3, device='cuda:0')	3	961
tensor(1, device='cuda:0')	2	961
tensor(1, device='cuda:0')	2	961
tensor(0, device='cuda:0')	0	962
tensor(0, device='cuda:0')	3	962
tensor(1, device='cuda:0')	1	963
tensor(3, device='cuda:0')	2	963
tensor(3, device='cuda:0')	1	963
tensor(3, device='cuda:0')	2	963
tensor(2, device='cuda:0')	1	963
tensor(3, device='cuda:0')	0	963
tensor(3, device='cuda:0')	1	963
tensor(3, device='cuda:0')	3	964
tensor(1, device='cuda:0')	1	965
tensor(1, device='cuda:0')	1	966
tensor(1, device='cuda:0')	2	966
tensor(1, device='cuda:0')	1	967
tensor(1, device='cuda:0')	1	968
tensor(1, device='cuda:0')	1	969
tensor(1, device='cuda:0')	1	970
tensor(3, device='cuda:0')	1	970
tensor(0, device='cuda:0')	1	970
tensor(1, device='cuda:0')	3	970
tensor(2, device='cuda:0')	1	970
tensor(0, device='cuda:0')	0	971
tensor(0, device='cuda:0')	1	971
tensor(2, device='cuda:0')	1	971
tensor(1, device='cuda:0')	0	971
tensor(1, device='cuda:0')	2	971
tensor(0, device='cuda:0')	0	972
tensor(2, device='cuda:0')	1	972
tensor(0, device='cuda:0')	1	972
tensor(1, device='cuda:0')	2	972
tensor(1, device='cuda:0')	0	972
tensor(3, device='cuda:0')	1	972
tensor(3, device='cuda:0')	3	973
tensor(0, device='cuda:0')	2	973
tensor(3, device='cuda:0')	1	973
tensor(2, device='cuda:0')	1	973
tensor(3, device='cuda:0')	0	973
tensor(1, device='cuda:0')	3	973
tensor(1, device='cuda:0')	1	974
tensor(1, device='cuda:0')	1	975
tensor(1, device='cuda:0')	1	976
tensor(1, device='cuda:0')	2	976
tensor(2, device='cuda:0')	2	977
tensor(3, device='cuda:0')	3	978
tensor(1, device='cuda:0')	2	978
tensor(1, device='cuda:0')	1	979
tensor(0, device='cuda:0')	0	980
tensor(0, device='cuda:0')	2	980
tensor(1, device='cuda:0')	3	980
tensor(0, device='cuda:0')	0	981
tensor(0, device='cuda:0')	0	982
tensor(0, device='cuda:0')	0	983
tensor(0, device='cuda:0')	1	983
tensor(3, device='cuda:0')	0	983
tensor(2, device='cuda:0')	0	983
tensor(3, device='cuda:0')	3	984
tensor(2, device='cuda:0')	2	985
tensor(0, device='cuda:0')	0	986
tensor(1, device='cuda:0')	3	986
tensor(0, device='cuda:0')	1	986
tensor(2, device='cuda:0')	0	986
tensor(2, device='cuda:0')	1	986
tensor(3, device='cuda:0')	3	987
tensor(1, device='cuda:0')	1	988
tensor(1, device='cuda:0')	1	989
tensor(0, device='cuda:0')	2	989
tensor(1, device='cuda:0')	3	989
tensor(0, device='cuda:0')	1	989
tensor(0, device='cuda:0')	0	990
tensor(2, device='cuda:0')	1	990
tensor(1, device='cuda:0')	1	991
tensor(3, device='cuda:0')	0	991
tensor(1, device='cuda:0')	1	992
tensor(0, device='cuda:0')	3	992
tensor(0, device='cuda:0')	0	993
tensor(3, device='cuda:0')	3	994
tensor(1, device='cuda:0')	1	995
tensor(0, device='cuda:0')	2	995
tensor(1, device='cuda:0')	1	996
tensor(1, device='cuda:0')	1	997
tensor(3, device='cuda:0')	1	997
tensor(3, device='cuda:0')	2	997
tensor(3, device='cuda:0')	3	998
tensor(0, device='cuda:0')	1	998
tensor(0, device='cuda:0')	0	999
tensor(1, device='cuda:0')	3	999
tensor(2, device='cuda:0')	2	1000
tensor(0, device='cuda:0')	1	1000
tensor(3, device='cuda:0')	0	1000
tensor(1, device='cuda:0')	0	1000
tensor(1, device='cuda:0')	1	1001
tensor(2, device='cuda:0')	2	1002
tensor(1, device='cuda:0')	1	1003
tensor(1, device='cuda:0')	2	1003
tensor(0, device='cuda:0')	2	1003
tensor(0, device='cuda:0')	0	1004
tensor(2, device='cuda:0')	2	1005
tensor(2, device='cuda:0')	0	1005
tensor(0, device='cuda:0')	1	1005
tensor(1, device='cuda:0')	2	1005
tensor(0, device='cuda:0')	3	1005
tensor(3, device='cuda:0')	0	1005
tensor(1, device='cuda:0')	3	1005
tensor(3, device='cuda:0')	3	1006
tensor(3, device='cuda:0')	3	1007
tensor(3, device='cuda:0')	1	1007
tensor(2, device='cuda:0')	2	1008
tensor(2, device='cuda:0')	2	1009
tensor(1, device='cuda:0')	1	1010
tensor(0, device='cuda:0')	1	1010
tensor(3, device='cuda:0')	3	1011
tensor(1, device='cuda:0')	3	1011
tensor(3, device='cuda:0')	2	1011
tensor(1, device='cuda:0')	1	1012
tensor(2, device='cuda:0')	0	1012
tensor(1, device='cuda:0')	2	1012
tensor(3, device='cuda:0')	3	1013
tensor(0, device='cuda:0')	0	1014
tensor(3, device='cuda:0')	2	1014
tensor(1, device='cuda:0')	2	1014
tensor(1, device='cuda:0')	2	1014
tensor(1, device='cuda:0')	1	1015
tensor(2, device='cuda:0')	2	1016
tensor(2, device='cuda:0')	0	1016
tensor(1, device='cuda:0')	1	1017
tensor(3, device='cuda:0')	3	1018
tensor(2, device='cuda:0')	2	1019
tensor(1, device='cuda:0')	0	1019
tensor(2, device='cuda:0')	0	1019
tensor(1, device='cuda:0')	0	1019
tensor(0, device='cuda:0')	3	1019
tensor(3, device='cuda:0')	3	1020
tensor(2, device='cuda:0')	2	1021
tensor(3, device='cuda:0')	3	1022
tensor(3, device='cuda:0')	0	1022
tensor(2, device='cuda:0')	2	1023
tensor(2, device='cuda:0')	2	1024
tensor(3, device='cuda:0')	3	1025
tensor(2, device='cuda:0')	3	1025
tensor(3, device='cuda:0')	3	1026
tensor(1, device='cuda:0')	1	1027
tensor(0, device='cuda:0')	0	1028
tensor(1, device='cuda:0')	1	1029
tensor(2, device='cuda:0')	2	1030
tensor(2, device='cuda:0')	1	1030
tensor(3, device='cuda:0')	3	1031
tensor(0, device='cuda:0')	3	1031
tensor(2, device='cuda:0')	3	1031
tensor(1, device='cuda:0')	2	1031
tensor(0, device='cuda:0')	3	1031
tensor(1, device='cuda:0')	1	1032
tensor(3, device='cuda:0')	2	1032
tensor(3, device='cuda:0')	3	1033
tensor(0, device='cuda:0')	0	1034
tensor(1, device='cuda:0')	2	1034
tensor(2, device='cuda:0')	0	1034
tensor(3, device='cuda:0')	3	1035
tensor(0, device='cuda:0')	1	1035
tensor(3, device='cuda:0')	0	1035
tensor(1, device='cuda:0')	2	1035
tensor(1, device='cuda:0')	1	1036
tensor(3, device='cuda:0')	3	1037
tensor(0, device='cuda:0')	0	1038
tensor(3, device='cuda:0')	1	1038
tensor(0, device='cuda:0')	0	1039
tensor(2, device='cuda:0')	3	1039
tensor(1, device='cuda:0')	2	1039
tensor(0, device='cuda:0')	0	1040
tensor(2, device='cuda:0')	2	1041
tensor(2, device='cuda:0')	0	1041
tensor(3, device='cuda:0')	3	1042
tensor(2, device='cuda:0')	2	1043
tensor(3, device='cuda:0')	3	1044
tensor(1, device='cuda:0')	3	1044
tensor(2, device='cuda:0')	2	1045
tensor(3, device='cuda:0')	1	1045
tensor(0, device='cuda:0')	2	1045
tensor(3, device='cuda:0')	3	1046
tensor(3, device='cuda:0')	3	1047
tensor(3, device='cuda:0')	3	1048
tensor(3, device='cuda:0')	2	1048
tensor(1, device='cuda:0')	3	1048
tensor(3, device='cuda:0')	3	1049
tensor(2, device='cuda:0')	2	1050
tensor(3, device='cuda:0')	3	1051
tensor(1, device='cuda:0')	1	1052
tensor(2, device='cuda:0')	2	1053
tensor(1, device='cuda:0')	1	1054
tensor(2, device='cuda:0')	2	1055
tensor(3, device='cuda:0')	3	1056
tensor(1, device='cuda:0')	1	1057
tensor(3, device='cuda:0')	1	1057
tensor(0, device='cuda:0')	0	1058
tensor(1, device='cuda:0')	2	1058
tensor(1, device='cuda:0')	1	1059
tensor(2, device='cuda:0')	2	1060
tensor(0, device='cuda:0')	2	1060
tensor(2, device='cuda:0')	2	1061
tensor(1, device='cuda:0')	1	1062
tensor(3, device='cuda:0')	3	1063
tensor(0, device='cuda:0')	2	1063
tensor(1, device='cuda:0')	1	1064
tensor(3, device='cuda:0')	3	1065
tensor(2, device='cuda:0')	1	1065
tensor(1, device='cuda:0')	1	1066
tensor(1, device='cuda:0')	2	1066
tensor(0, device='cuda:0')	2	1066
tensor(2, device='cuda:0')	2	1067
tensor(0, device='cuda:0')	0	1068
tensor(1, device='cuda:0')	3	1068
tensor(1, device='cuda:0')	1	1069
tensor(2, device='cuda:0')	0	1069
tensor(0, device='cuda:0')	1	1069
tensor(3, device='cuda:0')	3	1070
tensor(3, device='cuda:0')	3	1071
tensor(2, device='cuda:0')	1	1071
tensor(1, device='cuda:0')	3	1071
tensor(2, device='cuda:0')	0	1071
tensor(2, device='cuda:0')	2	1072
tensor(2, device='cuda:0')	3	1072
tensor(1, device='cuda:0')	1	1073
tensor(0, device='cuda:0')	1	1073
tensor(1, device='cuda:0')	1	1074
tensor(2, device='cuda:0')	2	1075
tensor(3, device='cuda:0')	0	1075
tensor(2, device='cuda:0')	0	1075
tensor(1, device='cuda:0')	3	1075
tensor(2, device='cuda:0')	2	1076
tensor(1, device='cuda:0')	1	1077
tensor(3, device='cuda:0')	0	1077
tensor(1, device='cuda:0')	0	1077
tensor(3, device='cuda:0')	1	1077
tensor(1, device='cuda:0')	0	1077
tensor(2, device='cuda:0')	0	1077
tensor(1, device='cuda:0')	1	1078
tensor(0, device='cuda:0')	2	1078
tensor(1, device='cuda:0')	0	1078
tensor(2, device='cuda:0')	2	1079
tensor(0, device='cuda:0')	0	1080
tensor(3, device='cuda:0')	0	1080
tensor(3, device='cuda:0')	1	1080
tensor(1, device='cuda:0')	3	1080
tensor(0, device='cuda:0')	2	1080
tensor(3, device='cuda:0')	3	1081
tensor(0, device='cuda:0')	0	1082
tensor(1, device='cuda:0')	3	1082
tensor(0, device='cuda:0')	2	1082
tensor(1, device='cuda:0')	0	1082
tensor(0, device='cuda:0')	3	1082
tensor(0, device='cuda:0')	1	1082
tensor(0, device='cuda:0')	0	1083
tensor(3, device='cuda:0')	1	1083
tensor(3, device='cuda:0')	3	1084
tensor(0, device='cuda:0')	1	1084
tensor(2, device='cuda:0')	2	1085
tensor(0, device='cuda:0')	2	1085
tensor(2, device='cuda:0')	2	1086
tensor(2, device='cuda:0')	3	1086
tensor(0, device='cuda:0')	1	1086
tensor(3, device='cuda:0')	3	1087
tensor(3, device='cuda:0')	3	1088
tensor(1, device='cuda:0')	1	1089
tensor(3, device='cuda:0')	1	1089
tensor(3, device='cuda:0')	3	1090
tensor(0, device='cuda:0')	0	1091
tensor(3, device='cuda:0')	1	1091
tensor(0, device='cuda:0')	2	1091
tensor(3, device='cuda:0')	1	1091
tensor(0, device='cuda:0')	2	1091
tensor(3, device='cuda:0')	0	1091
tensor(3, device='cuda:0')	3	1092
tensor(3, device='cuda:0')	1	1092
tensor(0, device='cuda:0')	2	1092
tensor(1, device='cuda:0')	2	1092
tensor(1, device='cuda:0')	3	1092
tensor(3, device='cuda:0')	2	1092
tensor(1, device='cuda:0')	1	1093
tensor(2, device='cuda:0')	2	1094
tensor(2, device='cuda:0')	2	1095
tensor(1, device='cuda:0')	1	1096
tensor(1, device='cuda:0')	2	1096
tensor(3, device='cuda:0')	0	1096
tensor(1, device='cuda:0')	2	1096
tensor(3, device='cuda:0')	3	1097
tensor(2, device='cuda:0')	2	1098
tensor(1, device='cuda:0')	2	1098
tensor(2, device='cuda:0')	1	1098
tensor(2, device='cuda:0')	0	1098
tensor(3, device='cuda:0')	1	1098
tensor(0, device='cuda:0')	0	1099
tensor(1, device='cuda:0')	1	1100
tensor(1, device='cuda:0')	0	1100
tensor(1, device='cuda:0')	1	1101
tensor(2, device='cuda:0')	0	1101
tensor(3, device='cuda:0')	1	1101
tensor(3, device='cuda:0')	0	1101
tensor(1, device='cuda:0')	1	1102
tensor(1, device='cuda:0')	1	1103
tensor(3, device='cuda:0')	3	1104
tensor(0, device='cuda:0')	0	1105
tensor(0, device='cuda:0')	1	1105
tensor(2, device='cuda:0')	3	1105
tensor(1, device='cuda:0')	2	1105
tensor(1, device='cuda:0')	1	1106
tensor(0, device='cuda:0')	0	1107
tensor(0, device='cuda:0')	0	1108
tensor(0, device='cuda:0')	2	1108
tensor(2, device='cuda:0')	2	1109
tensor(3, device='cuda:0')	3	1110
tensor(1, device='cuda:0')	3	1110
tensor(3, device='cuda:0')	1	1110
tensor(0, device='cuda:0')	0	1111
tensor(0, device='cuda:0')	2	1111
tensor(1, device='cuda:0')	1	1112
tensor(0, device='cuda:0')	2	1112
tensor(3, device='cuda:0')	0	1112
tensor(3, device='cuda:0')	2	1112
tensor(0, device='cuda:0')	0	1113
tensor(0, device='cuda:0')	0	1114
tensor(1, device='cuda:0')	2	1114
tensor(1, device='cuda:0')	2	1114
tensor(1, device='cuda:0')	2	1114
tensor(2, device='cuda:0')	2	1115
tensor(1, device='cuda:0')	0	1115
tensor(0, device='cuda:0')	0	1116
tensor(0, device='cuda:0')	0	1117
tensor(1, device='cuda:0')	1	1118
tensor(3, device='cuda:0')	2	1118
tensor(0, device='cuda:0')	0	1119
tensor(2, device='cuda:0')	2	1120
tensor(2, device='cuda:0')	1	1120
tensor(0, device='cuda:0')	0	1121
tensor(2, device='cuda:0')	2	1122
tensor(0, device='cuda:0')	1	1122
tensor(0, device='cuda:0')	0	1123
tensor(2, device='cuda:0')	1	1123
tensor(1, device='cuda:0')	2	1123
tensor(3, device='cuda:0')	0	1123
tensor(0, device='cuda:0')	0	1124
tensor(0, device='cuda:0')	1	1124
tensor(0, device='cuda:0')	3	1124
tensor(3, device='cuda:0')	0	1124
tensor(3, device='cuda:0')	2	1124
tensor(0, device='cuda:0')	1	1124
tensor(3, device='cuda:0')	3	1125
tensor(0, device='cuda:0')	0	1126
tensor(0, device='cuda:0')	3	1126
tensor(1, device='cuda:0')	1	1127
tensor(1, device='cuda:0')	3	1127
tensor(3, device='cuda:0')	0	1127
tensor(2, device='cuda:0')	3	1127
tensor(3, device='cuda:0')	0	1127
tensor(0, device='cuda:0')	0	1128
tensor(1, device='cuda:0')	0	1128
tensor(1, device='cuda:0')	2	1128
tensor(3, device='cuda:0')	1	1128
tensor(3, device='cuda:0')	3	1129
tensor(2, device='cuda:0')	0	1129
tensor(0, device='cuda:0')	0	1130
tensor(2, device='cuda:0')	1	1130
tensor(0, device='cuda:0')	2	1130
tensor(0, device='cuda:0')	2	1130
tensor(0, device='cuda:0')	3	1130
tensor(2, device='cuda:0')	2	1131
tensor(3, device='cuda:0')	2	1131
tensor(0, device='cuda:0')	3	1131
tensor(2, device='cuda:0')	2	1132
tensor(0, device='cuda:0')	2	1132
tensor(1, device='cuda:0')	1	1133
tensor(2, device='cuda:0')	3	1133
tensor(0, device='cuda:0')	0	1134
tensor(2, device='cuda:0')	2	1135
tensor(1, device='cuda:0')	0	1135
tensor(1, device='cuda:0')	2	1135
tensor(2, device='cuda:0')	2	1136
tensor(1, device='cuda:0')	1	1137
tensor(3, device='cuda:0')	3	1138
tensor(2, device='cuda:0')	2	1139
tensor(3, device='cuda:0')	1	1139
tensor(1, device='cuda:0')	2	1139
tensor(0, device='cuda:0')	0	1140
tensor(2, device='cuda:0')	3	1140
tensor(0, device='cuda:0')	3	1140
tensor(3, device='cuda:0')	3	1141
tensor(0, device='cuda:0')	2	1141
tensor(0, device='cuda:0')	2	1141
tensor(3, device='cuda:0')	2	1141
tensor(0, device='cuda:0')	0	1142
tensor(0, device='cuda:0')	3	1142
tensor(2, device='cuda:0')	2	1143
tensor(3, device='cuda:0')	3	1144
tensor(2, device='cuda:0')	2	1145
tensor(2, device='cuda:0')	3	1145
tensor(0, device='cuda:0')	2	1145
tensor(2, device='cuda:0')	0	1145
tensor(3, device='cuda:0')	3	1146
tensor(2, device='cuda:0')	2	1147
tensor(2, device='cuda:0')	2	1148
tensor(1, device='cuda:0')	2	1148
tensor(2, device='cuda:0')	1	1148
tensor(3, device='cuda:0')	2	1148
tensor(0, device='cuda:0')	0	1149
tensor(1, device='cuda:0')	1	1150
tensor(1, device='cuda:0')	0	1150
tensor(3, device='cuda:0')	0	1150
tensor(3, device='cuda:0')	0	1150
tensor(0, device='cuda:0')	1	1150
tensor(3, device='cuda:0')	3	1151
tensor(3, device='cuda:0')	3	1152
tensor(2, device='cuda:0')	2	1153
tensor(1, device='cuda:0')	1	1154
tensor(3, device='cuda:0')	3	1155
tensor(3, device='cuda:0')	3	1156
tensor(0, device='cuda:0')	2	1156
tensor(2, device='cuda:0')	2	1157
tensor(1, device='cuda:0')	2	1157
tensor(2, device='cuda:0')	0	1157
tensor(3, device='cuda:0')	3	1158
tensor(0, device='cuda:0')	0	1159
tensor(0, device='cuda:0')	0	1160
tensor(2, device='cuda:0')	2	1161
tensor(3, device='cuda:0')	2	1161
tensor(3, device='cuda:0')	3	1162
tensor(3, device='cuda:0')	1	1162
tensor(2, device='cuda:0')	3	1162
tensor(1, device='cuda:0')	1	1163
tensor(1, device='cuda:0')	1	1164
tensor(0, device='cuda:0')	3	1164
tensor(1, device='cuda:0')	0	1164
tensor(3, device='cuda:0')	0	1164
tensor(2, device='cuda:0')	1	1164
tensor(2, device='cuda:0')	3	1164
tensor(1, device='cuda:0')	0	1164
tensor(0, device='cuda:0')	0	1165
tensor(2, device='cuda:0')	3	1165
tensor(1, device='cuda:0')	3	1165
tensor(1, device='cuda:0')	3	1165
tensor(0, device='cuda:0')	1	1165
tensor(3, device='cuda:0')	1	1165
tensor(0, device='cuda:0')	2	1165
tensor(3, device='cuda:0')	3	1166
tensor(2, device='cuda:0')	0	1166
tensor(2, device='cuda:0')	2	1167
tensor(3, device='cuda:0')	0	1167
tensor(0, device='cuda:0')	1	1167
tensor(1, device='cuda:0')	1	1168
tensor(1, device='cuda:0')	3	1168
tensor(0, device='cuda:0')	0	1169
tensor(1, device='cuda:0')	0	1169
tensor(1, device='cuda:0')	1	1170
tensor(2, device='cuda:0')	0	1170
tensor(3, device='cuda:0')	2	1170
tensor(1, device='cuda:0')	1	1171
tensor(1, device='cuda:0')	0	1171
tensor(3, device='cuda:0')	0	1171
tensor(1, device='cuda:0')	1	1172
tensor(2, device='cuda:0')	0	1172
tensor(3, device='cuda:0')	1	1172
tensor(3, device='cuda:0')	2	1172
tensor(1, device='cuda:0')	2	1172
tensor(1, device='cuda:0')	2	1172
tensor(2, device='cuda:0')	0	1172
2376
Accuracy: 0.49326599326599324
