loading archive file checkpoints
loading archive file data/CommonsenseQA
| dictionary: 50265 types
tensor(0, device='cuda:0')	0	1
tensor(1, device='cuda:0')	1	2
tensor(3, device='cuda:0')	3	3
tensor(3, device='cuda:0')	3	4
tensor(2, device='cuda:0')	1	4
tensor(1, device='cuda:0')	2	4
tensor(1, device='cuda:0')	0	4
tensor(2, device='cuda:0')	2	5
tensor(3, device='cuda:0')	2	5
tensor(2, device='cuda:0')	0	5
tensor(0, device='cuda:0')	1	5
tensor(2, device='cuda:0')	1	5
tensor(1, device='cuda:0')	1	6
tensor(1, device='cuda:0')	1	7
tensor(1, device='cuda:0')	1	8
tensor(3, device='cuda:0')	1	8
tensor(2, device='cuda:0')	1	8
tensor(0, device='cuda:0')	3	8
tensor(0, device='cuda:0')	1	8
tensor(2, device='cuda:0')	3	8
tensor(4, device='cuda:0')	3	8
tensor(3, device='cuda:0')	3	9
tensor(1, device='cuda:0')	3	9
tensor(1, device='cuda:0')	2	9
tensor(3, device='cuda:0')	1	9
tensor(1, device='cuda:0')	2	9
tensor(1, device='cuda:0')	1	10
tensor(1, device='cuda:0')	1	11
tensor(0, device='cuda:0')	0	12
tensor(1, device='cuda:0')	1	13
tensor(0, device='cuda:0')	0	14
tensor(2, device='cuda:0')	2	15
tensor(3, device='cuda:0')	0	15
tensor(0, device='cuda:0')	0	16
tensor(0, device='cuda:0')	2	16
tensor(0, device='cuda:0')	0	17
tensor(3, device='cuda:0')	3	18
tensor(3, device='cuda:0')	2	18
tensor(2, device='cuda:0')	2	19
tensor(0, device='cuda:0')	1	19
tensor(0, device='cuda:0')	0	20
tensor(3, device='cuda:0')	1	20
tensor(2, device='cuda:0')	0	20
tensor(0, device='cuda:0')	2	20
tensor(2, device='cuda:0')	0	20
tensor(3, device='cuda:0')	3	21
tensor(3, device='cuda:0')	3	22
tensor(2, device='cuda:0')	2	23
tensor(0, device='cuda:0')	3	23
tensor(1, device='cuda:0')	3	23
tensor(0, device='cuda:0')	0	24
tensor(1, device='cuda:0')	1	25
tensor(0, device='cuda:0')	2	25
tensor(0, device='cuda:0')	0	26
tensor(3, device='cuda:0')	2	26
tensor(3, device='cuda:0')	1	26
tensor(3, device='cuda:0')	3	27
tensor(3, device='cuda:0')	2	27
tensor(3, device='cuda:0')	1	27
tensor(1, device='cuda:0')	0	27
tensor(3, device='cuda:0')	1	27
tensor(3, device='cuda:0')	3	28
tensor(0, device='cuda:0')	3	28
tensor(1, device='cuda:0')	1	29
tensor(1, device='cuda:0')	0	29
tensor(0, device='cuda:0')	0	30
tensor(1, device='cuda:0')	1	31
tensor(1, device='cuda:0')	1	32
tensor(0, device='cuda:0')	0	33
tensor(1, device='cuda:0')	1	34
tensor(2, device='cuda:0')	0	34
tensor(3, device='cuda:0')	3	35
tensor(3, device='cuda:0')	3	36
tensor(2, device='cuda:0')	1	36
tensor(0, device='cuda:0')	2	36
tensor(3, device='cuda:0')	3	37
tensor(2, device='cuda:0')	1	37
tensor(1, device='cuda:0')	1	38
tensor(2, device='cuda:0')	1	38
tensor(0, device='cuda:0')	0	39
tensor(3, device='cuda:0')	3	40
tensor(2, device='cuda:0')	0	40
tensor(2, device='cuda:0')	2	41
tensor(3, device='cuda:0')	0	41
tensor(3, device='cuda:0')	1	41
tensor(0, device='cuda:0')	0	42
tensor(1, device='cuda:0')	0	42
tensor(1, device='cuda:0')	0	42
tensor(2, device='cuda:0')	2	43
tensor(3, device='cuda:0')	3	44
tensor(0, device='cuda:0')	2	44
tensor(2, device='cuda:0')	2	45
tensor(2, device='cuda:0')	2	46
tensor(1, device='cuda:0')	1	47
tensor(1, device='cuda:0')	1	48
tensor(0, device='cuda:0')	0	49
tensor(2, device='cuda:0')	0	49
tensor(1, device='cuda:0')	2	49
tensor(2, device='cuda:0')	1	49
tensor(1, device='cuda:0')	2	49
tensor(1, device='cuda:0')	1	50
tensor(3, device='cuda:0')	3	51
tensor(1, device='cuda:0')	1	52
tensor(1, device='cuda:0')	2	52
tensor(3, device='cuda:0')	3	53
tensor(2, device='cuda:0')	2	54
tensor(3, device='cuda:0')	1	54
tensor(2, device='cuda:0')	2	55
tensor(1, device='cuda:0')	2	55
tensor(2, device='cuda:0')	2	56
tensor(0, device='cuda:0')	1	56
tensor(2, device='cuda:0')	1	56
tensor(1, device='cuda:0')	1	57
tensor(1, device='cuda:0')	2	57
tensor(0, device='cuda:0')	2	57
tensor(0, device='cuda:0')	1	57
tensor(1, device='cuda:0')	1	58
tensor(1, device='cuda:0')	1	59
tensor(0, device='cuda:0')	0	60
tensor(1, device='cuda:0')	0	60
tensor(3, device='cuda:0')	0	60
tensor(3, device='cuda:0')	2	60
tensor(1, device='cuda:0')	1	61
tensor(2, device='cuda:0')	2	62
tensor(2, device='cuda:0')	2	63
tensor(0, device='cuda:0')	2	63
tensor(0, device='cuda:0')	0	64
tensor(2, device='cuda:0')	2	65
tensor(3, device='cuda:0')	2	65
tensor(1, device='cuda:0')	1	66
tensor(1, device='cuda:0')	2	66
tensor(0, device='cuda:0')	0	67
tensor(3, device='cuda:0')	1	67
tensor(1, device='cuda:0')	0	67
tensor(2, device='cuda:0')	1	67
tensor(1, device='cuda:0')	3	67
tensor(0, device='cuda:0')	0	68
tensor(0, device='cuda:0')	1	68
tensor(3, device='cuda:0')	3	69
tensor(0, device='cuda:0')	2	69
tensor(3, device='cuda:0')	1	69
tensor(0, device='cuda:0')	3	69
tensor(2, device='cuda:0')	1	69
tensor(2, device='cuda:0')	3	69
tensor(0, device='cuda:0')	0	70
tensor(3, device='cuda:0')	3	71
tensor(0, device='cuda:0')	0	72
tensor(1, device='cuda:0')	1	73
tensor(0, device='cuda:0')	1	73
tensor(3, device='cuda:0')	0	73
tensor(3, device='cuda:0')	0	73
tensor(0, device='cuda:0')	0	74
tensor(2, device='cuda:0')	3	74
tensor(0, device='cuda:0')	0	75
tensor(1, device='cuda:0')	3	75
tensor(1, device='cuda:0')	3	75
tensor(1, device='cuda:0')	3	75
tensor(0, device='cuda:0')	0	76
tensor(2, device='cuda:0')	3	76
tensor(1, device='cuda:0')	1	77
tensor(1, device='cuda:0')	3	77
tensor(2, device='cuda:0')	1	77
tensor(2, device='cuda:0')	2	78
tensor(3, device='cuda:0')	3	79
tensor(3, device='cuda:0')	2	79
tensor(3, device='cuda:0')	0	79
tensor(0, device='cuda:0')	1	79
tensor(0, device='cuda:0')	0	80
tensor(0, device='cuda:0')	0	81
tensor(1, device='cuda:0')	1	82
tensor(1, device='cuda:0')	2	82
tensor(1, device='cuda:0')	1	83
tensor(2, device='cuda:0')	3	83
tensor(0, device='cuda:0')	2	83
tensor(2, device='cuda:0')	2	84
tensor(2, device='cuda:0')	2	85
tensor(1, device='cuda:0')	0	85
tensor(1, device='cuda:0')	1	86
tensor(1, device='cuda:0')	2	86
tensor(2, device='cuda:0')	2	87
tensor(1, device='cuda:0')	1	88
tensor(2, device='cuda:0')	1	88
tensor(0, device='cuda:0')	0	89
tensor(3, device='cuda:0')	0	89
tensor(2, device='cuda:0')	2	90
tensor(3, device='cuda:0')	3	91
tensor(1, device='cuda:0')	1	92
tensor(3, device='cuda:0')	2	92
tensor(1, device='cuda:0')	1	93
tensor(2, device='cuda:0')	2	94
tensor(3, device='cuda:0')	0	94
tensor(2, device='cuda:0')	2	95
tensor(0, device='cuda:0')	0	96
tensor(3, device='cuda:0')	0	96
tensor(2, device='cuda:0')	1	96
tensor(1, device='cuda:0')	1	97
tensor(2, device='cuda:0')	2	98
tensor(1, device='cuda:0')	2	98
tensor(2, device='cuda:0')	3	98
tensor(1, device='cuda:0')	1	99
tensor(1, device='cuda:0')	2	99
tensor(0, device='cuda:0')	2	99
tensor(1, device='cuda:0')	2	99
tensor(3, device='cuda:0')	0	99
tensor(0, device='cuda:0')	1	99
tensor(1, device='cuda:0')	1	100
tensor(2, device='cuda:0')	2	101
tensor(3, device='cuda:0')	3	102
tensor(2, device='cuda:0')	2	103
tensor(2, device='cuda:0')	1	103
tensor(1, device='cuda:0')	1	104
tensor(2, device='cuda:0')	2	105
tensor(2, device='cuda:0')	2	106
tensor(2, device='cuda:0')	0	106
tensor(0, device='cuda:0')	0	107
tensor(0, device='cuda:0')	2	107
tensor(0, device='cuda:0')	0	108
tensor(3, device='cuda:0')	2	108
tensor(1, device='cuda:0')	1	109
tensor(0, device='cuda:0')	1	109
tensor(3, device='cuda:0')	3	110
tensor(3, device='cuda:0')	3	111
tensor(2, device='cuda:0')	2	112
tensor(3, device='cuda:0')	3	113
tensor(3, device='cuda:0')	3	114
tensor(3, device='cuda:0')	3	115
tensor(1, device='cuda:0')	0	115
tensor(0, device='cuda:0')	1	115
tensor(3, device='cuda:0')	3	116
tensor(2, device='cuda:0')	1	116
tensor(3, device='cuda:0')	0	116
tensor(1, device='cuda:0')	3	116
tensor(1, device='cuda:0')	1	117
tensor(1, device='cuda:0')	1	118
tensor(1, device='cuda:0')	1	119
tensor(3, device='cuda:0')	0	119
tensor(3, device='cuda:0')	3	120
tensor(0, device='cuda:0')	3	120
tensor(1, device='cuda:0')	0	120
tensor(0, device='cuda:0')	3	120
tensor(3, device='cuda:0')	1	120
tensor(3, device='cuda:0')	3	121
tensor(1, device='cuda:0')	3	121
tensor(0, device='cuda:0')	0	122
tensor(2, device='cuda:0')	2	123
tensor(3, device='cuda:0')	3	124
tensor(0, device='cuda:0')	1	124
tensor(3, device='cuda:0')	1	124
tensor(0, device='cuda:0')	0	125
tensor(0, device='cuda:0')	0	126
tensor(2, device='cuda:0')	2	127
tensor(1, device='cuda:0')	3	127
tensor(1, device='cuda:0')	1	128
tensor(2, device='cuda:0')	2	129
tensor(0, device='cuda:0')	3	129
tensor(0, device='cuda:0')	0	130
tensor(3, device='cuda:0')	3	131
tensor(3, device='cuda:0')	3	132
tensor(1, device='cuda:0')	1	133
tensor(0, device='cuda:0')	1	133
tensor(2, device='cuda:0')	0	133
tensor(2, device='cuda:0')	2	134
tensor(1, device='cuda:0')	1	135
tensor(0, device='cuda:0')	3	135
tensor(2, device='cuda:0')	2	136
tensor(3, device='cuda:0')	3	137
tensor(1, device='cuda:0')	0	137
tensor(0, device='cuda:0')	2	137
tensor(2, device='cuda:0')	2	138
tensor(3, device='cuda:0')	1	138
tensor(0, device='cuda:0')	2	138
tensor(3, device='cuda:0')	3	139
tensor(1, device='cuda:0')	0	139
tensor(1, device='cuda:0')	1	140
tensor(1, device='cuda:0')	0	140
tensor(0, device='cuda:0')	1	140
tensor(1, device='cuda:0')	1	141
tensor(1, device='cuda:0')	1	142
tensor(3, device='cuda:0')	2	142
tensor(2, device='cuda:0')	2	143
tensor(0, device='cuda:0')	0	144
tensor(2, device='cuda:0')	0	144
tensor(2, device='cuda:0')	2	145
tensor(1, device='cuda:0')	0	145
tensor(3, device='cuda:0')	0	145
tensor(3, device='cuda:0')	3	146
tensor(3, device='cuda:0')	3	147
tensor(2, device='cuda:0')	3	147
tensor(3, device='cuda:0')	0	147
tensor(1, device='cuda:0')	2	147
tensor(3, device='cuda:0')	1	147
tensor(1, device='cuda:0')	1	148
tensor(0, device='cuda:0')	2	148
tensor(0, device='cuda:0')	3	148
tensor(0, device='cuda:0')	0	149
tensor(2, device='cuda:0')	2	150
tensor(1, device='cuda:0')	0	150
tensor(2, device='cuda:0')	0	150
tensor(0, device='cuda:0')	1	150
tensor(2, device='cuda:0')	2	151
tensor(2, device='cuda:0')	2	152
tensor(2, device='cuda:0')	0	152
tensor(0, device='cuda:0')	1	152
tensor(2, device='cuda:0')	1	152
tensor(2, device='cuda:0')	2	153
tensor(1, device='cuda:0')	1	154
tensor(2, device='cuda:0')	2	155
tensor(4, device='cuda:0')	1	155
tensor(2, device='cuda:0')	2	156
tensor(1, device='cuda:0')	3	156
tensor(1, device='cuda:0')	1	157
tensor(2, device='cuda:0')	3	157
tensor(2, device='cuda:0')	0	157
tensor(3, device='cuda:0')	3	158
tensor(3, device='cuda:0')	1	158
tensor(0, device='cuda:0')	1	158
tensor(0, device='cuda:0')	3	158
tensor(1, device='cuda:0')	1	159
tensor(1, device='cuda:0')	1	160
tensor(3, device='cuda:0')	3	161
tensor(0, device='cuda:0')	0	162
tensor(3, device='cuda:0')	1	162
tensor(0, device='cuda:0')	0	163
tensor(0, device='cuda:0')	3	163
tensor(2, device='cuda:0')	2	164
tensor(1, device='cuda:0')	1	165
tensor(3, device='cuda:0')	2	165
tensor(1, device='cuda:0')	1	166
tensor(2, device='cuda:0')	0	166
tensor(0, device='cuda:0')	0	167
tensor(0, device='cuda:0')	3	167
tensor(1, device='cuda:0')	1	168
tensor(3, device='cuda:0')	0	168
tensor(0, device='cuda:0')	1	168
tensor(3, device='cuda:0')	3	169
tensor(4, device='cuda:0')	2	169
tensor(0, device='cuda:0')	2	169
tensor(0, device='cuda:0')	2	169
tensor(1, device='cuda:0')	2	169
tensor(3, device='cuda:0')	3	170
tensor(1, device='cuda:0')	1	171
tensor(1, device='cuda:0')	1	172
tensor(2, device='cuda:0')	2	173
tensor(0, device='cuda:0')	0	174
tensor(0, device='cuda:0')	1	174
tensor(2, device='cuda:0')	2	175
tensor(1, device='cuda:0')	0	175
tensor(0, device='cuda:0')	0	176
tensor(3, device='cuda:0')	2	176
tensor(0, device='cuda:0')	1	176
tensor(0, device='cuda:0')	0	177
tensor(2, device='cuda:0')	2	178
tensor(0, device='cuda:0')	3	178
tensor(1, device='cuda:0')	0	178
tensor(3, device='cuda:0')	2	178
tensor(3, device='cuda:0')	0	178
tensor(0, device='cuda:0')	0	179
tensor(3, device='cuda:0')	2	179
tensor(1, device='cuda:0')	3	179
tensor(1, device='cuda:0')	0	179
tensor(1, device='cuda:0')	1	180
tensor(1, device='cuda:0')	1	181
tensor(1, device='cuda:0')	1	182
tensor(3, device='cuda:0')	3	183
tensor(3, device='cuda:0')	3	184
tensor(0, device='cuda:0')	3	184
tensor(2, device='cuda:0')	2	185
tensor(0, device='cuda:0')	0	186
tensor(0, device='cuda:0')	3	186
tensor(3, device='cuda:0')	3	187
tensor(0, device='cuda:0')	0	188
tensor(1, device='cuda:0')	3	188
tensor(2, device='cuda:0')	2	189
tensor(2, device='cuda:0')	0	189
tensor(0, device='cuda:0')	3	189
tensor(2, device='cuda:0')	1	189
tensor(2, device='cuda:0')	1	189
tensor(3, device='cuda:0')	0	189
tensor(2, device='cuda:0')	2	190
tensor(1, device='cuda:0')	1	191
tensor(3, device='cuda:0')	3	192
tensor(2, device='cuda:0')	0	192
tensor(0, device='cuda:0')	3	192
tensor(3, device='cuda:0')	2	192
tensor(2, device='cuda:0')	0	192
tensor(0, device='cuda:0')	0	193
tensor(0, device='cuda:0')	2	193
tensor(2, device='cuda:0')	2	194
tensor(3, device='cuda:0')	3	195
tensor(3, device='cuda:0')	3	196
tensor(3, device='cuda:0')	3	197
tensor(1, device='cuda:0')	1	198
tensor(1, device='cuda:0')	3	198
tensor(0, device='cuda:0')	3	198
tensor(4, device='cuda:0')	1	198
tensor(2, device='cuda:0')	1	198
tensor(2, device='cuda:0')	2	199
tensor(3, device='cuda:0')	3	200
tensor(0, device='cuda:0')	2	200
tensor(1, device='cuda:0')	1	201
tensor(2, device='cuda:0')	0	201
tensor(1, device='cuda:0')	3	201
tensor(3, device='cuda:0')	3	202
tensor(0, device='cuda:0')	0	203
tensor(2, device='cuda:0')	3	203
tensor(3, device='cuda:0')	3	204
tensor(2, device='cuda:0')	2	205
tensor(2, device='cuda:0')	2	206
tensor(0, device='cuda:0')	1	206
tensor(1, device='cuda:0')	2	206
tensor(1, device='cuda:0')	1	207
tensor(2, device='cuda:0')	2	208
tensor(2, device='cuda:0')	2	209
tensor(0, device='cuda:0')	0	210
tensor(2, device='cuda:0')	2	211
tensor(0, device='cuda:0')	0	212
tensor(3, device='cuda:0')	3	213
tensor(2, device='cuda:0')	2	214
tensor(0, device='cuda:0')	3	214
tensor(0, device='cuda:0')	2	214
tensor(1, device='cuda:0')	1	215
tensor(0, device='cuda:0')	0	216
tensor(1, device='cuda:0')	1	217
tensor(2, device='cuda:0')	2	218
tensor(2, device='cuda:0')	3	218
tensor(3, device='cuda:0')	2	218
tensor(2, device='cuda:0')	1	218
tensor(1, device='cuda:0')	1	219
tensor(1, device='cuda:0')	2	219
tensor(0, device='cuda:0')	0	220
tensor(2, device='cuda:0')	3	220
tensor(3, device='cuda:0')	3	221
tensor(1, device='cuda:0')	1	222
tensor(3, device='cuda:0')	2	222
tensor(2, device='cuda:0')	2	223
tensor(1, device='cuda:0')	1	224
tensor(3, device='cuda:0')	3	225
tensor(3, device='cuda:0')	3	226
tensor(1, device='cuda:0')	1	227
tensor(0, device='cuda:0')	0	228
tensor(3, device='cuda:0')	3	229
tensor(3, device='cuda:0')	1	229
tensor(2, device='cuda:0')	0	229
tensor(2, device='cuda:0')	3	229
tensor(3, device='cuda:0')	0	229
tensor(0, device='cuda:0')	0	230
tensor(3, device='cuda:0')	3	231
tensor(3, device='cuda:0')	3	232
tensor(3, device='cuda:0')	3	233
tensor(2, device='cuda:0')	2	234
tensor(0, device='cuda:0')	2	234
tensor(1, device='cuda:0')	0	234
tensor(0, device='cuda:0')	2	234
tensor(3, device='cuda:0')	3	235
tensor(0, device='cuda:0')	1	235
tensor(3, device='cuda:0')	3	236
tensor(2, device='cuda:0')	2	237
tensor(3, device='cuda:0')	3	238
tensor(3, device='cuda:0')	3	239
tensor(1, device='cuda:0')	2	239
tensor(0, device='cuda:0')	3	239
tensor(3, device='cuda:0')	3	240
tensor(1, device='cuda:0')	1	241
tensor(0, device='cuda:0')	0	242
tensor(1, device='cuda:0')	0	242
tensor(2, device='cuda:0')	3	242
tensor(0, device='cuda:0')	0	243
tensor(0, device='cuda:0')	2	243
tensor(0, device='cuda:0')	0	244
tensor(0, device='cuda:0')	0	245
tensor(2, device='cuda:0')	0	245
tensor(2, device='cuda:0')	3	245
tensor(0, device='cuda:0')	2	245
tensor(2, device='cuda:0')	0	245
tensor(0, device='cuda:0')	2	245
tensor(3, device='cuda:0')	3	246
tensor(1, device='cuda:0')	1	247
tensor(2, device='cuda:0')	2	248
tensor(3, device='cuda:0')	3	249
tensor(0, device='cuda:0')	0	250
tensor(0, device='cuda:0')	1	250
tensor(0, device='cuda:0')	2	250
tensor(0, device='cuda:0')	2	250
tensor(2, device='cuda:0')	2	251
tensor(2, device='cuda:0')	2	252
tensor(3, device='cuda:0')	0	252
tensor(1, device='cuda:0')	3	252
tensor(1, device='cuda:0')	2	252
tensor(1, device='cuda:0')	2	252
tensor(0, device='cuda:0')	2	252
tensor(0, device='cuda:0')	1	252
tensor(2, device='cuda:0')	0	252
tensor(0, device='cuda:0')	2	252
tensor(2, device='cuda:0')	2	253
tensor(2, device='cuda:0')	3	253
tensor(0, device='cuda:0')	2	253
tensor(0, device='cuda:0')	2	253
tensor(2, device='cuda:0')	3	253
tensor(2, device='cuda:0')	2	254
tensor(3, device='cuda:0')	2	254
tensor(1, device='cuda:0')	1	255
tensor(1, device='cuda:0')	3	255
tensor(3, device='cuda:0')	3	256
tensor(0, device='cuda:0')	0	257
tensor(1, device='cuda:0')	2	257
tensor(0, device='cuda:0')	0	258
tensor(0, device='cuda:0')	2	258
tensor(2, device='cuda:0')	2	259
tensor(1, device='cuda:0')	0	259
tensor(3, device='cuda:0')	2	259
tensor(0, device='cuda:0')	0	260
tensor(3, device='cuda:0')	1	260
tensor(3, device='cuda:0')	1	260
tensor(2, device='cuda:0')	3	260
tensor(1, device='cuda:0')	3	260
tensor(0, device='cuda:0')	1	260
tensor(0, device='cuda:0')	0	261
tensor(3, device='cuda:0')	1	261
tensor(2, device='cuda:0')	2	262
tensor(2, device='cuda:0')	2	263
tensor(3, device='cuda:0')	2	263
tensor(1, device='cuda:0')	3	263
tensor(3, device='cuda:0')	3	264
tensor(0, device='cuda:0')	0	265
tensor(3, device='cuda:0')	0	265
tensor(3, device='cuda:0')	3	266
tensor(0, device='cuda:0')	3	266
tensor(0, device='cuda:0')	0	267
tensor(3, device='cuda:0')	2	267
tensor(0, device='cuda:0')	2	267
tensor(2, device='cuda:0')	3	267
tensor(2, device='cuda:0')	2	268
tensor(2, device='cuda:0')	2	269
tensor(2, device='cuda:0')	1	269
tensor(0, device='cuda:0')	0	270
tensor(0, device='cuda:0')	0	271
tensor(0, device='cuda:0')	2	271
tensor(1, device='cuda:0')	1	272
tensor(0, device='cuda:0')	0	273
tensor(2, device='cuda:0')	2	274
tensor(2, device='cuda:0')	2	275
tensor(0, device='cuda:0')	3	275
tensor(0, device='cuda:0')	0	276
tensor(1, device='cuda:0')	0	276
tensor(3, device='cuda:0')	3	277
tensor(1, device='cuda:0')	2	277
tensor(3, device='cuda:0')	3	278
tensor(2, device='cuda:0')	2	279
tensor(0, device='cuda:0')	2	279
tensor(2, device='cuda:0')	1	279
tensor(1, device='cuda:0')	3	279
tensor(0, device='cuda:0')	2	279
tensor(3, device='cuda:0')	3	280
tensor(1, device='cuda:0')	1	281
tensor(0, device='cuda:0')	0	282
tensor(0, device='cuda:0')	0	283
tensor(3, device='cuda:0')	3	284
tensor(3, device='cuda:0')	3	285
tensor(1, device='cuda:0')	1	286
tensor(2, device='cuda:0')	2	287
tensor(0, device='cuda:0')	0	288
tensor(0, device='cuda:0')	1	288
tensor(2, device='cuda:0')	2	289
tensor(3, device='cuda:0')	1	289
tensor(0, device='cuda:0')	2	289
tensor(1, device='cuda:0')	0	289
tensor(2, device='cuda:0')	2	290
tensor(2, device='cuda:0')	0	290
tensor(3, device='cuda:0')	2	290
tensor(3, device='cuda:0')	3	291
tensor(3, device='cuda:0')	3	292
tensor(1, device='cuda:0')	1	293
tensor(2, device='cuda:0')	1	293
tensor(3, device='cuda:0')	3	294
tensor(1, device='cuda:0')	2	294
tensor(0, device='cuda:0')	0	295
tensor(0, device='cuda:0')	2	295
tensor(3, device='cuda:0')	3	296
tensor(0, device='cuda:0')	0	297
tensor(2, device='cuda:0')	0	297
tensor(2, device='cuda:0')	0	297
tensor(3, device='cuda:0')	3	298
tensor(1, device='cuda:0')	1	299
tensor(3, device='cuda:0')	0	299
tensor(1, device='cuda:0')	1	300
tensor(2, device='cuda:0')	2	301
tensor(1, device='cuda:0')	1	302
tensor(0, device='cuda:0')	2	302
tensor(0, device='cuda:0')	3	302
tensor(3, device='cuda:0')	3	303
tensor(3, device='cuda:0')	2	303
tensor(3, device='cuda:0')	0	303
tensor(1, device='cuda:0')	2	303
tensor(3, device='cuda:0')	3	304
tensor(1, device='cuda:0')	1	305
tensor(2, device='cuda:0')	2	306
tensor(3, device='cuda:0')	2	306
tensor(0, device='cuda:0')	0	307
tensor(0, device='cuda:0')	2	307
tensor(3, device='cuda:0')	3	308
tensor(3, device='cuda:0')	2	308
tensor(2, device='cuda:0')	1	308
tensor(1, device='cuda:0')	1	309
tensor(1, device='cuda:0')	1	310
tensor(2, device='cuda:0')	1	310
tensor(0, device='cuda:0')	2	310
tensor(3, device='cuda:0')	1	310
tensor(0, device='cuda:0')	0	311
tensor(1, device='cuda:0')	0	311
tensor(3, device='cuda:0')	3	312
tensor(0, device='cuda:0')	1	312
tensor(3, device='cuda:0')	3	313
tensor(3, device='cuda:0')	0	313
tensor(0, device='cuda:0')	1	313
tensor(0, device='cuda:0')	0	314
tensor(1, device='cuda:0')	0	314
tensor(2, device='cuda:0')	2	315
tensor(1, device='cuda:0')	1	316
tensor(2, device='cuda:0')	3	316
tensor(2, device='cuda:0')	2	317
tensor(0, device='cuda:0')	1	317
tensor(3, device='cuda:0')	3	318
tensor(3, device='cuda:0')	0	318
tensor(1, device='cuda:0')	3	318
tensor(1, device='cuda:0')	2	318
tensor(2, device='cuda:0')	2	319
tensor(1, device='cuda:0')	3	319
tensor(2, device='cuda:0')	0	319
tensor(2, device='cuda:0')	0	319
tensor(1, device='cuda:0')	1	320
tensor(0, device='cuda:0')	0	321
tensor(0, device='cuda:0')	0	322
tensor(1, device='cuda:0')	2	322
tensor(3, device='cuda:0')	0	322
tensor(3, device='cuda:0')	3	323
tensor(2, device='cuda:0')	2	324
tensor(0, device='cuda:0')	1	324
tensor(2, device='cuda:0')	2	325
tensor(3, device='cuda:0')	3	326
tensor(2, device='cuda:0')	2	327
tensor(1, device='cuda:0')	2	327
tensor(1, device='cuda:0')	3	327
tensor(2, device='cuda:0')	3	327
tensor(2, device='cuda:0')	1	327
tensor(2, device='cuda:0')	3	327
tensor(3, device='cuda:0')	0	327
tensor(3, device='cuda:0')	3	328
tensor(3, device='cuda:0')	1	328
tensor(2, device='cuda:0')	0	328
tensor(3, device='cuda:0')	2	328
tensor(0, device='cuda:0')	3	328
tensor(3, device='cuda:0')	0	328
tensor(0, device='cuda:0')	1	328
tensor(0, device='cuda:0')	1	328
tensor(2, device='cuda:0')	2	329
tensor(3, device='cuda:0')	3	330
tensor(3, device='cuda:0')	3	331
tensor(0, device='cuda:0')	3	331
tensor(1, device='cuda:0')	1	332
tensor(1, device='cuda:0')	1	333
tensor(3, device='cuda:0')	3	334
tensor(0, device='cuda:0')	0	335
tensor(0, device='cuda:0')	2	335
tensor(2, device='cuda:0')	2	336
tensor(3, device='cuda:0')	1	336
tensor(2, device='cuda:0')	2	337
tensor(1, device='cuda:0')	2	337
tensor(2, device='cuda:0')	0	337
tensor(1, device='cuda:0')	1	338
tensor(1, device='cuda:0')	1	339
tensor(0, device='cuda:0')	0	340
tensor(1, device='cuda:0')	0	340
tensor(0, device='cuda:0')	3	340
tensor(0, device='cuda:0')	0	341
tensor(2, device='cuda:0')	3	341
tensor(2, device='cuda:0')	3	341
tensor(2, device='cuda:0')	2	342
tensor(0, device='cuda:0')	2	342
tensor(1, device='cuda:0')	2	342
tensor(2, device='cuda:0')	0	342
tensor(2, device='cuda:0')	2	343
tensor(2, device='cuda:0')	1	343
tensor(1, device='cuda:0')	1	344
tensor(2, device='cuda:0')	3	344
tensor(1, device='cuda:0')	2	344
tensor(0, device='cuda:0')	0	345
tensor(3, device='cuda:0')	0	345
tensor(2, device='cuda:0')	2	346
tensor(1, device='cuda:0')	0	346
tensor(3, device='cuda:0')	0	346
tensor(0, device='cuda:0')	1	346
tensor(0, device='cuda:0')	3	346
tensor(3, device='cuda:0')	1	346
tensor(2, device='cuda:0')	3	346
tensor(2, device='cuda:0')	3	346
tensor(1, device='cuda:0')	3	346
tensor(3, device='cuda:0')	1	346
tensor(1, device='cuda:0')	1	347
tensor(1, device='cuda:0')	1	348
tensor(0, device='cuda:0')	0	349
tensor(1, device='cuda:0')	3	349
tensor(3, device='cuda:0')	3	350
tensor(0, device='cuda:0')	1	350
tensor(2, device='cuda:0')	1	350
tensor(0, device='cuda:0')	2	350
tensor(3, device='cuda:0')	3	351
tensor(2, device='cuda:0')	1	351
tensor(2, device='cuda:0')	2	352
tensor(0, device='cuda:0')	0	353
tensor(3, device='cuda:0')	1	353
tensor(3, device='cuda:0')	3	354
tensor(1, device='cuda:0')	0	354
tensor(1, device='cuda:0')	1	355
tensor(0, device='cuda:0')	0	356
tensor(0, device='cuda:0')	1	356
tensor(1, device='cuda:0')	3	356
tensor(2, device='cuda:0')	2	357
tensor(2, device='cuda:0')	1	357
tensor(3, device='cuda:0')	0	357
tensor(2, device='cuda:0')	2	358
tensor(0, device='cuda:0')	0	359
tensor(0, device='cuda:0')	1	359
tensor(0, device='cuda:0')	0	360
tensor(2, device='cuda:0')	2	361
tensor(1, device='cuda:0')	2	361
tensor(1, device='cuda:0')	1	362
tensor(2, device='cuda:0')	2	363
tensor(0, device='cuda:0')	0	364
tensor(2, device='cuda:0')	0	364
tensor(1, device='cuda:0')	1	365
tensor(0, device='cuda:0')	0	366
tensor(0, device='cuda:0')	1	366
tensor(3, device='cuda:0')	3	367
tensor(1, device='cuda:0')	1	368
tensor(3, device='cuda:0')	3	369
tensor(3, device='cuda:0')	1	369
tensor(0, device='cuda:0')	0	370
tensor(0, device='cuda:0')	2	370
tensor(2, device='cuda:0')	1	370
tensor(1, device='cuda:0')	0	370
tensor(3, device='cuda:0')	3	371
tensor(0, device='cuda:0')	1	371
tensor(3, device='cuda:0')	0	371
tensor(1, device='cuda:0')	1	372
tensor(0, device='cuda:0')	0	373
tensor(1, device='cuda:0')	1	374
tensor(2, device='cuda:0')	1	374
tensor(2, device='cuda:0')	2	375
tensor(2, device='cuda:0')	2	376
tensor(1, device='cuda:0')	1	377
tensor(0, device='cuda:0')	0	378
tensor(2, device='cuda:0')	0	378
tensor(3, device='cuda:0')	1	378
tensor(3, device='cuda:0')	0	378
tensor(0, device='cuda:0')	0	379
tensor(2, device='cuda:0')	2	380
tensor(1, device='cuda:0')	0	380
tensor(0, device='cuda:0')	1	380
tensor(1, device='cuda:0')	1	381
tensor(2, device='cuda:0')	2	382
tensor(1, device='cuda:0')	2	382
tensor(0, device='cuda:0')	3	382
tensor(2, device='cuda:0')	3	382
tensor(1, device='cuda:0')	1	383
tensor(3, device='cuda:0')	3	384
tensor(0, device='cuda:0')	0	385
tensor(2, device='cuda:0')	1	385
tensor(3, device='cuda:0')	2	385
tensor(3, device='cuda:0')	3	386
tensor(2, device='cuda:0')	2	387
tensor(0, device='cuda:0')	0	388
tensor(2, device='cuda:0')	2	389
tensor(1, device='cuda:0')	1	390
tensor(3, device='cuda:0')	0	390
tensor(0, device='cuda:0')	3	390
tensor(2, device='cuda:0')	0	390
tensor(3, device='cuda:0')	3	391
tensor(1, device='cuda:0')	0	391
tensor(3, device='cuda:0')	1	391
tensor(0, device='cuda:0')	1	391
tensor(3, device='cuda:0')	3	392
tensor(1, device='cuda:0')	3	392
tensor(0, device='cuda:0')	2	392
tensor(2, device='cuda:0')	1	392
tensor(0, device='cuda:0')	0	393
tensor(2, device='cuda:0')	1	393
tensor(0, device='cuda:0')	2	393
tensor(3, device='cuda:0')	3	394
tensor(0, device='cuda:0')	1	394
tensor(1, device='cuda:0')	1	395
tensor(2, device='cuda:0')	2	396
tensor(1, device='cuda:0')	2	396
tensor(3, device='cuda:0')	3	397
tensor(3, device='cuda:0')	3	398
tensor(0, device='cuda:0')	1	398
tensor(0, device='cuda:0')	3	398
tensor(0, device='cuda:0')	2	398
tensor(3, device='cuda:0')	2	398
tensor(0, device='cuda:0')	0	399
tensor(3, device='cuda:0')	0	399
tensor(2, device='cuda:0')	2	400
tensor(0, device='cuda:0')	0	401
tensor(0, device='cuda:0')	2	401
tensor(2, device='cuda:0')	3	401
tensor(2, device='cuda:0')	1	401
tensor(3, device='cuda:0')	1	401
tensor(1, device='cuda:0')	1	402
tensor(1, device='cuda:0')	3	402
tensor(2, device='cuda:0')	2	403
tensor(3, device='cuda:0')	0	403
tensor(3, device='cuda:0')	0	403
tensor(2, device='cuda:0')	3	403
tensor(3, device='cuda:0')	3	404
tensor(2, device='cuda:0')	2	405
tensor(2, device='cuda:0')	0	405
tensor(1, device='cuda:0')	1	406
tensor(3, device='cuda:0')	2	406
tensor(1, device='cuda:0')	2	406
tensor(3, device='cuda:0')	2	406
tensor(1, device='cuda:0')	2	406
tensor(0, device='cuda:0')	0	407
tensor(3, device='cuda:0')	2	407
tensor(3, device='cuda:0')	3	408
tensor(1, device='cuda:0')	1	409
tensor(3, device='cuda:0')	3	410
tensor(2, device='cuda:0')	3	410
tensor(0, device='cuda:0')	3	410
tensor(0, device='cuda:0')	1	410
tensor(0, device='cuda:0')	0	411
tensor(2, device='cuda:0')	1	411
tensor(2, device='cuda:0')	2	412
tensor(1, device='cuda:0')	0	412
tensor(3, device='cuda:0')	0	412
tensor(0, device='cuda:0')	0	413
tensor(1, device='cuda:0')	0	413
tensor(0, device='cuda:0')	3	413
tensor(2, device='cuda:0')	3	413
tensor(2, device='cuda:0')	3	413
tensor(0, device='cuda:0')	3	413
tensor(0, device='cuda:0')	1	413
tensor(1, device='cuda:0')	3	413
tensor(3, device='cuda:0')	3	414
tensor(0, device='cuda:0')	0	415
tensor(1, device='cuda:0')	1	416
tensor(0, device='cuda:0')	1	416
tensor(3, device='cuda:0')	1	416
tensor(0, device='cuda:0')	0	417
tensor(1, device='cuda:0')	1	418
tensor(1, device='cuda:0')	3	418
tensor(0, device='cuda:0')	2	418
tensor(0, device='cuda:0')	3	418
tensor(3, device='cuda:0')	1	418
tensor(1, device='cuda:0')	3	418
tensor(3, device='cuda:0')	3	419
tensor(0, device='cuda:0')	0	420
tensor(0, device='cuda:0')	2	420
tensor(3, device='cuda:0')	3	421
tensor(2, device='cuda:0')	2	422
tensor(1, device='cuda:0')	1	423
tensor(3, device='cuda:0')	2	423
tensor(2, device='cuda:0')	2	424
tensor(3, device='cuda:0')	3	425
tensor(2, device='cuda:0')	2	426
tensor(2, device='cuda:0')	1	426
tensor(3, device='cuda:0')	3	427
tensor(3, device='cuda:0')	0	427
tensor(3, device='cuda:0')	1	427
tensor(3, device='cuda:0')	2	427
tensor(3, device='cuda:0')	3	428
tensor(1, device='cuda:0')	1	429
tensor(3, device='cuda:0')	0	429
tensor(1, device='cuda:0')	1	430
tensor(3, device='cuda:0')	3	431
tensor(1, device='cuda:0')	1	432
tensor(2, device='cuda:0')	2	433
tensor(3, device='cuda:0')	3	434
tensor(3, device='cuda:0')	0	434
tensor(0, device='cuda:0')	2	434
tensor(2, device='cuda:0')	2	435
tensor(0, device='cuda:0')	2	435
tensor(2, device='cuda:0')	2	436
tensor(0, device='cuda:0')	3	436
tensor(1, device='cuda:0')	1	437
tensor(0, device='cuda:0')	0	438
tensor(1, device='cuda:0')	3	438
tensor(0, device='cuda:0')	3	438
tensor(2, device='cuda:0')	1	438
tensor(2, device='cuda:0')	0	438
tensor(0, device='cuda:0')	0	439
tensor(1, device='cuda:0')	3	439
tensor(0, device='cuda:0')	2	439
tensor(1, device='cuda:0')	3	439
tensor(1, device='cuda:0')	1	440
tensor(0, device='cuda:0')	0	441
tensor(2, device='cuda:0')	3	441
tensor(3, device='cuda:0')	3	442
tensor(2, device='cuda:0')	2	443
tensor(2, device='cuda:0')	3	443
tensor(2, device='cuda:0')	2	444
tensor(3, device='cuda:0')	3	445
tensor(2, device='cuda:0')	3	445
tensor(1, device='cuda:0')	2	445
tensor(2, device='cuda:0')	3	445
tensor(1, device='cuda:0')	2	445
tensor(1, device='cuda:0')	2	445
tensor(1, device='cuda:0')	1	446
tensor(2, device='cuda:0')	2	447
tensor(1, device='cuda:0')	1	448
tensor(3, device='cuda:0')	3	449
tensor(2, device='cuda:0')	2	450
tensor(2, device='cuda:0')	1	450
tensor(0, device='cuda:0')	0	451
tensor(1, device='cuda:0')	1	452
tensor(3, device='cuda:0')	3	453
tensor(0, device='cuda:0')	1	453
tensor(2, device='cuda:0')	2	454
tensor(2, device='cuda:0')	2	455
tensor(3, device='cuda:0')	3	456
tensor(1, device='cuda:0')	1	457
tensor(2, device='cuda:0')	2	458
tensor(0, device='cuda:0')	0	459
tensor(1, device='cuda:0')	1	460
tensor(1, device='cuda:0')	1	461
tensor(1, device='cuda:0')	1	462
tensor(0, device='cuda:0')	3	462
tensor(3, device='cuda:0')	3	463
tensor(0, device='cuda:0')	0	464
tensor(2, device='cuda:0')	2	465
tensor(3, device='cuda:0')	1	465
tensor(1, device='cuda:0')	2	465
tensor(3, device='cuda:0')	0	465
tensor(1, device='cuda:0')	1	466
tensor(2, device='cuda:0')	2	467
tensor(3, device='cuda:0')	3	468
tensor(2, device='cuda:0')	3	468
tensor(1, device='cuda:0')	2	468
tensor(1, device='cuda:0')	1	469
tensor(3, device='cuda:0')	3	470
tensor(0, device='cuda:0')	0	471
tensor(0, device='cuda:0')	0	472
tensor(2, device='cuda:0')	2	473
tensor(1, device='cuda:0')	1	474
tensor(1, device='cuda:0')	2	474
tensor(2, device='cuda:0')	2	475
tensor(0, device='cuda:0')	0	476
tensor(1, device='cuda:0')	2	476
tensor(3, device='cuda:0')	1	476
tensor(1, device='cuda:0')	2	476
tensor(0, device='cuda:0')	3	476
tensor(2, device='cuda:0')	2	477
tensor(0, device='cuda:0')	2	477
tensor(0, device='cuda:0')	0	478
tensor(0, device='cuda:0')	3	478
tensor(3, device='cuda:0')	3	479
tensor(0, device='cuda:0')	0	480
tensor(0, device='cuda:0')	0	481
tensor(3, device='cuda:0')	0	481
tensor(0, device='cuda:0')	3	481
tensor(2, device='cuda:0')	0	481
tensor(0, device='cuda:0')	1	481
tensor(2, device='cuda:0')	0	481
tensor(1, device='cuda:0')	3	481
tensor(2, device='cuda:0')	2	482
tensor(0, device='cuda:0')	2	482
tensor(1, device='cuda:0')	2	482
tensor(0, device='cuda:0')	1	482
tensor(1, device='cuda:0')	2	482
tensor(0, device='cuda:0')	1	482
tensor(2, device='cuda:0')	2	483
tensor(3, device='cuda:0')	3	484
tensor(1, device='cuda:0')	2	484
tensor(3, device='cuda:0')	3	485
tensor(0, device='cuda:0')	0	486
tensor(2, device='cuda:0')	2	487
tensor(1, device='cuda:0')	1	488
tensor(2, device='cuda:0')	3	488
tensor(0, device='cuda:0')	1	488
tensor(2, device='cuda:0')	2	489
tensor(3, device='cuda:0')	3	490
tensor(0, device='cuda:0')	1	490
tensor(1, device='cuda:0')	2	490
tensor(2, device='cuda:0')	0	490
tensor(0, device='cuda:0')	3	490
tensor(0, device='cuda:0')	0	491
tensor(2, device='cuda:0')	2	492
tensor(2, device='cuda:0')	2	493
tensor(0, device='cuda:0')	3	493
tensor(2, device='cuda:0')	2	494
tensor(3, device='cuda:0')	3	495
tensor(2, device='cuda:0')	0	495
tensor(3, device='cuda:0')	2	495
tensor(3, device='cuda:0')	0	495
tensor(2, device='cuda:0')	0	495
tensor(0, device='cuda:0')	3	495
tensor(1, device='cuda:0')	1	496
tensor(1, device='cuda:0')	1	497
tensor(1, device='cuda:0')	0	497
tensor(0, device='cuda:0')	0	498
tensor(0, device='cuda:0')	3	498
tensor(3, device='cuda:0')	3	499
tensor(3, device='cuda:0')	3	500
tensor(2, device='cuda:0')	3	500
tensor(0, device='cuda:0')	1	500
tensor(2, device='cuda:0')	0	500
tensor(3, device='cuda:0')	0	500
tensor(3, device='cuda:0')	3	501
tensor(0, device='cuda:0')	2	501
tensor(3, device='cuda:0')	3	502
tensor(2, device='cuda:0')	3	502
tensor(2, device='cuda:0')	1	502
tensor(2, device='cuda:0')	3	502
tensor(3, device='cuda:0')	3	503
tensor(1, device='cuda:0')	2	503
tensor(0, device='cuda:0')	1	503
tensor(2, device='cuda:0')	2	504
tensor(1, device='cuda:0')	1	505
tensor(2, device='cuda:0')	2	506
tensor(2, device='cuda:0')	0	506
tensor(0, device='cuda:0')	2	506
tensor(0, device='cuda:0')	2	506
tensor(1, device='cuda:0')	3	506
tensor(3, device='cuda:0')	2	506
tensor(1, device='cuda:0')	1	507
tensor(2, device='cuda:0')	0	507
tensor(0, device='cuda:0')	1	507
tensor(3, device='cuda:0')	3	508
tensor(1, device='cuda:0')	1	509
tensor(3, device='cuda:0')	2	509
tensor(3, device='cuda:0')	1	509
tensor(0, device='cuda:0')	2	509
tensor(2, device='cuda:0')	3	509
tensor(3, device='cuda:0')	3	510
tensor(1, device='cuda:0')	1	511
tensor(0, device='cuda:0')	1	511
tensor(3, device='cuda:0')	2	511
tensor(2, device='cuda:0')	2	512
tensor(1, device='cuda:0')	1	513
tensor(0, device='cuda:0')	0	514
tensor(0, device='cuda:0')	0	515
tensor(0, device='cuda:0')	0	516
tensor(2, device='cuda:0')	2	517
tensor(2, device='cuda:0')	2	518
tensor(1, device='cuda:0')	1	519
tensor(1, device='cuda:0')	1	520
tensor(1, device='cuda:0')	0	520
tensor(1, device='cuda:0')	2	520
tensor(2, device='cuda:0')	3	520
tensor(2, device='cuda:0')	2	521
tensor(0, device='cuda:0')	2	521
tensor(1, device='cuda:0')	1	522
tensor(0, device='cuda:0')	0	523
tensor(2, device='cuda:0')	2	524
tensor(1, device='cuda:0')	0	524
tensor(2, device='cuda:0')	3	524
tensor(3, device='cuda:0')	0	524
tensor(2, device='cuda:0')	2	525
tensor(3, device='cuda:0')	2	525
tensor(0, device='cuda:0')	3	525
tensor(1, device='cuda:0')	0	525
tensor(0, device='cuda:0')	3	525
tensor(1, device='cuda:0')	1	526
tensor(1, device='cuda:0')	0	526
tensor(3, device='cuda:0')	3	527
tensor(1, device='cuda:0')	0	527
tensor(1, device='cuda:0')	1	528
tensor(2, device='cuda:0')	2	529
tensor(4, device='cuda:0')	1	529
tensor(2, device='cuda:0')	0	529
tensor(0, device='cuda:0')	0	530
tensor(1, device='cuda:0')	2	530
tensor(3, device='cuda:0')	3	531
tensor(2, device='cuda:0')	0	531
tensor(2, device='cuda:0')	2	532
tensor(1, device='cuda:0')	1	533
tensor(2, device='cuda:0')	2	534
tensor(2, device='cuda:0')	2	535
tensor(2, device='cuda:0')	2	536
tensor(2, device='cuda:0')	3	536
tensor(0, device='cuda:0')	0	537
tensor(2, device='cuda:0')	2	538
tensor(3, device='cuda:0')	2	538
tensor(2, device='cuda:0')	2	539
tensor(3, device='cuda:0')	3	540
tensor(1, device='cuda:0')	2	540
tensor(1, device='cuda:0')	2	540
tensor(1, device='cuda:0')	1	541
tensor(0, device='cuda:0')	0	542
tensor(3, device='cuda:0')	3	543
tensor(2, device='cuda:0')	2	544
tensor(2, device='cuda:0')	2	545
tensor(0, device='cuda:0')	2	545
tensor(3, device='cuda:0')	3	546
tensor(1, device='cuda:0')	1	547
tensor(3, device='cuda:0')	2	547
tensor(2, device='cuda:0')	0	547
tensor(0, device='cuda:0')	2	547
tensor(3, device='cuda:0')	0	547
tensor(3, device='cuda:0')	2	547
tensor(3, device='cuda:0')	3	548
tensor(3, device='cuda:0')	3	549
tensor(0, device='cuda:0')	0	550
tensor(3, device='cuda:0')	3	551
tensor(0, device='cuda:0')	0	552
tensor(1, device='cuda:0')	1	553
tensor(1, device='cuda:0')	1	554
tensor(3, device='cuda:0')	0	554
tensor(1, device='cuda:0')	2	554
tensor(0, device='cuda:0')	3	554
tensor(3, device='cuda:0')	3	555
tensor(3, device='cuda:0')	3	556
tensor(0, device='cuda:0')	0	557
tensor(2, device='cuda:0')	2	558
tensor(1, device='cuda:0')	3	558
tensor(0, device='cuda:0')	2	558
tensor(2, device='cuda:0')	3	558
tensor(0, device='cuda:0')	3	558
tensor(2, device='cuda:0')	0	558
tensor(3, device='cuda:0')	1	558
tensor(3, device='cuda:0')	3	559
tensor(2, device='cuda:0')	2	560
tensor(1, device='cuda:0')	1	561
tensor(0, device='cuda:0')	0	562
tensor(1, device='cuda:0')	1	563
tensor(3, device='cuda:0')	3	564
tensor(0, device='cuda:0')	3	564
tensor(2, device='cuda:0')	1	564
tensor(0, device='cuda:0')	0	565
tensor(1, device='cuda:0')	0	565
tensor(3, device='cuda:0')	3	566
tensor(1, device='cuda:0')	1	567
tensor(3, device='cuda:0')	3	568
tensor(0, device='cuda:0')	3	568
tensor(1, device='cuda:0')	3	568
tensor(1, device='cuda:0')	1	569
tensor(2, device='cuda:0')	3	569
tensor(0, device='cuda:0')	0	570
tensor(3, device='cuda:0')	3	571
tensor(0, device='cuda:0')	0	572
tensor(3, device='cuda:0')	2	572
tensor(2, device='cuda:0')	3	572
tensor(0, device='cuda:0')	1	572
tensor(0, device='cuda:0')	1	572
tensor(1, device='cuda:0')	1	573
tensor(0, device='cuda:0')	0	574
tensor(3, device='cuda:0')	0	574
tensor(0, device='cuda:0')	0	575
tensor(1, device='cuda:0')	1	576
tensor(2, device='cuda:0')	0	576
tensor(1, device='cuda:0')	1	577
tensor(1, device='cuda:0')	1	578
tensor(0, device='cuda:0')	2	578
tensor(2, device='cuda:0')	2	579
tensor(1, device='cuda:0')	0	579
tensor(0, device='cuda:0')	3	579
tensor(3, device='cuda:0')	1	579
tensor(3, device='cuda:0')	3	580
tensor(1, device='cuda:0')	1	581
tensor(2, device='cuda:0')	2	582
tensor(2, device='cuda:0')	1	582
tensor(3, device='cuda:0')	2	582
tensor(3, device='cuda:0')	1	582
tensor(3, device='cuda:0')	3	583
tensor(0, device='cuda:0')	1	583
tensor(0, device='cuda:0')	3	583
tensor(2, device='cuda:0')	0	583
tensor(3, device='cuda:0')	2	583
tensor(1, device='cuda:0')	0	583
tensor(2, device='cuda:0')	2	584
tensor(0, device='cuda:0')	0	585
tensor(1, device='cuda:0')	1	586
tensor(3, device='cuda:0')	3	587
tensor(2, device='cuda:0')	2	588
tensor(3, device='cuda:0')	1	588
tensor(0, device='cuda:0')	3	588
tensor(1, device='cuda:0')	1	589
tensor(0, device='cuda:0')	2	589
tensor(0, device='cuda:0')	3	589
tensor(2, device='cuda:0')	1	589
tensor(1, device='cuda:0')	3	589
tensor(0, device='cuda:0')	0	590
tensor(2, device='cuda:0')	2	591
tensor(1, device='cuda:0')	1	592
tensor(3, device='cuda:0')	0	592
tensor(1, device='cuda:0')	1	593
tensor(0, device='cuda:0')	0	594
tensor(1, device='cuda:0')	1	595
tensor(1, device='cuda:0')	3	595
tensor(2, device='cuda:0')	3	595
tensor(2, device='cuda:0')	3	595
tensor(3, device='cuda:0')	2	595
tensor(2, device='cuda:0')	3	595
tensor(1, device='cuda:0')	1	596
tensor(2, device='cuda:0')	2	597
tensor(1, device='cuda:0')	1	598
tensor(0, device='cuda:0')	0	599
tensor(3, device='cuda:0')	3	600
tensor(0, device='cuda:0')	0	601
tensor(3, device='cuda:0')	3	602
tensor(3, device='cuda:0')	2	602
tensor(3, device='cuda:0')	0	602
tensor(1, device='cuda:0')	2	602
tensor(0, device='cuda:0')	0	603
tensor(1, device='cuda:0')	3	603
tensor(0, device='cuda:0')	2	603
tensor(2, device='cuda:0')	2	604
tensor(0, device='cuda:0')	2	604
tensor(2, device='cuda:0')	0	604
tensor(2, device='cuda:0')	2	605
tensor(3, device='cuda:0')	1	605
tensor(0, device='cuda:0')	2	605
tensor(2, device='cuda:0')	2	606
tensor(3, device='cuda:0')	1	606
tensor(1, device='cuda:0')	3	606
tensor(2, device='cuda:0')	2	607
tensor(2, device='cuda:0')	0	607
tensor(0, device='cuda:0')	0	608
tensor(3, device='cuda:0')	2	608
tensor(0, device='cuda:0')	0	609
tensor(0, device='cuda:0')	0	610
tensor(2, device='cuda:0')	2	611
tensor(3, device='cuda:0')	2	611
tensor(1, device='cuda:0')	2	611
tensor(3, device='cuda:0')	3	612
tensor(3, device='cuda:0')	1	612
tensor(0, device='cuda:0')	1	612
tensor(2, device='cuda:0')	1	612
tensor(2, device='cuda:0')	2	613
tensor(0, device='cuda:0')	1	613
tensor(2, device='cuda:0')	3	613
tensor(0, device='cuda:0')	0	614
tensor(0, device='cuda:0')	3	614
tensor(0, device='cuda:0')	3	614
tensor(3, device='cuda:0')	3	615
tensor(0, device='cuda:0')	0	616
tensor(0, device='cuda:0')	1	616
tensor(1, device='cuda:0')	1	617
tensor(2, device='cuda:0')	0	617
tensor(3, device='cuda:0')	0	617
tensor(0, device='cuda:0')	0	618
tensor(0, device='cuda:0')	2	618
tensor(0, device='cuda:0')	0	619
tensor(1, device='cuda:0')	1	620
tensor(1, device='cuda:0')	3	620
tensor(3, device='cuda:0')	0	620
tensor(1, device='cuda:0')	0	620
tensor(1, device='cuda:0')	2	620
tensor(2, device='cuda:0')	2	621
tensor(3, device='cuda:0')	3	622
tensor(2, device='cuda:0')	2	623
tensor(1, device='cuda:0')	0	623
tensor(1, device='cuda:0')	3	623
tensor(3, device='cuda:0')	3	624
tensor(2, device='cuda:0')	2	625
tensor(2, device='cuda:0')	2	626
tensor(3, device='cuda:0')	3	627
tensor(1, device='cuda:0')	1	628
tensor(3, device='cuda:0')	0	628
tensor(3, device='cuda:0')	2	628
tensor(1, device='cuda:0')	1	629
tensor(2, device='cuda:0')	2	630
tensor(0, device='cuda:0')	0	631
tensor(3, device='cuda:0')	3	632
tensor(1, device='cuda:0')	0	632
tensor(2, device='cuda:0')	2	633
tensor(0, device='cuda:0')	3	633
tensor(3, device='cuda:0')	3	634
tensor(2, device='cuda:0')	2	635
tensor(2, device='cuda:0')	1	635
tensor(0, device='cuda:0')	2	635
tensor(0, device='cuda:0')	0	636
tensor(1, device='cuda:0')	1	637
tensor(2, device='cuda:0')	2	638
tensor(1, device='cuda:0')	0	638
tensor(2, device='cuda:0')	2	639
tensor(2, device='cuda:0')	3	639
tensor(2, device='cuda:0')	2	640
tensor(0, device='cuda:0')	3	640
tensor(3, device='cuda:0')	0	640
tensor(2, device='cuda:0')	2	641
tensor(3, device='cuda:0')	0	641
tensor(3, device='cuda:0')	3	642
tensor(2, device='cuda:0')	3	642
tensor(1, device='cuda:0')	0	642
tensor(2, device='cuda:0')	2	643
tensor(3, device='cuda:0')	3	644
tensor(1, device='cuda:0')	0	644
tensor(3, device='cuda:0')	1	644
tensor(1, device='cuda:0')	2	644
tensor(1, device='cuda:0')	3	644
tensor(3, device='cuda:0')	3	645
tensor(3, device='cuda:0')	1	645
tensor(0, device='cuda:0')	0	646
tensor(0, device='cuda:0')	0	647
tensor(3, device='cuda:0')	1	647
tensor(3, device='cuda:0')	3	648
tensor(2, device='cuda:0')	0	648
tensor(3, device='cuda:0')	2	648
tensor(1, device='cuda:0')	1	649
tensor(0, device='cuda:0')	0	650
tensor(0, device='cuda:0')	0	651
tensor(3, device='cuda:0')	1	651
tensor(1, device='cuda:0')	3	651
tensor(0, device='cuda:0')	0	652
tensor(1, device='cuda:0')	1	653
tensor(1, device='cuda:0')	1	654
tensor(3, device='cuda:0')	3	655
tensor(2, device='cuda:0')	1	655
tensor(3, device='cuda:0')	1	655
tensor(1, device='cuda:0')	3	655
tensor(3, device='cuda:0')	3	656
tensor(1, device='cuda:0')	1	657
tensor(0, device='cuda:0')	2	657
tensor(0, device='cuda:0')	0	658
tensor(2, device='cuda:0')	1	658
tensor(1, device='cuda:0')	1	659
tensor(3, device='cuda:0')	3	660
tensor(0, device='cuda:0')	0	661
tensor(1, device='cuda:0')	2	661
tensor(0, device='cuda:0')	1	661
tensor(0, device='cuda:0')	1	661
tensor(3, device='cuda:0')	0	661
tensor(2, device='cuda:0')	3	661
tensor(2, device='cuda:0')	1	661
tensor(1, device='cuda:0')	1	662
tensor(0, device='cuda:0')	0	663
tensor(3, device='cuda:0')	0	663
tensor(3, device='cuda:0')	3	664
tensor(0, device='cuda:0')	0	665
tensor(2, device='cuda:0')	0	665
tensor(0, device='cuda:0')	0	666
tensor(1, device='cuda:0')	1	667
tensor(1, device='cuda:0')	1	668
tensor(0, device='cuda:0')	2	668
tensor(2, device='cuda:0')	1	668
tensor(3, device='cuda:0')	3	669
tensor(0, device='cuda:0')	0	670
tensor(1, device='cuda:0')	1	671
tensor(1, device='cuda:0')	2	671
tensor(1, device='cuda:0')	1	672
tensor(1, device='cuda:0')	1	673
tensor(1, device='cuda:0')	2	673
tensor(0, device='cuda:0')	2	673
tensor(1, device='cuda:0')	2	673
tensor(3, device='cuda:0')	3	674
tensor(1, device='cuda:0')	1	675
tensor(1, device='cuda:0')	3	675
tensor(3, device='cuda:0')	0	675
tensor(0, device='cuda:0')	0	676
tensor(0, device='cuda:0')	0	677
tensor(2, device='cuda:0')	0	677
tensor(2, device='cuda:0')	2	678
tensor(3, device='cuda:0')	3	679
tensor(3, device='cuda:0')	3	680
tensor(0, device='cuda:0')	0	681
tensor(0, device='cuda:0')	3	681
tensor(2, device='cuda:0')	0	681
tensor(3, device='cuda:0')	3	682
tensor(0, device='cuda:0')	1	682
tensor(3, device='cuda:0')	3	683
tensor(2, device='cuda:0')	2	684
tensor(3, device='cuda:0')	3	685
tensor(3, device='cuda:0')	0	685
tensor(2, device='cuda:0')	1	685
tensor(0, device='cuda:0')	0	686
tensor(0, device='cuda:0')	0	687
tensor(3, device='cuda:0')	2	687
tensor(2, device='cuda:0')	2	688
tensor(3, device='cuda:0')	1	688
tensor(1, device='cuda:0')	2	688
tensor(2, device='cuda:0')	2	689
tensor(3, device='cuda:0')	0	689
tensor(3, device='cuda:0')	3	690
tensor(3, device='cuda:0')	0	690
tensor(2, device='cuda:0')	3	690
tensor(2, device='cuda:0')	0	690
tensor(3, device='cuda:0')	3	691
tensor(0, device='cuda:0')	2	691
tensor(1, device='cuda:0')	1	692
tensor(1, device='cuda:0')	2	692
tensor(2, device='cuda:0')	2	693
tensor(2, device='cuda:0')	3	693
tensor(0, device='cuda:0')	2	693
tensor(1, device='cuda:0')	3	693
tensor(2, device='cuda:0')	2	694
tensor(3, device='cuda:0')	1	694
tensor(0, device='cuda:0')	0	695
tensor(0, device='cuda:0')	2	695
tensor(1, device='cuda:0')	0	695
tensor(3, device='cuda:0')	3	696
tensor(2, device='cuda:0')	2	697
tensor(0, device='cuda:0')	3	697
tensor(2, device='cuda:0')	2	698
tensor(0, device='cuda:0')	0	699
tensor(1, device='cuda:0')	0	699
tensor(2, device='cuda:0')	2	700
tensor(1, device='cuda:0')	0	700
tensor(0, device='cuda:0')	3	700
tensor(1, device='cuda:0')	1	701
tensor(0, device='cuda:0')	0	702
tensor(2, device='cuda:0')	3	702
tensor(2, device='cuda:0')	2	703
tensor(3, device='cuda:0')	3	704
tensor(1, device='cuda:0')	2	704
tensor(0, device='cuda:0')	0	705
tensor(0, device='cuda:0')	1	705
tensor(2, device='cuda:0')	0	705
tensor(2, device='cuda:0')	3	705
tensor(1, device='cuda:0')	0	705
tensor(3, device='cuda:0')	1	705
tensor(0, device='cuda:0')	1	705
tensor(1, device='cuda:0')	1	706
tensor(0, device='cuda:0')	3	706
tensor(0, device='cuda:0')	1	706
tensor(3, device='cuda:0')	2	706
tensor(0, device='cuda:0')	0	707
tensor(0, device='cuda:0')	0	708
tensor(1, device='cuda:0')	1	709
tensor(2, device='cuda:0')	0	709
tensor(3, device='cuda:0')	3	710
tensor(1, device='cuda:0')	1	711
tensor(2, device='cuda:0')	2	712
tensor(1, device='cuda:0')	3	712
tensor(2, device='cuda:0')	2	713
tensor(3, device='cuda:0')	0	713
tensor(3, device='cuda:0')	3	714
tensor(1, device='cuda:0')	1	715
tensor(3, device='cuda:0')	3	716
tensor(1, device='cuda:0')	1	717
tensor(2, device='cuda:0')	2	718
tensor(0, device='cuda:0')	0	719
tensor(2, device='cuda:0')	2	720
tensor(3, device='cuda:0')	2	720
tensor(1, device='cuda:0')	3	720
tensor(3, device='cuda:0')	3	721
tensor(0, device='cuda:0')	3	721
tensor(2, device='cuda:0')	2	722
tensor(3, device='cuda:0')	2	722
tensor(0, device='cuda:0')	0	723
tensor(0, device='cuda:0')	0	724
tensor(3, device='cuda:0')	2	724
tensor(0, device='cuda:0')	0	725
tensor(1, device='cuda:0')	4	725
tensor(0, device='cuda:0')	2	725
tensor(0, device='cuda:0')	3	725
tensor(2, device='cuda:0')	0	725
tensor(0, device='cuda:0')	2	725
tensor(3, device='cuda:0')	0	725
tensor(0, device='cuda:0')	0	726
tensor(3, device='cuda:0')	3	727
tensor(0, device='cuda:0')	3	727
tensor(2, device='cuda:0')	0	727
tensor(1, device='cuda:0')	1	728
tensor(3, device='cuda:0')	3	729
tensor(2, device='cuda:0')	0	729
tensor(1, device='cuda:0')	1	730
tensor(0, device='cuda:0')	2	730
tensor(0, device='cuda:0')	3	730
tensor(3, device='cuda:0')	0	730
tensor(1, device='cuda:0')	1	731
tensor(2, device='cuda:0')	2	732
tensor(3, device='cuda:0')	3	733
tensor(1, device='cuda:0')	1	734
tensor(2, device='cuda:0')	2	735
tensor(0, device='cuda:0')	1	735
tensor(2, device='cuda:0')	2	736
tensor(0, device='cuda:0')	0	737
tensor(3, device='cuda:0')	1	737
tensor(3, device='cuda:0')	1	737
tensor(0, device='cuda:0')	0	738
tensor(3, device='cuda:0')	3	739
tensor(2, device='cuda:0')	2	740
tensor(1, device='cuda:0')	3	740
tensor(2, device='cuda:0')	2	741
tensor(2, device='cuda:0')	0	741
tensor(0, device='cuda:0')	1	741
tensor(1, device='cuda:0')	1	742
tensor(1, device='cuda:0')	3	742
tensor(2, device='cuda:0')	2	743
tensor(0, device='cuda:0')	3	743
tensor(1, device='cuda:0')	1	744
tensor(3, device='cuda:0')	3	745
tensor(1, device='cuda:0')	1	746
tensor(3, device='cuda:0')	3	747
tensor(3, device='cuda:0')	3	748
tensor(0, device='cuda:0')	0	749
tensor(3, device='cuda:0')	3	750
tensor(1, device='cuda:0')	1	751
tensor(3, device='cuda:0')	0	751
tensor(2, device='cuda:0')	2	752
tensor(0, device='cuda:0')	0	753
tensor(1, device='cuda:0')	0	753
tensor(3, device='cuda:0')	0	753
tensor(1, device='cuda:0')	0	753
tensor(2, device='cuda:0')	3	753
tensor(1, device='cuda:0')	1	754
tensor(1, device='cuda:0')	1	755
tensor(1, device='cuda:0')	0	755
tensor(3, device='cuda:0')	1	755
tensor(1, device='cuda:0')	1	756
tensor(3, device='cuda:0')	3	757
tensor(2, device='cuda:0')	0	757
tensor(2, device='cuda:0')	2	758
tensor(3, device='cuda:0')	0	758
tensor(3, device='cuda:0')	2	758
tensor(0, device='cuda:0')	0	759
tensor(0, device='cuda:0')	0	760
tensor(2, device='cuda:0')	0	760
tensor(2, device='cuda:0')	2	761
tensor(0, device='cuda:0')	0	762
tensor(3, device='cuda:0')	3	763
tensor(1, device='cuda:0')	1	764
tensor(2, device='cuda:0')	2	765
tensor(0, device='cuda:0')	1	765
tensor(2, device='cuda:0')	2	766
tensor(2, device='cuda:0')	2	767
tensor(0, device='cuda:0')	2	767
tensor(2, device='cuda:0')	2	768
tensor(2, device='cuda:0')	2	769
tensor(2, device='cuda:0')	2	770
tensor(3, device='cuda:0')	0	770
tensor(3, device='cuda:0')	3	771
tensor(3, device='cuda:0')	1	771
tensor(2, device='cuda:0')	2	772
tensor(0, device='cuda:0')	3	772
tensor(3, device='cuda:0')	0	772
tensor(2, device='cuda:0')	0	772
tensor(0, device='cuda:0')	2	772
tensor(1, device='cuda:0')	1	773
tensor(3, device='cuda:0')	3	774
tensor(2, device='cuda:0')	1	774
tensor(0, device='cuda:0')	2	774
tensor(1, device='cuda:0')	1	775
tensor(1, device='cuda:0')	3	775
tensor(1, device='cuda:0')	0	775
tensor(1, device='cuda:0')	3	775
tensor(0, device='cuda:0')	0	776
tensor(2, device='cuda:0')	2	777
tensor(0, device='cuda:0')	1	777
tensor(3, device='cuda:0')	3	778
tensor(2, device='cuda:0')	2	779
tensor(3, device='cuda:0')	3	780
tensor(1, device='cuda:0')	1	781
tensor(2, device='cuda:0')	3	781
tensor(0, device='cuda:0')	0	782
tensor(0, device='cuda:0')	1	782
tensor(0, device='cuda:0')	0	783
tensor(2, device='cuda:0')	1	783
tensor(3, device='cuda:0')	0	783
tensor(0, device='cuda:0')	0	784
tensor(0, device='cuda:0')	2	784
tensor(1, device='cuda:0')	1	785
tensor(0, device='cuda:0')	0	786
tensor(0, device='cuda:0')	0	787
tensor(0, device='cuda:0')	1	787
tensor(2, device='cuda:0')	2	788
tensor(3, device='cuda:0')	1	788
tensor(3, device='cuda:0')	3	789
tensor(2, device='cuda:0')	2	790
tensor(1, device='cuda:0')	1	791
tensor(2, device='cuda:0')	3	791
tensor(2, device='cuda:0')	0	791
tensor(2, device='cuda:0')	2	792
tensor(0, device='cuda:0')	2	792
tensor(2, device='cuda:0')	2	793
tensor(0, device='cuda:0')	3	793
tensor(0, device='cuda:0')	0	794
tensor(0, device='cuda:0')	0	795
tensor(2, device='cuda:0')	2	796
tensor(2, device='cuda:0')	0	796
tensor(1, device='cuda:0')	3	796
tensor(2, device='cuda:0')	3	796
tensor(2, device='cuda:0')	0	796
tensor(1, device='cuda:0')	1	797
tensor(2, device='cuda:0')	2	798
tensor(2, device='cuda:0')	0	798
tensor(3, device='cuda:0')	1	798
tensor(2, device='cuda:0')	2	799
tensor(1, device='cuda:0')	0	799
tensor(0, device='cuda:0')	3	799
tensor(2, device='cuda:0')	1	799
tensor(1, device='cuda:0')	1	800
tensor(2, device='cuda:0')	2	801
tensor(1, device='cuda:0')	1	802
tensor(0, device='cuda:0')	0	803
tensor(2, device='cuda:0')	2	804
tensor(2, device='cuda:0')	2	805
tensor(3, device='cuda:0')	0	805
tensor(0, device='cuda:0')	0	806
tensor(1, device='cuda:0')	3	806
tensor(3, device='cuda:0')	2	806
tensor(3, device='cuda:0')	0	806
tensor(0, device='cuda:0')	0	807
tensor(3, device='cuda:0')	2	807
tensor(2, device='cuda:0')	2	808
tensor(1, device='cuda:0')	0	808
tensor(2, device='cuda:0')	3	808
tensor(1, device='cuda:0')	2	808
tensor(3, device='cuda:0')	2	808
tensor(0, device='cuda:0')	1	808
tensor(2, device='cuda:0')	2	809
tensor(1, device='cuda:0')	2	809
tensor(2, device='cuda:0')	1	809
tensor(2, device='cuda:0')	2	810
tensor(1, device='cuda:0')	0	810
tensor(0, device='cuda:0')	0	811
tensor(3, device='cuda:0')	3	812
tensor(3, device='cuda:0')	3	813
tensor(1, device='cuda:0')	0	813
tensor(4, device='cuda:0')	3	813
tensor(2, device='cuda:0')	3	813
tensor(4, device='cuda:0')	2	813
tensor(3, device='cuda:0')	1	813
tensor(1, device='cuda:0')	3	813
tensor(3, device='cuda:0')	1	813
tensor(0, device='cuda:0')	0	814
tensor(0, device='cuda:0')	0	815
tensor(0, device='cuda:0')	2	815
tensor(2, device='cuda:0')	2	816
tensor(1, device='cuda:0')	3	816
tensor(2, device='cuda:0')	3	816
tensor(1, device='cuda:0')	1	817
tensor(3, device='cuda:0')	0	817
tensor(0, device='cuda:0')	3	817
tensor(2, device='cuda:0')	2	818
tensor(1, device='cuda:0')	1	819
tensor(3, device='cuda:0')	0	819
tensor(0, device='cuda:0')	1	819
tensor(3, device='cuda:0')	3	820
tensor(2, device='cuda:0')	3	820
tensor(0, device='cuda:0')	3	820
tensor(2, device='cuda:0')	2	821
tensor(0, device='cuda:0')	0	822
tensor(3, device='cuda:0')	3	823
tensor(3, device='cuda:0')	3	824
tensor(0, device='cuda:0')	2	824
tensor(0, device='cuda:0')	0	825
tensor(0, device='cuda:0')	1	825
tensor(3, device='cuda:0')	2	825
tensor(0, device='cuda:0')	2	825
tensor(1, device='cuda:0')	1	826
tensor(1, device='cuda:0')	1	827
tensor(2, device='cuda:0')	0	827
tensor(1, device='cuda:0')	0	827
tensor(1, device='cuda:0')	1	828
tensor(0, device='cuda:0')	3	828
tensor(0, device='cuda:0')	1	828
tensor(2, device='cuda:0')	0	828
tensor(1, device='cuda:0')	1	829
tensor(2, device='cuda:0')	1	829
tensor(3, device='cuda:0')	3	830
tensor(1, device='cuda:0')	1	831
tensor(0, device='cuda:0')	0	832
tensor(2, device='cuda:0')	2	833
tensor(2, device='cuda:0')	2	834
tensor(0, device='cuda:0')	2	834
tensor(2, device='cuda:0')	2	835
tensor(2, device='cuda:0')	3	835
tensor(0, device='cuda:0')	0	836
tensor(3, device='cuda:0')	3	837
tensor(0, device='cuda:0')	0	838
tensor(3, device='cuda:0')	3	839
tensor(2, device='cuda:0')	2	840
tensor(3, device='cuda:0')	0	840
tensor(3, device='cuda:0')	0	840
tensor(2, device='cuda:0')	2	841
tensor(0, device='cuda:0')	0	842
tensor(1, device='cuda:0')	2	842
tensor(3, device='cuda:0')	0	842
tensor(3, device='cuda:0')	1	842
tensor(2, device='cuda:0')	0	842
tensor(0, device='cuda:0')	2	842
tensor(2, device='cuda:0')	0	842
tensor(1, device='cuda:0')	1	843
tensor(0, device='cuda:0')	3	843
tensor(3, device='cuda:0')	0	843
tensor(0, device='cuda:0')	3	843
tensor(3, device='cuda:0')	0	843
tensor(1, device='cuda:0')	0	843
tensor(1, device='cuda:0')	3	843
tensor(2, device='cuda:0')	0	843
tensor(0, device='cuda:0')	3	843
tensor(2, device='cuda:0')	1	843
tensor(1, device='cuda:0')	1	844
tensor(3, device='cuda:0')	3	845
tensor(0, device='cuda:0')	0	846
tensor(3, device='cuda:0')	3	847
tensor(0, device='cuda:0')	0	848
tensor(2, device='cuda:0')	2	849
tensor(1, device='cuda:0')	1	850
tensor(2, device='cuda:0')	2	851
tensor(1, device='cuda:0')	0	851
tensor(1, device='cuda:0')	1	852
tensor(2, device='cuda:0')	0	852
tensor(0, device='cuda:0')	0	853
tensor(2, device='cuda:0')	3	853
tensor(1, device='cuda:0')	1	854
tensor(3, device='cuda:0')	2	854
tensor(2, device='cuda:0')	0	854
tensor(3, device='cuda:0')	2	854
tensor(0, device='cuda:0')	1	854
tensor(0, device='cuda:0')	2	854
tensor(2, device='cuda:0')	2	855
tensor(1, device='cuda:0')	2	855
tensor(2, device='cuda:0')	3	855
tensor(0, device='cuda:0')	1	855
tensor(0, device='cuda:0')	1	855
tensor(2, device='cuda:0')	0	855
tensor(2, device='cuda:0')	2	856
tensor(0, device='cuda:0')	0	857
tensor(3, device='cuda:0')	0	857
tensor(3, device='cuda:0')	3	858
tensor(2, device='cuda:0')	0	858
tensor(1, device='cuda:0')	1	859
tensor(3, device='cuda:0')	2	859
tensor(2, device='cuda:0')	2	860
tensor(0, device='cuda:0')	1	860
tensor(3, device='cuda:0')	2	860
tensor(2, device='cuda:0')	0	860
tensor(2, device='cuda:0')	0	860
tensor(1, device='cuda:0')	2	860
tensor(0, device='cuda:0')	3	860
tensor(3, device='cuda:0')	3	861
tensor(2, device='cuda:0')	2	862
tensor(2, device='cuda:0')	1	862
tensor(0, device='cuda:0')	3	862
tensor(3, device='cuda:0')	2	862
tensor(2, device='cuda:0')	2	863
tensor(2, device='cuda:0')	0	863
tensor(1, device='cuda:0')	1	864
tensor(1, device='cuda:0')	1	865
tensor(1, device='cuda:0')	0	865
tensor(0, device='cuda:0')	0	866
tensor(0, device='cuda:0')	1	866
tensor(0, device='cuda:0')	1	866
tensor(0, device='cuda:0')	2	866
tensor(2, device='cuda:0')	3	866
tensor(2, device='cuda:0')	1	866
tensor(4, device='cuda:0')	3	866
tensor(3, device='cuda:0')	3	867
tensor(3, device='cuda:0')	3	868
tensor(0, device='cuda:0')	0	869
tensor(0, device='cuda:0')	0	870
tensor(1, device='cuda:0')	1	871
tensor(2, device='cuda:0')	0	871
tensor(2, device='cuda:0')	2	872
tensor(2, device='cuda:0')	2	873
tensor(1, device='cuda:0')	0	873
tensor(0, device='cuda:0')	1	873
tensor(2, device='cuda:0')	0	873
tensor(3, device='cuda:0')	3	874
tensor(2, device='cuda:0')	2	875
tensor(3, device='cuda:0')	2	875
tensor(0, device='cuda:0')	0	876
tensor(0, device='cuda:0')	2	876
tensor(2, device='cuda:0')	2	877
tensor(1, device='cuda:0')	2	877
tensor(0, device='cuda:0')	0	878
tensor(3, device='cuda:0')	0	878
tensor(2, device='cuda:0')	2	879
tensor(0, device='cuda:0')	1	879
tensor(0, device='cuda:0')	0	880
tensor(3, device='cuda:0')	1	880
tensor(0, device='cuda:0')	0	881
tensor(1, device='cuda:0')	0	881
tensor(3, device='cuda:0')	3	882
tensor(1, device='cuda:0')	1	883
tensor(0, device='cuda:0')	0	884
tensor(2, device='cuda:0')	2	885
tensor(0, device='cuda:0')	2	885
tensor(2, device='cuda:0')	2	886
tensor(2, device='cuda:0')	2	887
tensor(3, device='cuda:0')	2	887
tensor(2, device='cuda:0')	2	888
tensor(3, device='cuda:0')	0	888
tensor(1, device='cuda:0')	1	889
tensor(2, device='cuda:0')	1	889
tensor(3, device='cuda:0')	0	889
tensor(3, device='cuda:0')	2	889
tensor(2, device='cuda:0')	2	890
tensor(1, device='cuda:0')	1	891
tensor(0, device='cuda:0')	2	891
tensor(2, device='cuda:0')	2	892
tensor(4, device='cuda:0')	1	892
tensor(1, device='cuda:0')	1	893
tensor(1, device='cuda:0')	0	893
tensor(2, device='cuda:0')	3	893
tensor(3, device='cuda:0')	3	894
tensor(1, device='cuda:0')	3	894
tensor(2, device='cuda:0')	0	894
tensor(3, device='cuda:0')	1	894
tensor(3, device='cuda:0')	3	895
tensor(0, device='cuda:0')	1	895
tensor(0, device='cuda:0')	0	896
tensor(1, device='cuda:0')	1	897
tensor(3, device='cuda:0')	3	898
tensor(1, device='cuda:0')	2	898
tensor(0, device='cuda:0')	0	899
tensor(0, device='cuda:0')	3	899
tensor(0, device='cuda:0')	0	900
tensor(2, device='cuda:0')	2	901
tensor(1, device='cuda:0')	1	902
tensor(2, device='cuda:0')	3	902
tensor(0, device='cuda:0')	0	903
tensor(2, device='cuda:0')	2	904
tensor(2, device='cuda:0')	2	905
tensor(1, device='cuda:0')	0	905
tensor(0, device='cuda:0')	0	906
tensor(2, device='cuda:0')	2	907
tensor(2, device='cuda:0')	2	908
tensor(3, device='cuda:0')	0	908
tensor(1, device='cuda:0')	1	909
tensor(3, device='cuda:0')	1	909
tensor(0, device='cuda:0')	0	910
tensor(3, device='cuda:0')	3	911
tensor(1, device='cuda:0')	0	911
tensor(0, device='cuda:0')	3	911
tensor(3, device='cuda:0')	3	912
tensor(3, device='cuda:0')	3	913
tensor(3, device='cuda:0')	3	914
tensor(0, device='cuda:0')	3	914
tensor(0, device='cuda:0')	3	914
tensor(1, device='cuda:0')	2	914
tensor(3, device='cuda:0')	3	915
tensor(0, device='cuda:0')	3	915
tensor(0, device='cuda:0')	2	915
tensor(0, device='cuda:0')	0	916
tensor(3, device='cuda:0')	3	917
tensor(2, device='cuda:0')	1	917
tensor(3, device='cuda:0')	2	917
tensor(0, device='cuda:0')	2	917
tensor(0, device='cuda:0')	0	918
tensor(0, device='cuda:0')	0	919
tensor(1, device='cuda:0')	0	919
tensor(3, device='cuda:0')	3	920
tensor(0, device='cuda:0')	0	921
tensor(2, device='cuda:0')	2	922
tensor(2, device='cuda:0')	3	922
tensor(3, device='cuda:0')	0	922
tensor(1, device='cuda:0')	1	923
tensor(2, device='cuda:0')	0	923
tensor(0, device='cuda:0')	0	924
tensor(0, device='cuda:0')	3	924
tensor(1, device='cuda:0')	1	925
tensor(3, device='cuda:0')	3	926
tensor(2, device='cuda:0')	2	927
tensor(2, device='cuda:0')	2	928
tensor(0, device='cuda:0')	2	928
tensor(1, device='cuda:0')	1	929
tensor(2, device='cuda:0')	2	930
tensor(2, device='cuda:0')	2	931
tensor(2, device='cuda:0')	2	932
tensor(3, device='cuda:0')	3	933
tensor(2, device='cuda:0')	3	933
tensor(0, device='cuda:0')	0	934
tensor(0, device='cuda:0')	1	934
tensor(1, device='cuda:0')	0	934
tensor(2, device='cuda:0')	2	935
tensor(1, device='cuda:0')	1	936
tensor(1, device='cuda:0')	1	937
tensor(2, device='cuda:0')	1	937
tensor(0, device='cuda:0')	0	938
tensor(2, device='cuda:0')	0	938
tensor(3, device='cuda:0')	2	938
tensor(1, device='cuda:0')	1	939
tensor(0, device='cuda:0')	3	939
tensor(1, device='cuda:0')	0	939
tensor(3, device='cuda:0')	0	939
tensor(0, device='cuda:0')	3	939
tensor(0, device='cuda:0')	3	939
tensor(0, device='cuda:0')	1	939
tensor(0, device='cuda:0')	3	939
tensor(3, device='cuda:0')	1	939
tensor(3, device='cuda:0')	0	939
tensor(2, device='cuda:0')	2	940
tensor(0, device='cuda:0')	1	940
tensor(2, device='cuda:0')	0	940
tensor(0, device='cuda:0')	0	941
tensor(0, device='cuda:0')	0	942
tensor(2, device='cuda:0')	1	942
tensor(2, device='cuda:0')	0	942
tensor(2, device='cuda:0')	1	942
tensor(3, device='cuda:0')	3	943
tensor(3, device='cuda:0')	1	943
tensor(0, device='cuda:0')	2	943
tensor(3, device='cuda:0')	0	943
tensor(1, device='cuda:0')	1	944
tensor(2, device='cuda:0')	3	944
tensor(3, device='cuda:0')	1	944
tensor(0, device='cuda:0')	0	945
tensor(2, device='cuda:0')	1	945
tensor(2, device='cuda:0')	2	946
tensor(1, device='cuda:0')	1	947
tensor(2, device='cuda:0')	0	947
tensor(2, device='cuda:0')	0	947
tensor(1, device='cuda:0')	0	947
tensor(1, device='cuda:0')	1	948
tensor(3, device='cuda:0')	3	949
tensor(0, device='cuda:0')	0	950
tensor(1, device='cuda:0')	1	951
tensor(2, device='cuda:0')	1	951
tensor(1, device='cuda:0')	2	951
tensor(0, device='cuda:0')	0	952
tensor(0, device='cuda:0')	0	953
tensor(2, device='cuda:0')	2	954
tensor(0, device='cuda:0')	2	954
tensor(2, device='cuda:0')	0	954
tensor(1, device='cuda:0')	2	954
tensor(0, device='cuda:0')	1	954
tensor(3, device='cuda:0')	3	955
tensor(2, device='cuda:0')	3	955
tensor(1, device='cuda:0')	1	956
tensor(3, device='cuda:0')	3	957
tensor(1, device='cuda:0')	2	957
tensor(1, device='cuda:0')	2	957
tensor(0, device='cuda:0')	0	958
tensor(0, device='cuda:0')	3	958
tensor(1, device='cuda:0')	1	959
tensor(3, device='cuda:0')	2	959
tensor(3, device='cuda:0')	1	959
tensor(3, device='cuda:0')	2	959
tensor(2, device='cuda:0')	1	959
tensor(3, device='cuda:0')	0	959
tensor(3, device='cuda:0')	1	959
tensor(3, device='cuda:0')	3	960
tensor(1, device='cuda:0')	1	961
tensor(1, device='cuda:0')	1	962
tensor(1, device='cuda:0')	2	962
tensor(1, device='cuda:0')	1	963
tensor(1, device='cuda:0')	1	964
tensor(1, device='cuda:0')	1	965
tensor(1, device='cuda:0')	1	966
tensor(3, device='cuda:0')	1	966
tensor(0, device='cuda:0')	1	966
tensor(1, device='cuda:0')	3	966
tensor(2, device='cuda:0')	1	966
tensor(0, device='cuda:0')	0	967
tensor(0, device='cuda:0')	1	967
tensor(2, device='cuda:0')	1	967
tensor(1, device='cuda:0')	0	967
tensor(1, device='cuda:0')	2	967
tensor(0, device='cuda:0')	0	968
tensor(2, device='cuda:0')	1	968
tensor(0, device='cuda:0')	1	968
tensor(1, device='cuda:0')	2	968
tensor(1, device='cuda:0')	0	968
tensor(3, device='cuda:0')	1	968
tensor(3, device='cuda:0')	3	969
tensor(0, device='cuda:0')	2	969
tensor(3, device='cuda:0')	1	969
tensor(2, device='cuda:0')	1	969
tensor(3, device='cuda:0')	0	969
tensor(1, device='cuda:0')	3	969
tensor(1, device='cuda:0')	1	970
tensor(1, device='cuda:0')	1	971
tensor(1, device='cuda:0')	1	972
tensor(1, device='cuda:0')	2	972
tensor(2, device='cuda:0')	2	973
tensor(3, device='cuda:0')	3	974
tensor(1, device='cuda:0')	2	974
tensor(1, device='cuda:0')	1	975
tensor(0, device='cuda:0')	0	976
tensor(0, device='cuda:0')	2	976
tensor(1, device='cuda:0')	3	976
tensor(0, device='cuda:0')	0	977
tensor(0, device='cuda:0')	0	978
tensor(0, device='cuda:0')	0	979
tensor(0, device='cuda:0')	1	979
tensor(3, device='cuda:0')	0	979
tensor(2, device='cuda:0')	0	979
tensor(3, device='cuda:0')	3	980
tensor(2, device='cuda:0')	2	981
tensor(0, device='cuda:0')	0	982
tensor(1, device='cuda:0')	3	982
tensor(0, device='cuda:0')	1	982
tensor(2, device='cuda:0')	0	982
tensor(2, device='cuda:0')	1	982
tensor(3, device='cuda:0')	3	983
tensor(1, device='cuda:0')	1	984
tensor(1, device='cuda:0')	1	985
tensor(0, device='cuda:0')	2	985
tensor(1, device='cuda:0')	3	985
tensor(0, device='cuda:0')	1	985
tensor(0, device='cuda:0')	0	986
tensor(2, device='cuda:0')	1	986
tensor(1, device='cuda:0')	1	987
tensor(3, device='cuda:0')	0	987
tensor(1, device='cuda:0')	1	988
tensor(0, device='cuda:0')	3	988
tensor(0, device='cuda:0')	0	989
tensor(3, device='cuda:0')	3	990
tensor(1, device='cuda:0')	1	991
tensor(0, device='cuda:0')	2	991
tensor(1, device='cuda:0')	1	992
tensor(1, device='cuda:0')	1	993
tensor(3, device='cuda:0')	1	993
tensor(3, device='cuda:0')	2	993
tensor(3, device='cuda:0')	3	994
tensor(0, device='cuda:0')	1	994
tensor(0, device='cuda:0')	0	995
tensor(1, device='cuda:0')	3	995
tensor(2, device='cuda:0')	2	996
tensor(0, device='cuda:0')	1	996
tensor(3, device='cuda:0')	0	996
tensor(1, device='cuda:0')	0	996
tensor(1, device='cuda:0')	1	997
tensor(2, device='cuda:0')	2	998
tensor(4, device='cuda:0')	1	998
tensor(1, device='cuda:0')	2	998
tensor(0, device='cuda:0')	2	998
tensor(0, device='cuda:0')	0	999
tensor(2, device='cuda:0')	2	1000
tensor(4, device='cuda:0')	0	1000
tensor(0, device='cuda:0')	1	1000
tensor(1, device='cuda:0')	2	1000
tensor(0, device='cuda:0')	3	1000
tensor(3, device='cuda:0')	0	1000
tensor(1, device='cuda:0')	3	1000
tensor(3, device='cuda:0')	3	1001
tensor(3, device='cuda:0')	3	1002
tensor(3, device='cuda:0')	1	1002
tensor(2, device='cuda:0')	2	1003
tensor(2, device='cuda:0')	2	1004
tensor(1, device='cuda:0')	1	1005
tensor(0, device='cuda:0')	1	1005
tensor(3, device='cuda:0')	3	1006
tensor(1, device='cuda:0')	3	1006
tensor(3, device='cuda:0')	2	1006
tensor(1, device='cuda:0')	1	1007
tensor(2, device='cuda:0')	0	1007
tensor(1, device='cuda:0')	2	1007
tensor(3, device='cuda:0')	3	1008
tensor(0, device='cuda:0')	0	1009
tensor(3, device='cuda:0')	2	1009
tensor(1, device='cuda:0')	2	1009
tensor(1, device='cuda:0')	2	1009
tensor(1, device='cuda:0')	1	1010
tensor(2, device='cuda:0')	2	1011
tensor(2, device='cuda:0')	0	1011
tensor(1, device='cuda:0')	1	1012
tensor(3, device='cuda:0')	3	1013
tensor(2, device='cuda:0')	2	1014
tensor(1, device='cuda:0')	0	1014
tensor(2, device='cuda:0')	0	1014
tensor(1, device='cuda:0')	0	1014
tensor(0, device='cuda:0')	3	1014
tensor(3, device='cuda:0')	3	1015
tensor(2, device='cuda:0')	2	1016
tensor(3, device='cuda:0')	3	1017
tensor(3, device='cuda:0')	0	1017
tensor(2, device='cuda:0')	2	1018
tensor(2, device='cuda:0')	2	1019
tensor(3, device='cuda:0')	3	1020
tensor(2, device='cuda:0')	3	1020
tensor(3, device='cuda:0')	3	1021
tensor(1, device='cuda:0')	1	1022
tensor(0, device='cuda:0')	0	1023
tensor(1, device='cuda:0')	1	1024
tensor(2, device='cuda:0')	2	1025
tensor(2, device='cuda:0')	1	1025
tensor(3, device='cuda:0')	3	1026
tensor(0, device='cuda:0')	3	1026
tensor(2, device='cuda:0')	3	1026
tensor(1, device='cuda:0')	2	1026
tensor(0, device='cuda:0')	3	1026
tensor(1, device='cuda:0')	1	1027
tensor(3, device='cuda:0')	2	1027
tensor(3, device='cuda:0')	3	1028
tensor(0, device='cuda:0')	0	1029
tensor(1, device='cuda:0')	2	1029
tensor(2, device='cuda:0')	0	1029
tensor(3, device='cuda:0')	3	1030
tensor(0, device='cuda:0')	1	1030
tensor(3, device='cuda:0')	0	1030
tensor(1, device='cuda:0')	2	1030
tensor(1, device='cuda:0')	1	1031
tensor(3, device='cuda:0')	3	1032
tensor(0, device='cuda:0')	0	1033
tensor(3, device='cuda:0')	1	1033
tensor(0, device='cuda:0')	0	1034
tensor(2, device='cuda:0')	3	1034
tensor(1, device='cuda:0')	2	1034
tensor(0, device='cuda:0')	0	1035
tensor(2, device='cuda:0')	2	1036
tensor(2, device='cuda:0')	0	1036
tensor(3, device='cuda:0')	3	1037
tensor(2, device='cuda:0')	2	1038
tensor(3, device='cuda:0')	3	1039
tensor(1, device='cuda:0')	3	1039
tensor(2, device='cuda:0')	2	1040
tensor(3, device='cuda:0')	1	1040
tensor(0, device='cuda:0')	2	1040
tensor(3, device='cuda:0')	3	1041
tensor(3, device='cuda:0')	3	1042
tensor(3, device='cuda:0')	3	1043
tensor(3, device='cuda:0')	2	1043
tensor(1, device='cuda:0')	3	1043
tensor(3, device='cuda:0')	3	1044
tensor(2, device='cuda:0')	2	1045
tensor(3, device='cuda:0')	3	1046
tensor(1, device='cuda:0')	1	1047
tensor(2, device='cuda:0')	2	1048
tensor(1, device='cuda:0')	1	1049
tensor(2, device='cuda:0')	2	1050
tensor(3, device='cuda:0')	3	1051
tensor(1, device='cuda:0')	1	1052
tensor(3, device='cuda:0')	1	1052
tensor(0, device='cuda:0')	0	1053
tensor(1, device='cuda:0')	2	1053
tensor(1, device='cuda:0')	1	1054
tensor(2, device='cuda:0')	2	1055
tensor(0, device='cuda:0')	2	1055
tensor(2, device='cuda:0')	2	1056
tensor(1, device='cuda:0')	1	1057
tensor(3, device='cuda:0')	3	1058
tensor(0, device='cuda:0')	2	1058
tensor(1, device='cuda:0')	1	1059
tensor(3, device='cuda:0')	3	1060
tensor(2, device='cuda:0')	1	1060
tensor(1, device='cuda:0')	1	1061
tensor(1, device='cuda:0')	2	1061
tensor(0, device='cuda:0')	2	1061
tensor(2, device='cuda:0')	2	1062
tensor(0, device='cuda:0')	0	1063
tensor(1, device='cuda:0')	3	1063
tensor(1, device='cuda:0')	1	1064
tensor(2, device='cuda:0')	0	1064
tensor(0, device='cuda:0')	1	1064
tensor(3, device='cuda:0')	3	1065
tensor(3, device='cuda:0')	3	1066
tensor(2, device='cuda:0')	1	1066
tensor(1, device='cuda:0')	3	1066
tensor(2, device='cuda:0')	0	1066
tensor(2, device='cuda:0')	2	1067
tensor(2, device='cuda:0')	3	1067
tensor(1, device='cuda:0')	1	1068
tensor(0, device='cuda:0')	1	1068
tensor(1, device='cuda:0')	1	1069
tensor(2, device='cuda:0')	2	1070
tensor(3, device='cuda:0')	0	1070
tensor(2, device='cuda:0')	0	1070
tensor(1, device='cuda:0')	3	1070
tensor(2, device='cuda:0')	2	1071
tensor(1, device='cuda:0')	1	1072
tensor(3, device='cuda:0')	0	1072
tensor(1, device='cuda:0')	0	1072
tensor(3, device='cuda:0')	1	1072
tensor(1, device='cuda:0')	0	1072
tensor(2, device='cuda:0')	0	1072
tensor(1, device='cuda:0')	1	1073
tensor(0, device='cuda:0')	2	1073
tensor(1, device='cuda:0')	0	1073
tensor(2, device='cuda:0')	2	1074
tensor(0, device='cuda:0')	0	1075
tensor(3, device='cuda:0')	0	1075
tensor(3, device='cuda:0')	1	1075
tensor(1, device='cuda:0')	3	1075
tensor(0, device='cuda:0')	2	1075
tensor(3, device='cuda:0')	3	1076
tensor(0, device='cuda:0')	0	1077
tensor(1, device='cuda:0')	3	1077
tensor(0, device='cuda:0')	2	1077
tensor(1, device='cuda:0')	0	1077
tensor(0, device='cuda:0')	3	1077
tensor(0, device='cuda:0')	1	1077
tensor(0, device='cuda:0')	0	1078
tensor(3, device='cuda:0')	1	1078
tensor(3, device='cuda:0')	3	1079
tensor(0, device='cuda:0')	1	1079
tensor(2, device='cuda:0')	2	1080
tensor(0, device='cuda:0')	2	1080
tensor(2, device='cuda:0')	2	1081
tensor(2, device='cuda:0')	3	1081
tensor(0, device='cuda:0')	1	1081
tensor(3, device='cuda:0')	3	1082
tensor(3, device='cuda:0')	3	1083
tensor(1, device='cuda:0')	1	1084
tensor(3, device='cuda:0')	1	1084
tensor(3, device='cuda:0')	3	1085
tensor(0, device='cuda:0')	0	1086
tensor(3, device='cuda:0')	1	1086
tensor(0, device='cuda:0')	2	1086
tensor(3, device='cuda:0')	1	1086
tensor(0, device='cuda:0')	2	1086
tensor(3, device='cuda:0')	0	1086
tensor(3, device='cuda:0')	3	1087
tensor(3, device='cuda:0')	1	1087
tensor(0, device='cuda:0')	2	1087
tensor(1, device='cuda:0')	2	1087
tensor(1, device='cuda:0')	3	1087
tensor(3, device='cuda:0')	2	1087
tensor(1, device='cuda:0')	1	1088
tensor(2, device='cuda:0')	2	1089
tensor(2, device='cuda:0')	2	1090
tensor(1, device='cuda:0')	1	1091
tensor(1, device='cuda:0')	2	1091
tensor(3, device='cuda:0')	0	1091
tensor(1, device='cuda:0')	2	1091
tensor(3, device='cuda:0')	3	1092
tensor(2, device='cuda:0')	2	1093
tensor(1, device='cuda:0')	2	1093
tensor(2, device='cuda:0')	1	1093
tensor(2, device='cuda:0')	0	1093
tensor(3, device='cuda:0')	1	1093
tensor(0, device='cuda:0')	0	1094
tensor(1, device='cuda:0')	1	1095
tensor(1, device='cuda:0')	0	1095
tensor(1, device='cuda:0')	1	1096
tensor(2, device='cuda:0')	0	1096
tensor(3, device='cuda:0')	1	1096
tensor(3, device='cuda:0')	0	1096
tensor(1, device='cuda:0')	1	1097
tensor(1, device='cuda:0')	1	1098
tensor(3, device='cuda:0')	3	1099
tensor(0, device='cuda:0')	0	1100
tensor(0, device='cuda:0')	1	1100
tensor(4, device='cuda:0')	3	1100
tensor(1, device='cuda:0')	2	1100
tensor(1, device='cuda:0')	1	1101
tensor(0, device='cuda:0')	0	1102
tensor(0, device='cuda:0')	0	1103
tensor(0, device='cuda:0')	2	1103
tensor(2, device='cuda:0')	2	1104
tensor(3, device='cuda:0')	3	1105
tensor(1, device='cuda:0')	3	1105
tensor(3, device='cuda:0')	1	1105
tensor(0, device='cuda:0')	0	1106
tensor(0, device='cuda:0')	2	1106
tensor(1, device='cuda:0')	1	1107
tensor(0, device='cuda:0')	2	1107
tensor(3, device='cuda:0')	0	1107
tensor(3, device='cuda:0')	2	1107
tensor(0, device='cuda:0')	0	1108
tensor(0, device='cuda:0')	0	1109
tensor(1, device='cuda:0')	2	1109
tensor(1, device='cuda:0')	2	1109
tensor(1, device='cuda:0')	2	1109
tensor(2, device='cuda:0')	2	1110
tensor(1, device='cuda:0')	0	1110
tensor(0, device='cuda:0')	0	1111
tensor(0, device='cuda:0')	0	1112
tensor(1, device='cuda:0')	1	1113
tensor(3, device='cuda:0')	2	1113
tensor(0, device='cuda:0')	0	1114
tensor(2, device='cuda:0')	2	1115
tensor(2, device='cuda:0')	1	1115
tensor(0, device='cuda:0')	0	1116
tensor(2, device='cuda:0')	2	1117
tensor(0, device='cuda:0')	1	1117
tensor(0, device='cuda:0')	0	1118
tensor(2, device='cuda:0')	1	1118
tensor(1, device='cuda:0')	2	1118
tensor(3, device='cuda:0')	0	1118
tensor(0, device='cuda:0')	0	1119
tensor(0, device='cuda:0')	1	1119
tensor(0, device='cuda:0')	3	1119
tensor(3, device='cuda:0')	0	1119
tensor(3, device='cuda:0')	2	1119
tensor(0, device='cuda:0')	1	1119
tensor(3, device='cuda:0')	3	1120
tensor(0, device='cuda:0')	0	1121
tensor(0, device='cuda:0')	3	1121
tensor(1, device='cuda:0')	1	1122
tensor(1, device='cuda:0')	3	1122
tensor(3, device='cuda:0')	0	1122
tensor(2, device='cuda:0')	3	1122
tensor(3, device='cuda:0')	0	1122
tensor(0, device='cuda:0')	0	1123
tensor(1, device='cuda:0')	0	1123
tensor(1, device='cuda:0')	2	1123
tensor(3, device='cuda:0')	1	1123
tensor(3, device='cuda:0')	3	1124
tensor(2, device='cuda:0')	0	1124
tensor(0, device='cuda:0')	0	1125
tensor(2, device='cuda:0')	1	1125
tensor(0, device='cuda:0')	2	1125
tensor(0, device='cuda:0')	2	1125
tensor(0, device='cuda:0')	3	1125
tensor(2, device='cuda:0')	2	1126
tensor(3, device='cuda:0')	2	1126
tensor(0, device='cuda:0')	3	1126
tensor(2, device='cuda:0')	2	1127
tensor(0, device='cuda:0')	2	1127
tensor(1, device='cuda:0')	1	1128
tensor(2, device='cuda:0')	3	1128
tensor(0, device='cuda:0')	0	1129
tensor(2, device='cuda:0')	2	1130
tensor(1, device='cuda:0')	0	1130
tensor(1, device='cuda:0')	2	1130
tensor(2, device='cuda:0')	2	1131
tensor(1, device='cuda:0')	1	1132
tensor(3, device='cuda:0')	3	1133
tensor(2, device='cuda:0')	2	1134
tensor(3, device='cuda:0')	1	1134
tensor(1, device='cuda:0')	2	1134
tensor(0, device='cuda:0')	0	1135
tensor(2, device='cuda:0')	3	1135
tensor(0, device='cuda:0')	3	1135
tensor(3, device='cuda:0')	3	1136
tensor(0, device='cuda:0')	2	1136
tensor(0, device='cuda:0')	2	1136
tensor(3, device='cuda:0')	2	1136
tensor(0, device='cuda:0')	0	1137
tensor(0, device='cuda:0')	3	1137
tensor(2, device='cuda:0')	2	1138
tensor(3, device='cuda:0')	3	1139
tensor(2, device='cuda:0')	2	1140
tensor(2, device='cuda:0')	3	1140
tensor(0, device='cuda:0')	2	1140
tensor(2, device='cuda:0')	0	1140
tensor(3, device='cuda:0')	3	1141
tensor(2, device='cuda:0')	2	1142
tensor(4, device='cuda:0')	2	1142
tensor(1, device='cuda:0')	2	1142
tensor(2, device='cuda:0')	1	1142
tensor(3, device='cuda:0')	2	1142
tensor(0, device='cuda:0')	0	1143
tensor(1, device='cuda:0')	1	1144
tensor(1, device='cuda:0')	0	1144
tensor(3, device='cuda:0')	0	1144
tensor(3, device='cuda:0')	0	1144
tensor(0, device='cuda:0')	1	1144
tensor(3, device='cuda:0')	3	1145
tensor(3, device='cuda:0')	3	1146
tensor(2, device='cuda:0')	2	1147
tensor(1, device='cuda:0')	1	1148
tensor(3, device='cuda:0')	3	1149
tensor(3, device='cuda:0')	3	1150
tensor(0, device='cuda:0')	2	1150
tensor(2, device='cuda:0')	2	1151
tensor(1, device='cuda:0')	2	1151
tensor(2, device='cuda:0')	0	1151
tensor(3, device='cuda:0')	3	1152
tensor(0, device='cuda:0')	0	1153
tensor(0, device='cuda:0')	0	1154
tensor(2, device='cuda:0')	2	1155
tensor(3, device='cuda:0')	2	1155
tensor(3, device='cuda:0')	3	1156
tensor(3, device='cuda:0')	1	1156
tensor(2, device='cuda:0')	3	1156
tensor(1, device='cuda:0')	1	1157
tensor(1, device='cuda:0')	1	1158
tensor(0, device='cuda:0')	3	1158
tensor(1, device='cuda:0')	0	1158
tensor(3, device='cuda:0')	0	1158
tensor(4, device='cuda:0')	1	1158
tensor(2, device='cuda:0')	3	1158
tensor(1, device='cuda:0')	0	1158
tensor(0, device='cuda:0')	0	1159
tensor(2, device='cuda:0')	3	1159
tensor(4, device='cuda:0')	3	1159
tensor(1, device='cuda:0')	3	1159
tensor(0, device='cuda:0')	1	1159
tensor(3, device='cuda:0')	1	1159
tensor(0, device='cuda:0')	2	1159
tensor(3, device='cuda:0')	3	1160
tensor(2, device='cuda:0')	0	1160
tensor(2, device='cuda:0')	2	1161
tensor(3, device='cuda:0')	0	1161
tensor(0, device='cuda:0')	1	1161
tensor(1, device='cuda:0')	1	1162
tensor(1, device='cuda:0')	3	1162
tensor(0, device='cuda:0')	0	1163
tensor(1, device='cuda:0')	0	1163
tensor(1, device='cuda:0')	1	1164
tensor(2, device='cuda:0')	0	1164
tensor(3, device='cuda:0')	2	1164
tensor(1, device='cuda:0')	1	1165
tensor(1, device='cuda:0')	0	1165
tensor(3, device='cuda:0')	0	1165
tensor(1, device='cuda:0')	1	1166
tensor(2, device='cuda:0')	0	1166
tensor(3, device='cuda:0')	1	1166
tensor(3, device='cuda:0')	2	1166
tensor(1, device='cuda:0')	2	1166
tensor(1, device='cuda:0')	2	1166
tensor(2, device='cuda:0')	0	1166
2376
Accuracy: 0.49074074074074076
