loading archive file checkpoints
loading archive file data/CommonsenseQA
| dictionary: 50265 types
tensor(3, device='cuda:0')	2	0
tensor(1, device='cuda:0')	1	1
tensor(1, device='cuda:0')	2	1
tensor(3, device='cuda:0')	3	2
tensor(2, device='cuda:0')	3	2
tensor(3, device='cuda:0')	1	2
tensor(3, device='cuda:0')	2	2
tensor(0, device='cuda:0')	2	2
tensor(0, device='cuda:0')	1	2
tensor(0, device='cuda:0')	0	3
tensor(1, device='cuda:0')	1	4
tensor(2, device='cuda:0')	0	4
tensor(0, device='cuda:0')	2	4
tensor(1, device='cuda:0')	2	4
tensor(1, device='cuda:0')	2	4
tensor(0, device='cuda:0')	0	5
tensor(2, device='cuda:0')	2	6
tensor(0, device='cuda:0')	1	6
tensor(0, device='cuda:0')	0	7
tensor(0, device='cuda:0')	2	7
tensor(3, device='cuda:0')	1	7
tensor(0, device='cuda:0')	1	7
tensor(2, device='cuda:0')	0	7
tensor(3, device='cuda:0')	2	7
tensor(3, device='cuda:0')	1	7
tensor(1, device='cuda:0')	3	7
tensor(1, device='cuda:0')	1	8
tensor(1, device='cuda:0')	1	9
tensor(2, device='cuda:0')	2	10
tensor(1, device='cuda:0')	1	11
tensor(1, device='cuda:0')	3	11
tensor(2, device='cuda:0')	2	12
tensor(0, device='cuda:0')	0	13
tensor(2, device='cuda:0')	2	14
tensor(3, device='cuda:0')	0	14
tensor(2, device='cuda:0')	0	14
tensor(2, device='cuda:0')	1	14
tensor(3, device='cuda:0')	1	14
tensor(2, device='cuda:0')	2	15
tensor(2, device='cuda:0')	1	15
tensor(2, device='cuda:0')	2	16
tensor(3, device='cuda:0')	0	16
tensor(2, device='cuda:0')	2	17
tensor(0, device='cuda:0')	3	17
tensor(3, device='cuda:0')	1	17
tensor(4, device='cuda:0')	1	17
tensor(1, device='cuda:0')	2	17
tensor(3, device='cuda:0')	2	17
tensor(1, device='cuda:0')	2	17
tensor(1, device='cuda:0')	0	17
tensor(2, device='cuda:0')	3	17
tensor(1, device='cuda:0')	2	17
tensor(0, device='cuda:0')	0	18
tensor(4, device='cuda:0')	2	18
tensor(0, device='cuda:0')	2	18
tensor(0, device='cuda:0')	1	18
tensor(2, device='cuda:0')	2	19
tensor(0, device='cuda:0')	0	20
tensor(1, device='cuda:0')	0	20
tensor(3, device='cuda:0')	2	20
tensor(3, device='cuda:0')	3	21
tensor(2, device='cuda:0')	1	21
tensor(3, device='cuda:0')	3	22
tensor(1, device='cuda:0')	2	22
tensor(0, device='cuda:0')	3	22
tensor(3, device='cuda:0')	0	22
tensor(1, device='cuda:0')	0	22
tensor(2, device='cuda:0')	2	23
tensor(2, device='cuda:0')	1	23
tensor(0, device='cuda:0')	0	24
tensor(1, device='cuda:0')	0	24
tensor(3, device='cuda:0')	2	24
tensor(2, device='cuda:0')	1	24
tensor(0, device='cuda:0')	3	24
tensor(2, device='cuda:0')	3	24
tensor(3, device='cuda:0')	0	24
tensor(0, device='cuda:0')	1	24
tensor(1, device='cuda:0')	1	25
tensor(3, device='cuda:0')	1	25
tensor(1, device='cuda:0')	0	25
tensor(3, device='cuda:0')	3	26
tensor(1, device='cuda:0')	2	26
tensor(1, device='cuda:0')	2	26
tensor(3, device='cuda:0')	3	27
tensor(1, device='cuda:0')	3	27
tensor(3, device='cuda:0')	0	27
tensor(0, device='cuda:0')	0	28
tensor(1, device='cuda:0')	3	28
tensor(2, device='cuda:0')	2	29
tensor(2, device='cuda:0')	2	30
tensor(0, device='cuda:0')	0	31
tensor(0, device='cuda:0')	3	31
tensor(0, device='cuda:0')	3	31
tensor(1, device='cuda:0')	0	31
tensor(1, device='cuda:0')	1	32
tensor(2, device='cuda:0')	2	33
tensor(1, device='cuda:0')	2	33
tensor(1, device='cuda:0')	1	34
tensor(1, device='cuda:0')	1	35
tensor(1, device='cuda:0')	1	36
tensor(2, device='cuda:0')	2	37
tensor(0, device='cuda:0')	3	37
tensor(0, device='cuda:0')	0	38
tensor(1, device='cuda:0')	1	39
tensor(1, device='cuda:0')	2	39
tensor(0, device='cuda:0')	1	39
tensor(3, device='cuda:0')	3	40
tensor(0, device='cuda:0')	1	40
tensor(0, device='cuda:0')	3	40
tensor(1, device='cuda:0')	0	40
tensor(0, device='cuda:0')	0	41
tensor(1, device='cuda:0')	0	41
tensor(2, device='cuda:0')	0	41
tensor(0, device='cuda:0')	0	42
tensor(1, device='cuda:0')	1	43
tensor(2, device='cuda:0')	3	43
tensor(2, device='cuda:0')	1	43
tensor(2, device='cuda:0')	2	44
tensor(2, device='cuda:0')	3	44
tensor(2, device='cuda:0')	2	45
tensor(0, device='cuda:0')	0	46
tensor(1, device='cuda:0')	0	46
tensor(2, device='cuda:0')	3	46
tensor(1, device='cuda:0')	0	46
tensor(3, device='cuda:0')	1	46
tensor(3, device='cuda:0')	3	47
tensor(3, device='cuda:0')	0	47
tensor(3, device='cuda:0')	1	47
tensor(1, device='cuda:0')	3	47
tensor(1, device='cuda:0')	2	47
tensor(2, device='cuda:0')	1	47
tensor(2, device='cuda:0')	2	48
tensor(2, device='cuda:0')	3	48
tensor(1, device='cuda:0')	1	49
tensor(1, device='cuda:0')	1	50
tensor(1, device='cuda:0')	1	51
tensor(1, device='cuda:0')	1	52
tensor(0, device='cuda:0')	1	52
tensor(0, device='cuda:0')	0	53
tensor(2, device='cuda:0')	1	53
tensor(2, device='cuda:0')	3	53
tensor(2, device='cuda:0')	2	54
tensor(3, device='cuda:0')	0	54
tensor(3, device='cuda:0')	0	54
tensor(0, device='cuda:0')	0	55
tensor(0, device='cuda:0')	2	55
tensor(2, device='cuda:0')	1	55
tensor(1, device='cuda:0')	0	55
tensor(3, device='cuda:0')	2	55
tensor(0, device='cuda:0')	0	56
tensor(1, device='cuda:0')	2	56
tensor(3, device='cuda:0')	3	57
tensor(3, device='cuda:0')	3	58
tensor(1, device='cuda:0')	1	59
tensor(2, device='cuda:0')	1	59
tensor(2, device='cuda:0')	3	59
tensor(3, device='cuda:0')	2	59
tensor(2, device='cuda:0')	1	59
tensor(1, device='cuda:0')	2	59
tensor(2, device='cuda:0')	1	59
tensor(4, device='cuda:0')	0	59
tensor(1, device='cuda:0')	3	59
tensor(1, device='cuda:0')	0	59
tensor(1, device='cuda:0')	1	60
tensor(2, device='cuda:0')	0	60
tensor(1, device='cuda:0')	0	60
tensor(1, device='cuda:0')	2	60
tensor(2, device='cuda:0')	1	60
tensor(0, device='cuda:0')	0	61
tensor(3, device='cuda:0')	3	62
tensor(2, device='cuda:0')	3	62
tensor(3, device='cuda:0')	3	63
tensor(3, device='cuda:0')	1	63
tensor(1, device='cuda:0')	3	63
tensor(0, device='cuda:0')	2	63
tensor(2, device='cuda:0')	0	63
tensor(0, device='cuda:0')	0	64
tensor(3, device='cuda:0')	0	64
tensor(0, device='cuda:0')	1	64
tensor(2, device='cuda:0')	2	65
tensor(1, device='cuda:0')	0	65
tensor(0, device='cuda:0')	3	65
tensor(1, device='cuda:0')	2	65
tensor(1, device='cuda:0')	2	65
tensor(3, device='cuda:0')	0	65
tensor(0, device='cuda:0')	2	65
tensor(3, device='cuda:0')	3	66
tensor(3, device='cuda:0')	0	66
tensor(2, device='cuda:0')	2	67
tensor(3, device='cuda:0')	2	67
tensor(1, device='cuda:0')	2	67
tensor(1, device='cuda:0')	1	68
tensor(2, device='cuda:0')	0	68
tensor(2, device='cuda:0')	3	68
tensor(1, device='cuda:0')	1	69
tensor(0, device='cuda:0')	0	70
tensor(3, device='cuda:0')	1	70
tensor(1, device='cuda:0')	2	70
tensor(2, device='cuda:0')	1	70
tensor(2, device='cuda:0')	1	70
tensor(0, device='cuda:0')	2	70
tensor(1, device='cuda:0')	2	70
tensor(0, device='cuda:0')	0	71
tensor(2, device='cuda:0')	1	71
tensor(3, device='cuda:0')	3	72
tensor(0, device='cuda:0')	2	72
tensor(2, device='cuda:0')	1	72
tensor(1, device='cuda:0')	2	72
tensor(2, device='cuda:0')	2	73
tensor(2, device='cuda:0')	2	74
tensor(0, device='cuda:0')	2	74
tensor(2, device='cuda:0')	3	74
tensor(2, device='cuda:0')	2	75
tensor(1, device='cuda:0')	1	76
tensor(3, device='cuda:0')	1	76
tensor(1, device='cuda:0')	1	77
tensor(1, device='cuda:0')	3	77
tensor(0, device='cuda:0')	0	78
tensor(0, device='cuda:0')	2	78
tensor(2, device='cuda:0')	1	78
tensor(1, device='cuda:0')	0	78
tensor(1, device='cuda:0')	1	79
tensor(3, device='cuda:0')	0	79
tensor(1, device='cuda:0')	0	79
tensor(1, device='cuda:0')	0	79
tensor(0, device='cuda:0')	0	80
tensor(0, device='cuda:0')	2	80
tensor(1, device='cuda:0')	1	81
tensor(3, device='cuda:0')	1	81
tensor(1, device='cuda:0')	1	82
tensor(3, device='cuda:0')	3	83
tensor(3, device='cuda:0')	0	83
tensor(0, device='cuda:0')	0	84
tensor(1, device='cuda:0')	1	85
tensor(2, device='cuda:0')	2	86
tensor(0, device='cuda:0')	1	86
tensor(3, device='cuda:0')	3	87
tensor(1, device='cuda:0')	3	87
tensor(3, device='cuda:0')	1	87
tensor(3, device='cuda:0')	0	87
tensor(2, device='cuda:0')	3	87
tensor(3, device='cuda:0')	2	87
tensor(3, device='cuda:0')	1	87
tensor(1, device='cuda:0')	0	87
tensor(2, device='cuda:0')	1	87
tensor(1, device='cuda:0')	2	87
tensor(1, device='cuda:0')	0	87
tensor(0, device='cuda:0')	2	87
tensor(0, device='cuda:0')	1	87
tensor(0, device='cuda:0')	1	87
tensor(0, device='cuda:0')	3	87
tensor(0, device='cuda:0')	1	87
tensor(0, device='cuda:0')	0	88
tensor(1, device='cuda:0')	3	88
tensor(1, device='cuda:0')	3	88
tensor(3, device='cuda:0')	0	88
tensor(0, device='cuda:0')	3	88
tensor(0, device='cuda:0')	0	89
tensor(0, device='cuda:0')	2	89
tensor(2, device='cuda:0')	0	89
tensor(1, device='cuda:0')	2	89
tensor(3, device='cuda:0')	3	90
tensor(0, device='cuda:0')	0	91
tensor(2, device='cuda:0')	3	91
tensor(2, device='cuda:0')	1	91
tensor(1, device='cuda:0')	2	91
tensor(1, device='cuda:0')	0	91
tensor(0, device='cuda:0')	2	91
tensor(3, device='cuda:0')	1	91
tensor(0, device='cuda:0')	2	91
tensor(0, device='cuda:0')	2	91
tensor(3, device='cuda:0')	0	91
tensor(1, device='cuda:0')	2	91
tensor(3, device='cuda:0')	1	91
tensor(1, device='cuda:0')	1	92
tensor(2, device='cuda:0')	3	92
tensor(1, device='cuda:0')	1	93
tensor(0, device='cuda:0')	1	93
tensor(1, device='cuda:0')	3	93
tensor(1, device='cuda:0')	1	94
tensor(0, device='cuda:0')	1	94
tensor(1, device='cuda:0')	3	94
tensor(3, device='cuda:0')	0	94
tensor(1, device='cuda:0')	1	95
tensor(2, device='cuda:0')	1	95
tensor(0, device='cuda:0')	2	95
tensor(3, device='cuda:0')	2	95
tensor(3, device='cuda:0')	2	95
tensor(1, device='cuda:0')	1	96
tensor(0, device='cuda:0')	2	96
tensor(0, device='cuda:0')	3	96
tensor(2, device='cuda:0')	1	96
tensor(2, device='cuda:0')	2	97
tensor(1, device='cuda:0')	1	98
tensor(2, device='cuda:0')	2	99
tensor(1, device='cuda:0')	1	100
tensor(2, device='cuda:0')	2	101
tensor(3, device='cuda:0')	2	101
tensor(0, device='cuda:0')	1	101
tensor(3, device='cuda:0')	0	101
tensor(2, device='cuda:0')	3	101
tensor(0, device='cuda:0')	2	101
tensor(1, device='cuda:0')	1	102
tensor(2, device='cuda:0')	2	103
tensor(3, device='cuda:0')	0	103
tensor(1, device='cuda:0')	0	103
tensor(0, device='cuda:0')	3	103
tensor(3, device='cuda:0')	2	103
tensor(2, device='cuda:0')	2	104
tensor(1, device='cuda:0')	2	104
tensor(3, device='cuda:0')	1	104
tensor(3, device='cuda:0')	0	104
tensor(1, device='cuda:0')	3	104
tensor(3, device='cuda:0')	2	104
tensor(0, device='cuda:0')	1	104
tensor(0, device='cuda:0')	0	105
tensor(1, device='cuda:0')	2	105
tensor(0, device='cuda:0')	1	105
tensor(3, device='cuda:0')	0	105
tensor(3, device='cuda:0')	1	105
tensor(2, device='cuda:0')	0	105
tensor(0, device='cuda:0')	2	105
tensor(0, device='cuda:0')	0	106
tensor(2, device='cuda:0')	1	106
tensor(2, device='cuda:0')	0	106
tensor(2, device='cuda:0')	2	107
tensor(3, device='cuda:0')	1	107
tensor(3, device='cuda:0')	3	108
tensor(1, device='cuda:0')	0	108
tensor(1, device='cuda:0')	3	108
tensor(1, device='cuda:0')	3	108
tensor(2, device='cuda:0')	2	109
tensor(0, device='cuda:0')	0	110
tensor(1, device='cuda:0')	1	111
tensor(1, device='cuda:0')	2	111
tensor(1, device='cuda:0')	3	111
tensor(1, device='cuda:0')	0	111
tensor(1, device='cuda:0')	1	112
tensor(2, device='cuda:0')	0	112
tensor(3, device='cuda:0')	3	113
tensor(3, device='cuda:0')	2	113
tensor(2, device='cuda:0')	2	114
tensor(3, device='cuda:0')	1	114
tensor(3, device='cuda:0')	3	115
tensor(0, device='cuda:0')	0	116
tensor(1, device='cuda:0')	1	117
tensor(0, device='cuda:0')	2	117
tensor(3, device='cuda:0')	2	117
tensor(2, device='cuda:0')	0	117
tensor(0, device='cuda:0')	3	117
tensor(3, device='cuda:0')	3	118
tensor(1, device='cuda:0')	1	119
tensor(0, device='cuda:0')	3	119
tensor(2, device='cuda:0')	2	120
tensor(1, device='cuda:0')	3	120
tensor(3, device='cuda:0')	3	121
tensor(0, device='cuda:0')	0	122
tensor(0, device='cuda:0')	1	122
tensor(1, device='cuda:0')	3	122
tensor(0, device='cuda:0')	2	122
tensor(0, device='cuda:0')	1	122
tensor(2, device='cuda:0')	0	122
tensor(0, device='cuda:0')	2	122
tensor(1, device='cuda:0')	0	122
tensor(3, device='cuda:0')	2	122
tensor(2, device='cuda:0')	1	122
tensor(0, device='cuda:0')	1	122
tensor(0, device='cuda:0')	0	123
tensor(2, device='cuda:0')	2	124
tensor(0, device='cuda:0')	3	124
tensor(3, device='cuda:0')	0	124
tensor(0, device='cuda:0')	1	124
tensor(1, device='cuda:0')	1	125
tensor(2, device='cuda:0')	0	125
tensor(3, device='cuda:0')	2	125
tensor(2, device='cuda:0')	3	125
tensor(2, device='cuda:0')	1	125
tensor(3, device='cuda:0')	2	125
tensor(0, device='cuda:0')	2	125
tensor(0, device='cuda:0')	1	125
tensor(2, device='cuda:0')	0	125
tensor(3, device='cuda:0')	2	125
tensor(2, device='cuda:0')	2	126
tensor(3, device='cuda:0')	0	126
tensor(1, device='cuda:0')	2	126
tensor(1, device='cuda:0')	1	127
tensor(2, device='cuda:0')	1	127
tensor(0, device='cuda:0')	3	127
tensor(3, device='cuda:0')	3	128
tensor(0, device='cuda:0')	0	129
tensor(1, device='cuda:0')	2	129
tensor(3, device='cuda:0')	3	130
tensor(2, device='cuda:0')	2	131
tensor(0, device='cuda:0')	1	131
tensor(2, device='cuda:0')	0	131
tensor(3, device='cuda:0')	2	131
tensor(1, device='cuda:0')	2	131
tensor(3, device='cuda:0')	3	132
tensor(2, device='cuda:0')	2	133
tensor(2, device='cuda:0')	2	134
tensor(2, device='cuda:0')	2	135
tensor(0, device='cuda:0')	0	136
tensor(1, device='cuda:0')	2	136
tensor(3, device='cuda:0')	3	137
tensor(2, device='cuda:0')	0	137
tensor(0, device='cuda:0')	0	138
tensor(1, device='cuda:0')	2	138
tensor(3, device='cuda:0')	3	139
tensor(3, device='cuda:0')	1	139
tensor(1, device='cuda:0')	0	139
tensor(1, device='cuda:0')	1	140
tensor(2, device='cuda:0')	3	140
tensor(0, device='cuda:0')	1	140
tensor(0, device='cuda:0')	0	141
tensor(1, device='cuda:0')	2	141
tensor(2, device='cuda:0')	3	141
tensor(2, device='cuda:0')	0	141
tensor(3, device='cuda:0')	3	142
tensor(3, device='cuda:0')	3	143
tensor(1, device='cuda:0')	1	144
tensor(3, device='cuda:0')	0	144
tensor(0, device='cuda:0')	2	144
tensor(1, device='cuda:0')	1	145
tensor(3, device='cuda:0')	1	145
tensor(1, device='cuda:0')	1	146
tensor(1, device='cuda:0')	3	146
tensor(3, device='cuda:0')	2	146
tensor(1, device='cuda:0')	1	147
tensor(0, device='cuda:0')	1	147
tensor(1, device='cuda:0')	1	148
tensor(3, device='cuda:0')	0	148
tensor(3, device='cuda:0')	3	149
tensor(3, device='cuda:0')	3	150
tensor(1, device='cuda:0')	2	150
tensor(0, device='cuda:0')	0	151
tensor(3, device='cuda:0')	1	151
tensor(3, device='cuda:0')	3	152
tensor(3, device='cuda:0')	2	152
tensor(2, device='cuda:0')	0	152
tensor(1, device='cuda:0')	2	152
tensor(0, device='cuda:0')	3	152
tensor(2, device='cuda:0')	2	153
tensor(2, device='cuda:0')	0	153
tensor(2, device='cuda:0')	0	153
tensor(1, device='cuda:0')	1	154
tensor(1, device='cuda:0')	3	154
tensor(2, device='cuda:0')	2	155
tensor(2, device='cuda:0')	3	155
tensor(3, device='cuda:0')	1	155
tensor(1, device='cuda:0')	3	155
tensor(3, device='cuda:0')	1	155
tensor(1, device='cuda:0')	1	156
tensor(0, device='cuda:0')	3	156
tensor(3, device='cuda:0')	2	156
tensor(0, device='cuda:0')	0	157
tensor(1, device='cuda:0')	1	158
tensor(3, device='cuda:0')	3	159
tensor(2, device='cuda:0')	2	160
tensor(2, device='cuda:0')	2	161
tensor(0, device='cuda:0')	3	161
tensor(0, device='cuda:0')	0	162
tensor(2, device='cuda:0')	1	162
tensor(2, device='cuda:0')	1	162
tensor(0, device='cuda:0')	2	162
tensor(1, device='cuda:0')	3	162
tensor(3, device='cuda:0')	0	162
tensor(1, device='cuda:0')	1	163
tensor(3, device='cuda:0')	1	163
tensor(0, device='cuda:0')	0	164
tensor(2, device='cuda:0')	2	165
tensor(0, device='cuda:0')	3	165
tensor(3, device='cuda:0')	3	166
tensor(2, device='cuda:0')	2	167
tensor(2, device='cuda:0')	1	167
tensor(3, device='cuda:0')	0	167
tensor(2, device='cuda:0')	1	167
tensor(3, device='cuda:0')	1	167
tensor(0, device='cuda:0')	1	167
tensor(0, device='cuda:0')	0	168
tensor(3, device='cuda:0')	2	168
tensor(0, device='cuda:0')	3	168
tensor(1, device='cuda:0')	2	168
tensor(2, device='cuda:0')	1	168
tensor(2, device='cuda:0')	1	168
tensor(1, device='cuda:0')	3	168
tensor(1, device='cuda:0')	3	168
tensor(1, device='cuda:0')	2	168
tensor(3, device='cuda:0')	3	169
tensor(1, device='cuda:0')	1	170
tensor(0, device='cuda:0')	3	170
tensor(0, device='cuda:0')	1	170
tensor(1, device='cuda:0')	3	170
tensor(1, device='cuda:0')	0	170
tensor(0, device='cuda:0')	1	170
tensor(3, device='cuda:0')	2	170
tensor(1, device='cuda:0')	1	171
tensor(0, device='cuda:0')	1	171
tensor(1, device='cuda:0')	1	172
tensor(0, device='cuda:0')	1	172
tensor(2, device='cuda:0')	0	172
tensor(2, device='cuda:0')	2	173
tensor(2, device='cuda:0')	0	173
tensor(2, device='cuda:0')	2	174
tensor(2, device='cuda:0')	0	174
tensor(3, device='cuda:0')	1	174
tensor(1, device='cuda:0')	1	175
tensor(3, device='cuda:0')	1	175
tensor(1, device='cuda:0')	1	176
tensor(2, device='cuda:0')	2	177
tensor(3, device='cuda:0')	0	177
tensor(2, device='cuda:0')	1	177
tensor(1, device='cuda:0')	2	177
tensor(0, device='cuda:0')	0	178
tensor(3, device='cuda:0')	3	179
tensor(3, device='cuda:0')	2	179
tensor(0, device='cuda:0')	0	180
tensor(3, device='cuda:0')	1	180
tensor(0, device='cuda:0')	3	180
tensor(1, device='cuda:0')	2	180
tensor(1, device='cuda:0')	1	181
tensor(3, device='cuda:0')	2	181
tensor(1, device='cuda:0')	3	181
tensor(1, device='cuda:0')	2	181
tensor(3, device='cuda:0')	0	181
tensor(0, device='cuda:0')	2	181
tensor(1, device='cuda:0')	1	182
tensor(2, device='cuda:0')	1	182
tensor(3, device='cuda:0')	3	183
tensor(0, device='cuda:0')	3	183
tensor(1, device='cuda:0')	1	184
tensor(1, device='cuda:0')	3	184
tensor(2, device='cuda:0')	2	185
tensor(2, device='cuda:0')	2	186
tensor(2, device='cuda:0')	2	187
tensor(0, device='cuda:0')	3	187
tensor(0, device='cuda:0')	0	188
tensor(0, device='cuda:0')	2	188
tensor(1, device='cuda:0')	0	188
tensor(0, device='cuda:0')	1	188
tensor(1, device='cuda:0')	3	188
tensor(2, device='cuda:0')	2	189
tensor(2, device='cuda:0')	2	190
tensor(2, device='cuda:0')	2	191
tensor(1, device='cuda:0')	2	191
tensor(1, device='cuda:0')	2	191
tensor(0, device='cuda:0')	2	191
tensor(0, device='cuda:0')	0	192
tensor(0, device='cuda:0')	2	192
tensor(1, device='cuda:0')	1	193
tensor(1, device='cuda:0')	2	193
tensor(1, device='cuda:0')	3	193
tensor(0, device='cuda:0')	0	194
tensor(3, device='cuda:0')	2	194
tensor(3, device='cuda:0')	3	195
tensor(2, device='cuda:0')	3	195
tensor(3, device='cuda:0')	3	196
tensor(3, device='cuda:0')	3	197
tensor(3, device='cuda:0')	1	197
tensor(1, device='cuda:0')	3	197
tensor(0, device='cuda:0')	2	197
tensor(1, device='cuda:0')	2	197
tensor(0, device='cuda:0')	0	198
tensor(2, device='cuda:0')	1	198
tensor(2, device='cuda:0')	0	198
tensor(2, device='cuda:0')	1	198
tensor(0, device='cuda:0')	2	198
tensor(0, device='cuda:0')	0	199
tensor(2, device='cuda:0')	2	200
tensor(3, device='cuda:0')	3	201
tensor(3, device='cuda:0')	3	202
tensor(3, device='cuda:0')	3	203
tensor(0, device='cuda:0')	0	204
tensor(1, device='cuda:0')	1	205
tensor(3, device='cuda:0')	1	205
tensor(1, device='cuda:0')	1	206
tensor(0, device='cuda:0')	2	206
tensor(0, device='cuda:0')	0	207
tensor(2, device='cuda:0')	2	208
tensor(3, device='cuda:0')	3	209
tensor(3, device='cuda:0')	2	209
tensor(0, device='cuda:0')	0	210
tensor(3, device='cuda:0')	0	210
tensor(1, device='cuda:0')	0	210
tensor(1, device='cuda:0')	1	211
tensor(1, device='cuda:0')	0	211
tensor(3, device='cuda:0')	3	212
tensor(1, device='cuda:0')	1	213
tensor(1, device='cuda:0')	1	214
tensor(0, device='cuda:0')	2	214
tensor(3, device='cuda:0')	3	215
tensor(1, device='cuda:0')	0	215
tensor(2, device='cuda:0')	3	215
tensor(3, device='cuda:0')	2	215
tensor(3, device='cuda:0')	0	215
tensor(1, device='cuda:0')	3	215
tensor(0, device='cuda:0')	0	216
tensor(0, device='cuda:0')	3	216
tensor(1, device='cuda:0')	0	216
tensor(2, device='cuda:0')	1	216
tensor(1, device='cuda:0')	3	216
tensor(3, device='cuda:0')	1	216
tensor(2, device='cuda:0')	3	216
tensor(0, device='cuda:0')	0	217
tensor(1, device='cuda:0')	3	217
tensor(3, device='cuda:0')	3	218
tensor(1, device='cuda:0')	0	218
tensor(2, device='cuda:0')	1	218
tensor(1, device='cuda:0')	1	219
tensor(1, device='cuda:0')	3	219
tensor(3, device='cuda:0')	2	219
tensor(3, device='cuda:0')	3	220
tensor(0, device='cuda:0')	1	220
tensor(1, device='cuda:0')	2	220
tensor(0, device='cuda:0')	0	221
tensor(0, device='cuda:0')	0	222
tensor(3, device='cuda:0')	0	222
tensor(1, device='cuda:0')	0	222
tensor(0, device='cuda:0')	2	222
tensor(0, device='cuda:0')	1	222
tensor(3, device='cuda:0')	2	222
tensor(2, device='cuda:0')	3	222
tensor(0, device='cuda:0')	1	222
tensor(2, device='cuda:0')	1	222
tensor(1, device='cuda:0')	2	222
tensor(0, device='cuda:0')	1	222
tensor(2, device='cuda:0')	1	222
tensor(1, device='cuda:0')	2	222
tensor(1, device='cuda:0')	1	223
tensor(0, device='cuda:0')	2	223
tensor(3, device='cuda:0')	1	223
tensor(3, device='cuda:0')	1	223
tensor(1, device='cuda:0')	0	223
tensor(0, device='cuda:0')	3	223
tensor(1, device='cuda:0')	1	224
tensor(1, device='cuda:0')	3	224
tensor(1, device='cuda:0')	1	225
tensor(2, device='cuda:0')	1	225
tensor(3, device='cuda:0')	3	226
tensor(0, device='cuda:0')	2	226
tensor(0, device='cuda:0')	3	226
tensor(0, device='cuda:0')	1	226
tensor(0, device='cuda:0')	2	226
tensor(0, device='cuda:0')	2	226
tensor(1, device='cuda:0')	1	227
tensor(0, device='cuda:0')	0	228
tensor(2, device='cuda:0')	0	228
tensor(3, device='cuda:0')	2	228
tensor(2, device='cuda:0')	3	228
tensor(1, device='cuda:0')	1	229
tensor(3, device='cuda:0')	0	229
tensor(0, device='cuda:0')	0	230
tensor(2, device='cuda:0')	2	231
tensor(1, device='cuda:0')	2	231
tensor(3, device='cuda:0')	0	231
tensor(0, device='cuda:0')	1	231
tensor(3, device='cuda:0')	2	231
tensor(1, device='cuda:0')	1	232
tensor(2, device='cuda:0')	3	232
tensor(1, device='cuda:0')	2	232
tensor(1, device='cuda:0')	1	233
tensor(1, device='cuda:0')	1	234
tensor(2, device='cuda:0')	2	235
tensor(2, device='cuda:0')	2	236
tensor(3, device='cuda:0')	0	236
tensor(2, device='cuda:0')	2	237
tensor(2, device='cuda:0')	3	237
tensor(0, device='cuda:0')	0	238
tensor(2, device='cuda:0')	0	238
tensor(1, device='cuda:0')	2	238
tensor(3, device='cuda:0')	2	238
tensor(2, device='cuda:0')	2	239
tensor(2, device='cuda:0')	2	240
tensor(1, device='cuda:0')	3	240
tensor(2, device='cuda:0')	2	241
tensor(0, device='cuda:0')	0	242
tensor(0, device='cuda:0')	2	242
tensor(3, device='cuda:0')	1	242
tensor(3, device='cuda:0')	0	242
tensor(1, device='cuda:0')	3	242
tensor(2, device='cuda:0')	2	243
tensor(0, device='cuda:0')	3	243
tensor(1, device='cuda:0')	1	244
tensor(2, device='cuda:0')	0	244
tensor(2, device='cuda:0')	2	245
tensor(1, device='cuda:0')	0	245
tensor(3, device='cuda:0')	1	245
tensor(2, device='cuda:0')	1	245
tensor(0, device='cuda:0')	1	245
tensor(0, device='cuda:0')	1	245
tensor(2, device='cuda:0')	3	245
tensor(3, device='cuda:0')	3	246
tensor(2, device='cuda:0')	0	246
tensor(3, device='cuda:0')	0	246
tensor(1, device='cuda:0')	2	246
tensor(2, device='cuda:0')	0	246
tensor(2, device='cuda:0')	2	247
tensor(1, device='cuda:0')	2	247
tensor(0, device='cuda:0')	0	248
tensor(2, device='cuda:0')	1	248
tensor(0, device='cuda:0')	2	248
tensor(0, device='cuda:0')	3	248
tensor(1, device='cuda:0')	3	248
tensor(1, device='cuda:0')	2	248
tensor(3, device='cuda:0')	3	249
tensor(0, device='cuda:0')	1	249
tensor(2, device='cuda:0')	2	250
tensor(0, device='cuda:0')	0	251
tensor(2, device='cuda:0')	1	251
tensor(1, device='cuda:0')	1	252
tensor(3, device='cuda:0')	0	252
tensor(1, device='cuda:0')	3	252
tensor(3, device='cuda:0')	2	252
tensor(0, device='cuda:0')	0	253
tensor(1, device='cuda:0')	1	254
tensor(0, device='cuda:0')	2	254
tensor(3, device='cuda:0')	3	255
tensor(3, device='cuda:0')	1	255
tensor(2, device='cuda:0')	2	256
tensor(2, device='cuda:0')	0	256
tensor(2, device='cuda:0')	3	256
tensor(0, device='cuda:0')	1	256
tensor(0, device='cuda:0')	1	256
tensor(1, device='cuda:0')	3	256
tensor(1, device='cuda:0')	1	257
tensor(2, device='cuda:0')	3	257
tensor(1, device='cuda:0')	1	258
tensor(3, device='cuda:0')	3	259
tensor(1, device='cuda:0')	2	259
tensor(2, device='cuda:0')	3	259
tensor(3, device='cuda:0')	2	259
tensor(2, device='cuda:0')	1	259
tensor(2, device='cuda:0')	1	259
tensor(2, device='cuda:0')	3	259
tensor(3, device='cuda:0')	2	259
tensor(0, device='cuda:0')	3	259
tensor(3, device='cuda:0')	3	260
tensor(2, device='cuda:0')	3	260
tensor(2, device='cuda:0')	3	260
tensor(2, device='cuda:0')	3	260
tensor(2, device='cuda:0')	2	261
tensor(1, device='cuda:0')	1	262
tensor(1, device='cuda:0')	3	262
tensor(0, device='cuda:0')	1	262
tensor(3, device='cuda:0')	3	263
tensor(1, device='cuda:0')	2	263
tensor(3, device='cuda:0')	3	264
tensor(0, device='cuda:0')	1	264
tensor(0, device='cuda:0')	2	264
tensor(0, device='cuda:0')	0	265
tensor(3, device='cuda:0')	2	265
tensor(3, device='cuda:0')	3	266
tensor(0, device='cuda:0')	3	266
tensor(0, device='cuda:0')	3	266
tensor(2, device='cuda:0')	3	266
tensor(2, device='cuda:0')	0	266
tensor(2, device='cuda:0')	3	266
tensor(4, device='cuda:0')	3	266
tensor(2, device='cuda:0')	2	267
tensor(1, device='cuda:0')	0	267
tensor(2, device='cuda:0')	1	267
tensor(0, device='cuda:0')	2	267
tensor(3, device='cuda:0')	2	267
tensor(3, device='cuda:0')	0	267
tensor(2, device='cuda:0')	0	267
tensor(1, device='cuda:0')	1	268
tensor(2, device='cuda:0')	0	268
tensor(3, device='cuda:0')	3	269
tensor(3, device='cuda:0')	2	269
tensor(1, device='cuda:0')	0	269
tensor(0, device='cuda:0')	0	270
tensor(0, device='cuda:0')	3	270
tensor(2, device='cuda:0')	1	270
tensor(3, device='cuda:0')	2	270
tensor(0, device='cuda:0')	1	270
tensor(2, device='cuda:0')	2	271
tensor(0, device='cuda:0')	0	272
tensor(1, device='cuda:0')	0	272
tensor(0, device='cuda:0')	3	272
tensor(2, device='cuda:0')	1	272
tensor(0, device='cuda:0')	0	273
tensor(0, device='cuda:0')	2	273
tensor(2, device='cuda:0')	1	273
tensor(0, device='cuda:0')	1	273
tensor(2, device='cuda:0')	1	273
tensor(3, device='cuda:0')	3	274
tensor(2, device='cuda:0')	3	274
tensor(1, device='cuda:0')	2	274
tensor(0, device='cuda:0')	2	274
tensor(1, device='cuda:0')	2	274
tensor(0, device='cuda:0')	0	275
tensor(1, device='cuda:0')	0	275
tensor(0, device='cuda:0')	3	275
tensor(3, device='cuda:0')	1	275
tensor(2, device='cuda:0')	1	275
tensor(1, device='cuda:0')	2	275
tensor(0, device='cuda:0')	3	275
tensor(0, device='cuda:0')	1	275
tensor(3, device='cuda:0')	3	276
tensor(0, device='cuda:0')	2	276
tensor(3, device='cuda:0')	2	276
tensor(3, device='cuda:0')	2	276
tensor(3, device='cuda:0')	2	276
tensor(1, device='cuda:0')	2	276
tensor(2, device='cuda:0')	3	276
tensor(2, device='cuda:0')	2	277
tensor(3, device='cuda:0')	1	277
tensor(2, device='cuda:0')	2	278
tensor(2, device='cuda:0')	3	278
tensor(1, device='cuda:0')	3	278
tensor(0, device='cuda:0')	3	278
tensor(1, device='cuda:0')	2	278
tensor(1, device='cuda:0')	0	278
tensor(2, device='cuda:0')	2	279
tensor(1, device='cuda:0')	3	279
tensor(3, device='cuda:0')	1	279
tensor(3, device='cuda:0')	0	279
tensor(2, device='cuda:0')	0	279
tensor(0, device='cuda:0')	3	279
tensor(2, device='cuda:0')	3	279
tensor(3, device='cuda:0')	2	279
tensor(1, device='cuda:0')	3	279
tensor(2, device='cuda:0')	0	279
tensor(0, device='cuda:0')	3	279
tensor(2, device='cuda:0')	1	279
tensor(1, device='cuda:0')	3	279
tensor(3, device='cuda:0')	1	279
tensor(0, device='cuda:0')	0	280
tensor(4, device='cuda:0')	3	280
tensor(3, device='cuda:0')	1	280
tensor(1, device='cuda:0')	0	280
tensor(0, device='cuda:0')	3	280
tensor(1, device='cuda:0')	1	281
tensor(0, device='cuda:0')	1	281
tensor(3, device='cuda:0')	3	282
tensor(0, device='cuda:0')	0	283
tensor(0, device='cuda:0')	0	284
tensor(4, device='cuda:0')	3	284
tensor(0, device='cuda:0')	0	285
tensor(1, device='cuda:0')	3	285
tensor(1, device='cuda:0')	3	285
tensor(0, device='cuda:0')	2	285
tensor(1, device='cuda:0')	1	286
tensor(3, device='cuda:0')	1	286
tensor(1, device='cuda:0')	3	286
tensor(2, device='cuda:0')	0	286
tensor(3, device='cuda:0')	1	286
tensor(3, device='cuda:0')	3	287
tensor(1, device='cuda:0')	1	288
tensor(1, device='cuda:0')	1	289
tensor(0, device='cuda:0')	3	289
tensor(0, device='cuda:0')	3	289
tensor(0, device='cuda:0')	2	289
tensor(3, device='cuda:0')	1	289
tensor(0, device='cuda:0')	1	289
tensor(2, device='cuda:0')	1	289
tensor(2, device='cuda:0')	2	290
tensor(0, device='cuda:0')	0	291
tensor(0, device='cuda:0')	2	291
tensor(0, device='cuda:0')	0	292
tensor(2, device='cuda:0')	1	292
tensor(2, device='cuda:0')	2	293
tensor(3, device='cuda:0')	1	293
tensor(3, device='cuda:0')	3	294
tensor(2, device='cuda:0')	3	294
tensor(3, device='cuda:0')	3	295
tensor(1, device='cuda:0')	2	295
tensor(2, device='cuda:0')	1	295
tensor(2, device='cuda:0')	2	296
tensor(4, device='cuda:0')	0	296
tensor(1, device='cuda:0')	3	296
tensor(2, device='cuda:0')	3	296
tensor(0, device='cuda:0')	2	296
tensor(2, device='cuda:0')	2	297
tensor(3, device='cuda:0')	1	297
tensor(1, device='cuda:0')	3	297
tensor(2, device='cuda:0')	0	297
tensor(0, device='cuda:0')	0	298
tensor(3, device='cuda:0')	0	298
tensor(0, device='cuda:0')	1	298
tensor(1, device='cuda:0')	1	299
tensor(0, device='cuda:0')	0	300
tensor(1, device='cuda:0')	3	300
tensor(2, device='cuda:0')	3	300
tensor(0, device='cuda:0')	2	300
tensor(1, device='cuda:0')	2	300
tensor(1, device='cuda:0')	1	301
tensor(1, device='cuda:0')	0	301
tensor(3, device='cuda:0')	2	301
tensor(1, device='cuda:0')	2	301
tensor(2, device='cuda:0')	2	302
tensor(3, device='cuda:0')	1	302
tensor(2, device='cuda:0')	0	302
tensor(1, device='cuda:0')	1	303
tensor(2, device='cuda:0')	2	304
tensor(0, device='cuda:0')	1	304
tensor(3, device='cuda:0')	2	304
tensor(0, device='cuda:0')	0	305
tensor(2, device='cuda:0')	3	305
tensor(0, device='cuda:0')	0	306
tensor(2, device='cuda:0')	0	306
tensor(0, device='cuda:0')	3	306
tensor(2, device='cuda:0')	1	306
tensor(3, device='cuda:0')	1	306
tensor(0, device='cuda:0')	0	307
tensor(2, device='cuda:0')	2	308
tensor(3, device='cuda:0')	3	309
tensor(1, device='cuda:0')	2	309
tensor(3, device='cuda:0')	0	309
tensor(2, device='cuda:0')	0	309
tensor(1, device='cuda:0')	3	309
tensor(2, device='cuda:0')	3	309
tensor(2, device='cuda:0')	3	309
tensor(0, device='cuda:0')	0	310
tensor(3, device='cuda:0')	1	310
tensor(2, device='cuda:0')	1	310
tensor(2, device='cuda:0')	3	310
tensor(2, device='cuda:0')	1	310
tensor(2, device='cuda:0')	0	310
tensor(1, device='cuda:0')	3	310
tensor(1, device='cuda:0')	1	311
tensor(0, device='cuda:0')	0	312
tensor(2, device='cuda:0')	2	313
tensor(0, device='cuda:0')	1	313
tensor(1, device='cuda:0')	3	313
tensor(1, device='cuda:0')	1	314
tensor(2, device='cuda:0')	2	315
tensor(2, device='cuda:0')	0	315
tensor(2, device='cuda:0')	0	315
tensor(1, device='cuda:0')	3	315
tensor(0, device='cuda:0')	0	316
tensor(0, device='cuda:0')	1	316
tensor(0, device='cuda:0')	1	316
tensor(2, device='cuda:0')	3	316
tensor(3, device='cuda:0')	1	316
tensor(0, device='cuda:0')	1	316
tensor(3, device='cuda:0')	3	317
tensor(4, device='cuda:0')	2	317
tensor(2, device='cuda:0')	2	318
tensor(0, device='cuda:0')	1	318
tensor(1, device='cuda:0')	3	318
tensor(1, device='cuda:0')	1	319
tensor(1, device='cuda:0')	1	320
tensor(2, device='cuda:0')	2	321
tensor(1, device='cuda:0')	1	322
tensor(1, device='cuda:0')	0	322
tensor(3, device='cuda:0')	0	322
tensor(1, device='cuda:0')	2	322
tensor(2, device='cuda:0')	2	323
tensor(0, device='cuda:0')	3	323
tensor(0, device='cuda:0')	0	324
tensor(0, device='cuda:0')	3	324
tensor(2, device='cuda:0')	1	324
tensor(2, device='cuda:0')	2	325
tensor(1, device='cuda:0')	0	325
tensor(3, device='cuda:0')	2	325
tensor(0, device='cuda:0')	2	325
tensor(0, device='cuda:0')	2	325
tensor(3, device='cuda:0')	3	326
tensor(0, device='cuda:0')	3	326
tensor(2, device='cuda:0')	2	327
tensor(1, device='cuda:0')	2	327
tensor(3, device='cuda:0')	1	327
tensor(3, device='cuda:0')	1	327
tensor(0, device='cuda:0')	1	327
tensor(3, device='cuda:0')	3	328
tensor(3, device='cuda:0')	2	328
tensor(3, device='cuda:0')	2	328
tensor(3, device='cuda:0')	2	328
tensor(3, device='cuda:0')	2	328
tensor(3, device='cuda:0')	1	328
tensor(0, device='cuda:0')	0	329
tensor(2, device='cuda:0')	1	329
tensor(3, device='cuda:0')	1	329
tensor(2, device='cuda:0')	3	329
tensor(0, device='cuda:0')	0	330
tensor(3, device='cuda:0')	2	330
tensor(1, device='cuda:0')	1	331
tensor(0, device='cuda:0')	3	331
tensor(0, device='cuda:0')	1	331
tensor(2, device='cuda:0')	1	331
tensor(1, device='cuda:0')	3	331
tensor(2, device='cuda:0')	3	331
tensor(1, device='cuda:0')	3	331
tensor(3, device='cuda:0')	2	331
tensor(3, device='cuda:0')	1	331
tensor(2, device='cuda:0')	3	331
tensor(1, device='cuda:0')	3	331
tensor(3, device='cuda:0')	3	332
tensor(1, device='cuda:0')	1	333
tensor(2, device='cuda:0')	3	333
tensor(3, device='cuda:0')	3	334
tensor(1, device='cuda:0')	2	334
tensor(0, device='cuda:0')	1	334
tensor(2, device='cuda:0')	3	334
tensor(0, device='cuda:0')	2	334
tensor(2, device='cuda:0')	1	334
tensor(2, device='cuda:0')	1	334
tensor(2, device='cuda:0')	2	335
tensor(3, device='cuda:0')	2	335
tensor(0, device='cuda:0')	0	336
tensor(0, device='cuda:0')	0	337
tensor(0, device='cuda:0')	2	337
tensor(2, device='cuda:0')	0	337
tensor(3, device='cuda:0')	1	337
tensor(2, device='cuda:0')	2	338
tensor(0, device='cuda:0')	3	338
tensor(3, device='cuda:0')	3	339
tensor(3, device='cuda:0')	3	340
tensor(1, device='cuda:0')	0	340
tensor(0, device='cuda:0')	0	341
tensor(2, device='cuda:0')	3	341
tensor(3, device='cuda:0')	0	341
tensor(3, device='cuda:0')	0	341
tensor(2, device='cuda:0')	0	341
tensor(1, device='cuda:0')	1	342
tensor(2, device='cuda:0')	3	342
tensor(0, device='cuda:0')	3	342
tensor(1, device='cuda:0')	0	342
tensor(2, device='cuda:0')	3	342
tensor(0, device='cuda:0')	0	343
tensor(0, device='cuda:0')	2	343
tensor(0, device='cuda:0')	3	343
tensor(2, device='cuda:0')	3	343
tensor(0, device='cuda:0')	3	343
tensor(3, device='cuda:0')	2	343
tensor(0, device='cuda:0')	2	343
tensor(2, device='cuda:0')	2	344
tensor(0, device='cuda:0')	2	344
tensor(3, device='cuda:0')	1	344
tensor(0, device='cuda:0')	3	344
tensor(3, device='cuda:0')	3	345
tensor(1, device='cuda:0')	0	345
tensor(0, device='cuda:0')	3	345
tensor(3, device='cuda:0')	3	346
tensor(2, device='cuda:0')	0	346
tensor(3, device='cuda:0')	1	346
tensor(3, device='cuda:0')	3	347
tensor(3, device='cuda:0')	1	347
tensor(2, device='cuda:0')	2	348
tensor(1, device='cuda:0')	1	349
tensor(1, device='cuda:0')	1	350
tensor(1, device='cuda:0')	1	351
tensor(0, device='cuda:0')	0	352
tensor(2, device='cuda:0')	2	353
tensor(1, device='cuda:0')	0	353
tensor(3, device='cuda:0')	1	353
tensor(2, device='cuda:0')	3	353
tensor(0, device='cuda:0')	2	353
tensor(3, device='cuda:0')	1	353
tensor(1, device='cuda:0')	0	353
tensor(2, device='cuda:0')	3	353
tensor(0, device='cuda:0')	2	353
tensor(1, device='cuda:0')	3	353
tensor(0, device='cuda:0')	0	354
tensor(3, device='cuda:0')	0	354
tensor(1, device='cuda:0')	0	354
tensor(1, device='cuda:0')	0	354
tensor(0, device='cuda:0')	1	354
tensor(0, device='cuda:0')	0	355
tensor(3, device='cuda:0')	1	355
tensor(3, device='cuda:0')	1	355
tensor(3, device='cuda:0')	0	355
tensor(0, device='cuda:0')	1	355
tensor(1, device='cuda:0')	3	355
tensor(2, device='cuda:0')	3	355
tensor(1, device='cuda:0')	2	355
tensor(1, device='cuda:0')	2	355
tensor(0, device='cuda:0')	3	355
tensor(3, device='cuda:0')	2	355
tensor(2, device='cuda:0')	3	355
tensor(1, device='cuda:0')	3	355
tensor(2, device='cuda:0')	0	355
tensor(0, device='cuda:0')	1	355
tensor(0, device='cuda:0')	0	356
tensor(3, device='cuda:0')	3	357
tensor(0, device='cuda:0')	2	357
tensor(3, device='cuda:0')	3	358
tensor(3, device='cuda:0')	3	359
tensor(3, device='cuda:0')	1	359
tensor(1, device='cuda:0')	1	360
tensor(3, device='cuda:0')	0	360
tensor(2, device='cuda:0')	3	360
tensor(0, device='cuda:0')	0	361
tensor(0, device='cuda:0')	0	362
tensor(1, device='cuda:0')	3	362
tensor(3, device='cuda:0')	0	362
tensor(2, device='cuda:0')	2	363
tensor(0, device='cuda:0')	3	363
tensor(0, device='cuda:0')	0	364
tensor(2, device='cuda:0')	3	364
tensor(3, device='cuda:0')	0	364
tensor(2, device='cuda:0')	2	365
tensor(2, device='cuda:0')	1	365
tensor(2, device='cuda:0')	2	366
tensor(3, device='cuda:0')	3	367
tensor(0, device='cuda:0')	1	367
tensor(3, device='cuda:0')	3	368
tensor(1, device='cuda:0')	2	368
tensor(3, device='cuda:0')	1	368
tensor(3, device='cuda:0')	3	369
tensor(1, device='cuda:0')	3	369
tensor(2, device='cuda:0')	1	369
tensor(1, device='cuda:0')	3	369
tensor(1, device='cuda:0')	0	369
tensor(0, device='cuda:0')	2	369
tensor(2, device='cuda:0')	1	369
tensor(1, device='cuda:0')	3	369
tensor(3, device='cuda:0')	1	369
tensor(3, device='cuda:0')	1	369
tensor(1, device='cuda:0')	3	369
tensor(2, device='cuda:0')	3	369
tensor(2, device='cuda:0')	2	370
tensor(2, device='cuda:0')	3	370
tensor(2, device='cuda:0')	1	370
tensor(1, device='cuda:0')	1	371
tensor(1, device='cuda:0')	2	371
tensor(1, device='cuda:0')	3	371
tensor(2, device='cuda:0')	2	372
tensor(3, device='cuda:0')	0	372
tensor(2, device='cuda:0')	0	372
tensor(2, device='cuda:0')	2	373
tensor(2, device='cuda:0')	0	373
tensor(1, device='cuda:0')	0	373
tensor(2, device='cuda:0')	0	373
tensor(2, device='cuda:0')	2	374
tensor(2, device='cuda:0')	2	375
tensor(2, device='cuda:0')	0	375
tensor(2, device='cuda:0')	2	376
tensor(1, device='cuda:0')	0	376
tensor(2, device='cuda:0')	1	376
tensor(1, device='cuda:0')	0	376
tensor(1, device='cuda:0')	3	376
tensor(1, device='cuda:0')	1	377
tensor(3, device='cuda:0')	3	378
tensor(2, device='cuda:0')	2	379
tensor(0, device='cuda:0')	2	379
tensor(2, device='cuda:0')	2	380
tensor(1, device='cuda:0')	2	380
tensor(0, device='cuda:0')	3	380
tensor(3, device='cuda:0')	2	380
tensor(1, device='cuda:0')	0	380
tensor(3, device='cuda:0')	3	381
tensor(3, device='cuda:0')	3	382
tensor(0, device='cuda:0')	1	382
tensor(0, device='cuda:0')	1	382
tensor(0, device='cuda:0')	1	382
tensor(2, device='cuda:0')	3	382
tensor(0, device='cuda:0')	2	382
tensor(0, device='cuda:0')	1	382
tensor(2, device='cuda:0')	2	383
tensor(4, device='cuda:0')	3	383
tensor(1, device='cuda:0')	2	383
tensor(3, device='cuda:0')	2	383
tensor(2, device='cuda:0')	3	383
tensor(0, device='cuda:0')	3	383
tensor(0, device='cuda:0')	3	383
tensor(0, device='cuda:0')	0	384
tensor(4, device='cuda:0')	2	384
tensor(3, device='cuda:0')	0	384
tensor(2, device='cuda:0')	0	384
tensor(2, device='cuda:0')	1	384
tensor(0, device='cuda:0')	0	385
tensor(2, device='cuda:0')	2	386
tensor(0, device='cuda:0')	1	386
tensor(0, device='cuda:0')	0	387
tensor(3, device='cuda:0')	0	387
tensor(2, device='cuda:0')	1	387
tensor(3, device='cuda:0')	0	387
tensor(0, device='cuda:0')	0	388
tensor(0, device='cuda:0')	0	389
tensor(2, device='cuda:0')	3	389
tensor(1, device='cuda:0')	0	389
1172
Accuracy: 0.3319112627986348
