loading archive file checkpoints
loading archive file data/CommonsenseQA
| dictionary: 50265 types
tensor(3, device='cuda:0')	2	0
tensor(1, device='cuda:0')	1	1
tensor(1, device='cuda:0')	2	1
tensor(3, device='cuda:0')	3	2
tensor(2, device='cuda:0')	3	2
tensor(3, device='cuda:0')	1	2
tensor(3, device='cuda:0')	2	2
tensor(0, device='cuda:0')	2	2
tensor(0, device='cuda:0')	1	2
tensor(0, device='cuda:0')	0	3
tensor(1, device='cuda:0')	1	4
tensor(2, device='cuda:0')	0	4
tensor(0, device='cuda:0')	2	4
tensor(1, device='cuda:0')	2	4
tensor(1, device='cuda:0')	2	4
tensor(0, device='cuda:0')	0	5
tensor(2, device='cuda:0')	2	6
tensor(0, device='cuda:0')	1	6
tensor(0, device='cuda:0')	0	7
tensor(0, device='cuda:0')	2	7
tensor(3, device='cuda:0')	1	7
tensor(0, device='cuda:0')	1	7
tensor(2, device='cuda:0')	0	7
tensor(3, device='cuda:0')	2	7
tensor(3, device='cuda:0')	1	7
tensor(1, device='cuda:0')	3	7
tensor(1, device='cuda:0')	1	8
tensor(1, device='cuda:0')	1	9
tensor(2, device='cuda:0')	2	10
tensor(1, device='cuda:0')	1	11
tensor(1, device='cuda:0')	3	11
tensor(2, device='cuda:0')	2	12
tensor(0, device='cuda:0')	0	13
tensor(2, device='cuda:0')	2	14
tensor(3, device='cuda:0')	0	14
tensor(2, device='cuda:0')	0	14
tensor(2, device='cuda:0')	1	14
tensor(3, device='cuda:0')	1	14
tensor(2, device='cuda:0')	2	15
tensor(2, device='cuda:0')	1	15
tensor(2, device='cuda:0')	2	16
tensor(3, device='cuda:0')	0	16
tensor(2, device='cuda:0')	2	17
tensor(0, device='cuda:0')	3	17
tensor(3, device='cuda:0')	1	17
tensor(1, device='cuda:0')	1	18
tensor(1, device='cuda:0')	2	18
tensor(3, device='cuda:0')	2	18
tensor(1, device='cuda:0')	2	18
tensor(1, device='cuda:0')	0	18
tensor(2, device='cuda:0')	3	18
tensor(1, device='cuda:0')	2	18
tensor(0, device='cuda:0')	0	19
tensor(3, device='cuda:0')	2	19
tensor(0, device='cuda:0')	2	19
tensor(0, device='cuda:0')	1	19
tensor(2, device='cuda:0')	2	20
tensor(0, device='cuda:0')	0	21
tensor(1, device='cuda:0')	0	21
tensor(3, device='cuda:0')	2	21
tensor(3, device='cuda:0')	3	22
tensor(2, device='cuda:0')	1	22
tensor(3, device='cuda:0')	3	23
tensor(1, device='cuda:0')	2	23
tensor(0, device='cuda:0')	3	23
tensor(3, device='cuda:0')	0	23
tensor(1, device='cuda:0')	0	23
tensor(2, device='cuda:0')	2	24
tensor(2, device='cuda:0')	1	24
tensor(0, device='cuda:0')	0	25
tensor(1, device='cuda:0')	0	25
tensor(3, device='cuda:0')	2	25
tensor(2, device='cuda:0')	1	25
tensor(0, device='cuda:0')	3	25
tensor(2, device='cuda:0')	3	25
tensor(3, device='cuda:0')	0	25
tensor(0, device='cuda:0')	1	25
tensor(1, device='cuda:0')	1	26
tensor(3, device='cuda:0')	1	26
tensor(1, device='cuda:0')	0	26
tensor(3, device='cuda:0')	3	27
tensor(1, device='cuda:0')	2	27
tensor(1, device='cuda:0')	2	27
tensor(3, device='cuda:0')	3	28
tensor(1, device='cuda:0')	3	28
tensor(3, device='cuda:0')	0	28
tensor(0, device='cuda:0')	0	29
tensor(1, device='cuda:0')	3	29
tensor(2, device='cuda:0')	2	30
tensor(2, device='cuda:0')	2	31
tensor(0, device='cuda:0')	0	32
tensor(0, device='cuda:0')	3	32
tensor(0, device='cuda:0')	3	32
tensor(1, device='cuda:0')	0	32
tensor(1, device='cuda:0')	1	33
tensor(2, device='cuda:0')	2	34
tensor(1, device='cuda:0')	2	34
tensor(1, device='cuda:0')	1	35
tensor(1, device='cuda:0')	1	36
tensor(1, device='cuda:0')	1	37
tensor(2, device='cuda:0')	2	38
tensor(0, device='cuda:0')	3	38
tensor(0, device='cuda:0')	0	39
tensor(1, device='cuda:0')	1	40
tensor(1, device='cuda:0')	2	40
tensor(0, device='cuda:0')	1	40
tensor(3, device='cuda:0')	3	41
tensor(0, device='cuda:0')	1	41
tensor(0, device='cuda:0')	3	41
tensor(1, device='cuda:0')	0	41
tensor(0, device='cuda:0')	0	42
tensor(1, device='cuda:0')	0	42
tensor(2, device='cuda:0')	0	42
tensor(0, device='cuda:0')	0	43
tensor(1, device='cuda:0')	1	44
tensor(2, device='cuda:0')	3	44
tensor(2, device='cuda:0')	1	44
tensor(2, device='cuda:0')	2	45
tensor(2, device='cuda:0')	3	45
tensor(2, device='cuda:0')	2	46
tensor(0, device='cuda:0')	0	47
tensor(1, device='cuda:0')	0	47
tensor(2, device='cuda:0')	3	47
tensor(1, device='cuda:0')	0	47
tensor(3, device='cuda:0')	1	47
tensor(3, device='cuda:0')	3	48
tensor(3, device='cuda:0')	0	48
tensor(3, device='cuda:0')	1	48
tensor(1, device='cuda:0')	3	48
tensor(1, device='cuda:0')	2	48
tensor(2, device='cuda:0')	1	48
tensor(2, device='cuda:0')	2	49
tensor(2, device='cuda:0')	3	49
tensor(1, device='cuda:0')	1	50
tensor(1, device='cuda:0')	1	51
tensor(1, device='cuda:0')	1	52
tensor(1, device='cuda:0')	1	53
tensor(0, device='cuda:0')	1	53
tensor(0, device='cuda:0')	0	54
tensor(2, device='cuda:0')	1	54
tensor(2, device='cuda:0')	3	54
tensor(2, device='cuda:0')	2	55
tensor(3, device='cuda:0')	0	55
tensor(3, device='cuda:0')	0	55
tensor(0, device='cuda:0')	0	56
tensor(0, device='cuda:0')	2	56
tensor(2, device='cuda:0')	1	56
tensor(1, device='cuda:0')	0	56
tensor(3, device='cuda:0')	2	56
tensor(0, device='cuda:0')	0	57
tensor(1, device='cuda:0')	2	57
tensor(3, device='cuda:0')	3	58
tensor(3, device='cuda:0')	3	59
tensor(1, device='cuda:0')	1	60
tensor(2, device='cuda:0')	1	60
tensor(2, device='cuda:0')	3	60
tensor(3, device='cuda:0')	2	60
tensor(2, device='cuda:0')	1	60
tensor(1, device='cuda:0')	2	60
tensor(2, device='cuda:0')	1	60
tensor(2, device='cuda:0')	0	60
tensor(1, device='cuda:0')	3	60
tensor(1, device='cuda:0')	0	60
tensor(1, device='cuda:0')	1	61
tensor(2, device='cuda:0')	0	61
tensor(1, device='cuda:0')	0	61
tensor(1, device='cuda:0')	2	61
tensor(2, device='cuda:0')	1	61
tensor(0, device='cuda:0')	0	62
tensor(3, device='cuda:0')	3	63
tensor(2, device='cuda:0')	3	63
tensor(3, device='cuda:0')	3	64
tensor(3, device='cuda:0')	1	64
tensor(1, device='cuda:0')	3	64
tensor(0, device='cuda:0')	2	64
tensor(2, device='cuda:0')	0	64
tensor(0, device='cuda:0')	0	65
tensor(3, device='cuda:0')	0	65
tensor(0, device='cuda:0')	1	65
tensor(2, device='cuda:0')	2	66
tensor(1, device='cuda:0')	0	66
tensor(0, device='cuda:0')	3	66
tensor(1, device='cuda:0')	2	66
tensor(1, device='cuda:0')	2	66
tensor(3, device='cuda:0')	0	66
tensor(0, device='cuda:0')	2	66
tensor(3, device='cuda:0')	3	67
tensor(3, device='cuda:0')	0	67
tensor(2, device='cuda:0')	2	68
tensor(3, device='cuda:0')	2	68
tensor(1, device='cuda:0')	2	68
tensor(1, device='cuda:0')	1	69
tensor(2, device='cuda:0')	0	69
tensor(2, device='cuda:0')	3	69
tensor(1, device='cuda:0')	1	70
tensor(0, device='cuda:0')	0	71
tensor(3, device='cuda:0')	1	71
tensor(1, device='cuda:0')	2	71
tensor(2, device='cuda:0')	1	71
tensor(2, device='cuda:0')	1	71
tensor(0, device='cuda:0')	2	71
tensor(1, device='cuda:0')	2	71
tensor(0, device='cuda:0')	0	72
tensor(2, device='cuda:0')	1	72
tensor(3, device='cuda:0')	3	73
tensor(0, device='cuda:0')	2	73
tensor(2, device='cuda:0')	1	73
tensor(1, device='cuda:0')	2	73
tensor(2, device='cuda:0')	2	74
tensor(2, device='cuda:0')	2	75
tensor(0, device='cuda:0')	2	75
tensor(2, device='cuda:0')	3	75
tensor(2, device='cuda:0')	2	76
tensor(1, device='cuda:0')	1	77
tensor(3, device='cuda:0')	1	77
tensor(1, device='cuda:0')	1	78
tensor(1, device='cuda:0')	3	78
tensor(0, device='cuda:0')	0	79
tensor(0, device='cuda:0')	2	79
tensor(2, device='cuda:0')	1	79
tensor(1, device='cuda:0')	0	79
tensor(1, device='cuda:0')	1	80
tensor(3, device='cuda:0')	0	80
tensor(1, device='cuda:0')	0	80
tensor(1, device='cuda:0')	0	80
tensor(0, device='cuda:0')	0	81
tensor(0, device='cuda:0')	2	81
tensor(1, device='cuda:0')	1	82
tensor(3, device='cuda:0')	1	82
tensor(1, device='cuda:0')	1	83
tensor(3, device='cuda:0')	3	84
tensor(3, device='cuda:0')	0	84
tensor(0, device='cuda:0')	0	85
tensor(1, device='cuda:0')	1	86
tensor(2, device='cuda:0')	2	87
tensor(0, device='cuda:0')	1	87
tensor(3, device='cuda:0')	3	88
tensor(1, device='cuda:0')	3	88
tensor(3, device='cuda:0')	1	88
tensor(3, device='cuda:0')	0	88
tensor(2, device='cuda:0')	3	88
tensor(3, device='cuda:0')	2	88
tensor(3, device='cuda:0')	1	88
tensor(1, device='cuda:0')	0	88
tensor(2, device='cuda:0')	1	88
tensor(1, device='cuda:0')	2	88
tensor(1, device='cuda:0')	0	88
tensor(0, device='cuda:0')	2	88
tensor(0, device='cuda:0')	1	88
tensor(0, device='cuda:0')	1	88
tensor(0, device='cuda:0')	3	88
tensor(0, device='cuda:0')	1	88
tensor(0, device='cuda:0')	0	89
tensor(1, device='cuda:0')	3	89
tensor(1, device='cuda:0')	3	89
tensor(3, device='cuda:0')	0	89
tensor(0, device='cuda:0')	3	89
tensor(0, device='cuda:0')	0	90
tensor(0, device='cuda:0')	2	90
tensor(2, device='cuda:0')	0	90
tensor(1, device='cuda:0')	2	90
tensor(3, device='cuda:0')	3	91
tensor(0, device='cuda:0')	0	92
tensor(2, device='cuda:0')	3	92
tensor(2, device='cuda:0')	1	92
tensor(1, device='cuda:0')	2	92
tensor(1, device='cuda:0')	0	92
tensor(0, device='cuda:0')	2	92
tensor(3, device='cuda:0')	1	92
tensor(0, device='cuda:0')	2	92
tensor(0, device='cuda:0')	2	92
tensor(3, device='cuda:0')	0	92
tensor(1, device='cuda:0')	2	92
tensor(3, device='cuda:0')	1	92
tensor(1, device='cuda:0')	1	93
tensor(2, device='cuda:0')	3	93
tensor(1, device='cuda:0')	1	94
tensor(0, device='cuda:0')	1	94
tensor(1, device='cuda:0')	3	94
tensor(1, device='cuda:0')	1	95
tensor(0, device='cuda:0')	1	95
tensor(1, device='cuda:0')	3	95
tensor(3, device='cuda:0')	0	95
tensor(1, device='cuda:0')	1	96
tensor(2, device='cuda:0')	1	96
tensor(0, device='cuda:0')	2	96
tensor(3, device='cuda:0')	2	96
tensor(3, device='cuda:0')	2	96
tensor(1, device='cuda:0')	1	97
tensor(0, device='cuda:0')	2	97
tensor(0, device='cuda:0')	3	97
tensor(2, device='cuda:0')	1	97
tensor(2, device='cuda:0')	2	98
tensor(1, device='cuda:0')	1	99
tensor(2, device='cuda:0')	2	100
tensor(1, device='cuda:0')	1	101
tensor(2, device='cuda:0')	2	102
tensor(3, device='cuda:0')	2	102
tensor(0, device='cuda:0')	1	102
tensor(3, device='cuda:0')	0	102
tensor(2, device='cuda:0')	3	102
tensor(0, device='cuda:0')	2	102
tensor(1, device='cuda:0')	1	103
tensor(2, device='cuda:0')	2	104
tensor(3, device='cuda:0')	0	104
tensor(1, device='cuda:0')	0	104
tensor(0, device='cuda:0')	3	104
tensor(3, device='cuda:0')	2	104
tensor(2, device='cuda:0')	2	105
tensor(1, device='cuda:0')	2	105
tensor(3, device='cuda:0')	1	105
tensor(3, device='cuda:0')	0	105
tensor(1, device='cuda:0')	3	105
tensor(3, device='cuda:0')	2	105
tensor(0, device='cuda:0')	1	105
tensor(0, device='cuda:0')	0	106
tensor(1, device='cuda:0')	2	106
tensor(0, device='cuda:0')	1	106
tensor(3, device='cuda:0')	0	106
tensor(3, device='cuda:0')	1	106
tensor(2, device='cuda:0')	0	106
tensor(0, device='cuda:0')	2	106
tensor(0, device='cuda:0')	0	107
tensor(2, device='cuda:0')	1	107
tensor(2, device='cuda:0')	0	107
tensor(2, device='cuda:0')	2	108
tensor(3, device='cuda:0')	1	108
tensor(3, device='cuda:0')	3	109
tensor(1, device='cuda:0')	0	109
tensor(1, device='cuda:0')	3	109
tensor(1, device='cuda:0')	3	109
tensor(2, device='cuda:0')	2	110
tensor(0, device='cuda:0')	0	111
tensor(1, device='cuda:0')	1	112
tensor(1, device='cuda:0')	2	112
tensor(1, device='cuda:0')	3	112
tensor(1, device='cuda:0')	0	112
tensor(1, device='cuda:0')	1	113
tensor(2, device='cuda:0')	0	113
tensor(3, device='cuda:0')	3	114
tensor(3, device='cuda:0')	2	114
tensor(2, device='cuda:0')	2	115
tensor(3, device='cuda:0')	1	115
tensor(3, device='cuda:0')	3	116
tensor(0, device='cuda:0')	0	117
tensor(1, device='cuda:0')	1	118
tensor(0, device='cuda:0')	2	118
tensor(3, device='cuda:0')	2	118
tensor(2, device='cuda:0')	0	118
tensor(0, device='cuda:0')	3	118
tensor(3, device='cuda:0')	3	119
tensor(1, device='cuda:0')	1	120
tensor(0, device='cuda:0')	3	120
tensor(2, device='cuda:0')	2	121
tensor(1, device='cuda:0')	3	121
tensor(3, device='cuda:0')	3	122
tensor(0, device='cuda:0')	0	123
tensor(0, device='cuda:0')	1	123
tensor(1, device='cuda:0')	3	123
tensor(0, device='cuda:0')	2	123
tensor(0, device='cuda:0')	1	123
tensor(2, device='cuda:0')	0	123
tensor(0, device='cuda:0')	2	123
tensor(1, device='cuda:0')	0	123
tensor(3, device='cuda:0')	2	123
tensor(2, device='cuda:0')	1	123
tensor(0, device='cuda:0')	1	123
tensor(0, device='cuda:0')	0	124
tensor(2, device='cuda:0')	2	125
tensor(0, device='cuda:0')	3	125
tensor(3, device='cuda:0')	0	125
tensor(0, device='cuda:0')	1	125
tensor(1, device='cuda:0')	1	126
tensor(2, device='cuda:0')	0	126
tensor(3, device='cuda:0')	2	126
tensor(2, device='cuda:0')	3	126
tensor(2, device='cuda:0')	1	126
tensor(3, device='cuda:0')	2	126
tensor(0, device='cuda:0')	2	126
tensor(0, device='cuda:0')	1	126
tensor(2, device='cuda:0')	0	126
tensor(3, device='cuda:0')	2	126
tensor(2, device='cuda:0')	2	127
tensor(3, device='cuda:0')	0	127
tensor(1, device='cuda:0')	2	127
tensor(1, device='cuda:0')	1	128
tensor(2, device='cuda:0')	1	128
tensor(0, device='cuda:0')	3	128
tensor(3, device='cuda:0')	3	129
tensor(0, device='cuda:0')	0	130
tensor(1, device='cuda:0')	2	130
tensor(3, device='cuda:0')	3	131
tensor(2, device='cuda:0')	2	132
tensor(0, device='cuda:0')	1	132
tensor(2, device='cuda:0')	0	132
tensor(3, device='cuda:0')	2	132
tensor(1, device='cuda:0')	2	132
tensor(3, device='cuda:0')	3	133
tensor(2, device='cuda:0')	2	134
tensor(2, device='cuda:0')	2	135
tensor(2, device='cuda:0')	2	136
tensor(0, device='cuda:0')	0	137
tensor(1, device='cuda:0')	2	137
tensor(3, device='cuda:0')	3	138
tensor(2, device='cuda:0')	0	138
tensor(0, device='cuda:0')	0	139
tensor(1, device='cuda:0')	2	139
tensor(3, device='cuda:0')	3	140
tensor(3, device='cuda:0')	1	140
tensor(1, device='cuda:0')	0	140
tensor(1, device='cuda:0')	1	141
tensor(2, device='cuda:0')	3	141
tensor(0, device='cuda:0')	1	141
tensor(0, device='cuda:0')	0	142
tensor(1, device='cuda:0')	2	142
tensor(2, device='cuda:0')	3	142
tensor(2, device='cuda:0')	0	142
tensor(3, device='cuda:0')	3	143
tensor(3, device='cuda:0')	3	144
tensor(1, device='cuda:0')	1	145
tensor(3, device='cuda:0')	0	145
tensor(0, device='cuda:0')	2	145
tensor(1, device='cuda:0')	1	146
tensor(3, device='cuda:0')	1	146
tensor(1, device='cuda:0')	1	147
tensor(1, device='cuda:0')	3	147
tensor(3, device='cuda:0')	2	147
tensor(1, device='cuda:0')	1	148
tensor(0, device='cuda:0')	1	148
tensor(1, device='cuda:0')	1	149
tensor(3, device='cuda:0')	0	149
tensor(3, device='cuda:0')	3	150
tensor(3, device='cuda:0')	3	151
tensor(1, device='cuda:0')	2	151
tensor(0, device='cuda:0')	0	152
tensor(3, device='cuda:0')	1	152
tensor(3, device='cuda:0')	3	153
tensor(3, device='cuda:0')	2	153
tensor(2, device='cuda:0')	0	153
tensor(1, device='cuda:0')	2	153
tensor(0, device='cuda:0')	3	153
tensor(2, device='cuda:0')	2	154
tensor(2, device='cuda:0')	0	154
tensor(2, device='cuda:0')	0	154
tensor(1, device='cuda:0')	1	155
tensor(1, device='cuda:0')	3	155
tensor(2, device='cuda:0')	2	156
tensor(2, device='cuda:0')	3	156
tensor(3, device='cuda:0')	1	156
tensor(1, device='cuda:0')	3	156
tensor(3, device='cuda:0')	1	156
tensor(1, device='cuda:0')	1	157
tensor(0, device='cuda:0')	3	157
tensor(3, device='cuda:0')	2	157
tensor(0, device='cuda:0')	0	158
tensor(1, device='cuda:0')	1	159
tensor(3, device='cuda:0')	3	160
tensor(2, device='cuda:0')	2	161
tensor(2, device='cuda:0')	2	162
tensor(0, device='cuda:0')	3	162
tensor(0, device='cuda:0')	0	163
tensor(2, device='cuda:0')	1	163
tensor(2, device='cuda:0')	1	163
tensor(0, device='cuda:0')	2	163
tensor(1, device='cuda:0')	3	163
tensor(3, device='cuda:0')	0	163
tensor(1, device='cuda:0')	1	164
tensor(3, device='cuda:0')	1	164
tensor(0, device='cuda:0')	0	165
tensor(2, device='cuda:0')	2	166
tensor(0, device='cuda:0')	3	166
tensor(3, device='cuda:0')	3	167
tensor(2, device='cuda:0')	2	168
tensor(2, device='cuda:0')	1	168
tensor(3, device='cuda:0')	0	168
tensor(2, device='cuda:0')	1	168
tensor(3, device='cuda:0')	1	168
tensor(0, device='cuda:0')	1	168
tensor(0, device='cuda:0')	0	169
tensor(3, device='cuda:0')	2	169
tensor(0, device='cuda:0')	3	169
tensor(1, device='cuda:0')	2	169
tensor(2, device='cuda:0')	1	169
tensor(2, device='cuda:0')	1	169
tensor(1, device='cuda:0')	3	169
tensor(1, device='cuda:0')	3	169
tensor(1, device='cuda:0')	2	169
tensor(3, device='cuda:0')	3	170
tensor(1, device='cuda:0')	1	171
tensor(0, device='cuda:0')	3	171
tensor(0, device='cuda:0')	1	171
tensor(1, device='cuda:0')	3	171
tensor(1, device='cuda:0')	0	171
tensor(0, device='cuda:0')	1	171
tensor(3, device='cuda:0')	2	171
tensor(1, device='cuda:0')	1	172
tensor(0, device='cuda:0')	1	172
tensor(1, device='cuda:0')	1	173
tensor(0, device='cuda:0')	1	173
tensor(2, device='cuda:0')	0	173
tensor(2, device='cuda:0')	2	174
tensor(2, device='cuda:0')	0	174
tensor(2, device='cuda:0')	2	175
tensor(2, device='cuda:0')	0	175
tensor(3, device='cuda:0')	1	175
tensor(1, device='cuda:0')	1	176
tensor(3, device='cuda:0')	1	176
tensor(1, device='cuda:0')	1	177
tensor(2, device='cuda:0')	2	178
tensor(3, device='cuda:0')	0	178
tensor(2, device='cuda:0')	1	178
tensor(1, device='cuda:0')	2	178
tensor(0, device='cuda:0')	0	179
tensor(3, device='cuda:0')	3	180
tensor(3, device='cuda:0')	2	180
tensor(0, device='cuda:0')	0	181
tensor(3, device='cuda:0')	1	181
tensor(0, device='cuda:0')	3	181
tensor(1, device='cuda:0')	2	181
tensor(1, device='cuda:0')	1	182
tensor(3, device='cuda:0')	2	182
tensor(1, device='cuda:0')	3	182
tensor(1, device='cuda:0')	2	182
tensor(3, device='cuda:0')	0	182
tensor(0, device='cuda:0')	2	182
tensor(1, device='cuda:0')	1	183
tensor(2, device='cuda:0')	1	183
tensor(3, device='cuda:0')	3	184
tensor(0, device='cuda:0')	3	184
tensor(1, device='cuda:0')	1	185
tensor(1, device='cuda:0')	3	185
tensor(2, device='cuda:0')	2	186
tensor(2, device='cuda:0')	2	187
tensor(2, device='cuda:0')	2	188
tensor(0, device='cuda:0')	3	188
tensor(0, device='cuda:0')	0	189
tensor(0, device='cuda:0')	2	189
tensor(1, device='cuda:0')	0	189
tensor(0, device='cuda:0')	1	189
tensor(1, device='cuda:0')	3	189
tensor(2, device='cuda:0')	2	190
tensor(2, device='cuda:0')	2	191
tensor(2, device='cuda:0')	2	192
tensor(1, device='cuda:0')	2	192
tensor(1, device='cuda:0')	2	192
tensor(0, device='cuda:0')	2	192
tensor(0, device='cuda:0')	0	193
tensor(0, device='cuda:0')	2	193
tensor(1, device='cuda:0')	1	194
tensor(1, device='cuda:0')	2	194
tensor(1, device='cuda:0')	3	194
tensor(0, device='cuda:0')	0	195
tensor(3, device='cuda:0')	2	195
tensor(3, device='cuda:0')	3	196
tensor(2, device='cuda:0')	3	196
tensor(3, device='cuda:0')	3	197
tensor(3, device='cuda:0')	3	198
tensor(3, device='cuda:0')	1	198
tensor(1, device='cuda:0')	3	198
tensor(0, device='cuda:0')	2	198
tensor(1, device='cuda:0')	2	198
tensor(0, device='cuda:0')	0	199
tensor(2, device='cuda:0')	1	199
tensor(2, device='cuda:0')	0	199
tensor(2, device='cuda:0')	1	199
tensor(0, device='cuda:0')	2	199
tensor(0, device='cuda:0')	0	200
tensor(2, device='cuda:0')	2	201
tensor(3, device='cuda:0')	3	202
tensor(3, device='cuda:0')	3	203
tensor(3, device='cuda:0')	3	204
tensor(0, device='cuda:0')	0	205
tensor(1, device='cuda:0')	1	206
tensor(3, device='cuda:0')	1	206
tensor(1, device='cuda:0')	1	207
tensor(0, device='cuda:0')	2	207
tensor(0, device='cuda:0')	0	208
tensor(2, device='cuda:0')	2	209
tensor(3, device='cuda:0')	3	210
tensor(3, device='cuda:0')	2	210
tensor(0, device='cuda:0')	0	211
tensor(3, device='cuda:0')	0	211
tensor(1, device='cuda:0')	0	211
tensor(1, device='cuda:0')	1	212
tensor(1, device='cuda:0')	0	212
tensor(3, device='cuda:0')	3	213
tensor(1, device='cuda:0')	1	214
tensor(1, device='cuda:0')	1	215
tensor(0, device='cuda:0')	2	215
tensor(3, device='cuda:0')	3	216
tensor(1, device='cuda:0')	0	216
tensor(2, device='cuda:0')	3	216
tensor(3, device='cuda:0')	2	216
tensor(3, device='cuda:0')	0	216
tensor(1, device='cuda:0')	3	216
tensor(0, device='cuda:0')	0	217
tensor(0, device='cuda:0')	3	217
tensor(1, device='cuda:0')	0	217
tensor(2, device='cuda:0')	1	217
tensor(1, device='cuda:0')	3	217
tensor(3, device='cuda:0')	1	217
tensor(2, device='cuda:0')	3	217
tensor(0, device='cuda:0')	0	218
tensor(1, device='cuda:0')	3	218
tensor(3, device='cuda:0')	3	219
tensor(1, device='cuda:0')	0	219
tensor(2, device='cuda:0')	1	219
tensor(1, device='cuda:0')	1	220
tensor(1, device='cuda:0')	3	220
tensor(3, device='cuda:0')	2	220
tensor(3, device='cuda:0')	3	221
tensor(0, device='cuda:0')	1	221
tensor(1, device='cuda:0')	2	221
tensor(0, device='cuda:0')	0	222
tensor(0, device='cuda:0')	0	223
tensor(3, device='cuda:0')	0	223
tensor(1, device='cuda:0')	0	223
tensor(0, device='cuda:0')	2	223
tensor(0, device='cuda:0')	1	223
tensor(3, device='cuda:0')	2	223
tensor(2, device='cuda:0')	3	223
tensor(0, device='cuda:0')	1	223
tensor(2, device='cuda:0')	1	223
tensor(1, device='cuda:0')	2	223
tensor(0, device='cuda:0')	1	223
tensor(2, device='cuda:0')	1	223
tensor(1, device='cuda:0')	2	223
tensor(1, device='cuda:0')	1	224
tensor(0, device='cuda:0')	2	224
tensor(3, device='cuda:0')	1	224
tensor(3, device='cuda:0')	1	224
tensor(1, device='cuda:0')	0	224
tensor(0, device='cuda:0')	3	224
tensor(1, device='cuda:0')	1	225
tensor(1, device='cuda:0')	3	225
tensor(1, device='cuda:0')	1	226
tensor(2, device='cuda:0')	1	226
tensor(3, device='cuda:0')	3	227
tensor(0, device='cuda:0')	2	227
tensor(0, device='cuda:0')	3	227
tensor(0, device='cuda:0')	1	227
tensor(0, device='cuda:0')	2	227
tensor(0, device='cuda:0')	2	227
tensor(1, device='cuda:0')	1	228
tensor(0, device='cuda:0')	0	229
tensor(2, device='cuda:0')	0	229
tensor(3, device='cuda:0')	2	229
tensor(2, device='cuda:0')	3	229
tensor(1, device='cuda:0')	1	230
tensor(3, device='cuda:0')	0	230
tensor(0, device='cuda:0')	0	231
tensor(2, device='cuda:0')	2	232
tensor(1, device='cuda:0')	2	232
tensor(3, device='cuda:0')	0	232
tensor(0, device='cuda:0')	1	232
tensor(3, device='cuda:0')	2	232
tensor(1, device='cuda:0')	1	233
tensor(2, device='cuda:0')	3	233
tensor(1, device='cuda:0')	2	233
tensor(1, device='cuda:0')	1	234
tensor(1, device='cuda:0')	1	235
tensor(2, device='cuda:0')	2	236
tensor(2, device='cuda:0')	2	237
tensor(3, device='cuda:0')	0	237
tensor(2, device='cuda:0')	2	238
tensor(2, device='cuda:0')	3	238
tensor(0, device='cuda:0')	0	239
tensor(2, device='cuda:0')	0	239
tensor(1, device='cuda:0')	2	239
tensor(3, device='cuda:0')	2	239
tensor(2, device='cuda:0')	2	240
tensor(2, device='cuda:0')	2	241
tensor(1, device='cuda:0')	3	241
tensor(2, device='cuda:0')	2	242
tensor(0, device='cuda:0')	0	243
tensor(0, device='cuda:0')	2	243
tensor(3, device='cuda:0')	1	243
tensor(3, device='cuda:0')	0	243
tensor(1, device='cuda:0')	3	243
tensor(2, device='cuda:0')	2	244
tensor(0, device='cuda:0')	3	244
tensor(1, device='cuda:0')	1	245
tensor(2, device='cuda:0')	0	245
tensor(2, device='cuda:0')	2	246
tensor(1, device='cuda:0')	0	246
tensor(3, device='cuda:0')	1	246
tensor(2, device='cuda:0')	1	246
tensor(0, device='cuda:0')	1	246
tensor(0, device='cuda:0')	1	246
tensor(2, device='cuda:0')	3	246
tensor(3, device='cuda:0')	3	247
tensor(2, device='cuda:0')	0	247
tensor(3, device='cuda:0')	0	247
tensor(1, device='cuda:0')	2	247
tensor(2, device='cuda:0')	0	247
tensor(2, device='cuda:0')	2	248
tensor(1, device='cuda:0')	2	248
tensor(0, device='cuda:0')	0	249
tensor(2, device='cuda:0')	1	249
tensor(0, device='cuda:0')	2	249
tensor(0, device='cuda:0')	3	249
tensor(1, device='cuda:0')	3	249
tensor(1, device='cuda:0')	2	249
tensor(3, device='cuda:0')	3	250
tensor(0, device='cuda:0')	1	250
tensor(2, device='cuda:0')	2	251
tensor(0, device='cuda:0')	0	252
tensor(2, device='cuda:0')	1	252
tensor(1, device='cuda:0')	1	253
tensor(3, device='cuda:0')	0	253
tensor(1, device='cuda:0')	3	253
tensor(3, device='cuda:0')	2	253
tensor(0, device='cuda:0')	0	254
tensor(1, device='cuda:0')	1	255
tensor(0, device='cuda:0')	2	255
tensor(3, device='cuda:0')	3	256
tensor(3, device='cuda:0')	1	256
tensor(2, device='cuda:0')	2	257
tensor(2, device='cuda:0')	0	257
tensor(2, device='cuda:0')	3	257
tensor(0, device='cuda:0')	1	257
tensor(0, device='cuda:0')	1	257
tensor(1, device='cuda:0')	3	257
tensor(1, device='cuda:0')	1	258
tensor(2, device='cuda:0')	3	258
tensor(1, device='cuda:0')	1	259
tensor(3, device='cuda:0')	3	260
tensor(1, device='cuda:0')	2	260
tensor(2, device='cuda:0')	3	260
tensor(3, device='cuda:0')	2	260
tensor(2, device='cuda:0')	1	260
tensor(2, device='cuda:0')	1	260
tensor(2, device='cuda:0')	3	260
tensor(3, device='cuda:0')	2	260
tensor(0, device='cuda:0')	3	260
tensor(3, device='cuda:0')	3	261
tensor(2, device='cuda:0')	3	261
tensor(2, device='cuda:0')	3	261
tensor(2, device='cuda:0')	3	261
tensor(2, device='cuda:0')	2	262
tensor(1, device='cuda:0')	1	263
tensor(1, device='cuda:0')	3	263
tensor(0, device='cuda:0')	1	263
tensor(3, device='cuda:0')	3	264
tensor(1, device='cuda:0')	2	264
tensor(3, device='cuda:0')	3	265
tensor(0, device='cuda:0')	1	265
tensor(0, device='cuda:0')	2	265
tensor(0, device='cuda:0')	0	266
tensor(3, device='cuda:0')	2	266
tensor(3, device='cuda:0')	3	267
tensor(0, device='cuda:0')	3	267
tensor(0, device='cuda:0')	3	267
tensor(2, device='cuda:0')	3	267
tensor(2, device='cuda:0')	0	267
tensor(2, device='cuda:0')	3	267
tensor(2, device='cuda:0')	3	267
tensor(2, device='cuda:0')	2	268
tensor(1, device='cuda:0')	0	268
tensor(2, device='cuda:0')	1	268
tensor(0, device='cuda:0')	2	268
tensor(3, device='cuda:0')	2	268
tensor(3, device='cuda:0')	0	268
tensor(2, device='cuda:0')	0	268
tensor(1, device='cuda:0')	1	269
tensor(2, device='cuda:0')	0	269
tensor(3, device='cuda:0')	3	270
tensor(3, device='cuda:0')	2	270
tensor(1, device='cuda:0')	0	270
tensor(0, device='cuda:0')	0	271
tensor(0, device='cuda:0')	3	271
tensor(2, device='cuda:0')	1	271
tensor(3, device='cuda:0')	2	271
tensor(0, device='cuda:0')	1	271
tensor(2, device='cuda:0')	2	272
tensor(0, device='cuda:0')	0	273
tensor(1, device='cuda:0')	0	273
tensor(0, device='cuda:0')	3	273
tensor(2, device='cuda:0')	1	273
tensor(0, device='cuda:0')	0	274
tensor(0, device='cuda:0')	2	274
tensor(2, device='cuda:0')	1	274
tensor(0, device='cuda:0')	1	274
tensor(2, device='cuda:0')	1	274
tensor(3, device='cuda:0')	3	275
tensor(2, device='cuda:0')	3	275
tensor(1, device='cuda:0')	2	275
tensor(0, device='cuda:0')	2	275
tensor(1, device='cuda:0')	2	275
tensor(0, device='cuda:0')	0	276
tensor(1, device='cuda:0')	0	276
tensor(0, device='cuda:0')	3	276
tensor(3, device='cuda:0')	1	276
tensor(2, device='cuda:0')	1	276
tensor(1, device='cuda:0')	2	276
tensor(0, device='cuda:0')	3	276
tensor(0, device='cuda:0')	1	276
tensor(3, device='cuda:0')	3	277
tensor(0, device='cuda:0')	2	277
tensor(3, device='cuda:0')	2	277
tensor(3, device='cuda:0')	2	277
tensor(3, device='cuda:0')	2	277
tensor(1, device='cuda:0')	2	277
tensor(2, device='cuda:0')	3	277
tensor(2, device='cuda:0')	2	278
tensor(3, device='cuda:0')	1	278
tensor(2, device='cuda:0')	2	279
tensor(2, device='cuda:0')	3	279
tensor(1, device='cuda:0')	3	279
tensor(0, device='cuda:0')	3	279
tensor(1, device='cuda:0')	2	279
tensor(1, device='cuda:0')	0	279
tensor(2, device='cuda:0')	2	280
tensor(1, device='cuda:0')	3	280
tensor(3, device='cuda:0')	1	280
tensor(3, device='cuda:0')	0	280
tensor(2, device='cuda:0')	0	280
tensor(0, device='cuda:0')	3	280
tensor(2, device='cuda:0')	3	280
tensor(3, device='cuda:0')	2	280
tensor(1, device='cuda:0')	3	280
tensor(2, device='cuda:0')	0	280
tensor(0, device='cuda:0')	3	280
tensor(2, device='cuda:0')	1	280
tensor(1, device='cuda:0')	3	280
tensor(3, device='cuda:0')	1	280
tensor(0, device='cuda:0')	0	281
tensor(0, device='cuda:0')	3	281
tensor(3, device='cuda:0')	1	281
tensor(1, device='cuda:0')	0	281
tensor(0, device='cuda:0')	3	281
tensor(1, device='cuda:0')	1	282
tensor(0, device='cuda:0')	1	282
tensor(3, device='cuda:0')	3	283
tensor(0, device='cuda:0')	0	284
tensor(0, device='cuda:0')	0	285
tensor(4, device='cuda:0')	3	285
tensor(0, device='cuda:0')	0	286
tensor(1, device='cuda:0')	3	286
tensor(1, device='cuda:0')	3	286
tensor(0, device='cuda:0')	2	286
tensor(1, device='cuda:0')	1	287
tensor(3, device='cuda:0')	1	287
tensor(1, device='cuda:0')	3	287
tensor(2, device='cuda:0')	0	287
tensor(3, device='cuda:0')	1	287
tensor(3, device='cuda:0')	3	288
tensor(1, device='cuda:0')	1	289
tensor(1, device='cuda:0')	1	290
tensor(0, device='cuda:0')	3	290
tensor(0, device='cuda:0')	3	290
tensor(0, device='cuda:0')	2	290
tensor(3, device='cuda:0')	1	290
tensor(0, device='cuda:0')	1	290
tensor(2, device='cuda:0')	1	290
tensor(2, device='cuda:0')	2	291
tensor(0, device='cuda:0')	0	292
tensor(0, device='cuda:0')	2	292
tensor(0, device='cuda:0')	0	293
tensor(2, device='cuda:0')	1	293
tensor(2, device='cuda:0')	2	294
tensor(3, device='cuda:0')	1	294
tensor(3, device='cuda:0')	3	295
tensor(2, device='cuda:0')	3	295
tensor(3, device='cuda:0')	3	296
tensor(1, device='cuda:0')	2	296
tensor(2, device='cuda:0')	1	296
tensor(2, device='cuda:0')	2	297
tensor(4, device='cuda:0')	0	297
tensor(1, device='cuda:0')	3	297
tensor(2, device='cuda:0')	3	297
tensor(0, device='cuda:0')	2	297
tensor(2, device='cuda:0')	2	298
tensor(3, device='cuda:0')	1	298
tensor(1, device='cuda:0')	3	298
tensor(2, device='cuda:0')	0	298
tensor(0, device='cuda:0')	0	299
tensor(3, device='cuda:0')	0	299
tensor(0, device='cuda:0')	1	299
tensor(1, device='cuda:0')	1	300
tensor(0, device='cuda:0')	0	301
tensor(1, device='cuda:0')	3	301
tensor(2, device='cuda:0')	3	301
tensor(0, device='cuda:0')	2	301
tensor(1, device='cuda:0')	2	301
tensor(1, device='cuda:0')	1	302
tensor(1, device='cuda:0')	0	302
tensor(3, device='cuda:0')	2	302
tensor(1, device='cuda:0')	2	302
tensor(2, device='cuda:0')	2	303
tensor(3, device='cuda:0')	1	303
tensor(2, device='cuda:0')	0	303
tensor(1, device='cuda:0')	1	304
tensor(2, device='cuda:0')	2	305
tensor(0, device='cuda:0')	1	305
tensor(3, device='cuda:0')	2	305
tensor(0, device='cuda:0')	0	306
tensor(2, device='cuda:0')	3	306
tensor(0, device='cuda:0')	0	307
tensor(2, device='cuda:0')	0	307
tensor(0, device='cuda:0')	3	307
tensor(2, device='cuda:0')	1	307
tensor(3, device='cuda:0')	1	307
tensor(0, device='cuda:0')	0	308
tensor(2, device='cuda:0')	2	309
tensor(3, device='cuda:0')	3	310
tensor(1, device='cuda:0')	2	310
tensor(3, device='cuda:0')	0	310
tensor(2, device='cuda:0')	0	310
tensor(1, device='cuda:0')	3	310
tensor(2, device='cuda:0')	3	310
tensor(2, device='cuda:0')	3	310
tensor(0, device='cuda:0')	0	311
tensor(3, device='cuda:0')	1	311
tensor(2, device='cuda:0')	1	311
tensor(2, device='cuda:0')	3	311
tensor(2, device='cuda:0')	1	311
tensor(2, device='cuda:0')	0	311
tensor(1, device='cuda:0')	3	311
tensor(1, device='cuda:0')	1	312
tensor(0, device='cuda:0')	0	313
tensor(2, device='cuda:0')	2	314
tensor(0, device='cuda:0')	1	314
tensor(1, device='cuda:0')	3	314
tensor(1, device='cuda:0')	1	315
tensor(2, device='cuda:0')	2	316
tensor(2, device='cuda:0')	0	316
tensor(2, device='cuda:0')	0	316
tensor(1, device='cuda:0')	3	316
tensor(0, device='cuda:0')	0	317
tensor(0, device='cuda:0')	1	317
tensor(0, device='cuda:0')	1	317
tensor(2, device='cuda:0')	3	317
tensor(3, device='cuda:0')	1	317
tensor(0, device='cuda:0')	1	317
tensor(3, device='cuda:0')	3	318
tensor(3, device='cuda:0')	2	318
tensor(2, device='cuda:0')	2	319
tensor(0, device='cuda:0')	1	319
tensor(1, device='cuda:0')	3	319
tensor(1, device='cuda:0')	1	320
tensor(1, device='cuda:0')	1	321
tensor(2, device='cuda:0')	2	322
tensor(1, device='cuda:0')	1	323
tensor(1, device='cuda:0')	0	323
tensor(3, device='cuda:0')	0	323
tensor(1, device='cuda:0')	2	323
tensor(2, device='cuda:0')	2	324
tensor(0, device='cuda:0')	3	324
tensor(0, device='cuda:0')	0	325
tensor(0, device='cuda:0')	3	325
tensor(2, device='cuda:0')	1	325
tensor(2, device='cuda:0')	2	326
tensor(1, device='cuda:0')	0	326
tensor(3, device='cuda:0')	2	326
tensor(0, device='cuda:0')	2	326
tensor(0, device='cuda:0')	2	326
tensor(3, device='cuda:0')	3	327
tensor(0, device='cuda:0')	3	327
tensor(2, device='cuda:0')	2	328
tensor(1, device='cuda:0')	2	328
tensor(3, device='cuda:0')	1	328
tensor(3, device='cuda:0')	1	328
tensor(0, device='cuda:0')	1	328
tensor(3, device='cuda:0')	3	329
tensor(3, device='cuda:0')	2	329
tensor(3, device='cuda:0')	2	329
tensor(3, device='cuda:0')	2	329
tensor(3, device='cuda:0')	2	329
tensor(3, device='cuda:0')	1	329
tensor(0, device='cuda:0')	0	330
tensor(2, device='cuda:0')	1	330
tensor(3, device='cuda:0')	1	330
tensor(2, device='cuda:0')	3	330
tensor(0, device='cuda:0')	0	331
tensor(3, device='cuda:0')	2	331
tensor(1, device='cuda:0')	1	332
tensor(0, device='cuda:0')	3	332
tensor(0, device='cuda:0')	1	332
tensor(2, device='cuda:0')	1	332
tensor(1, device='cuda:0')	3	332
tensor(2, device='cuda:0')	3	332
tensor(1, device='cuda:0')	3	332
tensor(3, device='cuda:0')	2	332
tensor(3, device='cuda:0')	1	332
tensor(2, device='cuda:0')	3	332
tensor(1, device='cuda:0')	3	332
tensor(3, device='cuda:0')	3	333
tensor(1, device='cuda:0')	1	334
tensor(2, device='cuda:0')	3	334
tensor(3, device='cuda:0')	3	335
tensor(1, device='cuda:0')	2	335
tensor(0, device='cuda:0')	1	335
tensor(2, device='cuda:0')	3	335
tensor(0, device='cuda:0')	2	335
tensor(2, device='cuda:0')	1	335
tensor(2, device='cuda:0')	1	335
tensor(2, device='cuda:0')	2	336
tensor(3, device='cuda:0')	2	336
tensor(0, device='cuda:0')	0	337
tensor(0, device='cuda:0')	0	338
tensor(0, device='cuda:0')	2	338
tensor(2, device='cuda:0')	0	338
tensor(3, device='cuda:0')	1	338
tensor(2, device='cuda:0')	2	339
tensor(0, device='cuda:0')	3	339
tensor(3, device='cuda:0')	3	340
tensor(3, device='cuda:0')	3	341
tensor(1, device='cuda:0')	0	341
tensor(0, device='cuda:0')	0	342
tensor(2, device='cuda:0')	3	342
tensor(3, device='cuda:0')	0	342
tensor(3, device='cuda:0')	0	342
tensor(2, device='cuda:0')	0	342
tensor(1, device='cuda:0')	1	343
tensor(2, device='cuda:0')	3	343
tensor(0, device='cuda:0')	3	343
tensor(1, device='cuda:0')	0	343
tensor(2, device='cuda:0')	3	343
tensor(0, device='cuda:0')	0	344
tensor(0, device='cuda:0')	2	344
tensor(0, device='cuda:0')	3	344
tensor(2, device='cuda:0')	3	344
tensor(0, device='cuda:0')	3	344
tensor(3, device='cuda:0')	2	344
tensor(0, device='cuda:0')	2	344
tensor(2, device='cuda:0')	2	345
tensor(0, device='cuda:0')	2	345
tensor(3, device='cuda:0')	1	345
tensor(0, device='cuda:0')	3	345
tensor(3, device='cuda:0')	3	346
tensor(1, device='cuda:0')	0	346
tensor(0, device='cuda:0')	3	346
tensor(3, device='cuda:0')	3	347
tensor(2, device='cuda:0')	0	347
tensor(3, device='cuda:0')	1	347
tensor(3, device='cuda:0')	3	348
tensor(3, device='cuda:0')	1	348
tensor(2, device='cuda:0')	2	349
tensor(1, device='cuda:0')	1	350
tensor(1, device='cuda:0')	1	351
tensor(1, device='cuda:0')	1	352
tensor(0, device='cuda:0')	0	353
tensor(2, device='cuda:0')	2	354
tensor(1, device='cuda:0')	0	354
tensor(3, device='cuda:0')	1	354
tensor(2, device='cuda:0')	3	354
tensor(0, device='cuda:0')	2	354
tensor(3, device='cuda:0')	1	354
tensor(1, device='cuda:0')	0	354
tensor(2, device='cuda:0')	3	354
tensor(0, device='cuda:0')	2	354
tensor(1, device='cuda:0')	3	354
tensor(0, device='cuda:0')	0	355
tensor(3, device='cuda:0')	0	355
tensor(1, device='cuda:0')	0	355
tensor(1, device='cuda:0')	0	355
tensor(0, device='cuda:0')	1	355
tensor(0, device='cuda:0')	0	356
tensor(3, device='cuda:0')	1	356
tensor(3, device='cuda:0')	1	356
tensor(3, device='cuda:0')	0	356
tensor(0, device='cuda:0')	1	356
tensor(1, device='cuda:0')	3	356
tensor(2, device='cuda:0')	3	356
tensor(1, device='cuda:0')	2	356
tensor(1, device='cuda:0')	2	356
tensor(0, device='cuda:0')	3	356
tensor(3, device='cuda:0')	2	356
tensor(2, device='cuda:0')	3	356
tensor(1, device='cuda:0')	3	356
tensor(2, device='cuda:0')	0	356
tensor(0, device='cuda:0')	1	356
tensor(0, device='cuda:0')	0	357
tensor(3, device='cuda:0')	3	358
tensor(0, device='cuda:0')	2	358
tensor(3, device='cuda:0')	3	359
tensor(3, device='cuda:0')	3	360
tensor(3, device='cuda:0')	1	360
tensor(1, device='cuda:0')	1	361
tensor(3, device='cuda:0')	0	361
tensor(2, device='cuda:0')	3	361
tensor(0, device='cuda:0')	0	362
tensor(0, device='cuda:0')	0	363
tensor(1, device='cuda:0')	3	363
tensor(3, device='cuda:0')	0	363
tensor(2, device='cuda:0')	2	364
tensor(0, device='cuda:0')	3	364
tensor(0, device='cuda:0')	0	365
tensor(2, device='cuda:0')	3	365
tensor(3, device='cuda:0')	0	365
tensor(2, device='cuda:0')	2	366
tensor(2, device='cuda:0')	1	366
tensor(2, device='cuda:0')	2	367
tensor(3, device='cuda:0')	3	368
tensor(0, device='cuda:0')	1	368
tensor(3, device='cuda:0')	3	369
tensor(1, device='cuda:0')	2	369
tensor(3, device='cuda:0')	1	369
tensor(3, device='cuda:0')	3	370
tensor(1, device='cuda:0')	3	370
tensor(2, device='cuda:0')	1	370
tensor(1, device='cuda:0')	3	370
tensor(1, device='cuda:0')	0	370
tensor(0, device='cuda:0')	2	370
tensor(2, device='cuda:0')	1	370
tensor(1, device='cuda:0')	3	370
tensor(3, device='cuda:0')	1	370
tensor(3, device='cuda:0')	1	370
tensor(1, device='cuda:0')	3	370
tensor(2, device='cuda:0')	3	370
tensor(2, device='cuda:0')	2	371
tensor(2, device='cuda:0')	3	371
tensor(2, device='cuda:0')	1	371
tensor(1, device='cuda:0')	1	372
tensor(1, device='cuda:0')	2	372
tensor(1, device='cuda:0')	3	372
tensor(2, device='cuda:0')	2	373
tensor(3, device='cuda:0')	0	373
tensor(2, device='cuda:0')	0	373
tensor(2, device='cuda:0')	2	374
tensor(2, device='cuda:0')	0	374
tensor(1, device='cuda:0')	0	374
tensor(2, device='cuda:0')	0	374
tensor(2, device='cuda:0')	2	375
tensor(2, device='cuda:0')	2	376
tensor(2, device='cuda:0')	0	376
tensor(2, device='cuda:0')	2	377
tensor(1, device='cuda:0')	0	377
tensor(2, device='cuda:0')	1	377
tensor(1, device='cuda:0')	0	377
tensor(1, device='cuda:0')	3	377
tensor(1, device='cuda:0')	1	378
tensor(3, device='cuda:0')	3	379
tensor(2, device='cuda:0')	2	380
tensor(0, device='cuda:0')	2	380
tensor(2, device='cuda:0')	2	381
tensor(1, device='cuda:0')	2	381
tensor(0, device='cuda:0')	3	381
tensor(3, device='cuda:0')	2	381
tensor(1, device='cuda:0')	0	381
tensor(3, device='cuda:0')	3	382
tensor(3, device='cuda:0')	3	383
tensor(0, device='cuda:0')	1	383
tensor(0, device='cuda:0')	1	383
tensor(0, device='cuda:0')	1	383
tensor(2, device='cuda:0')	3	383
tensor(0, device='cuda:0')	2	383
tensor(0, device='cuda:0')	1	383
tensor(2, device='cuda:0')	2	384
tensor(0, device='cuda:0')	3	384
tensor(1, device='cuda:0')	2	384
tensor(3, device='cuda:0')	2	384
tensor(2, device='cuda:0')	3	384
tensor(0, device='cuda:0')	3	384
tensor(0, device='cuda:0')	3	384
tensor(0, device='cuda:0')	0	385
tensor(1, device='cuda:0')	2	385
tensor(3, device='cuda:0')	0	385
tensor(2, device='cuda:0')	0	385
tensor(2, device='cuda:0')	1	385
tensor(0, device='cuda:0')	0	386
tensor(2, device='cuda:0')	2	387
tensor(0, device='cuda:0')	1	387
tensor(0, device='cuda:0')	0	388
tensor(3, device='cuda:0')	0	388
tensor(2, device='cuda:0')	1	388
tensor(3, device='cuda:0')	0	388
tensor(0, device='cuda:0')	0	389
tensor(0, device='cuda:0')	0	390
tensor(2, device='cuda:0')	3	390
tensor(1, device='cuda:0')	0	390
1172
Accuracy: 0.33276450511945393
