loading archive file checkpoints
loading archive file data/CommonsenseQA
| dictionary: 50265 types
tensor(3, device='cuda:0')	2	0
tensor(1, device='cuda:0')	1	1
tensor(1, device='cuda:0')	2	1
tensor(3, device='cuda:0')	3	2
tensor(2, device='cuda:0')	3	2
tensor(3, device='cuda:0')	1	2
tensor(3, device='cuda:0')	2	2
tensor(0, device='cuda:0')	2	2
tensor(0, device='cuda:0')	1	2
tensor(4, device='cuda:0')	0	2
tensor(1, device='cuda:0')	1	3
tensor(2, device='cuda:0')	0	3
tensor(0, device='cuda:0')	2	3
tensor(1, device='cuda:0')	2	3
tensor(1, device='cuda:0')	2	3
tensor(0, device='cuda:0')	0	4
tensor(2, device='cuda:0')	2	5
tensor(0, device='cuda:0')	1	5
tensor(0, device='cuda:0')	0	6
tensor(0, device='cuda:0')	2	6
tensor(3, device='cuda:0')	1	6
tensor(0, device='cuda:0')	1	6
tensor(2, device='cuda:0')	0	6
tensor(3, device='cuda:0')	2	6
tensor(4, device='cuda:0')	1	6
tensor(1, device='cuda:0')	3	6
tensor(1, device='cuda:0')	1	7
tensor(1, device='cuda:0')	1	8
tensor(2, device='cuda:0')	2	9
tensor(1, device='cuda:0')	1	10
tensor(1, device='cuda:0')	3	10
tensor(2, device='cuda:0')	2	11
tensor(0, device='cuda:0')	0	12
tensor(2, device='cuda:0')	2	13
tensor(3, device='cuda:0')	0	13
tensor(2, device='cuda:0')	0	13
tensor(2, device='cuda:0')	1	13
tensor(3, device='cuda:0')	1	13
tensor(2, device='cuda:0')	2	14
tensor(2, device='cuda:0')	1	14
tensor(2, device='cuda:0')	2	15
tensor(3, device='cuda:0')	0	15
tensor(2, device='cuda:0')	2	16
tensor(0, device='cuda:0')	3	16
tensor(3, device='cuda:0')	1	16
tensor(1, device='cuda:0')	1	17
tensor(1, device='cuda:0')	2	17
tensor(3, device='cuda:0')	2	17
tensor(4, device='cuda:0')	2	17
tensor(1, device='cuda:0')	0	17
tensor(2, device='cuda:0')	3	17
tensor(1, device='cuda:0')	2	17
tensor(0, device='cuda:0')	0	18
tensor(4, device='cuda:0')	2	18
tensor(0, device='cuda:0')	2	18
tensor(0, device='cuda:0')	1	18
tensor(2, device='cuda:0')	2	19
tensor(0, device='cuda:0')	0	20
tensor(1, device='cuda:0')	0	20
tensor(3, device='cuda:0')	2	20
tensor(3, device='cuda:0')	3	21
tensor(2, device='cuda:0')	1	21
tensor(3, device='cuda:0')	3	22
tensor(1, device='cuda:0')	2	22
tensor(0, device='cuda:0')	3	22
tensor(3, device='cuda:0')	0	22
tensor(1, device='cuda:0')	0	22
tensor(2, device='cuda:0')	2	23
tensor(2, device='cuda:0')	1	23
tensor(0, device='cuda:0')	0	24
tensor(1, device='cuda:0')	0	24
tensor(3, device='cuda:0')	2	24
tensor(2, device='cuda:0')	1	24
tensor(0, device='cuda:0')	3	24
tensor(2, device='cuda:0')	3	24
tensor(3, device='cuda:0')	0	24
tensor(0, device='cuda:0')	1	24
tensor(1, device='cuda:0')	1	25
tensor(3, device='cuda:0')	1	25
tensor(1, device='cuda:0')	0	25
tensor(3, device='cuda:0')	3	26
tensor(1, device='cuda:0')	2	26
tensor(1, device='cuda:0')	2	26
tensor(3, device='cuda:0')	3	27
tensor(1, device='cuda:0')	3	27
tensor(3, device='cuda:0')	0	27
tensor(0, device='cuda:0')	0	28
tensor(1, device='cuda:0')	3	28
tensor(2, device='cuda:0')	2	29
tensor(2, device='cuda:0')	2	30
tensor(0, device='cuda:0')	0	31
tensor(4, device='cuda:0')	3	31
tensor(0, device='cuda:0')	3	31
tensor(1, device='cuda:0')	0	31
tensor(1, device='cuda:0')	1	32
tensor(4, device='cuda:0')	2	32
tensor(1, device='cuda:0')	2	32
tensor(1, device='cuda:0')	1	33
tensor(1, device='cuda:0')	1	34
tensor(1, device='cuda:0')	1	35
tensor(2, device='cuda:0')	2	36
tensor(0, device='cuda:0')	3	36
tensor(0, device='cuda:0')	0	37
tensor(1, device='cuda:0')	1	38
tensor(1, device='cuda:0')	2	38
tensor(0, device='cuda:0')	1	38
tensor(3, device='cuda:0')	3	39
tensor(0, device='cuda:0')	1	39
tensor(0, device='cuda:0')	3	39
tensor(4, device='cuda:0')	0	39
tensor(0, device='cuda:0')	0	40
tensor(1, device='cuda:0')	0	40
tensor(2, device='cuda:0')	0	40
tensor(0, device='cuda:0')	0	41
tensor(1, device='cuda:0')	1	42
tensor(2, device='cuda:0')	3	42
tensor(2, device='cuda:0')	1	42
tensor(2, device='cuda:0')	2	43
tensor(2, device='cuda:0')	3	43
tensor(2, device='cuda:0')	2	44
tensor(0, device='cuda:0')	0	45
tensor(1, device='cuda:0')	0	45
tensor(2, device='cuda:0')	3	45
tensor(1, device='cuda:0')	0	45
tensor(3, device='cuda:0')	1	45
tensor(3, device='cuda:0')	3	46
tensor(3, device='cuda:0')	0	46
tensor(3, device='cuda:0')	1	46
tensor(1, device='cuda:0')	3	46
tensor(1, device='cuda:0')	2	46
tensor(2, device='cuda:0')	1	46
tensor(2, device='cuda:0')	2	47
tensor(2, device='cuda:0')	3	47
tensor(1, device='cuda:0')	1	48
tensor(4, device='cuda:0')	1	48
tensor(1, device='cuda:0')	1	49
tensor(1, device='cuda:0')	1	50
tensor(0, device='cuda:0')	1	50
tensor(0, device='cuda:0')	0	51
tensor(2, device='cuda:0')	1	51
tensor(2, device='cuda:0')	3	51
tensor(2, device='cuda:0')	2	52
tensor(3, device='cuda:0')	0	52
tensor(3, device='cuda:0')	0	52
tensor(0, device='cuda:0')	0	53
tensor(0, device='cuda:0')	2	53
tensor(2, device='cuda:0')	1	53
tensor(1, device='cuda:0')	0	53
tensor(3, device='cuda:0')	2	53
tensor(0, device='cuda:0')	0	54
tensor(1, device='cuda:0')	2	54
tensor(3, device='cuda:0')	3	55
tensor(3, device='cuda:0')	3	56
tensor(1, device='cuda:0')	1	57
tensor(2, device='cuda:0')	1	57
tensor(2, device='cuda:0')	3	57
tensor(3, device='cuda:0')	2	57
tensor(2, device='cuda:0')	1	57
tensor(1, device='cuda:0')	2	57
tensor(2, device='cuda:0')	1	57
tensor(2, device='cuda:0')	0	57
tensor(1, device='cuda:0')	3	57
tensor(1, device='cuda:0')	0	57
tensor(1, device='cuda:0')	1	58
tensor(2, device='cuda:0')	0	58
tensor(1, device='cuda:0')	0	58
tensor(1, device='cuda:0')	2	58
tensor(2, device='cuda:0')	1	58
tensor(0, device='cuda:0')	0	59
tensor(3, device='cuda:0')	3	60
tensor(2, device='cuda:0')	3	60
tensor(3, device='cuda:0')	3	61
tensor(3, device='cuda:0')	1	61
tensor(1, device='cuda:0')	3	61
tensor(0, device='cuda:0')	2	61
tensor(2, device='cuda:0')	0	61
tensor(0, device='cuda:0')	0	62
tensor(3, device='cuda:0')	0	62
tensor(0, device='cuda:0')	1	62
tensor(2, device='cuda:0')	2	63
tensor(1, device='cuda:0')	0	63
tensor(0, device='cuda:0')	3	63
tensor(1, device='cuda:0')	2	63
tensor(1, device='cuda:0')	2	63
tensor(3, device='cuda:0')	0	63
tensor(0, device='cuda:0')	2	63
tensor(3, device='cuda:0')	3	64
tensor(3, device='cuda:0')	0	64
tensor(2, device='cuda:0')	2	65
tensor(3, device='cuda:0')	2	65
tensor(1, device='cuda:0')	2	65
tensor(1, device='cuda:0')	1	66
tensor(2, device='cuda:0')	0	66
tensor(2, device='cuda:0')	3	66
tensor(1, device='cuda:0')	1	67
tensor(0, device='cuda:0')	0	68
tensor(3, device='cuda:0')	1	68
tensor(1, device='cuda:0')	2	68
tensor(2, device='cuda:0')	1	68
tensor(2, device='cuda:0')	1	68
tensor(4, device='cuda:0')	2	68
tensor(1, device='cuda:0')	2	68
tensor(0, device='cuda:0')	0	69
tensor(2, device='cuda:0')	1	69
tensor(4, device='cuda:0')	3	69
tensor(0, device='cuda:0')	2	69
tensor(2, device='cuda:0')	1	69
tensor(1, device='cuda:0')	2	69
tensor(2, device='cuda:0')	2	70
tensor(2, device='cuda:0')	2	71
tensor(0, device='cuda:0')	2	71
tensor(4, device='cuda:0')	3	71
tensor(2, device='cuda:0')	2	72
tensor(1, device='cuda:0')	1	73
tensor(3, device='cuda:0')	1	73
tensor(1, device='cuda:0')	1	74
tensor(1, device='cuda:0')	3	74
tensor(0, device='cuda:0')	0	75
tensor(4, device='cuda:0')	2	75
tensor(2, device='cuda:0')	1	75
tensor(4, device='cuda:0')	0	75
tensor(1, device='cuda:0')	1	76
tensor(3, device='cuda:0')	0	76
tensor(1, device='cuda:0')	0	76
tensor(1, device='cuda:0')	0	76
tensor(0, device='cuda:0')	0	77
tensor(0, device='cuda:0')	2	77
tensor(1, device='cuda:0')	1	78
tensor(3, device='cuda:0')	1	78
tensor(1, device='cuda:0')	1	79
tensor(3, device='cuda:0')	3	80
tensor(3, device='cuda:0')	0	80
tensor(0, device='cuda:0')	0	81
tensor(1, device='cuda:0')	1	82
tensor(2, device='cuda:0')	2	83
tensor(0, device='cuda:0')	1	83
tensor(3, device='cuda:0')	3	84
tensor(1, device='cuda:0')	3	84
tensor(3, device='cuda:0')	1	84
tensor(3, device='cuda:0')	0	84
tensor(2, device='cuda:0')	3	84
tensor(3, device='cuda:0')	2	84
tensor(4, device='cuda:0')	1	84
tensor(1, device='cuda:0')	0	84
tensor(2, device='cuda:0')	1	84
tensor(1, device='cuda:0')	2	84
tensor(1, device='cuda:0')	0	84
tensor(0, device='cuda:0')	2	84
tensor(0, device='cuda:0')	1	84
tensor(0, device='cuda:0')	1	84
tensor(0, device='cuda:0')	3	84
tensor(0, device='cuda:0')	1	84
tensor(0, device='cuda:0')	0	85
tensor(1, device='cuda:0')	3	85
tensor(4, device='cuda:0')	3	85
tensor(3, device='cuda:0')	0	85
tensor(4, device='cuda:0')	3	85
tensor(0, device='cuda:0')	0	86
tensor(0, device='cuda:0')	2	86
tensor(2, device='cuda:0')	0	86
tensor(1, device='cuda:0')	2	86
tensor(3, device='cuda:0')	3	87
tensor(0, device='cuda:0')	0	88
tensor(2, device='cuda:0')	3	88
tensor(2, device='cuda:0')	1	88
tensor(1, device='cuda:0')	2	88
tensor(1, device='cuda:0')	0	88
tensor(0, device='cuda:0')	2	88
tensor(3, device='cuda:0')	1	88
tensor(0, device='cuda:0')	2	88
tensor(0, device='cuda:0')	2	88
tensor(3, device='cuda:0')	0	88
tensor(4, device='cuda:0')	2	88
tensor(4, device='cuda:0')	1	88
tensor(1, device='cuda:0')	1	89
tensor(2, device='cuda:0')	3	89
tensor(1, device='cuda:0')	1	90
tensor(0, device='cuda:0')	1	90
tensor(1, device='cuda:0')	3	90
tensor(1, device='cuda:0')	1	91
tensor(0, device='cuda:0')	1	91
tensor(1, device='cuda:0')	3	91
tensor(3, device='cuda:0')	0	91
tensor(4, device='cuda:0')	1	91
tensor(2, device='cuda:0')	1	91
tensor(0, device='cuda:0')	2	91
tensor(3, device='cuda:0')	2	91
tensor(3, device='cuda:0')	2	91
tensor(1, device='cuda:0')	1	92
tensor(0, device='cuda:0')	2	92
tensor(0, device='cuda:0')	3	92
tensor(2, device='cuda:0')	1	92
tensor(2, device='cuda:0')	2	93
tensor(1, device='cuda:0')	1	94
tensor(2, device='cuda:0')	2	95
tensor(1, device='cuda:0')	1	96
tensor(2, device='cuda:0')	2	97
tensor(4, device='cuda:0')	2	97
tensor(0, device='cuda:0')	1	97
tensor(3, device='cuda:0')	0	97
tensor(2, device='cuda:0')	3	97
tensor(0, device='cuda:0')	2	97
tensor(1, device='cuda:0')	1	98
tensor(2, device='cuda:0')	2	99
tensor(3, device='cuda:0')	0	99
tensor(1, device='cuda:0')	0	99
tensor(0, device='cuda:0')	3	99
tensor(3, device='cuda:0')	2	99
tensor(2, device='cuda:0')	2	100
tensor(1, device='cuda:0')	2	100
tensor(3, device='cuda:0')	1	100
tensor(3, device='cuda:0')	0	100
tensor(4, device='cuda:0')	3	100
tensor(4, device='cuda:0')	2	100
tensor(0, device='cuda:0')	1	100
tensor(0, device='cuda:0')	0	101
tensor(1, device='cuda:0')	2	101
tensor(0, device='cuda:0')	1	101
tensor(3, device='cuda:0')	0	101
tensor(3, device='cuda:0')	1	101
tensor(2, device='cuda:0')	0	101
tensor(0, device='cuda:0')	2	101
tensor(0, device='cuda:0')	0	102
tensor(2, device='cuda:0')	1	102
tensor(4, device='cuda:0')	0	102
tensor(2, device='cuda:0')	2	103
tensor(3, device='cuda:0')	1	103
tensor(4, device='cuda:0')	3	103
tensor(1, device='cuda:0')	0	103
tensor(1, device='cuda:0')	3	103
tensor(1, device='cuda:0')	3	103
tensor(2, device='cuda:0')	2	104
tensor(0, device='cuda:0')	0	105
tensor(1, device='cuda:0')	1	106
tensor(1, device='cuda:0')	2	106
tensor(1, device='cuda:0')	3	106
tensor(1, device='cuda:0')	0	106
tensor(1, device='cuda:0')	1	107
tensor(2, device='cuda:0')	0	107
tensor(3, device='cuda:0')	3	108
tensor(3, device='cuda:0')	2	108
tensor(2, device='cuda:0')	2	109
tensor(3, device='cuda:0')	1	109
tensor(3, device='cuda:0')	3	110
tensor(0, device='cuda:0')	0	111
tensor(1, device='cuda:0')	1	112
tensor(0, device='cuda:0')	2	112
tensor(3, device='cuda:0')	2	112
tensor(2, device='cuda:0')	0	112
tensor(0, device='cuda:0')	3	112
tensor(3, device='cuda:0')	3	113
tensor(1, device='cuda:0')	1	114
tensor(0, device='cuda:0')	3	114
tensor(2, device='cuda:0')	2	115
tensor(1, device='cuda:0')	3	115
tensor(3, device='cuda:0')	3	116
tensor(0, device='cuda:0')	0	117
tensor(0, device='cuda:0')	1	117
tensor(1, device='cuda:0')	3	117
tensor(0, device='cuda:0')	2	117
tensor(0, device='cuda:0')	1	117
tensor(2, device='cuda:0')	0	117
tensor(0, device='cuda:0')	2	117
tensor(1, device='cuda:0')	0	117
tensor(3, device='cuda:0')	2	117
tensor(2, device='cuda:0')	1	117
tensor(0, device='cuda:0')	1	117
tensor(0, device='cuda:0')	0	118
tensor(2, device='cuda:0')	2	119
tensor(0, device='cuda:0')	3	119
tensor(3, device='cuda:0')	0	119
tensor(0, device='cuda:0')	1	119
tensor(1, device='cuda:0')	1	120
tensor(2, device='cuda:0')	0	120
tensor(3, device='cuda:0')	2	120
tensor(2, device='cuda:0')	3	120
tensor(2, device='cuda:0')	1	120
tensor(4, device='cuda:0')	2	120
tensor(0, device='cuda:0')	2	120
tensor(0, device='cuda:0')	1	120
tensor(2, device='cuda:0')	0	120
tensor(3, device='cuda:0')	2	120
tensor(2, device='cuda:0')	2	121
tensor(3, device='cuda:0')	0	121
tensor(1, device='cuda:0')	2	121
tensor(1, device='cuda:0')	1	122
tensor(2, device='cuda:0')	1	122
tensor(0, device='cuda:0')	3	122
tensor(3, device='cuda:0')	3	123
tensor(0, device='cuda:0')	0	124
tensor(1, device='cuda:0')	2	124
tensor(3, device='cuda:0')	3	125
tensor(2, device='cuda:0')	2	126
tensor(0, device='cuda:0')	1	126
tensor(2, device='cuda:0')	0	126
tensor(3, device='cuda:0')	2	126
tensor(1, device='cuda:0')	2	126
tensor(3, device='cuda:0')	3	127
tensor(2, device='cuda:0')	2	128
tensor(2, device='cuda:0')	2	129
tensor(2, device='cuda:0')	2	130
tensor(0, device='cuda:0')	0	131
tensor(1, device='cuda:0')	2	131
tensor(3, device='cuda:0')	3	132
tensor(2, device='cuda:0')	0	132
tensor(0, device='cuda:0')	0	133
tensor(1, device='cuda:0')	2	133
tensor(3, device='cuda:0')	3	134
tensor(3, device='cuda:0')	1	134
tensor(1, device='cuda:0')	0	134
tensor(1, device='cuda:0')	1	135
tensor(2, device='cuda:0')	3	135
tensor(0, device='cuda:0')	1	135
tensor(0, device='cuda:0')	0	136
tensor(1, device='cuda:0')	2	136
tensor(2, device='cuda:0')	3	136
tensor(2, device='cuda:0')	0	136
tensor(4, device='cuda:0')	3	136
tensor(3, device='cuda:0')	3	137
tensor(1, device='cuda:0')	1	138
tensor(3, device='cuda:0')	0	138
tensor(0, device='cuda:0')	2	138
tensor(1, device='cuda:0')	1	139
tensor(3, device='cuda:0')	1	139
tensor(1, device='cuda:0')	1	140
tensor(1, device='cuda:0')	3	140
tensor(3, device='cuda:0')	2	140
tensor(1, device='cuda:0')	1	141
tensor(0, device='cuda:0')	1	141
tensor(1, device='cuda:0')	1	142
tensor(3, device='cuda:0')	0	142
tensor(3, device='cuda:0')	3	143
tensor(3, device='cuda:0')	3	144
tensor(1, device='cuda:0')	2	144
tensor(0, device='cuda:0')	0	145
tensor(3, device='cuda:0')	1	145
tensor(3, device='cuda:0')	3	146
tensor(3, device='cuda:0')	2	146
tensor(2, device='cuda:0')	0	146
tensor(1, device='cuda:0')	2	146
tensor(4, device='cuda:0')	3	146
tensor(2, device='cuda:0')	2	147
tensor(2, device='cuda:0')	0	147
tensor(2, device='cuda:0')	0	147
tensor(1, device='cuda:0')	1	148
tensor(1, device='cuda:0')	3	148
tensor(2, device='cuda:0')	2	149
tensor(2, device='cuda:0')	3	149
tensor(3, device='cuda:0')	1	149
tensor(1, device='cuda:0')	3	149
tensor(3, device='cuda:0')	1	149
tensor(1, device='cuda:0')	1	150
tensor(0, device='cuda:0')	3	150
tensor(3, device='cuda:0')	2	150
tensor(0, device='cuda:0')	0	151
tensor(1, device='cuda:0')	1	152
tensor(3, device='cuda:0')	3	153
tensor(2, device='cuda:0')	2	154
tensor(2, device='cuda:0')	2	155
tensor(0, device='cuda:0')	3	155
tensor(0, device='cuda:0')	0	156
tensor(2, device='cuda:0')	1	156
tensor(2, device='cuda:0')	1	156
tensor(0, device='cuda:0')	2	156
tensor(1, device='cuda:0')	3	156
tensor(3, device='cuda:0')	0	156
tensor(1, device='cuda:0')	1	157
tensor(3, device='cuda:0')	1	157
tensor(0, device='cuda:0')	0	158
tensor(2, device='cuda:0')	2	159
tensor(0, device='cuda:0')	3	159
tensor(3, device='cuda:0')	3	160
tensor(2, device='cuda:0')	2	161
tensor(2, device='cuda:0')	1	161
tensor(3, device='cuda:0')	0	161
tensor(2, device='cuda:0')	1	161
tensor(3, device='cuda:0')	1	161
tensor(0, device='cuda:0')	1	161
tensor(0, device='cuda:0')	0	162
tensor(3, device='cuda:0')	2	162
tensor(0, device='cuda:0')	3	162
tensor(1, device='cuda:0')	2	162
tensor(2, device='cuda:0')	1	162
tensor(2, device='cuda:0')	1	162
tensor(1, device='cuda:0')	3	162
tensor(1, device='cuda:0')	3	162
tensor(1, device='cuda:0')	2	162
tensor(3, device='cuda:0')	3	163
tensor(1, device='cuda:0')	1	164
tensor(0, device='cuda:0')	3	164
tensor(0, device='cuda:0')	1	164
tensor(1, device='cuda:0')	3	164
tensor(1, device='cuda:0')	0	164
tensor(0, device='cuda:0')	1	164
tensor(3, device='cuda:0')	2	164
tensor(1, device='cuda:0')	1	165
tensor(0, device='cuda:0')	1	165
tensor(1, device='cuda:0')	1	166
tensor(0, device='cuda:0')	1	166
tensor(2, device='cuda:0')	0	166
tensor(2, device='cuda:0')	2	167
tensor(2, device='cuda:0')	0	167
tensor(2, device='cuda:0')	2	168
tensor(2, device='cuda:0')	0	168
tensor(3, device='cuda:0')	1	168
tensor(1, device='cuda:0')	1	169
tensor(3, device='cuda:0')	1	169
tensor(1, device='cuda:0')	1	170
tensor(2, device='cuda:0')	2	171
tensor(3, device='cuda:0')	0	171
tensor(2, device='cuda:0')	1	171
tensor(1, device='cuda:0')	2	171
tensor(0, device='cuda:0')	0	172
tensor(3, device='cuda:0')	3	173
tensor(3, device='cuda:0')	2	173
tensor(0, device='cuda:0')	0	174
tensor(3, device='cuda:0')	1	174
tensor(0, device='cuda:0')	3	174
tensor(1, device='cuda:0')	2	174
tensor(1, device='cuda:0')	1	175
tensor(3, device='cuda:0')	2	175
tensor(1, device='cuda:0')	3	175
tensor(1, device='cuda:0')	2	175
tensor(3, device='cuda:0')	0	175
tensor(0, device='cuda:0')	2	175
tensor(4, device='cuda:0')	1	175
tensor(2, device='cuda:0')	1	175
tensor(3, device='cuda:0')	3	176
tensor(0, device='cuda:0')	3	176
tensor(1, device='cuda:0')	1	177
tensor(1, device='cuda:0')	3	177
tensor(2, device='cuda:0')	2	178
tensor(2, device='cuda:0')	2	179
tensor(2, device='cuda:0')	2	180
tensor(0, device='cuda:0')	3	180
tensor(0, device='cuda:0')	0	181
tensor(0, device='cuda:0')	2	181
tensor(1, device='cuda:0')	0	181
tensor(0, device='cuda:0')	1	181
tensor(1, device='cuda:0')	3	181
tensor(2, device='cuda:0')	2	182
tensor(2, device='cuda:0')	2	183
tensor(2, device='cuda:0')	2	184
tensor(1, device='cuda:0')	2	184
tensor(1, device='cuda:0')	2	184
tensor(0, device='cuda:0')	2	184
tensor(0, device='cuda:0')	0	185
tensor(0, device='cuda:0')	2	185
tensor(1, device='cuda:0')	1	186
tensor(1, device='cuda:0')	2	186
tensor(4, device='cuda:0')	3	186
tensor(4, device='cuda:0')	0	186
tensor(3, device='cuda:0')	2	186
tensor(3, device='cuda:0')	3	187
tensor(2, device='cuda:0')	3	187
tensor(3, device='cuda:0')	3	188
tensor(3, device='cuda:0')	3	189
tensor(3, device='cuda:0')	1	189
tensor(1, device='cuda:0')	3	189
tensor(0, device='cuda:0')	2	189
tensor(1, device='cuda:0')	2	189
tensor(0, device='cuda:0')	0	190
tensor(4, device='cuda:0')	1	190
tensor(2, device='cuda:0')	0	190
tensor(2, device='cuda:0')	1	190
tensor(0, device='cuda:0')	2	190
tensor(0, device='cuda:0')	0	191
tensor(2, device='cuda:0')	2	192
tensor(3, device='cuda:0')	3	193
tensor(3, device='cuda:0')	3	194
tensor(4, device='cuda:0')	3	194
tensor(0, device='cuda:0')	0	195
tensor(1, device='cuda:0')	1	196
tensor(3, device='cuda:0')	1	196
tensor(1, device='cuda:0')	1	197
tensor(0, device='cuda:0')	2	197
tensor(0, device='cuda:0')	0	198
tensor(2, device='cuda:0')	2	199
tensor(3, device='cuda:0')	3	200
tensor(3, device='cuda:0')	2	200
tensor(0, device='cuda:0')	0	201
tensor(3, device='cuda:0')	0	201
tensor(4, device='cuda:0')	0	201
tensor(1, device='cuda:0')	1	202
tensor(1, device='cuda:0')	0	202
tensor(3, device='cuda:0')	3	203
tensor(1, device='cuda:0')	1	204
tensor(1, device='cuda:0')	1	205
tensor(0, device='cuda:0')	2	205
tensor(3, device='cuda:0')	3	206
tensor(1, device='cuda:0')	0	206
tensor(4, device='cuda:0')	3	206
tensor(4, device='cuda:0')	2	206
tensor(3, device='cuda:0')	0	206
tensor(1, device='cuda:0')	3	206
tensor(0, device='cuda:0')	0	207
tensor(0, device='cuda:0')	3	207
tensor(1, device='cuda:0')	0	207
tensor(2, device='cuda:0')	1	207
tensor(1, device='cuda:0')	3	207
tensor(3, device='cuda:0')	1	207
tensor(2, device='cuda:0')	3	207
tensor(0, device='cuda:0')	0	208
tensor(1, device='cuda:0')	3	208
tensor(3, device='cuda:0')	3	209
tensor(1, device='cuda:0')	0	209
tensor(2, device='cuda:0')	1	209
tensor(1, device='cuda:0')	1	210
tensor(1, device='cuda:0')	3	210
tensor(3, device='cuda:0')	2	210
tensor(3, device='cuda:0')	3	211
tensor(0, device='cuda:0')	1	211
tensor(1, device='cuda:0')	2	211
tensor(0, device='cuda:0')	0	212
tensor(0, device='cuda:0')	0	213
tensor(3, device='cuda:0')	0	213
tensor(1, device='cuda:0')	0	213
tensor(0, device='cuda:0')	2	213
tensor(0, device='cuda:0')	1	213
tensor(3, device='cuda:0')	2	213
tensor(2, device='cuda:0')	3	213
tensor(0, device='cuda:0')	1	213
tensor(2, device='cuda:0')	1	213
tensor(1, device='cuda:0')	2	213
tensor(0, device='cuda:0')	1	213
tensor(2, device='cuda:0')	1	213
tensor(1, device='cuda:0')	2	213
tensor(1, device='cuda:0')	1	214
tensor(0, device='cuda:0')	2	214
tensor(3, device='cuda:0')	1	214
tensor(3, device='cuda:0')	1	214
tensor(1, device='cuda:0')	0	214
tensor(0, device='cuda:0')	3	214
tensor(1, device='cuda:0')	1	215
tensor(1, device='cuda:0')	3	215
tensor(1, device='cuda:0')	1	216
tensor(2, device='cuda:0')	1	216
tensor(3, device='cuda:0')	3	217
tensor(0, device='cuda:0')	2	217
tensor(0, device='cuda:0')	3	217
tensor(0, device='cuda:0')	1	217
tensor(0, device='cuda:0')	2	217
tensor(0, device='cuda:0')	2	217
tensor(1, device='cuda:0')	1	218
tensor(0, device='cuda:0')	0	219
tensor(2, device='cuda:0')	0	219
tensor(3, device='cuda:0')	2	219
tensor(2, device='cuda:0')	3	219
tensor(1, device='cuda:0')	1	220
tensor(3, device='cuda:0')	0	220
tensor(0, device='cuda:0')	0	221
tensor(2, device='cuda:0')	2	222
tensor(1, device='cuda:0')	2	222
tensor(3, device='cuda:0')	0	222
tensor(0, device='cuda:0')	1	222
tensor(3, device='cuda:0')	2	222
tensor(1, device='cuda:0')	1	223
tensor(2, device='cuda:0')	3	223
tensor(1, device='cuda:0')	2	223
tensor(1, device='cuda:0')	1	224
tensor(1, device='cuda:0')	1	225
tensor(2, device='cuda:0')	2	226
tensor(2, device='cuda:0')	2	227
tensor(3, device='cuda:0')	0	227
tensor(2, device='cuda:0')	2	228
tensor(2, device='cuda:0')	3	228
tensor(0, device='cuda:0')	0	229
tensor(2, device='cuda:0')	0	229
tensor(1, device='cuda:0')	2	229
tensor(3, device='cuda:0')	2	229
tensor(2, device='cuda:0')	2	230
tensor(2, device='cuda:0')	2	231
tensor(1, device='cuda:0')	3	231
tensor(2, device='cuda:0')	2	232
tensor(0, device='cuda:0')	0	233
tensor(0, device='cuda:0')	2	233
tensor(3, device='cuda:0')	1	233
tensor(3, device='cuda:0')	0	233
tensor(1, device='cuda:0')	3	233
tensor(2, device='cuda:0')	2	234
tensor(0, device='cuda:0')	3	234
tensor(1, device='cuda:0')	1	235
tensor(2, device='cuda:0')	0	235
tensor(2, device='cuda:0')	2	236
tensor(1, device='cuda:0')	0	236
tensor(4, device='cuda:0')	1	236
tensor(2, device='cuda:0')	1	236
tensor(0, device='cuda:0')	1	236
tensor(0, device='cuda:0')	1	236
tensor(2, device='cuda:0')	3	236
tensor(3, device='cuda:0')	3	237
tensor(2, device='cuda:0')	0	237
tensor(3, device='cuda:0')	0	237
tensor(1, device='cuda:0')	2	237
tensor(2, device='cuda:0')	0	237
tensor(2, device='cuda:0')	2	238
tensor(1, device='cuda:0')	2	238
tensor(0, device='cuda:0')	0	239
tensor(2, device='cuda:0')	1	239
tensor(0, device='cuda:0')	2	239
tensor(0, device='cuda:0')	3	239
tensor(1, device='cuda:0')	3	239
tensor(1, device='cuda:0')	2	239
tensor(3, device='cuda:0')	3	240
tensor(0, device='cuda:0')	1	240
tensor(2, device='cuda:0')	2	241
tensor(0, device='cuda:0')	0	242
tensor(2, device='cuda:0')	1	242
tensor(1, device='cuda:0')	1	243
tensor(3, device='cuda:0')	0	243
tensor(1, device='cuda:0')	3	243
tensor(3, device='cuda:0')	2	243
tensor(0, device='cuda:0')	0	244
tensor(1, device='cuda:0')	1	245
tensor(0, device='cuda:0')	2	245
tensor(3, device='cuda:0')	3	246
tensor(3, device='cuda:0')	1	246
tensor(2, device='cuda:0')	2	247
tensor(2, device='cuda:0')	0	247
tensor(2, device='cuda:0')	3	247
tensor(0, device='cuda:0')	1	247
tensor(0, device='cuda:0')	1	247
tensor(1, device='cuda:0')	3	247
tensor(1, device='cuda:0')	1	248
tensor(2, device='cuda:0')	3	248
tensor(1, device='cuda:0')	1	249
tensor(3, device='cuda:0')	3	250
tensor(1, device='cuda:0')	2	250
tensor(2, device='cuda:0')	3	250
tensor(3, device='cuda:0')	2	250
tensor(2, device='cuda:0')	1	250
tensor(2, device='cuda:0')	1	250
tensor(2, device='cuda:0')	3	250
tensor(3, device='cuda:0')	2	250
tensor(0, device='cuda:0')	3	250
tensor(4, device='cuda:0')	3	250
tensor(2, device='cuda:0')	3	250
tensor(2, device='cuda:0')	3	250
tensor(4, device='cuda:0')	3	250
tensor(2, device='cuda:0')	2	251
tensor(1, device='cuda:0')	1	252
tensor(1, device='cuda:0')	3	252
tensor(4, device='cuda:0')	1	252
tensor(3, device='cuda:0')	3	253
tensor(1, device='cuda:0')	2	253
tensor(3, device='cuda:0')	3	254
tensor(0, device='cuda:0')	1	254
tensor(4, device='cuda:0')	2	254
tensor(0, device='cuda:0')	0	255
tensor(3, device='cuda:0')	2	255
tensor(3, device='cuda:0')	3	256
tensor(0, device='cuda:0')	3	256
tensor(0, device='cuda:0')	3	256
tensor(2, device='cuda:0')	3	256
tensor(2, device='cuda:0')	0	256
tensor(2, device='cuda:0')	3	256
tensor(2, device='cuda:0')	3	256
tensor(2, device='cuda:0')	2	257
tensor(1, device='cuda:0')	0	257
tensor(2, device='cuda:0')	1	257
tensor(0, device='cuda:0')	2	257
tensor(3, device='cuda:0')	2	257
tensor(3, device='cuda:0')	0	257
tensor(2, device='cuda:0')	0	257
tensor(1, device='cuda:0')	1	258
tensor(2, device='cuda:0')	0	258
tensor(3, device='cuda:0')	3	259
tensor(3, device='cuda:0')	2	259
tensor(1, device='cuda:0')	0	259
tensor(0, device='cuda:0')	0	260
tensor(0, device='cuda:0')	3	260
tensor(2, device='cuda:0')	1	260
tensor(3, device='cuda:0')	2	260
tensor(0, device='cuda:0')	1	260
tensor(2, device='cuda:0')	2	261
tensor(0, device='cuda:0')	0	262
tensor(1, device='cuda:0')	0	262
tensor(0, device='cuda:0')	3	262
tensor(2, device='cuda:0')	1	262
tensor(0, device='cuda:0')	0	263
tensor(0, device='cuda:0')	2	263
tensor(2, device='cuda:0')	1	263
tensor(0, device='cuda:0')	1	263
tensor(2, device='cuda:0')	1	263
tensor(3, device='cuda:0')	3	264
tensor(2, device='cuda:0')	3	264
tensor(1, device='cuda:0')	2	264
tensor(0, device='cuda:0')	2	264
tensor(1, device='cuda:0')	2	264
tensor(0, device='cuda:0')	0	265
tensor(1, device='cuda:0')	0	265
tensor(0, device='cuda:0')	3	265
tensor(3, device='cuda:0')	1	265
tensor(2, device='cuda:0')	1	265
tensor(1, device='cuda:0')	2	265
tensor(0, device='cuda:0')	3	265
tensor(0, device='cuda:0')	1	265
tensor(3, device='cuda:0')	3	266
tensor(0, device='cuda:0')	2	266
tensor(3, device='cuda:0')	2	266
tensor(3, device='cuda:0')	2	266
tensor(3, device='cuda:0')	2	266
tensor(1, device='cuda:0')	2	266
tensor(2, device='cuda:0')	3	266
tensor(2, device='cuda:0')	2	267
tensor(3, device='cuda:0')	1	267
tensor(2, device='cuda:0')	2	268
tensor(4, device='cuda:0')	3	268
tensor(1, device='cuda:0')	3	268
tensor(0, device='cuda:0')	3	268
tensor(1, device='cuda:0')	2	268
tensor(1, device='cuda:0')	0	268
tensor(2, device='cuda:0')	2	269
tensor(1, device='cuda:0')	3	269
tensor(3, device='cuda:0')	1	269
tensor(3, device='cuda:0')	0	269
tensor(2, device='cuda:0')	0	269
tensor(0, device='cuda:0')	3	269
tensor(2, device='cuda:0')	3	269
tensor(3, device='cuda:0')	2	269
tensor(1, device='cuda:0')	3	269
tensor(2, device='cuda:0')	0	269
tensor(0, device='cuda:0')	3	269
tensor(2, device='cuda:0')	1	269
tensor(1, device='cuda:0')	3	269
tensor(3, device='cuda:0')	1	269
tensor(0, device='cuda:0')	0	270
tensor(0, device='cuda:0')	3	270
tensor(3, device='cuda:0')	1	270
tensor(1, device='cuda:0')	0	270
tensor(0, device='cuda:0')	3	270
tensor(1, device='cuda:0')	1	271
tensor(0, device='cuda:0')	1	271
tensor(3, device='cuda:0')	3	272
tensor(4, device='cuda:0')	0	272
tensor(0, device='cuda:0')	0	273
tensor(4, device='cuda:0')	3	273
tensor(0, device='cuda:0')	0	274
tensor(1, device='cuda:0')	3	274
tensor(1, device='cuda:0')	3	274
tensor(0, device='cuda:0')	2	274
tensor(1, device='cuda:0')	1	275
tensor(3, device='cuda:0')	1	275
tensor(1, device='cuda:0')	3	275
tensor(2, device='cuda:0')	0	275
tensor(3, device='cuda:0')	1	275
tensor(3, device='cuda:0')	3	276
tensor(1, device='cuda:0')	1	277
tensor(1, device='cuda:0')	1	278
tensor(0, device='cuda:0')	3	278
tensor(0, device='cuda:0')	3	278
tensor(0, device='cuda:0')	2	278
tensor(3, device='cuda:0')	1	278
tensor(0, device='cuda:0')	1	278
tensor(4, device='cuda:0')	1	278
tensor(2, device='cuda:0')	2	279
tensor(0, device='cuda:0')	0	280
tensor(0, device='cuda:0')	2	280
tensor(0, device='cuda:0')	0	281
tensor(2, device='cuda:0')	1	281
tensor(2, device='cuda:0')	2	282
tensor(3, device='cuda:0')	1	282
tensor(3, device='cuda:0')	3	283
tensor(4, device='cuda:0')	3	283
tensor(3, device='cuda:0')	3	284
tensor(4, device='cuda:0')	2	284
tensor(2, device='cuda:0')	1	284
tensor(2, device='cuda:0')	2	285
tensor(4, device='cuda:0')	0	285
tensor(1, device='cuda:0')	3	285
tensor(2, device='cuda:0')	3	285
tensor(0, device='cuda:0')	2	285
tensor(2, device='cuda:0')	2	286
tensor(3, device='cuda:0')	1	286
tensor(1, device='cuda:0')	3	286
tensor(2, device='cuda:0')	0	286
tensor(0, device='cuda:0')	0	287
tensor(3, device='cuda:0')	0	287
tensor(0, device='cuda:0')	1	287
tensor(1, device='cuda:0')	1	288
tensor(0, device='cuda:0')	0	289
tensor(1, device='cuda:0')	3	289
tensor(2, device='cuda:0')	3	289
tensor(0, device='cuda:0')	2	289
tensor(1, device='cuda:0')	2	289
tensor(1, device='cuda:0')	1	290
tensor(1, device='cuda:0')	0	290
tensor(3, device='cuda:0')	2	290
tensor(1, device='cuda:0')	2	290
tensor(2, device='cuda:0')	2	291
tensor(3, device='cuda:0')	1	291
tensor(2, device='cuda:0')	0	291
tensor(1, device='cuda:0')	1	292
tensor(2, device='cuda:0')	2	293
tensor(0, device='cuda:0')	1	293
tensor(3, device='cuda:0')	2	293
tensor(0, device='cuda:0')	0	294
tensor(2, device='cuda:0')	3	294
tensor(0, device='cuda:0')	0	295
tensor(2, device='cuda:0')	0	295
tensor(0, device='cuda:0')	3	295
tensor(2, device='cuda:0')	1	295
tensor(3, device='cuda:0')	1	295
tensor(0, device='cuda:0')	0	296
tensor(2, device='cuda:0')	2	297
tensor(3, device='cuda:0')	3	298
tensor(1, device='cuda:0')	2	298
tensor(3, device='cuda:0')	0	298
tensor(2, device='cuda:0')	0	298
tensor(1, device='cuda:0')	3	298
tensor(2, device='cuda:0')	3	298
tensor(2, device='cuda:0')	3	298
tensor(0, device='cuda:0')	0	299
tensor(3, device='cuda:0')	1	299
tensor(2, device='cuda:0')	1	299
tensor(2, device='cuda:0')	3	299
tensor(2, device='cuda:0')	1	299
tensor(2, device='cuda:0')	0	299
tensor(1, device='cuda:0')	3	299
tensor(1, device='cuda:0')	1	300
tensor(0, device='cuda:0')	0	301
tensor(2, device='cuda:0')	2	302
tensor(0, device='cuda:0')	1	302
tensor(1, device='cuda:0')	3	302
tensor(1, device='cuda:0')	1	303
tensor(2, device='cuda:0')	2	304
tensor(2, device='cuda:0')	0	304
tensor(2, device='cuda:0')	0	304
tensor(1, device='cuda:0')	3	304
tensor(0, device='cuda:0')	0	305
tensor(4, device='cuda:0')	1	305
tensor(0, device='cuda:0')	1	305
tensor(2, device='cuda:0')	3	305
tensor(3, device='cuda:0')	1	305
tensor(0, device='cuda:0')	1	305
tensor(3, device='cuda:0')	3	306
tensor(3, device='cuda:0')	2	306
tensor(2, device='cuda:0')	2	307
tensor(0, device='cuda:0')	1	307
tensor(1, device='cuda:0')	3	307
tensor(1, device='cuda:0')	1	308
tensor(1, device='cuda:0')	1	309
tensor(2, device='cuda:0')	2	310
tensor(1, device='cuda:0')	1	311
tensor(1, device='cuda:0')	0	311
tensor(3, device='cuda:0')	0	311
tensor(1, device='cuda:0')	2	311
tensor(2, device='cuda:0')	2	312
tensor(0, device='cuda:0')	3	312
tensor(0, device='cuda:0')	0	313
tensor(0, device='cuda:0')	3	313
tensor(2, device='cuda:0')	1	313
tensor(2, device='cuda:0')	2	314
tensor(1, device='cuda:0')	0	314
tensor(3, device='cuda:0')	2	314
tensor(0, device='cuda:0')	2	314
tensor(0, device='cuda:0')	2	314
tensor(3, device='cuda:0')	3	315
tensor(0, device='cuda:0')	3	315
tensor(2, device='cuda:0')	2	316
tensor(1, device='cuda:0')	2	316
tensor(3, device='cuda:0')	1	316
tensor(3, device='cuda:0')	1	316
tensor(0, device='cuda:0')	1	316
tensor(3, device='cuda:0')	3	317
tensor(3, device='cuda:0')	2	317
tensor(3, device='cuda:0')	2	317
tensor(3, device='cuda:0')	2	317
tensor(3, device='cuda:0')	2	317
tensor(3, device='cuda:0')	1	317
tensor(0, device='cuda:0')	0	318
tensor(2, device='cuda:0')	1	318
tensor(3, device='cuda:0')	1	318
tensor(4, device='cuda:0')	3	318
tensor(0, device='cuda:0')	0	319
tensor(3, device='cuda:0')	2	319
tensor(1, device='cuda:0')	1	320
tensor(0, device='cuda:0')	3	320
tensor(0, device='cuda:0')	1	320
tensor(2, device='cuda:0')	1	320
tensor(1, device='cuda:0')	3	320
tensor(2, device='cuda:0')	3	320
tensor(1, device='cuda:0')	3	320
tensor(3, device='cuda:0')	2	320
tensor(4, device='cuda:0')	1	320
tensor(2, device='cuda:0')	3	320
tensor(1, device='cuda:0')	3	320
tensor(3, device='cuda:0')	3	321
tensor(1, device='cuda:0')	1	322
tensor(2, device='cuda:0')	3	322
tensor(3, device='cuda:0')	3	323
tensor(1, device='cuda:0')	2	323
tensor(0, device='cuda:0')	1	323
tensor(2, device='cuda:0')	3	323
tensor(0, device='cuda:0')	2	323
tensor(2, device='cuda:0')	1	323
tensor(2, device='cuda:0')	1	323
tensor(4, device='cuda:0')	2	323
tensor(3, device='cuda:0')	2	323
tensor(0, device='cuda:0')	0	324
tensor(0, device='cuda:0')	0	325
tensor(0, device='cuda:0')	2	325
tensor(2, device='cuda:0')	0	325
tensor(3, device='cuda:0')	1	325
tensor(4, device='cuda:0')	2	325
tensor(0, device='cuda:0')	3	325
tensor(3, device='cuda:0')	3	326
tensor(3, device='cuda:0')	3	327
tensor(1, device='cuda:0')	0	327
tensor(0, device='cuda:0')	0	328
tensor(2, device='cuda:0')	3	328
tensor(3, device='cuda:0')	0	328
tensor(3, device='cuda:0')	0	328
tensor(2, device='cuda:0')	0	328
tensor(4, device='cuda:0')	1	328
tensor(2, device='cuda:0')	3	328
tensor(4, device='cuda:0')	3	328
tensor(1, device='cuda:0')	0	328
tensor(2, device='cuda:0')	3	328
tensor(4, device='cuda:0')	0	328
tensor(0, device='cuda:0')	2	328
tensor(0, device='cuda:0')	3	328
tensor(2, device='cuda:0')	3	328
tensor(0, device='cuda:0')	3	328
tensor(3, device='cuda:0')	2	328
tensor(0, device='cuda:0')	2	328
tensor(2, device='cuda:0')	2	329
tensor(0, device='cuda:0')	2	329
tensor(3, device='cuda:0')	1	329
tensor(0, device='cuda:0')	3	329
tensor(3, device='cuda:0')	3	330
tensor(1, device='cuda:0')	0	330
tensor(0, device='cuda:0')	3	330
tensor(3, device='cuda:0')	3	331
tensor(2, device='cuda:0')	0	331
tensor(3, device='cuda:0')	1	331
tensor(3, device='cuda:0')	3	332
tensor(3, device='cuda:0')	1	332
tensor(2, device='cuda:0')	2	333
tensor(1, device='cuda:0')	1	334
tensor(1, device='cuda:0')	1	335
tensor(1, device='cuda:0')	1	336
tensor(0, device='cuda:0')	0	337
tensor(2, device='cuda:0')	2	338
tensor(1, device='cuda:0')	0	338
tensor(3, device='cuda:0')	1	338
tensor(4, device='cuda:0')	3	338
tensor(0, device='cuda:0')	2	338
tensor(3, device='cuda:0')	1	338
tensor(4, device='cuda:0')	0	338
tensor(2, device='cuda:0')	3	338
tensor(0, device='cuda:0')	2	338
tensor(1, device='cuda:0')	3	338
tensor(0, device='cuda:0')	0	339
tensor(3, device='cuda:0')	0	339
tensor(1, device='cuda:0')	0	339
tensor(4, device='cuda:0')	0	339
tensor(0, device='cuda:0')	1	339
tensor(0, device='cuda:0')	0	340
tensor(3, device='cuda:0')	1	340
tensor(3, device='cuda:0')	1	340
tensor(3, device='cuda:0')	0	340
tensor(0, device='cuda:0')	1	340
tensor(1, device='cuda:0')	3	340
tensor(2, device='cuda:0')	3	340
tensor(1, device='cuda:0')	2	340
tensor(1, device='cuda:0')	2	340
tensor(0, device='cuda:0')	3	340
tensor(3, device='cuda:0')	2	340
tensor(2, device='cuda:0')	3	340
tensor(1, device='cuda:0')	3	340
tensor(2, device='cuda:0')	0	340
tensor(0, device='cuda:0')	1	340
tensor(0, device='cuda:0')	0	341
tensor(3, device='cuda:0')	3	342
tensor(0, device='cuda:0')	2	342
tensor(4, device='cuda:0')	3	342
tensor(3, device='cuda:0')	3	343
tensor(3, device='cuda:0')	1	343
tensor(1, device='cuda:0')	1	344
tensor(3, device='cuda:0')	0	344
tensor(4, device='cuda:0')	3	344
tensor(0, device='cuda:0')	0	345
tensor(0, device='cuda:0')	0	346
tensor(1, device='cuda:0')	3	346
tensor(3, device='cuda:0')	0	346
tensor(2, device='cuda:0')	2	347
tensor(0, device='cuda:0')	3	347
tensor(0, device='cuda:0')	0	348
tensor(2, device='cuda:0')	3	348
tensor(3, device='cuda:0')	0	348
tensor(2, device='cuda:0')	2	349
tensor(2, device='cuda:0')	1	349
tensor(2, device='cuda:0')	2	350
tensor(3, device='cuda:0')	3	351
tensor(4, device='cuda:0')	1	351
tensor(4, device='cuda:0')	3	351
tensor(1, device='cuda:0')	2	351
tensor(3, device='cuda:0')	1	351
tensor(3, device='cuda:0')	3	352
tensor(1, device='cuda:0')	3	352
tensor(2, device='cuda:0')	1	352
tensor(1, device='cuda:0')	3	352
tensor(1, device='cuda:0')	0	352
tensor(0, device='cuda:0')	2	352
tensor(2, device='cuda:0')	1	352
tensor(1, device='cuda:0')	3	352
tensor(3, device='cuda:0')	1	352
tensor(3, device='cuda:0')	1	352
tensor(1, device='cuda:0')	3	352
tensor(2, device='cuda:0')	3	352
tensor(2, device='cuda:0')	2	353
tensor(2, device='cuda:0')	3	353
tensor(2, device='cuda:0')	1	353
tensor(1, device='cuda:0')	1	354
tensor(1, device='cuda:0')	2	354
tensor(1, device='cuda:0')	3	354
tensor(2, device='cuda:0')	2	355
tensor(3, device='cuda:0')	0	355
tensor(2, device='cuda:0')	0	355
tensor(2, device='cuda:0')	2	356
tensor(2, device='cuda:0')	0	356
tensor(1, device='cuda:0')	0	356
tensor(2, device='cuda:0')	0	356
tensor(2, device='cuda:0')	2	357
tensor(2, device='cuda:0')	2	358
tensor(2, device='cuda:0')	0	358
tensor(2, device='cuda:0')	2	359
tensor(1, device='cuda:0')	0	359
tensor(2, device='cuda:0')	1	359
tensor(1, device='cuda:0')	0	359
tensor(1, device='cuda:0')	3	359
tensor(1, device='cuda:0')	1	360
tensor(3, device='cuda:0')	3	361
tensor(4, device='cuda:0')	2	361
tensor(0, device='cuda:0')	2	361
tensor(2, device='cuda:0')	2	362
tensor(1, device='cuda:0')	2	362
tensor(0, device='cuda:0')	3	362
tensor(3, device='cuda:0')	2	362
tensor(1, device='cuda:0')	0	362
tensor(3, device='cuda:0')	3	363
tensor(3, device='cuda:0')	3	364
tensor(0, device='cuda:0')	1	364
tensor(4, device='cuda:0')	1	364
tensor(0, device='cuda:0')	1	364
tensor(2, device='cuda:0')	3	364
tensor(0, device='cuda:0')	2	364
tensor(0, device='cuda:0')	1	364
tensor(2, device='cuda:0')	2	365
tensor(4, device='cuda:0')	3	365
tensor(1, device='cuda:0')	2	365
tensor(4, device='cuda:0')	2	365
tensor(4, device='cuda:0')	3	365
tensor(0, device='cuda:0')	3	365
tensor(0, device='cuda:0')	3	365
tensor(0, device='cuda:0')	0	366
tensor(4, device='cuda:0')	2	366
tensor(3, device='cuda:0')	0	366
tensor(2, device='cuda:0')	0	366
tensor(4, device='cuda:0')	1	366
tensor(0, device='cuda:0')	0	367
tensor(2, device='cuda:0')	2	368
tensor(4, device='cuda:0')	1	368
tensor(0, device='cuda:0')	0	369
tensor(3, device='cuda:0')	0	369
tensor(2, device='cuda:0')	1	369
tensor(3, device='cuda:0')	0	369
tensor(0, device='cuda:0')	0	370
tensor(0, device='cuda:0')	0	371
tensor(2, device='cuda:0')	3	371
tensor(1, device='cuda:0')	0	371
1172
Accuracy: 0.3165529010238908
