loading archive file checkpoints
loading archive file data/CommonsenseQA
| dictionary: 50265 types
tensor(3, device='cuda:0')	2	0
tensor(1, device='cuda:0')	1	1
tensor(1, device='cuda:0')	2	1
tensor(3, device='cuda:0')	3	2
tensor(3, device='cuda:0')	3	3
tensor(3, device='cuda:0')	1	3
tensor(3, device='cuda:0')	2	3
tensor(0, device='cuda:0')	2	3
tensor(0, device='cuda:0')	1	3
tensor(0, device='cuda:0')	0	4
tensor(1, device='cuda:0')	1	5
tensor(0, device='cuda:0')	0	6
tensor(0, device='cuda:0')	2	6
tensor(1, device='cuda:0')	2	6
tensor(1, device='cuda:0')	2	6
tensor(0, device='cuda:0')	0	7
tensor(2, device='cuda:0')	2	8
tensor(1, device='cuda:0')	1	9
tensor(0, device='cuda:0')	0	10
tensor(0, device='cuda:0')	2	10
tensor(0, device='cuda:0')	1	10
tensor(0, device='cuda:0')	1	10
tensor(0, device='cuda:0')	0	11
tensor(0, device='cuda:0')	2	11
tensor(3, device='cuda:0')	1	11
tensor(0, device='cuda:0')	3	11
tensor(1, device='cuda:0')	1	12
tensor(1, device='cuda:0')	1	13
tensor(2, device='cuda:0')	2	14
tensor(1, device='cuda:0')	1	15
tensor(1, device='cuda:0')	3	15
tensor(2, device='cuda:0')	2	16
tensor(0, device='cuda:0')	0	17
tensor(2, device='cuda:0')	2	18
tensor(3, device='cuda:0')	0	18
tensor(3, device='cuda:0')	0	18
tensor(2, device='cuda:0')	1	18
tensor(2, device='cuda:0')	1	18
tensor(2, device='cuda:0')	2	19
tensor(2, device='cuda:0')	1	19
tensor(2, device='cuda:0')	2	20
tensor(0, device='cuda:0')	0	21
tensor(2, device='cuda:0')	2	22
tensor(0, device='cuda:0')	3	22
tensor(2, device='cuda:0')	1	22
tensor(2, device='cuda:0')	1	22
tensor(1, device='cuda:0')	2	22
tensor(2, device='cuda:0')	2	23
tensor(2, device='cuda:0')	2	24
tensor(0, device='cuda:0')	0	25
tensor(2, device='cuda:0')	3	25
tensor(0, device='cuda:0')	2	25
tensor(0, device='cuda:0')	0	26
tensor(3, device='cuda:0')	2	26
tensor(0, device='cuda:0')	2	26
tensor(0, device='cuda:0')	1	26
tensor(2, device='cuda:0')	2	27
tensor(0, device='cuda:0')	0	28
tensor(2, device='cuda:0')	0	28
tensor(3, device='cuda:0')	2	28
tensor(3, device='cuda:0')	3	29
tensor(2, device='cuda:0')	1	29
tensor(3, device='cuda:0')	3	30
tensor(0, device='cuda:0')	2	30
tensor(0, device='cuda:0')	3	30
tensor(3, device='cuda:0')	0	30
tensor(1, device='cuda:0')	0	30
tensor(2, device='cuda:0')	2	31
tensor(2, device='cuda:0')	1	31
tensor(0, device='cuda:0')	0	32
tensor(0, device='cuda:0')	0	33
tensor(3, device='cuda:0')	2	33
tensor(2, device='cuda:0')	1	33
tensor(3, device='cuda:0')	3	34
tensor(2, device='cuda:0')	3	34
tensor(3, device='cuda:0')	0	34
tensor(0, device='cuda:0')	1	34
tensor(1, device='cuda:0')	1	35
tensor(3, device='cuda:0')	1	35
tensor(1, device='cuda:0')	0	35
tensor(3, device='cuda:0')	3	36
tensor(2, device='cuda:0')	2	37
tensor(1, device='cuda:0')	2	37
tensor(3, device='cuda:0')	3	38
tensor(2, device='cuda:0')	3	38
tensor(3, device='cuda:0')	0	38
tensor(0, device='cuda:0')	0	39
tensor(3, device='cuda:0')	3	40
tensor(2, device='cuda:0')	2	41
tensor(2, device='cuda:0')	2	42
tensor(0, device='cuda:0')	0	43
tensor(0, device='cuda:0')	3	43
tensor(0, device='cuda:0')	3	43
tensor(1, device='cuda:0')	0	43
tensor(1, device='cuda:0')	1	44
tensor(2, device='cuda:0')	2	45
tensor(3, device='cuda:0')	2	45
tensor(1, device='cuda:0')	1	46
tensor(1, device='cuda:0')	1	47
tensor(1, device='cuda:0')	1	48
tensor(2, device='cuda:0')	2	49
tensor(0, device='cuda:0')	3	49
tensor(0, device='cuda:0')	0	50
tensor(1, device='cuda:0')	1	51
tensor(1, device='cuda:0')	2	51
tensor(0, device='cuda:0')	1	51
tensor(3, device='cuda:0')	3	52
tensor(2, device='cuda:0')	1	52
tensor(0, device='cuda:0')	3	52
tensor(1, device='cuda:0')	0	52
tensor(0, device='cuda:0')	0	53
tensor(1, device='cuda:0')	0	53
tensor(2, device='cuda:0')	0	53
tensor(0, device='cuda:0')	0	54
tensor(1, device='cuda:0')	1	55
tensor(2, device='cuda:0')	3	55
tensor(3, device='cuda:0')	1	55
tensor(2, device='cuda:0')	2	56
tensor(3, device='cuda:0')	3	57
tensor(2, device='cuda:0')	2	58
tensor(0, device='cuda:0')	0	59
tensor(1, device='cuda:0')	0	59
tensor(1, device='cuda:0')	3	59
tensor(3, device='cuda:0')	0	59
tensor(3, device='cuda:0')	1	59
tensor(3, device='cuda:0')	3	60
tensor(3, device='cuda:0')	0	60
tensor(1, device='cuda:0')	1	61
tensor(1, device='cuda:0')	3	61
tensor(0, device='cuda:0')	2	61
tensor(1, device='cuda:0')	1	62
tensor(2, device='cuda:0')	2	63
tensor(1, device='cuda:0')	3	63
tensor(1, device='cuda:0')	1	64
tensor(1, device='cuda:0')	1	65
tensor(1, device='cuda:0')	1	66
tensor(1, device='cuda:0')	1	67
tensor(0, device='cuda:0')	1	67
tensor(0, device='cuda:0')	0	68
tensor(2, device='cuda:0')	1	68
tensor(2, device='cuda:0')	3	68
tensor(2, device='cuda:0')	2	69
tensor(3, device='cuda:0')	0	69
tensor(3, device='cuda:0')	0	69
tensor(0, device='cuda:0')	0	70
tensor(0, device='cuda:0')	2	70
tensor(2, device='cuda:0')	1	70
tensor(1, device='cuda:0')	0	70
tensor(3, device='cuda:0')	2	70
tensor(0, device='cuda:0')	0	71
tensor(1, device='cuda:0')	2	71
tensor(3, device='cuda:0')	3	72
tensor(3, device='cuda:0')	3	73
tensor(1, device='cuda:0')	1	74
tensor(2, device='cuda:0')	1	74
tensor(2, device='cuda:0')	3	74
tensor(3, device='cuda:0')	2	74
tensor(2, device='cuda:0')	1	74
tensor(1, device='cuda:0')	2	74
tensor(3, device='cuda:0')	1	74
tensor(3, device='cuda:0')	0	74
tensor(1, device='cuda:0')	3	74
tensor(1, device='cuda:0')	0	74
tensor(1, device='cuda:0')	1	75
tensor(2, device='cuda:0')	0	75
tensor(1, device='cuda:0')	0	75
tensor(3, device='cuda:0')	2	75
tensor(1, device='cuda:0')	1	76
tensor(0, device='cuda:0')	0	77
tensor(3, device='cuda:0')	3	78
tensor(2, device='cuda:0')	3	78
tensor(3, device='cuda:0')	3	79
tensor(3, device='cuda:0')	1	79
tensor(1, device='cuda:0')	3	79
tensor(0, device='cuda:0')	2	79
tensor(2, device='cuda:0')	0	79
tensor(0, device='cuda:0')	0	80
tensor(3, device='cuda:0')	0	80
tensor(0, device='cuda:0')	1	80
tensor(2, device='cuda:0')	2	81
tensor(1, device='cuda:0')	0	81
tensor(0, device='cuda:0')	3	81
tensor(2, device='cuda:0')	2	82
tensor(3, device='cuda:0')	2	82
tensor(3, device='cuda:0')	0	82
tensor(1, device='cuda:0')	2	82
tensor(3, device='cuda:0')	3	83
tensor(3, device='cuda:0')	0	83
tensor(2, device='cuda:0')	2	84
tensor(0, device='cuda:0')	2	84
tensor(1, device='cuda:0')	2	84
tensor(1, device='cuda:0')	1	85
tensor(3, device='cuda:0')	0	85
tensor(3, device='cuda:0')	3	86
tensor(1, device='cuda:0')	1	87
tensor(0, device='cuda:0')	0	88
tensor(1, device='cuda:0')	1	89
tensor(2, device='cuda:0')	2	90
tensor(2, device='cuda:0')	1	90
tensor(2, device='cuda:0')	1	90
tensor(0, device='cuda:0')	2	90
tensor(1, device='cuda:0')	2	90
tensor(0, device='cuda:0')	0	91
tensor(2, device='cuda:0')	1	91
tensor(3, device='cuda:0')	3	92
tensor(0, device='cuda:0')	2	92
tensor(0, device='cuda:0')	1	92
tensor(2, device='cuda:0')	2	93
tensor(2, device='cuda:0')	2	94
tensor(2, device='cuda:0')	2	95
tensor(0, device='cuda:0')	2	95
tensor(3, device='cuda:0')	3	96
tensor(2, device='cuda:0')	2	97
tensor(1, device='cuda:0')	1	98
tensor(1, device='cuda:0')	1	99
tensor(1, device='cuda:0')	1	100
tensor(1, device='cuda:0')	3	100
tensor(0, device='cuda:0')	0	101
tensor(0, device='cuda:0')	2	101
tensor(0, device='cuda:0')	1	101
tensor(1, device='cuda:0')	0	101
tensor(1, device='cuda:0')	1	102
tensor(3, device='cuda:0')	0	102
tensor(1, device='cuda:0')	0	102
tensor(1, device='cuda:0')	0	102
tensor(0, device='cuda:0')	0	103
tensor(3, device='cuda:0')	2	103
tensor(1, device='cuda:0')	1	104
tensor(0, device='cuda:0')	1	104
tensor(1, device='cuda:0')	1	105
tensor(3, device='cuda:0')	3	106
tensor(3, device='cuda:0')	0	106
tensor(0, device='cuda:0')	0	107
tensor(1, device='cuda:0')	1	108
tensor(2, device='cuda:0')	2	109
tensor(1, device='cuda:0')	1	110
tensor(3, device='cuda:0')	3	111
tensor(1, device='cuda:0')	3	111
tensor(0, device='cuda:0')	1	111
tensor(2, device='cuda:0')	0	111
tensor(2, device='cuda:0')	3	111
tensor(3, device='cuda:0')	2	111
tensor(3, device='cuda:0')	1	111
tensor(1, device='cuda:0')	0	111
tensor(2, device='cuda:0')	1	111
tensor(1, device='cuda:0')	2	111
tensor(1, device='cuda:0')	0	111
tensor(0, device='cuda:0')	2	111
tensor(2, device='cuda:0')	1	111
tensor(1, device='cuda:0')	1	112
tensor(0, device='cuda:0')	3	112
tensor(0, device='cuda:0')	1	112
tensor(0, device='cuda:0')	0	113
tensor(1, device='cuda:0')	3	113
tensor(1, device='cuda:0')	3	113
tensor(3, device='cuda:0')	0	113
tensor(2, device='cuda:0')	3	113
tensor(0, device='cuda:0')	0	114
tensor(0, device='cuda:0')	2	114
tensor(2, device='cuda:0')	0	114
tensor(1, device='cuda:0')	2	114
tensor(3, device='cuda:0')	3	115
tensor(0, device='cuda:0')	0	116
tensor(2, device='cuda:0')	3	116
tensor(2, device='cuda:0')	1	116
tensor(3, device='cuda:0')	2	116
tensor(1, device='cuda:0')	0	116
tensor(0, device='cuda:0')	2	116
tensor(3, device='cuda:0')	1	116
tensor(0, device='cuda:0')	2	116
tensor(0, device='cuda:0')	2	116
tensor(1, device='cuda:0')	0	116
tensor(1, device='cuda:0')	2	116
tensor(3, device='cuda:0')	1	116
tensor(1, device='cuda:0')	1	117
tensor(1, device='cuda:0')	3	117
tensor(1, device='cuda:0')	1	118
tensor(0, device='cuda:0')	1	118
tensor(1, device='cuda:0')	3	118
tensor(1, device='cuda:0')	1	119
tensor(0, device='cuda:0')	1	119
tensor(1, device='cuda:0')	3	119
tensor(1, device='cuda:0')	0	119
tensor(1, device='cuda:0')	1	120
tensor(2, device='cuda:0')	1	120
tensor(1, device='cuda:0')	2	120
tensor(2, device='cuda:0')	2	121
tensor(3, device='cuda:0')	2	121
tensor(1, device='cuda:0')	1	122
tensor(0, device='cuda:0')	2	122
tensor(0, device='cuda:0')	3	122
tensor(2, device='cuda:0')	1	122
tensor(2, device='cuda:0')	2	123
tensor(1, device='cuda:0')	1	124
tensor(2, device='cuda:0')	2	125
tensor(1, device='cuda:0')	1	126
tensor(2, device='cuda:0')	2	127
tensor(3, device='cuda:0')	2	127
tensor(0, device='cuda:0')	1	127
tensor(1, device='cuda:0')	0	127
tensor(2, device='cuda:0')	3	127
tensor(0, device='cuda:0')	2	127
tensor(1, device='cuda:0')	1	128
tensor(2, device='cuda:0')	2	129
tensor(3, device='cuda:0')	0	129
tensor(0, device='cuda:0')	0	130
tensor(0, device='cuda:0')	3	130
tensor(3, device='cuda:0')	2	130
tensor(2, device='cuda:0')	2	131
tensor(1, device='cuda:0')	2	131
tensor(0, device='cuda:0')	1	131
tensor(1, device='cuda:0')	0	131
tensor(1, device='cuda:0')	3	131
tensor(3, device='cuda:0')	2	131
tensor(2, device='cuda:0')	1	131
tensor(0, device='cuda:0')	0	132
tensor(3, device='cuda:0')	2	132
tensor(0, device='cuda:0')	1	132
tensor(0, device='cuda:0')	0	133
tensor(1, device='cuda:0')	1	134
tensor(1, device='cuda:0')	0	134
tensor(0, device='cuda:0')	2	134
tensor(0, device='cuda:0')	0	135
tensor(2, device='cuda:0')	1	135
tensor(2, device='cuda:0')	0	135
tensor(2, device='cuda:0')	2	136
tensor(1, device='cuda:0')	1	137
tensor(3, device='cuda:0')	3	138
tensor(1, device='cuda:0')	0	138
tensor(1, device='cuda:0')	3	138
tensor(1, device='cuda:0')	3	138
tensor(2, device='cuda:0')	2	139
tensor(0, device='cuda:0')	0	140
tensor(1, device='cuda:0')	1	141
tensor(1, device='cuda:0')	2	141
tensor(1, device='cuda:0')	3	141
tensor(2, device='cuda:0')	0	141
tensor(1, device='cuda:0')	1	142
tensor(2, device='cuda:0')	0	142
tensor(3, device='cuda:0')	3	143
tensor(3, device='cuda:0')	2	143
tensor(2, device='cuda:0')	2	144
tensor(2, device='cuda:0')	1	144
tensor(3, device='cuda:0')	3	145
tensor(0, device='cuda:0')	0	146
tensor(1, device='cuda:0')	1	147
tensor(0, device='cuda:0')	2	147
tensor(3, device='cuda:0')	2	147
tensor(2, device='cuda:0')	0	147
tensor(2, device='cuda:0')	3	147
tensor(3, device='cuda:0')	3	148
tensor(1, device='cuda:0')	1	149
tensor(0, device='cuda:0')	3	149
tensor(2, device='cuda:0')	2	150
tensor(1, device='cuda:0')	3	150
tensor(3, device='cuda:0')	3	151
tensor(0, device='cuda:0')	0	152
tensor(0, device='cuda:0')	1	152
tensor(0, device='cuda:0')	3	152
tensor(0, device='cuda:0')	2	152
tensor(3, device='cuda:0')	1	152
tensor(2, device='cuda:0')	0	152
tensor(0, device='cuda:0')	2	152
tensor(3, device='cuda:0')	0	152
tensor(3, device='cuda:0')	2	152
tensor(2, device='cuda:0')	1	152
tensor(2, device='cuda:0')	1	152
tensor(0, device='cuda:0')	0	153
tensor(2, device='cuda:0')	2	154
tensor(0, device='cuda:0')	3	154
tensor(1, device='cuda:0')	0	154
tensor(0, device='cuda:0')	1	154
tensor(1, device='cuda:0')	1	155
tensor(2, device='cuda:0')	0	155
tensor(1, device='cuda:0')	2	155
tensor(3, device='cuda:0')	3	156
tensor(2, device='cuda:0')	1	156
tensor(0, device='cuda:0')	2	156
tensor(0, device='cuda:0')	2	156
tensor(0, device='cuda:0')	1	156
tensor(2, device='cuda:0')	0	156
tensor(3, device='cuda:0')	2	156
tensor(2, device='cuda:0')	2	157
tensor(3, device='cuda:0')	0	157
tensor(1, device='cuda:0')	2	157
tensor(1, device='cuda:0')	1	158
tensor(0, device='cuda:0')	1	158
tensor(0, device='cuda:0')	3	158
tensor(3, device='cuda:0')	3	159
tensor(0, device='cuda:0')	0	160
tensor(1, device='cuda:0')	2	160
tensor(3, device='cuda:0')	3	161
tensor(2, device='cuda:0')	2	162
tensor(3, device='cuda:0')	1	162
tensor(0, device='cuda:0')	0	163
tensor(3, device='cuda:0')	2	163
tensor(1, device='cuda:0')	2	163
tensor(3, device='cuda:0')	3	164
tensor(2, device='cuda:0')	2	165
tensor(2, device='cuda:0')	2	166
tensor(2, device='cuda:0')	2	167
tensor(0, device='cuda:0')	0	168
tensor(1, device='cuda:0')	2	168
tensor(3, device='cuda:0')	3	169
tensor(2, device='cuda:0')	0	169
tensor(0, device='cuda:0')	0	170
tensor(2, device='cuda:0')	2	171
tensor(3, device='cuda:0')	3	172
tensor(3, device='cuda:0')	1	172
tensor(3, device='cuda:0')	0	172
tensor(1, device='cuda:0')	1	173
tensor(2, device='cuda:0')	3	173
tensor(0, device='cuda:0')	1	173
tensor(0, device='cuda:0')	0	174
tensor(2, device='cuda:0')	2	175
tensor(2, device='cuda:0')	3	175
tensor(2, device='cuda:0')	0	175
tensor(3, device='cuda:0')	3	176
tensor(3, device='cuda:0')	3	177
tensor(1, device='cuda:0')	1	178
tensor(3, device='cuda:0')	0	178
tensor(0, device='cuda:0')	2	178
tensor(1, device='cuda:0')	1	179
tensor(3, device='cuda:0')	1	179
tensor(1, device='cuda:0')	1	180
tensor(1, device='cuda:0')	3	180
tensor(3, device='cuda:0')	2	180
tensor(1, device='cuda:0')	1	181
tensor(0, device='cuda:0')	1	181
tensor(1, device='cuda:0')	1	182
tensor(0, device='cuda:0')	0	183
tensor(3, device='cuda:0')	3	184
tensor(3, device='cuda:0')	3	185
tensor(1, device='cuda:0')	2	185
tensor(0, device='cuda:0')	0	186
tensor(3, device='cuda:0')	1	186
tensor(3, device='cuda:0')	3	187
tensor(3, device='cuda:0')	2	187
tensor(2, device='cuda:0')	0	187
tensor(0, device='cuda:0')	2	187
tensor(3, device='cuda:0')	3	188
tensor(2, device='cuda:0')	2	189
tensor(0, device='cuda:0')	0	190
tensor(2, device='cuda:0')	0	190
tensor(1, device='cuda:0')	1	191
tensor(1, device='cuda:0')	3	191
tensor(2, device='cuda:0')	2	192
tensor(2, device='cuda:0')	3	192
tensor(1, device='cuda:0')	1	193
tensor(3, device='cuda:0')	3	194
tensor(1, device='cuda:0')	1	195
tensor(1, device='cuda:0')	1	196
tensor(2, device='cuda:0')	3	196
tensor(3, device='cuda:0')	2	196
tensor(0, device='cuda:0')	0	197
tensor(1, device='cuda:0')	1	198
tensor(3, device='cuda:0')	3	199
tensor(2, device='cuda:0')	2	200
tensor(2, device='cuda:0')	2	201
tensor(3, device='cuda:0')	3	202
tensor(0, device='cuda:0')	0	203
tensor(2, device='cuda:0')	1	203
tensor(2, device='cuda:0')	1	203
tensor(0, device='cuda:0')	2	203
tensor(0, device='cuda:0')	3	203
tensor(3, device='cuda:0')	0	203
tensor(1, device='cuda:0')	1	204
tensor(2, device='cuda:0')	1	204
tensor(0, device='cuda:0')	0	205
tensor(2, device='cuda:0')	2	206
tensor(2, device='cuda:0')	3	206
tensor(3, device='cuda:0')	3	207
tensor(2, device='cuda:0')	2	208
tensor(2, device='cuda:0')	1	208
tensor(3, device='cuda:0')	0	208
tensor(2, device='cuda:0')	1	208
tensor(3, device='cuda:0')	1	208
tensor(3, device='cuda:0')	1	208
tensor(0, device='cuda:0')	0	209
tensor(1, device='cuda:0')	2	209
tensor(0, device='cuda:0')	3	209
tensor(1, device='cuda:0')	2	209
tensor(2, device='cuda:0')	1	209
tensor(2, device='cuda:0')	1	209
tensor(1, device='cuda:0')	3	209
tensor(1, device='cuda:0')	3	209
tensor(3, device='cuda:0')	2	209
tensor(3, device='cuda:0')	3	210
tensor(1, device='cuda:0')	1	211
tensor(0, device='cuda:0')	3	211
tensor(0, device='cuda:0')	1	211
tensor(1, device='cuda:0')	3	211
tensor(1, device='cuda:0')	0	211
tensor(3, device='cuda:0')	1	211
tensor(3, device='cuda:0')	2	211
tensor(1, device='cuda:0')	1	212
tensor(0, device='cuda:0')	1	212
tensor(1, device='cuda:0')	1	213
tensor(0, device='cuda:0')	1	213
tensor(2, device='cuda:0')	0	213
tensor(2, device='cuda:0')	2	214
tensor(2, device='cuda:0')	0	214
tensor(2, device='cuda:0')	2	215
tensor(2, device='cuda:0')	0	215
tensor(2, device='cuda:0')	1	215
tensor(1, device='cuda:0')	1	216
tensor(3, device='cuda:0')	1	216
tensor(1, device='cuda:0')	1	217
tensor(2, device='cuda:0')	2	218
tensor(3, device='cuda:0')	0	218
tensor(0, device='cuda:0')	1	218
tensor(3, device='cuda:0')	2	218
tensor(0, device='cuda:0')	0	219
tensor(3, device='cuda:0')	3	220
tensor(3, device='cuda:0')	2	220
tensor(0, device='cuda:0')	0	221
tensor(3, device='cuda:0')	1	221
tensor(3, device='cuda:0')	3	222
tensor(1, device='cuda:0')	2	222
tensor(1, device='cuda:0')	1	223
tensor(3, device='cuda:0')	2	223
tensor(1, device='cuda:0')	3	223
tensor(0, device='cuda:0')	2	223
tensor(3, device='cuda:0')	0	223
tensor(0, device='cuda:0')	2	223
tensor(1, device='cuda:0')	1	224
tensor(2, device='cuda:0')	1	224
tensor(3, device='cuda:0')	3	225
tensor(0, device='cuda:0')	3	225
tensor(1, device='cuda:0')	1	226
tensor(1, device='cuda:0')	3	226
tensor(2, device='cuda:0')	2	227
tensor(2, device='cuda:0')	2	228
tensor(2, device='cuda:0')	2	229
tensor(0, device='cuda:0')	3	229
tensor(0, device='cuda:0')	0	230
tensor(0, device='cuda:0')	2	230
tensor(1, device='cuda:0')	0	230
tensor(0, device='cuda:0')	1	230
tensor(1, device='cuda:0')	3	230
tensor(2, device='cuda:0')	2	231
tensor(2, device='cuda:0')	2	232
tensor(2, device='cuda:0')	2	233
tensor(2, device='cuda:0')	2	234
tensor(1, device='cuda:0')	2	234
tensor(0, device='cuda:0')	2	234
tensor(0, device='cuda:0')	0	235
tensor(0, device='cuda:0')	2	235
tensor(1, device='cuda:0')	1	236
tensor(1, device='cuda:0')	2	236
tensor(1, device='cuda:0')	3	236
tensor(0, device='cuda:0')	0	237
tensor(0, device='cuda:0')	2	237
tensor(3, device='cuda:0')	3	238
tensor(2, device='cuda:0')	3	238
tensor(3, device='cuda:0')	3	239
tensor(3, device='cuda:0')	3	240
tensor(3, device='cuda:0')	1	240
tensor(0, device='cuda:0')	3	240
tensor(0, device='cuda:0')	2	240
tensor(1, device='cuda:0')	2	240
tensor(0, device='cuda:0')	0	241
tensor(0, device='cuda:0')	1	241
tensor(2, device='cuda:0')	0	241
tensor(2, device='cuda:0')	1	241
tensor(0, device='cuda:0')	2	241
tensor(0, device='cuda:0')	0	242
tensor(2, device='cuda:0')	2	243
tensor(3, device='cuda:0')	3	244
tensor(3, device='cuda:0')	3	245
tensor(3, device='cuda:0')	3	246
tensor(0, device='cuda:0')	0	247
tensor(1, device='cuda:0')	1	248
tensor(2, device='cuda:0')	1	248
tensor(1, device='cuda:0')	1	249
tensor(1, device='cuda:0')	2	249
tensor(0, device='cuda:0')	0	250
tensor(2, device='cuda:0')	2	251
tensor(3, device='cuda:0')	3	252
tensor(3, device='cuda:0')	2	252
tensor(0, device='cuda:0')	0	253
tensor(3, device='cuda:0')	0	253
tensor(1, device='cuda:0')	0	253
tensor(1, device='cuda:0')	1	254
tensor(1, device='cuda:0')	0	254
tensor(3, device='cuda:0')	3	255
tensor(1, device='cuda:0')	1	256
tensor(1, device='cuda:0')	1	257
tensor(1, device='cuda:0')	2	257
tensor(3, device='cuda:0')	3	258
tensor(3, device='cuda:0')	0	258
tensor(3, device='cuda:0')	3	259
tensor(3, device='cuda:0')	2	259
tensor(3, device='cuda:0')	0	259
tensor(1, device='cuda:0')	3	259
tensor(0, device='cuda:0')	0	260
tensor(0, device='cuda:0')	3	260
tensor(1, device='cuda:0')	0	260
tensor(1, device='cuda:0')	1	261
tensor(1, device='cuda:0')	3	261
tensor(2, device='cuda:0')	1	261
tensor(2, device='cuda:0')	3	261
tensor(0, device='cuda:0')	0	262
tensor(2, device='cuda:0')	3	262
tensor(3, device='cuda:0')	3	263
tensor(1, device='cuda:0')	0	263
tensor(0, device='cuda:0')	1	263
tensor(1, device='cuda:0')	1	264
tensor(1, device='cuda:0')	3	264
tensor(3, device='cuda:0')	2	264
tensor(3, device='cuda:0')	3	265
tensor(0, device='cuda:0')	1	265
tensor(1, device='cuda:0')	2	265
tensor(0, device='cuda:0')	0	266
tensor(0, device='cuda:0')	0	267
tensor(3, device='cuda:0')	0	267
tensor(2, device='cuda:0')	0	267
tensor(0, device='cuda:0')	2	267
tensor(1, device='cuda:0')	1	268
tensor(3, device='cuda:0')	2	268
tensor(3, device='cuda:0')	3	269
tensor(2, device='cuda:0')	1	269
tensor(1, device='cuda:0')	1	270
tensor(0, device='cuda:0')	2	270
tensor(0, device='cuda:0')	1	270
tensor(0, device='cuda:0')	1	270
tensor(0, device='cuda:0')	2	270
tensor(1, device='cuda:0')	1	271
tensor(2, device='cuda:0')	2	272
tensor(0, device='cuda:0')	1	272
tensor(3, device='cuda:0')	1	272
tensor(1, device='cuda:0')	0	272
tensor(0, device='cuda:0')	3	272
tensor(1, device='cuda:0')	1	273
tensor(1, device='cuda:0')	3	273
tensor(1, device='cuda:0')	1	274
tensor(1, device='cuda:0')	1	275
tensor(3, device='cuda:0')	3	276
tensor(1, device='cuda:0')	2	276
tensor(0, device='cuda:0')	3	276
tensor(0, device='cuda:0')	1	276
tensor(0, device='cuda:0')	2	276
tensor(0, device='cuda:0')	2	276
tensor(1, device='cuda:0')	1	277
tensor(0, device='cuda:0')	0	278
tensor(2, device='cuda:0')	0	278
tensor(2, device='cuda:0')	2	279
tensor(2, device='cuda:0')	3	279
tensor(1, device='cuda:0')	1	280
tensor(3, device='cuda:0')	0	280
tensor(0, device='cuda:0')	0	281
tensor(2, device='cuda:0')	2	282
tensor(1, device='cuda:0')	2	282
tensor(3, device='cuda:0')	0	282
tensor(0, device='cuda:0')	1	282
tensor(3, device='cuda:0')	2	282
tensor(1, device='cuda:0')	1	283
tensor(2, device='cuda:0')	3	283
tensor(1, device='cuda:0')	2	283
tensor(1, device='cuda:0')	1	284
tensor(1, device='cuda:0')	1	285
tensor(2, device='cuda:0')	2	286
tensor(2, device='cuda:0')	2	287
tensor(3, device='cuda:0')	0	287
tensor(2, device='cuda:0')	2	288
tensor(0, device='cuda:0')	3	288
tensor(0, device='cuda:0')	0	289
tensor(2, device='cuda:0')	0	289
tensor(1, device='cuda:0')	2	289
tensor(3, device='cuda:0')	2	289
tensor(2, device='cuda:0')	2	290
tensor(2, device='cuda:0')	2	291
tensor(1, device='cuda:0')	3	291
tensor(2, device='cuda:0')	2	292
tensor(0, device='cuda:0')	0	293
tensor(0, device='cuda:0')	2	293
tensor(3, device='cuda:0')	1	293
tensor(3, device='cuda:0')	0	293
tensor(1, device='cuda:0')	3	293
tensor(2, device='cuda:0')	2	294
tensor(0, device='cuda:0')	3	294
tensor(1, device='cuda:0')	1	295
tensor(2, device='cuda:0')	0	295
tensor(2, device='cuda:0')	2	296
tensor(1, device='cuda:0')	0	296
tensor(3, device='cuda:0')	1	296
tensor(2, device='cuda:0')	1	296
tensor(2, device='cuda:0')	1	296
tensor(0, device='cuda:0')	1	296
tensor(2, device='cuda:0')	3	296
tensor(3, device='cuda:0')	3	297
tensor(0, device='cuda:0')	0	298
tensor(1, device='cuda:0')	0	298
tensor(1, device='cuda:0')	2	298
tensor(2, device='cuda:0')	0	298
tensor(2, device='cuda:0')	2	299
tensor(3, device='cuda:0')	2	299
tensor(0, device='cuda:0')	0	300
tensor(1, device='cuda:0')	1	301
tensor(0, device='cuda:0')	2	301
tensor(0, device='cuda:0')	3	301
tensor(1, device='cuda:0')	3	301
tensor(3, device='cuda:0')	2	301
tensor(3, device='cuda:0')	3	302
tensor(0, device='cuda:0')	1	302
tensor(2, device='cuda:0')	2	303
tensor(0, device='cuda:0')	0	304
tensor(0, device='cuda:0')	1	304
tensor(1, device='cuda:0')	1	305
tensor(3, device='cuda:0')	0	305
tensor(1, device='cuda:0')	3	305
tensor(3, device='cuda:0')	2	305
tensor(0, device='cuda:0')	0	306
tensor(1, device='cuda:0')	1	307
tensor(0, device='cuda:0')	2	307
tensor(3, device='cuda:0')	3	308
tensor(0, device='cuda:0')	1	308
tensor(2, device='cuda:0')	2	309
tensor(1, device='cuda:0')	0	309
tensor(2, device='cuda:0')	3	309
tensor(0, device='cuda:0')	1	309
tensor(0, device='cuda:0')	1	309
tensor(3, device='cuda:0')	3	310
tensor(1, device='cuda:0')	1	311
tensor(3, device='cuda:0')	3	312
tensor(1, device='cuda:0')	1	313
tensor(3, device='cuda:0')	3	314
tensor(3, device='cuda:0')	2	314
tensor(2, device='cuda:0')	3	314
tensor(2, device='cuda:0')	2	315
tensor(2, device='cuda:0')	1	315
tensor(2, device='cuda:0')	1	315
tensor(2, device='cuda:0')	3	315
tensor(3, device='cuda:0')	2	315
tensor(3, device='cuda:0')	3	316
tensor(3, device='cuda:0')	3	317
tensor(3, device='cuda:0')	3	318
tensor(2, device='cuda:0')	3	318
tensor(2, device='cuda:0')	3	318
tensor(2, device='cuda:0')	2	319
tensor(1, device='cuda:0')	1	320
tensor(1, device='cuda:0')	3	320
tensor(0, device='cuda:0')	1	320
tensor(3, device='cuda:0')	3	321
tensor(1, device='cuda:0')	2	321
tensor(3, device='cuda:0')	3	322
tensor(1, device='cuda:0')	1	323
tensor(0, device='cuda:0')	2	323
tensor(0, device='cuda:0')	0	324
tensor(2, device='cuda:0')	2	325
tensor(3, device='cuda:0')	3	326
tensor(0, device='cuda:0')	3	326
tensor(1, device='cuda:0')	3	326
tensor(3, device='cuda:0')	3	327
tensor(2, device='cuda:0')	0	327
tensor(1, device='cuda:0')	3	327
tensor(0, device='cuda:0')	3	327
tensor(2, device='cuda:0')	2	328
tensor(1, device='cuda:0')	0	328
tensor(2, device='cuda:0')	1	328
tensor(0, device='cuda:0')	2	328
tensor(3, device='cuda:0')	2	328
tensor(3, device='cuda:0')	0	328
tensor(2, device='cuda:0')	0	328
tensor(1, device='cuda:0')	1	329
tensor(2, device='cuda:0')	0	329
tensor(3, device='cuda:0')	3	330
tensor(3, device='cuda:0')	2	330
tensor(0, device='cuda:0')	0	331
tensor(0, device='cuda:0')	0	332
tensor(1, device='cuda:0')	3	332
tensor(2, device='cuda:0')	1	332
tensor(3, device='cuda:0')	2	332
tensor(3, device='cuda:0')	1	332
tensor(2, device='cuda:0')	2	333
tensor(0, device='cuda:0')	0	334
tensor(1, device='cuda:0')	0	334
tensor(1, device='cuda:0')	3	334
tensor(2, device='cuda:0')	1	334
tensor(0, device='cuda:0')	0	335
tensor(0, device='cuda:0')	2	335
tensor(0, device='cuda:0')	1	335
tensor(0, device='cuda:0')	1	335
tensor(2, device='cuda:0')	1	335
tensor(3, device='cuda:0')	3	336
tensor(2, device='cuda:0')	3	336
tensor(1, device='cuda:0')	2	336
tensor(0, device='cuda:0')	2	336
tensor(1, device='cuda:0')	2	336
tensor(0, device='cuda:0')	0	337
tensor(1, device='cuda:0')	0	337
tensor(0, device='cuda:0')	3	337
tensor(0, device='cuda:0')	1	337
tensor(2, device='cuda:0')	1	337
tensor(1, device='cuda:0')	2	337
tensor(0, device='cuda:0')	3	337
tensor(0, device='cuda:0')	1	337
tensor(3, device='cuda:0')	3	338
tensor(0, device='cuda:0')	2	338
tensor(2, device='cuda:0')	2	339
tensor(3, device='cuda:0')	2	339
tensor(1, device='cuda:0')	2	339
tensor(1, device='cuda:0')	2	339
tensor(2, device='cuda:0')	3	339
tensor(2, device='cuda:0')	2	340
tensor(1, device='cuda:0')	1	341
tensor(2, device='cuda:0')	2	342
tensor(2, device='cuda:0')	3	342
tensor(1, device='cuda:0')	3	342
tensor(3, device='cuda:0')	3	343
tensor(0, device='cuda:0')	2	343
tensor(1, device='cuda:0')	0	343
tensor(2, device='cuda:0')	2	344
tensor(1, device='cuda:0')	3	344
tensor(3, device='cuda:0')	1	344
tensor(3, device='cuda:0')	0	344
tensor(2, device='cuda:0')	0	344
tensor(0, device='cuda:0')	3	344
tensor(2, device='cuda:0')	3	344
tensor(1, device='cuda:0')	2	344
tensor(3, device='cuda:0')	3	345
tensor(2, device='cuda:0')	0	345
tensor(3, device='cuda:0')	3	346
tensor(2, device='cuda:0')	1	346
tensor(1, device='cuda:0')	3	346
tensor(3, device='cuda:0')	1	346
tensor(0, device='cuda:0')	0	347
tensor(0, device='cuda:0')	3	347
tensor(3, device='cuda:0')	1	347
tensor(1, device='cuda:0')	0	347
tensor(0, device='cuda:0')	3	347
tensor(1, device='cuda:0')	1	348
tensor(3, device='cuda:0')	1	348
tensor(3, device='cuda:0')	3	349
tensor(0, device='cuda:0')	0	350
tensor(0, device='cuda:0')	0	351
tensor(4, device='cuda:0')	3	351
tensor(0, device='cuda:0')	0	352
tensor(2, device='cuda:0')	3	352
tensor(1, device='cuda:0')	3	352
tensor(0, device='cuda:0')	2	352
tensor(1, device='cuda:0')	1	353
tensor(3, device='cuda:0')	1	353
tensor(1, device='cuda:0')	3	353
tensor(2, device='cuda:0')	0	353
tensor(2, device='cuda:0')	1	353
tensor(3, device='cuda:0')	3	354
tensor(1, device='cuda:0')	1	355
tensor(1, device='cuda:0')	1	356
tensor(1, device='cuda:0')	3	356
tensor(0, device='cuda:0')	3	356
tensor(0, device='cuda:0')	2	356
tensor(3, device='cuda:0')	1	356
tensor(2, device='cuda:0')	1	356
tensor(2, device='cuda:0')	1	356
tensor(2, device='cuda:0')	2	357
tensor(0, device='cuda:0')	0	358
tensor(0, device='cuda:0')	2	358
tensor(0, device='cuda:0')	0	359
tensor(2, device='cuda:0')	1	359
tensor(2, device='cuda:0')	2	360
tensor(2, device='cuda:0')	1	360
tensor(3, device='cuda:0')	3	361
tensor(2, device='cuda:0')	3	361
tensor(3, device='cuda:0')	3	362
tensor(1, device='cuda:0')	2	362
tensor(2, device='cuda:0')	1	362
tensor(2, device='cuda:0')	2	363
tensor(4, device='cuda:0')	0	363
tensor(0, device='cuda:0')	3	363
tensor(2, device='cuda:0')	3	363
tensor(0, device='cuda:0')	2	363
tensor(2, device='cuda:0')	2	364
tensor(3, device='cuda:0')	1	364
tensor(1, device='cuda:0')	3	364
tensor(2, device='cuda:0')	0	364
tensor(0, device='cuda:0')	0	365
tensor(3, device='cuda:0')	0	365
tensor(1, device='cuda:0')	1	366
tensor(1, device='cuda:0')	1	367
tensor(0, device='cuda:0')	0	368
tensor(1, device='cuda:0')	3	368
tensor(2, device='cuda:0')	3	368
tensor(2, device='cuda:0')	2	369
tensor(3, device='cuda:0')	2	369
tensor(1, device='cuda:0')	1	370
tensor(1, device='cuda:0')	0	370
tensor(0, device='cuda:0')	2	370
tensor(3, device='cuda:0')	2	370
tensor(2, device='cuda:0')	2	371
tensor(0, device='cuda:0')	1	371
tensor(0, device='cuda:0')	0	372
tensor(1, device='cuda:0')	1	373
tensor(2, device='cuda:0')	2	374
tensor(0, device='cuda:0')	1	374
tensor(2, device='cuda:0')	2	375
tensor(0, device='cuda:0')	0	376
tensor(0, device='cuda:0')	3	376
tensor(0, device='cuda:0')	0	377
tensor(2, device='cuda:0')	0	377
tensor(0, device='cuda:0')	3	377
tensor(2, device='cuda:0')	1	377
tensor(3, device='cuda:0')	1	377
tensor(0, device='cuda:0')	0	378
tensor(2, device='cuda:0')	2	379
tensor(3, device='cuda:0')	3	380
tensor(1, device='cuda:0')	2	380
tensor(2, device='cuda:0')	0	380
tensor(2, device='cuda:0')	0	380
tensor(3, device='cuda:0')	3	381
tensor(2, device='cuda:0')	3	381
tensor(2, device='cuda:0')	3	381
tensor(0, device='cuda:0')	0	382
tensor(2, device='cuda:0')	1	382
tensor(2, device='cuda:0')	1	382
tensor(3, device='cuda:0')	3	383
tensor(2, device='cuda:0')	1	383
tensor(2, device='cuda:0')	0	383
tensor(1, device='cuda:0')	3	383
tensor(1, device='cuda:0')	1	384
tensor(0, device='cuda:0')	0	385
tensor(2, device='cuda:0')	2	386
tensor(0, device='cuda:0')	1	386
tensor(1, device='cuda:0')	3	386
tensor(1, device='cuda:0')	1	387
tensor(2, device='cuda:0')	2	388
tensor(0, device='cuda:0')	0	389
tensor(2, device='cuda:0')	0	389
tensor(1, device='cuda:0')	3	389
tensor(0, device='cuda:0')	0	390
tensor(0, device='cuda:0')	1	390
tensor(3, device='cuda:0')	1	390
tensor(2, device='cuda:0')	3	390
tensor(3, device='cuda:0')	1	390
tensor(0, device='cuda:0')	1	390
tensor(3, device='cuda:0')	3	391
tensor(3, device='cuda:0')	2	391
tensor(2, device='cuda:0')	2	392
tensor(3, device='cuda:0')	1	392
tensor(0, device='cuda:0')	3	392
tensor(1, device='cuda:0')	1	393
tensor(1, device='cuda:0')	1	394
tensor(2, device='cuda:0')	2	395
tensor(1, device='cuda:0')	1	396
tensor(1, device='cuda:0')	0	396
tensor(1, device='cuda:0')	0	396
tensor(1, device='cuda:0')	2	396
tensor(2, device='cuda:0')	2	397
tensor(2, device='cuda:0')	3	397
tensor(0, device='cuda:0')	0	398
tensor(0, device='cuda:0')	3	398
tensor(1, device='cuda:0')	1	399
tensor(2, device='cuda:0')	2	400
tensor(1, device='cuda:0')	0	400
tensor(3, device='cuda:0')	2	400
tensor(0, device='cuda:0')	2	400
tensor(0, device='cuda:0')	2	400
tensor(3, device='cuda:0')	3	401
tensor(2, device='cuda:0')	3	401
tensor(2, device='cuda:0')	2	402
tensor(1, device='cuda:0')	2	402
tensor(1, device='cuda:0')	1	403
tensor(3, device='cuda:0')	1	403
tensor(0, device='cuda:0')	1	403
tensor(3, device='cuda:0')	3	404
tensor(2, device='cuda:0')	2	405
tensor(3, device='cuda:0')	2	405
tensor(3, device='cuda:0')	2	405
tensor(2, device='cuda:0')	2	406
tensor(3, device='cuda:0')	1	406
tensor(0, device='cuda:0')	0	407
tensor(2, device='cuda:0')	1	407
tensor(2, device='cuda:0')	1	407
tensor(2, device='cuda:0')	3	407
tensor(0, device='cuda:0')	0	408
tensor(2, device='cuda:0')	2	409
tensor(1, device='cuda:0')	1	410
tensor(0, device='cuda:0')	3	410
tensor(3, device='cuda:0')	1	410
tensor(2, device='cuda:0')	1	410
tensor(0, device='cuda:0')	3	410
tensor(2, device='cuda:0')	3	410
tensor(2, device='cuda:0')	3	410
tensor(3, device='cuda:0')	2	410
tensor(3, device='cuda:0')	1	410
tensor(0, device='cuda:0')	3	410
tensor(1, device='cuda:0')	3	410
tensor(3, device='cuda:0')	3	411
tensor(1, device='cuda:0')	1	412
tensor(2, device='cuda:0')	3	412
tensor(3, device='cuda:0')	3	413
tensor(3, device='cuda:0')	2	413
tensor(0, device='cuda:0')	1	413
tensor(2, device='cuda:0')	3	413
tensor(0, device='cuda:0')	2	413
tensor(2, device='cuda:0')	1	413
tensor(2, device='cuda:0')	1	413
tensor(2, device='cuda:0')	2	414
tensor(2, device='cuda:0')	2	415
tensor(0, device='cuda:0')	0	416
tensor(0, device='cuda:0')	0	417
tensor(0, device='cuda:0')	2	417
tensor(3, device='cuda:0')	0	417
tensor(3, device='cuda:0')	1	417
tensor(2, device='cuda:0')	2	418
tensor(1, device='cuda:0')	3	418
tensor(3, device='cuda:0')	3	419
tensor(3, device='cuda:0')	3	420
tensor(0, device='cuda:0')	0	421
tensor(0, device='cuda:0')	0	422
tensor(2, device='cuda:0')	3	422
tensor(3, device='cuda:0')	0	422
tensor(3, device='cuda:0')	0	422
tensor(2, device='cuda:0')	0	422
tensor(1, device='cuda:0')	1	423
tensor(2, device='cuda:0')	3	423
tensor(0, device='cuda:0')	3	423
tensor(1, device='cuda:0')	0	423
tensor(3, device='cuda:0')	3	424
tensor(0, device='cuda:0')	0	425
tensor(0, device='cuda:0')	2	425
tensor(0, device='cuda:0')	3	425
tensor(2, device='cuda:0')	3	425
tensor(0, device='cuda:0')	3	425
tensor(3, device='cuda:0')	2	425
tensor(0, device='cuda:0')	2	425
tensor(2, device='cuda:0')	2	426
tensor(0, device='cuda:0')	2	426
tensor(3, device='cuda:0')	1	426
tensor(0, device='cuda:0')	3	426
tensor(3, device='cuda:0')	3	427
tensor(1, device='cuda:0')	0	427
tensor(0, device='cuda:0')	3	427
tensor(3, device='cuda:0')	3	428
tensor(3, device='cuda:0')	0	428
tensor(3, device='cuda:0')	1	428
tensor(3, device='cuda:0')	3	429
tensor(0, device='cuda:0')	1	429
tensor(2, device='cuda:0')	2	430
tensor(1, device='cuda:0')	1	431
tensor(1, device='cuda:0')	1	432
tensor(1, device='cuda:0')	1	433
tensor(0, device='cuda:0')	0	434
tensor(2, device='cuda:0')	2	435
tensor(0, device='cuda:0')	0	436
tensor(3, device='cuda:0')	1	436
tensor(2, device='cuda:0')	3	436
tensor(1, device='cuda:0')	2	436
tensor(3, device='cuda:0')	1	436
tensor(1, device='cuda:0')	0	436
tensor(2, device='cuda:0')	3	436
tensor(0, device='cuda:0')	2	436
tensor(1, device='cuda:0')	3	436
tensor(0, device='cuda:0')	0	437
tensor(2, device='cuda:0')	0	437
tensor(0, device='cuda:0')	0	438
tensor(1, device='cuda:0')	0	438
tensor(0, device='cuda:0')	1	438
tensor(0, device='cuda:0')	0	439
tensor(3, device='cuda:0')	1	439
tensor(3, device='cuda:0')	1	439
tensor(3, device='cuda:0')	0	439
tensor(1, device='cuda:0')	1	440
tensor(1, device='cuda:0')	3	440
tensor(2, device='cuda:0')	3	440
tensor(1, device='cuda:0')	2	440
tensor(1, device='cuda:0')	2	440
tensor(2, device='cuda:0')	3	440
tensor(0, device='cuda:0')	2	440
tensor(1, device='cuda:0')	3	440
tensor(3, device='cuda:0')	3	441
tensor(1, device='cuda:0')	0	441
tensor(1, device='cuda:0')	1	442
tensor(0, device='cuda:0')	0	443
tensor(3, device='cuda:0')	3	444
tensor(3, device='cuda:0')	2	444
tensor(3, device='cuda:0')	3	445
tensor(3, device='cuda:0')	3	446
tensor(3, device='cuda:0')	1	446
tensor(1, device='cuda:0')	1	447
tensor(0, device='cuda:0')	0	448
tensor(1, device='cuda:0')	3	448
tensor(0, device='cuda:0')	0	449
tensor(0, device='cuda:0')	0	450
tensor(1, device='cuda:0')	3	450
tensor(1, device='cuda:0')	0	450
tensor(2, device='cuda:0')	2	451
tensor(1, device='cuda:0')	3	451
tensor(0, device='cuda:0')	0	452
tensor(1, device='cuda:0')	3	452
tensor(3, device='cuda:0')	0	452
tensor(2, device='cuda:0')	2	453
tensor(2, device='cuda:0')	1	453
tensor(2, device='cuda:0')	2	454
tensor(3, device='cuda:0')	3	455
tensor(0, device='cuda:0')	1	455
tensor(3, device='cuda:0')	3	456
tensor(1, device='cuda:0')	2	456
tensor(0, device='cuda:0')	1	456
tensor(3, device='cuda:0')	3	457
tensor(0, device='cuda:0')	3	457
tensor(2, device='cuda:0')	1	457
tensor(2, device='cuda:0')	3	457
tensor(1, device='cuda:0')	0	457
tensor(0, device='cuda:0')	2	457
tensor(3, device='cuda:0')	1	457
tensor(1, device='cuda:0')	3	457
tensor(0, device='cuda:0')	1	457
tensor(3, device='cuda:0')	1	457
tensor(1, device='cuda:0')	3	457
tensor(1, device='cuda:0')	3	457
tensor(2, device='cuda:0')	2	458
tensor(2, device='cuda:0')	3	458
tensor(2, device='cuda:0')	1	458
tensor(1, device='cuda:0')	1	459
tensor(2, device='cuda:0')	2	460
tensor(0, device='cuda:0')	3	460
tensor(2, device='cuda:0')	2	461
tensor(3, device='cuda:0')	0	461
tensor(1, device='cuda:0')	0	461
tensor(2, device='cuda:0')	2	462
tensor(3, device='cuda:0')	0	462
tensor(1, device='cuda:0')	0	462
tensor(0, device='cuda:0')	0	463
tensor(2, device='cuda:0')	2	464
tensor(2, device='cuda:0')	2	465
tensor(1, device='cuda:0')	0	465
tensor(2, device='cuda:0')	2	466
tensor(0, device='cuda:0')	0	467
tensor(2, device='cuda:0')	1	467
tensor(1, device='cuda:0')	0	467
tensor(1, device='cuda:0')	3	467
tensor(1, device='cuda:0')	1	468
tensor(3, device='cuda:0')	3	469
tensor(2, device='cuda:0')	2	470
tensor(0, device='cuda:0')	2	470
tensor(2, device='cuda:0')	2	471
tensor(1, device='cuda:0')	2	471
tensor(0, device='cuda:0')	3	471
tensor(2, device='cuda:0')	2	472
tensor(1, device='cuda:0')	0	472
tensor(3, device='cuda:0')	3	473
tensor(3, device='cuda:0')	3	474
tensor(0, device='cuda:0')	1	474
tensor(1, device='cuda:0')	1	475
tensor(0, device='cuda:0')	1	475
tensor(2, device='cuda:0')	3	475
tensor(1, device='cuda:0')	2	475
tensor(0, device='cuda:0')	1	475
tensor(2, device='cuda:0')	2	476
tensor(2, device='cuda:0')	3	476
tensor(1, device='cuda:0')	2	476
tensor(3, device='cuda:0')	2	476
tensor(2, device='cuda:0')	3	476
tensor(0, device='cuda:0')	3	476
tensor(0, device='cuda:0')	3	476
tensor(0, device='cuda:0')	0	477
tensor(0, device='cuda:0')	2	477
tensor(3, device='cuda:0')	0	477
tensor(2, device='cuda:0')	0	477
tensor(2, device='cuda:0')	1	477
tensor(0, device='cuda:0')	0	478
tensor(2, device='cuda:0')	2	479
tensor(1, device='cuda:0')	1	480
tensor(0, device='cuda:0')	0	481
tensor(3, device='cuda:0')	0	481
tensor(1, device='cuda:0')	1	482
tensor(0, device='cuda:0')	0	483
tensor(0, device='cuda:0')	0	484
tensor(0, device='cuda:0')	0	485
tensor(1, device='cuda:0')	3	485
tensor(2, device='cuda:0')	0	485
1172
Accuracy: 0.4138225255972696
