loading archive file checkpoints
loading archive file data/CommonsenseQA
| dictionary: 50265 types
tensor(3, device='cuda:0')	2	0
tensor(1, device='cuda:0')	1	1
tensor(1, device='cuda:0')	2	1
tensor(3, device='cuda:0')	3	2
tensor(3, device='cuda:0')	3	3
tensor(2, device='cuda:0')	1	3
tensor(3, device='cuda:0')	2	3
tensor(0, device='cuda:0')	2	3
tensor(0, device='cuda:0')	1	3
tensor(1, device='cuda:0')	0	3
tensor(1, device='cuda:0')	1	4
tensor(2, device='cuda:0')	0	4
tensor(0, device='cuda:0')	2	4
tensor(3, device='cuda:0')	2	4
tensor(3, device='cuda:0')	2	4
tensor(0, device='cuda:0')	0	5
tensor(2, device='cuda:0')	2	6
tensor(1, device='cuda:0')	1	7
tensor(0, device='cuda:0')	0	8
tensor(0, device='cuda:0')	2	8
tensor(3, device='cuda:0')	1	8
tensor(0, device='cuda:0')	1	8
tensor(0, device='cuda:0')	0	9
tensor(3, device='cuda:0')	2	9
tensor(2, device='cuda:0')	1	9
tensor(1, device='cuda:0')	3	9
tensor(1, device='cuda:0')	1	10
tensor(1, device='cuda:0')	1	11
tensor(2, device='cuda:0')	2	12
tensor(1, device='cuda:0')	1	13
tensor(1, device='cuda:0')	3	13
tensor(2, device='cuda:0')	2	14
tensor(0, device='cuda:0')	0	15
tensor(2, device='cuda:0')	2	16
tensor(3, device='cuda:0')	0	16
tensor(2, device='cuda:0')	0	16
tensor(1, device='cuda:0')	1	17
tensor(3, device='cuda:0')	1	17
tensor(2, device='cuda:0')	2	18
tensor(2, device='cuda:0')	1	18
tensor(2, device='cuda:0')	2	19
tensor(3, device='cuda:0')	0	19
tensor(2, device='cuda:0')	2	20
tensor(0, device='cuda:0')	3	20
tensor(2, device='cuda:0')	1	20
tensor(1, device='cuda:0')	1	21
tensor(1, device='cuda:0')	2	21
tensor(3, device='cuda:0')	2	21
tensor(3, device='cuda:0')	2	21
tensor(1, device='cuda:0')	0	21
tensor(2, device='cuda:0')	3	21
tensor(1, device='cuda:0')	2	21
tensor(0, device='cuda:0')	0	22
tensor(1, device='cuda:0')	2	22
tensor(0, device='cuda:0')	2	22
tensor(1, device='cuda:0')	1	23
tensor(2, device='cuda:0')	2	24
tensor(0, device='cuda:0')	0	25
tensor(1, device='cuda:0')	0	25
tensor(3, device='cuda:0')	2	25
tensor(3, device='cuda:0')	3	26
tensor(1, device='cuda:0')	1	27
tensor(3, device='cuda:0')	3	28
tensor(1, device='cuda:0')	2	28
tensor(0, device='cuda:0')	3	28
tensor(3, device='cuda:0')	0	28
tensor(1, device='cuda:0')	0	28
tensor(2, device='cuda:0')	2	29
tensor(2, device='cuda:0')	1	29
tensor(0, device='cuda:0')	0	30
tensor(1, device='cuda:0')	0	30
tensor(3, device='cuda:0')	2	30
tensor(2, device='cuda:0')	1	30
tensor(3, device='cuda:0')	3	31
tensor(3, device='cuda:0')	3	32
tensor(2, device='cuda:0')	0	32
tensor(0, device='cuda:0')	1	32
tensor(1, device='cuda:0')	1	33
tensor(3, device='cuda:0')	1	33
tensor(1, device='cuda:0')	0	33
tensor(3, device='cuda:0')	3	34
tensor(1, device='cuda:0')	2	34
tensor(1, device='cuda:0')	2	34
tensor(3, device='cuda:0')	3	35
tensor(2, device='cuda:0')	3	35
tensor(3, device='cuda:0')	0	35
tensor(0, device='cuda:0')	0	36
tensor(3, device='cuda:0')	3	37
tensor(2, device='cuda:0')	2	38
tensor(2, device='cuda:0')	2	39
tensor(0, device='cuda:0')	0	40
tensor(0, device='cuda:0')	3	40
tensor(3, device='cuda:0')	3	41
tensor(1, device='cuda:0')	0	41
tensor(1, device='cuda:0')	1	42
tensor(3, device='cuda:0')	2	42
tensor(3, device='cuda:0')	2	42
tensor(1, device='cuda:0')	1	43
tensor(1, device='cuda:0')	1	44
tensor(1, device='cuda:0')	1	45
tensor(2, device='cuda:0')	2	46
tensor(2, device='cuda:0')	3	46
tensor(0, device='cuda:0')	0	47
tensor(1, device='cuda:0')	1	48
tensor(2, device='cuda:0')	2	49
tensor(0, device='cuda:0')	1	49
tensor(3, device='cuda:0')	3	50
tensor(2, device='cuda:0')	1	50
tensor(2, device='cuda:0')	3	50
tensor(2, device='cuda:0')	0	50
tensor(0, device='cuda:0')	0	51
tensor(2, device='cuda:0')	0	51
tensor(2, device='cuda:0')	0	51
tensor(0, device='cuda:0')	0	52
tensor(1, device='cuda:0')	1	53
tensor(2, device='cuda:0')	3	53
tensor(2, device='cuda:0')	1	53
tensor(2, device='cuda:0')	2	54
tensor(2, device='cuda:0')	3	54
tensor(2, device='cuda:0')	2	55
tensor(0, device='cuda:0')	0	56
tensor(0, device='cuda:0')	0	57
tensor(1, device='cuda:0')	3	57
tensor(1, device='cuda:0')	0	57
tensor(3, device='cuda:0')	1	57
tensor(3, device='cuda:0')	3	58
tensor(2, device='cuda:0')	0	58
tensor(3, device='cuda:0')	1	58
tensor(1, device='cuda:0')	3	58
tensor(1, device='cuda:0')	2	58
tensor(1, device='cuda:0')	1	59
tensor(2, device='cuda:0')	2	60
tensor(2, device='cuda:0')	3	60
tensor(1, device='cuda:0')	1	61
tensor(2, device='cuda:0')	1	61
tensor(1, device='cuda:0')	1	62
tensor(1, device='cuda:0')	1	63
tensor(0, device='cuda:0')	1	63
tensor(0, device='cuda:0')	0	64
tensor(2, device='cuda:0')	1	64
tensor(2, device='cuda:0')	3	64
tensor(2, device='cuda:0')	2	65
tensor(3, device='cuda:0')	0	65
tensor(3, device='cuda:0')	0	65
tensor(0, device='cuda:0')	0	66
tensor(0, device='cuda:0')	2	66
tensor(0, device='cuda:0')	1	66
tensor(1, device='cuda:0')	0	66
tensor(2, device='cuda:0')	2	67
tensor(0, device='cuda:0')	0	68
tensor(1, device='cuda:0')	2	68
tensor(3, device='cuda:0')	3	69
tensor(3, device='cuda:0')	3	70
tensor(1, device='cuda:0')	1	71
tensor(2, device='cuda:0')	1	71
tensor(2, device='cuda:0')	3	71
tensor(3, device='cuda:0')	2	71
tensor(2, device='cuda:0')	1	71
tensor(1, device='cuda:0')	2	71
tensor(2, device='cuda:0')	1	71
tensor(2, device='cuda:0')	0	71
tensor(1, device='cuda:0')	3	71
tensor(2, device='cuda:0')	0	71
tensor(1, device='cuda:0')	1	72
tensor(1, device='cuda:0')	0	72
tensor(1, device='cuda:0')	0	72
tensor(1, device='cuda:0')	2	72
tensor(2, device='cuda:0')	1	72
tensor(0, device='cuda:0')	0	73
tensor(3, device='cuda:0')	3	74
tensor(2, device='cuda:0')	3	74
tensor(3, device='cuda:0')	3	75
tensor(3, device='cuda:0')	1	75
tensor(1, device='cuda:0')	3	75
tensor(0, device='cuda:0')	2	75
tensor(0, device='cuda:0')	0	76
tensor(0, device='cuda:0')	0	77
tensor(1, device='cuda:0')	0	77
tensor(0, device='cuda:0')	1	77
tensor(2, device='cuda:0')	2	78
tensor(3, device='cuda:0')	0	78
tensor(3, device='cuda:0')	3	79
tensor(1, device='cuda:0')	2	79
tensor(1, device='cuda:0')	2	79
tensor(3, device='cuda:0')	0	79
tensor(0, device='cuda:0')	2	79
tensor(3, device='cuda:0')	3	80
tensor(3, device='cuda:0')	0	80
tensor(2, device='cuda:0')	2	81
tensor(0, device='cuda:0')	2	81
tensor(1, device='cuda:0')	2	81
tensor(1, device='cuda:0')	1	82
tensor(3, device='cuda:0')	0	82
tensor(3, device='cuda:0')	3	83
tensor(1, device='cuda:0')	1	84
tensor(0, device='cuda:0')	0	85
tensor(3, device='cuda:0')	1	85
tensor(2, device='cuda:0')	2	86
tensor(2, device='cuda:0')	1	86
tensor(2, device='cuda:0')	1	86
tensor(3, device='cuda:0')	2	86
tensor(1, device='cuda:0')	2	86
tensor(0, device='cuda:0')	0	87
tensor(2, device='cuda:0')	1	87
tensor(1, device='cuda:0')	3	87
tensor(0, device='cuda:0')	2	87
tensor(2, device='cuda:0')	1	87
tensor(2, device='cuda:0')	2	88
tensor(2, device='cuda:0')	2	89
tensor(2, device='cuda:0')	2	90
tensor(1, device='cuda:0')	2	90
tensor(2, device='cuda:0')	3	90
tensor(2, device='cuda:0')	2	91
tensor(1, device='cuda:0')	1	92
tensor(3, device='cuda:0')	1	92
tensor(1, device='cuda:0')	1	93
tensor(2, device='cuda:0')	3	93
tensor(0, device='cuda:0')	0	94
tensor(0, device='cuda:0')	2	94
tensor(2, device='cuda:0')	1	94
tensor(1, device='cuda:0')	0	94
tensor(1, device='cuda:0')	1	95
tensor(3, device='cuda:0')	0	95
tensor(2, device='cuda:0')	0	95
tensor(1, device='cuda:0')	0	95
tensor(0, device='cuda:0')	0	96
tensor(0, device='cuda:0')	2	96
tensor(1, device='cuda:0')	1	97
tensor(3, device='cuda:0')	1	97
tensor(1, device='cuda:0')	1	98
tensor(3, device='cuda:0')	3	99
tensor(3, device='cuda:0')	0	99
tensor(0, device='cuda:0')	0	100
tensor(1, device='cuda:0')	1	101
tensor(2, device='cuda:0')	2	102
tensor(0, device='cuda:0')	1	102
tensor(3, device='cuda:0')	3	103
tensor(1, device='cuda:0')	3	103
tensor(3, device='cuda:0')	1	103
tensor(2, device='cuda:0')	0	103
tensor(3, device='cuda:0')	3	104
tensor(3, device='cuda:0')	2	104
tensor(3, device='cuda:0')	1	104
tensor(3, device='cuda:0')	0	104
tensor(3, device='cuda:0')	1	104
tensor(2, device='cuda:0')	2	105
tensor(1, device='cuda:0')	0	105
tensor(2, device='cuda:0')	2	106
tensor(2, device='cuda:0')	1	106
tensor(1, device='cuda:0')	1	107
tensor(0, device='cuda:0')	3	107
tensor(0, device='cuda:0')	1	107
tensor(0, device='cuda:0')	0	108
tensor(1, device='cuda:0')	3	108
tensor(1, device='cuda:0')	3	108
tensor(3, device='cuda:0')	0	108
tensor(1, device='cuda:0')	3	108
tensor(0, device='cuda:0')	0	109
tensor(3, device='cuda:0')	2	109
tensor(3, device='cuda:0')	0	109
tensor(1, device='cuda:0')	2	109
tensor(3, device='cuda:0')	3	110
tensor(0, device='cuda:0')	0	111
tensor(2, device='cuda:0')	3	111
tensor(2, device='cuda:0')	1	111
tensor(1, device='cuda:0')	2	111
tensor(0, device='cuda:0')	0	112
tensor(0, device='cuda:0')	2	112
tensor(0, device='cuda:0')	1	112
tensor(3, device='cuda:0')	2	112
tensor(3, device='cuda:0')	2	112
tensor(3, device='cuda:0')	0	112
tensor(1, device='cuda:0')	2	112
tensor(2, device='cuda:0')	1	112
tensor(1, device='cuda:0')	1	113
tensor(2, device='cuda:0')	3	113
tensor(1, device='cuda:0')	1	114
tensor(0, device='cuda:0')	1	114
tensor(1, device='cuda:0')	3	114
tensor(1, device='cuda:0')	1	115
tensor(3, device='cuda:0')	1	115
tensor(1, device='cuda:0')	3	115
tensor(1, device='cuda:0')	0	115
tensor(3, device='cuda:0')	1	115
tensor(2, device='cuda:0')	1	115
tensor(0, device='cuda:0')	2	115
tensor(3, device='cuda:0')	2	115
tensor(3, device='cuda:0')	2	115
tensor(1, device='cuda:0')	1	116
tensor(0, device='cuda:0')	2	116
tensor(0, device='cuda:0')	3	116
tensor(1, device='cuda:0')	1	117
tensor(2, device='cuda:0')	2	118
tensor(1, device='cuda:0')	1	119
tensor(2, device='cuda:0')	2	120
tensor(1, device='cuda:0')	1	121
tensor(2, device='cuda:0')	2	122
tensor(0, device='cuda:0')	2	122
tensor(3, device='cuda:0')	1	122
tensor(1, device='cuda:0')	0	122
tensor(2, device='cuda:0')	3	122
tensor(0, device='cuda:0')	2	122
tensor(1, device='cuda:0')	1	123
tensor(2, device='cuda:0')	2	124
tensor(3, device='cuda:0')	0	124
tensor(1, device='cuda:0')	0	124
tensor(0, device='cuda:0')	3	124
tensor(3, device='cuda:0')	2	124
tensor(2, device='cuda:0')	2	125
tensor(2, device='cuda:0')	2	126
tensor(0, device='cuda:0')	1	126
tensor(3, device='cuda:0')	0	126
tensor(0, device='cuda:0')	3	126
tensor(0, device='cuda:0')	2	126
tensor(0, device='cuda:0')	1	126
tensor(0, device='cuda:0')	0	127
tensor(1, device='cuda:0')	2	127
tensor(3, device='cuda:0')	1	127
tensor(3, device='cuda:0')	0	127
tensor(1, device='cuda:0')	1	128
tensor(1, device='cuda:0')	0	128
tensor(3, device='cuda:0')	2	128
tensor(0, device='cuda:0')	0	129
tensor(2, device='cuda:0')	1	129
tensor(1, device='cuda:0')	0	129
tensor(2, device='cuda:0')	2	130
tensor(3, device='cuda:0')	1	130
tensor(2, device='cuda:0')	3	130
tensor(1, device='cuda:0')	0	130
tensor(1, device='cuda:0')	3	130
tensor(1, device='cuda:0')	3	130
tensor(2, device='cuda:0')	2	131
tensor(0, device='cuda:0')	0	132
tensor(1, device='cuda:0')	1	133
tensor(1, device='cuda:0')	2	133
tensor(1, device='cuda:0')	3	133
tensor(1, device='cuda:0')	0	133
tensor(1, device='cuda:0')	1	134
tensor(1, device='cuda:0')	0	134
tensor(3, device='cuda:0')	3	135
tensor(2, device='cuda:0')	2	136
tensor(2, device='cuda:0')	2	137
tensor(3, device='cuda:0')	1	137
tensor(3, device='cuda:0')	3	138
tensor(0, device='cuda:0')	0	139
tensor(1, device='cuda:0')	1	140
tensor(3, device='cuda:0')	2	140
tensor(3, device='cuda:0')	2	140
tensor(2, device='cuda:0')	0	140
tensor(0, device='cuda:0')	3	140
tensor(3, device='cuda:0')	3	141
tensor(1, device='cuda:0')	1	142
tensor(0, device='cuda:0')	3	142
tensor(2, device='cuda:0')	2	143
tensor(1, device='cuda:0')	3	143
tensor(3, device='cuda:0')	3	144
tensor(0, device='cuda:0')	0	145
tensor(0, device='cuda:0')	1	145
tensor(1, device='cuda:0')	3	145
tensor(0, device='cuda:0')	2	145
tensor(0, device='cuda:0')	1	145
tensor(3, device='cuda:0')	0	145
tensor(0, device='cuda:0')	2	145
tensor(3, device='cuda:0')	0	145
tensor(3, device='cuda:0')	2	145
tensor(2, device='cuda:0')	1	145
tensor(0, device='cuda:0')	1	145
tensor(0, device='cuda:0')	0	146
tensor(2, device='cuda:0')	2	147
tensor(0, device='cuda:0')	3	147
tensor(1, device='cuda:0')	0	147
tensor(0, device='cuda:0')	1	147
tensor(1, device='cuda:0')	1	148
tensor(2, device='cuda:0')	0	148
tensor(3, device='cuda:0')	2	148
tensor(2, device='cuda:0')	3	148
tensor(1, device='cuda:0')	1	149
tensor(3, device='cuda:0')	2	149
tensor(3, device='cuda:0')	2	149
tensor(1, device='cuda:0')	1	150
tensor(0, device='cuda:0')	0	151
tensor(3, device='cuda:0')	2	151
tensor(2, device='cuda:0')	2	152
tensor(3, device='cuda:0')	0	152
tensor(1, device='cuda:0')	2	152
tensor(1, device='cuda:0')	1	153
tensor(2, device='cuda:0')	1	153
tensor(0, device='cuda:0')	3	153
tensor(3, device='cuda:0')	3	154
tensor(0, device='cuda:0')	0	155
tensor(0, device='cuda:0')	2	155
tensor(3, device='cuda:0')	3	156
tensor(2, device='cuda:0')	2	157
tensor(0, device='cuda:0')	1	157
tensor(0, device='cuda:0')	0	158
tensor(3, device='cuda:0')	2	158
tensor(1, device='cuda:0')	2	158
tensor(3, device='cuda:0')	3	159
tensor(2, device='cuda:0')	2	160
tensor(2, device='cuda:0')	2	161
tensor(2, device='cuda:0')	2	162
tensor(0, device='cuda:0')	0	163
tensor(1, device='cuda:0')	2	163
tensor(3, device='cuda:0')	3	164
tensor(1, device='cuda:0')	0	164
tensor(0, device='cuda:0')	0	165
tensor(1, device='cuda:0')	2	165
tensor(3, device='cuda:0')	3	166
tensor(3, device='cuda:0')	1	166
tensor(3, device='cuda:0')	0	166
tensor(1, device='cuda:0')	1	167
tensor(2, device='cuda:0')	3	167
tensor(0, device='cuda:0')	1	167
tensor(0, device='cuda:0')	0	168
tensor(2, device='cuda:0')	2	169
tensor(2, device='cuda:0')	3	169
tensor(2, device='cuda:0')	0	169
tensor(2, device='cuda:0')	3	169
tensor(3, device='cuda:0')	3	170
tensor(1, device='cuda:0')	1	171
tensor(2, device='cuda:0')	0	171
tensor(0, device='cuda:0')	2	171
tensor(1, device='cuda:0')	1	172
tensor(1, device='cuda:0')	1	173
tensor(1, device='cuda:0')	1	174
tensor(3, device='cuda:0')	3	175
tensor(2, device='cuda:0')	2	176
tensor(1, device='cuda:0')	1	177
tensor(2, device='cuda:0')	1	177
tensor(1, device='cuda:0')	1	178
tensor(3, device='cuda:0')	0	178
tensor(3, device='cuda:0')	3	179
tensor(3, device='cuda:0')	3	180
tensor(1, device='cuda:0')	2	180
tensor(0, device='cuda:0')	0	181
tensor(1, device='cuda:0')	1	182
tensor(3, device='cuda:0')	3	183
tensor(2, device='cuda:0')	2	184
tensor(2, device='cuda:0')	0	184
tensor(0, device='cuda:0')	2	184
tensor(1, device='cuda:0')	3	184
tensor(2, device='cuda:0')	2	185
tensor(2, device='cuda:0')	0	185
tensor(2, device='cuda:0')	0	185
tensor(1, device='cuda:0')	1	186
tensor(2, device='cuda:0')	3	186
tensor(2, device='cuda:0')	2	187
tensor(2, device='cuda:0')	3	187
tensor(1, device='cuda:0')	1	188
tensor(1, device='cuda:0')	3	188
tensor(1, device='cuda:0')	1	189
tensor(1, device='cuda:0')	1	190
tensor(0, device='cuda:0')	3	190
tensor(3, device='cuda:0')	2	190
tensor(0, device='cuda:0')	0	191
tensor(1, device='cuda:0')	1	192
tensor(3, device='cuda:0')	3	193
tensor(2, device='cuda:0')	2	194
tensor(2, device='cuda:0')	2	195
tensor(0, device='cuda:0')	3	195
tensor(0, device='cuda:0')	0	196
tensor(0, device='cuda:0')	1	196
tensor(2, device='cuda:0')	1	196
tensor(0, device='cuda:0')	2	196
tensor(1, device='cuda:0')	3	196
tensor(2, device='cuda:0')	0	196
tensor(1, device='cuda:0')	1	197
tensor(3, device='cuda:0')	1	197
tensor(0, device='cuda:0')	0	198
tensor(2, device='cuda:0')	2	199
tensor(0, device='cuda:0')	3	199
tensor(3, device='cuda:0')	3	200
tensor(2, device='cuda:0')	2	201
tensor(2, device='cuda:0')	1	201
tensor(3, device='cuda:0')	0	201
tensor(2, device='cuda:0')	1	201
tensor(0, device='cuda:0')	1	201
tensor(3, device='cuda:0')	1	201
tensor(0, device='cuda:0')	0	202
tensor(1, device='cuda:0')	2	202
tensor(3, device='cuda:0')	3	203
tensor(1, device='cuda:0')	2	203
tensor(2, device='cuda:0')	1	203
tensor(2, device='cuda:0')	1	203
tensor(1, device='cuda:0')	3	203
tensor(1, device='cuda:0')	3	203
tensor(3, device='cuda:0')	2	203
tensor(3, device='cuda:0')	3	204
tensor(1, device='cuda:0')	1	205
tensor(0, device='cuda:0')	3	205
tensor(0, device='cuda:0')	1	205
tensor(2, device='cuda:0')	3	205
tensor(3, device='cuda:0')	0	205
tensor(0, device='cuda:0')	1	205
tensor(3, device='cuda:0')	2	205
tensor(1, device='cuda:0')	1	206
tensor(0, device='cuda:0')	1	206
tensor(1, device='cuda:0')	1	207
tensor(0, device='cuda:0')	1	207
tensor(2, device='cuda:0')	0	207
tensor(2, device='cuda:0')	2	208
tensor(1, device='cuda:0')	0	208
tensor(2, device='cuda:0')	2	209
tensor(3, device='cuda:0')	0	209
tensor(3, device='cuda:0')	1	209
tensor(1, device='cuda:0')	1	210
tensor(3, device='cuda:0')	1	210
tensor(1, device='cuda:0')	1	211
tensor(2, device='cuda:0')	2	212
tensor(3, device='cuda:0')	0	212
tensor(2, device='cuda:0')	1	212
tensor(1, device='cuda:0')	2	212
tensor(0, device='cuda:0')	0	213
tensor(3, device='cuda:0')	3	214
tensor(3, device='cuda:0')	2	214
tensor(0, device='cuda:0')	0	215
tensor(3, device='cuda:0')	1	215
tensor(0, device='cuda:0')	3	215
tensor(1, device='cuda:0')	2	215
tensor(1, device='cuda:0')	1	216
tensor(3, device='cuda:0')	2	216
tensor(1, device='cuda:0')	3	216
tensor(1, device='cuda:0')	2	216
tensor(3, device='cuda:0')	0	216
tensor(3, device='cuda:0')	2	216
tensor(0, device='cuda:0')	1	216
tensor(0, device='cuda:0')	1	216
tensor(3, device='cuda:0')	3	217
tensor(0, device='cuda:0')	3	217
tensor(1, device='cuda:0')	1	218
tensor(3, device='cuda:0')	3	219
tensor(2, device='cuda:0')	2	220
tensor(2, device='cuda:0')	2	221
tensor(2, device='cuda:0')	2	222
tensor(0, device='cuda:0')	3	222
tensor(0, device='cuda:0')	0	223
tensor(0, device='cuda:0')	2	223
tensor(2, device='cuda:0')	0	223
tensor(0, device='cuda:0')	1	223
tensor(2, device='cuda:0')	3	223
tensor(2, device='cuda:0')	2	224
tensor(2, device='cuda:0')	2	225
tensor(2, device='cuda:0')	2	226
tensor(1, device='cuda:0')	2	226
tensor(0, device='cuda:0')	2	226
tensor(2, device='cuda:0')	2	227
tensor(0, device='cuda:0')	0	228
tensor(0, device='cuda:0')	2	228
tensor(1, device='cuda:0')	1	229
tensor(1, device='cuda:0')	2	229
tensor(2, device='cuda:0')	3	229
tensor(1, device='cuda:0')	0	229
tensor(0, device='cuda:0')	2	229
tensor(3, device='cuda:0')	3	230
tensor(2, device='cuda:0')	3	230
tensor(3, device='cuda:0')	3	231
tensor(3, device='cuda:0')	3	232
tensor(3, device='cuda:0')	1	232
tensor(1, device='cuda:0')	3	232
tensor(3, device='cuda:0')	2	232
tensor(1, device='cuda:0')	2	232
tensor(0, device='cuda:0')	0	233
tensor(2, device='cuda:0')	1	233
tensor(0, device='cuda:0')	0	234
tensor(2, device='cuda:0')	1	234
tensor(0, device='cuda:0')	2	234
tensor(0, device='cuda:0')	0	235
tensor(2, device='cuda:0')	2	236
tensor(3, device='cuda:0')	3	237
tensor(3, device='cuda:0')	3	238
tensor(0, device='cuda:0')	3	238
tensor(0, device='cuda:0')	0	239
tensor(1, device='cuda:0')	1	240
tensor(3, device='cuda:0')	1	240
tensor(1, device='cuda:0')	1	241
tensor(0, device='cuda:0')	2	241
tensor(0, device='cuda:0')	0	242
tensor(2, device='cuda:0')	2	243
tensor(3, device='cuda:0')	3	244
tensor(2, device='cuda:0')	2	245
tensor(0, device='cuda:0')	0	246
tensor(0, device='cuda:0')	0	247
tensor(2, device='cuda:0')	0	247
tensor(1, device='cuda:0')	1	248
tensor(1, device='cuda:0')	0	248
tensor(3, device='cuda:0')	3	249
tensor(1, device='cuda:0')	1	250
tensor(1, device='cuda:0')	1	251
tensor(0, device='cuda:0')	2	251
tensor(3, device='cuda:0')	3	252
tensor(1, device='cuda:0')	0	252
tensor(1, device='cuda:0')	3	252
tensor(0, device='cuda:0')	2	252
tensor(1, device='cuda:0')	0	252
tensor(1, device='cuda:0')	3	252
tensor(0, device='cuda:0')	0	253
tensor(0, device='cuda:0')	3	253
tensor(1, device='cuda:0')	0	253
tensor(1, device='cuda:0')	1	254
tensor(2, device='cuda:0')	3	254
tensor(2, device='cuda:0')	1	254
tensor(2, device='cuda:0')	3	254
tensor(0, device='cuda:0')	0	255
tensor(2, device='cuda:0')	3	255
tensor(3, device='cuda:0')	3	256
tensor(1, device='cuda:0')	0	256
tensor(0, device='cuda:0')	1	256
tensor(1, device='cuda:0')	1	257
tensor(1, device='cuda:0')	3	257
tensor(3, device='cuda:0')	2	257
tensor(3, device='cuda:0')	3	258
tensor(0, device='cuda:0')	1	258
tensor(1, device='cuda:0')	2	258
tensor(0, device='cuda:0')	0	259
tensor(0, device='cuda:0')	0	260
tensor(3, device='cuda:0')	0	260
tensor(1, device='cuda:0')	0	260
tensor(3, device='cuda:0')	2	260
tensor(0, device='cuda:0')	1	260
tensor(1, device='cuda:0')	2	260
tensor(2, device='cuda:0')	3	260
tensor(0, device='cuda:0')	1	260
tensor(2, device='cuda:0')	1	260
tensor(1, device='cuda:0')	2	260
tensor(0, device='cuda:0')	1	260
tensor(2, device='cuda:0')	1	260
tensor(1, device='cuda:0')	2	260
tensor(1, device='cuda:0')	1	261
tensor(0, device='cuda:0')	2	261
tensor(3, device='cuda:0')	1	261
tensor(3, device='cuda:0')	1	261
tensor(1, device='cuda:0')	0	261
tensor(0, device='cuda:0')	3	261
tensor(1, device='cuda:0')	1	262
tensor(1, device='cuda:0')	3	262
tensor(1, device='cuda:0')	1	263
tensor(2, device='cuda:0')	1	263
tensor(3, device='cuda:0')	3	264
tensor(0, device='cuda:0')	2	264
tensor(0, device='cuda:0')	3	264
tensor(1, device='cuda:0')	1	265
tensor(0, device='cuda:0')	2	265
tensor(0, device='cuda:0')	2	265
tensor(1, device='cuda:0')	1	266
tensor(0, device='cuda:0')	0	267
tensor(2, device='cuda:0')	0	267
tensor(3, device='cuda:0')	2	267
tensor(1, device='cuda:0')	3	267
tensor(1, device='cuda:0')	1	268
tensor(1, device='cuda:0')	0	268
tensor(0, device='cuda:0')	0	269
tensor(2, device='cuda:0')	2	270
tensor(1, device='cuda:0')	2	270
tensor(3, device='cuda:0')	0	270
tensor(1, device='cuda:0')	1	271
tensor(3, device='cuda:0')	2	271
tensor(1, device='cuda:0')	1	272
tensor(2, device='cuda:0')	3	272
tensor(1, device='cuda:0')	2	272
tensor(1, device='cuda:0')	1	273
tensor(1, device='cuda:0')	1	274
tensor(2, device='cuda:0')	2	275
tensor(2, device='cuda:0')	2	276
tensor(3, device='cuda:0')	0	276
tensor(2, device='cuda:0')	2	277
tensor(2, device='cuda:0')	3	277
tensor(0, device='cuda:0')	0	278
tensor(2, device='cuda:0')	0	278
tensor(2, device='cuda:0')	2	279
tensor(3, device='cuda:0')	2	279
tensor(2, device='cuda:0')	2	280
tensor(2, device='cuda:0')	2	281
tensor(1, device='cuda:0')	3	281
tensor(2, device='cuda:0')	2	282
tensor(0, device='cuda:0')	0	283
tensor(0, device='cuda:0')	2	283
tensor(0, device='cuda:0')	1	283
tensor(3, device='cuda:0')	0	283
tensor(1, device='cuda:0')	3	283
tensor(2, device='cuda:0')	2	284
tensor(1, device='cuda:0')	3	284
tensor(1, device='cuda:0')	1	285
tensor(2, device='cuda:0')	0	285
tensor(2, device='cuda:0')	2	286
tensor(2, device='cuda:0')	0	286
tensor(0, device='cuda:0')	1	286
tensor(2, device='cuda:0')	1	286
tensor(2, device='cuda:0')	1	286
tensor(0, device='cuda:0')	1	286
tensor(3, device='cuda:0')	3	287
tensor(3, device='cuda:0')	3	288
tensor(2, device='cuda:0')	0	288
tensor(1, device='cuda:0')	0	288
tensor(3, device='cuda:0')	2	288
tensor(2, device='cuda:0')	0	288
tensor(2, device='cuda:0')	2	289
tensor(1, device='cuda:0')	2	289
tensor(0, device='cuda:0')	0	290
tensor(2, device='cuda:0')	1	290
tensor(0, device='cuda:0')	2	290
tensor(0, device='cuda:0')	3	290
tensor(3, device='cuda:0')	3	291
tensor(1, device='cuda:0')	2	291
tensor(3, device='cuda:0')	3	292
tensor(0, device='cuda:0')	1	292
tensor(2, device='cuda:0')	2	293
tensor(0, device='cuda:0')	0	294
tensor(2, device='cuda:0')	1	294
tensor(1, device='cuda:0')	1	295
tensor(3, device='cuda:0')	0	295
tensor(0, device='cuda:0')	3	295
tensor(2, device='cuda:0')	2	296
tensor(0, device='cuda:0')	0	297
tensor(1, device='cuda:0')	1	298
tensor(0, device='cuda:0')	2	298
tensor(3, device='cuda:0')	3	299
tensor(0, device='cuda:0')	1	299
tensor(2, device='cuda:0')	2	300
tensor(2, device='cuda:0')	0	300
tensor(3, device='cuda:0')	3	301
tensor(0, device='cuda:0')	1	301
tensor(0, device='cuda:0')	1	301
tensor(1, device='cuda:0')	3	301
tensor(1, device='cuda:0')	1	302
tensor(3, device='cuda:0')	3	303
tensor(1, device='cuda:0')	1	304
tensor(3, device='cuda:0')	3	305
tensor(3, device='cuda:0')	2	305
tensor(2, device='cuda:0')	3	305
tensor(3, device='cuda:0')	2	305
tensor(2, device='cuda:0')	1	305
tensor(2, device='cuda:0')	1	305
tensor(2, device='cuda:0')	3	305
tensor(1, device='cuda:0')	2	305
tensor(3, device='cuda:0')	3	306
tensor(0, device='cuda:0')	3	306
tensor(2, device='cuda:0')	3	306
tensor(2, device='cuda:0')	3	306
tensor(1, device='cuda:0')	3	306
tensor(2, device='cuda:0')	2	307
tensor(1, device='cuda:0')	1	308
tensor(1, device='cuda:0')	3	308
tensor(0, device='cuda:0')	1	308
tensor(3, device='cuda:0')	3	309
tensor(1, device='cuda:0')	2	309
tensor(3, device='cuda:0')	3	310
tensor(1, device='cuda:0')	1	311
tensor(0, device='cuda:0')	2	311
tensor(0, device='cuda:0')	0	312
tensor(2, device='cuda:0')	2	313
tensor(3, device='cuda:0')	3	314
tensor(0, device='cuda:0')	3	314
tensor(1, device='cuda:0')	3	314
tensor(2, device='cuda:0')	3	314
tensor(2, device='cuda:0')	0	314
tensor(2, device='cuda:0')	3	314
tensor(2, device='cuda:0')	3	314
tensor(2, device='cuda:0')	2	315
tensor(0, device='cuda:0')	0	316
tensor(2, device='cuda:0')	1	316
tensor(2, device='cuda:0')	2	317
tensor(3, device='cuda:0')	2	317
tensor(3, device='cuda:0')	0	317
tensor(0, device='cuda:0')	0	318
tensor(1, device='cuda:0')	1	319
tensor(2, device='cuda:0')	0	319
tensor(3, device='cuda:0')	3	320
tensor(3, device='cuda:0')	2	320
tensor(1, device='cuda:0')	0	320
tensor(0, device='cuda:0')	0	321
tensor(0, device='cuda:0')	3	321
tensor(2, device='cuda:0')	1	321
tensor(3, device='cuda:0')	2	321
tensor(0, device='cuda:0')	1	321
tensor(2, device='cuda:0')	2	322
tensor(0, device='cuda:0')	0	323
tensor(0, device='cuda:0')	0	324
tensor(0, device='cuda:0')	3	324
tensor(2, device='cuda:0')	1	324
tensor(0, device='cuda:0')	0	325
tensor(2, device='cuda:0')	2	326
tensor(2, device='cuda:0')	1	326
tensor(1, device='cuda:0')	1	327
tensor(2, device='cuda:0')	1	327
tensor(3, device='cuda:0')	3	328
tensor(3, device='cuda:0')	3	329
tensor(1, device='cuda:0')	2	329
tensor(0, device='cuda:0')	2	329
tensor(2, device='cuda:0')	2	330
tensor(0, device='cuda:0')	0	331
tensor(1, device='cuda:0')	0	331
tensor(0, device='cuda:0')	3	331
tensor(3, device='cuda:0')	1	331
tensor(2, device='cuda:0')	1	331
tensor(1, device='cuda:0')	2	331
tensor(0, device='cuda:0')	3	331
tensor(0, device='cuda:0')	1	331
tensor(3, device='cuda:0')	3	332
tensor(2, device='cuda:0')	2	333
tensor(3, device='cuda:0')	2	333
tensor(3, device='cuda:0')	2	333
tensor(3, device='cuda:0')	2	333
tensor(2, device='cuda:0')	2	334
tensor(2, device='cuda:0')	3	334
tensor(2, device='cuda:0')	2	335
tensor(3, device='cuda:0')	1	335
tensor(2, device='cuda:0')	2	336
tensor(0, device='cuda:0')	3	336
tensor(1, device='cuda:0')	3	336
tensor(3, device='cuda:0')	3	337
tensor(0, device='cuda:0')	2	337
tensor(1, device='cuda:0')	0	337
tensor(2, device='cuda:0')	2	338
tensor(0, device='cuda:0')	3	338
tensor(1, device='cuda:0')	1	339
tensor(3, device='cuda:0')	0	339
tensor(2, device='cuda:0')	0	339
tensor(0, device='cuda:0')	3	339
tensor(1, device='cuda:0')	3	339
tensor(3, device='cuda:0')	2	339
tensor(3, device='cuda:0')	3	340
tensor(0, device='cuda:0')	0	341
tensor(0, device='cuda:0')	3	341
tensor(2, device='cuda:0')	1	341
tensor(1, device='cuda:0')	3	341
tensor(3, device='cuda:0')	1	341
tensor(0, device='cuda:0')	0	342
tensor(0, device='cuda:0')	3	342
tensor(3, device='cuda:0')	1	342
tensor(1, device='cuda:0')	0	342
tensor(0, device='cuda:0')	3	342
tensor(1, device='cuda:0')	1	343
tensor(0, device='cuda:0')	1	343
tensor(3, device='cuda:0')	3	344
tensor(1, device='cuda:0')	0	344
tensor(0, device='cuda:0')	0	345
tensor(4, device='cuda:0')	3	345
tensor(0, device='cuda:0')	0	346
tensor(1, device='cuda:0')	3	346
tensor(1, device='cuda:0')	3	346
tensor(2, device='cuda:0')	2	347
tensor(1, device='cuda:0')	1	348
tensor(3, device='cuda:0')	1	348
tensor(1, device='cuda:0')	3	348
tensor(1, device='cuda:0')	0	348
tensor(3, device='cuda:0')	1	348
tensor(3, device='cuda:0')	3	349
tensor(1, device='cuda:0')	1	350
tensor(1, device='cuda:0')	1	351
tensor(1, device='cuda:0')	3	351
tensor(2, device='cuda:0')	3	351
tensor(0, device='cuda:0')	2	351
tensor(3, device='cuda:0')	1	351
tensor(0, device='cuda:0')	1	351
tensor(0, device='cuda:0')	1	351
tensor(2, device='cuda:0')	2	352
tensor(0, device='cuda:0')	0	353
tensor(0, device='cuda:0')	2	353
tensor(0, device='cuda:0')	0	354
tensor(2, device='cuda:0')	1	354
tensor(2, device='cuda:0')	2	355
tensor(3, device='cuda:0')	1	355
tensor(3, device='cuda:0')	3	356
tensor(0, device='cuda:0')	3	356
tensor(3, device='cuda:0')	3	357
tensor(1, device='cuda:0')	2	357
tensor(1, device='cuda:0')	1	358
tensor(2, device='cuda:0')	2	359
tensor(0, device='cuda:0')	0	360
tensor(0, device='cuda:0')	3	360
tensor(2, device='cuda:0')	3	360
tensor(0, device='cuda:0')	2	360
tensor(2, device='cuda:0')	2	361
tensor(2, device='cuda:0')	1	361
tensor(1, device='cuda:0')	3	361
tensor(2, device='cuda:0')	0	361
tensor(0, device='cuda:0')	0	362
tensor(3, device='cuda:0')	0	362
tensor(0, device='cuda:0')	1	362
tensor(1, device='cuda:0')	1	363
tensor(0, device='cuda:0')	0	364
tensor(3, device='cuda:0')	3	365
tensor(2, device='cuda:0')	3	365
tensor(2, device='cuda:0')	2	366
tensor(1, device='cuda:0')	2	366
tensor(1, device='cuda:0')	1	367
tensor(1, device='cuda:0')	0	367
tensor(3, device='cuda:0')	2	367
tensor(1, device='cuda:0')	2	367
tensor(2, device='cuda:0')	2	368
tensor(0, device='cuda:0')	1	368
tensor(2, device='cuda:0')	0	368
tensor(1, device='cuda:0')	1	369
tensor(2, device='cuda:0')	2	370
tensor(0, device='cuda:0')	1	370
tensor(2, device='cuda:0')	2	371
tensor(0, device='cuda:0')	0	372
tensor(2, device='cuda:0')	3	372
tensor(0, device='cuda:0')	0	373
tensor(2, device='cuda:0')	0	373
tensor(2, device='cuda:0')	3	373
tensor(3, device='cuda:0')	1	373
tensor(3, device='cuda:0')	1	373
tensor(0, device='cuda:0')	0	374
tensor(2, device='cuda:0')	2	375
tensor(3, device='cuda:0')	3	376
tensor(1, device='cuda:0')	2	376
tensor(3, device='cuda:0')	0	376
tensor(2, device='cuda:0')	0	376
tensor(3, device='cuda:0')	3	377
tensor(2, device='cuda:0')	3	377
tensor(2, device='cuda:0')	3	377
tensor(0, device='cuda:0')	0	378
tensor(3, device='cuda:0')	1	378
tensor(2, device='cuda:0')	1	378
tensor(2, device='cuda:0')	3	378
tensor(2, device='cuda:0')	1	378
tensor(2, device='cuda:0')	0	378
tensor(0, device='cuda:0')	3	378
tensor(1, device='cuda:0')	1	379
tensor(0, device='cuda:0')	0	380
tensor(2, device='cuda:0')	2	381
tensor(3, device='cuda:0')	1	381
tensor(1, device='cuda:0')	3	381
tensor(1, device='cuda:0')	1	382
tensor(2, device='cuda:0')	2	383
tensor(2, device='cuda:0')	0	383
tensor(2, device='cuda:0')	0	383
tensor(2, device='cuda:0')	3	383
tensor(0, device='cuda:0')	0	384
tensor(3, device='cuda:0')	1	384
tensor(3, device='cuda:0')	1	384
tensor(2, device='cuda:0')	3	384
tensor(0, device='cuda:0')	1	384
tensor(0, device='cuda:0')	1	384
tensor(3, device='cuda:0')	3	385
tensor(3, device='cuda:0')	2	385
tensor(2, device='cuda:0')	2	386
tensor(0, device='cuda:0')	1	386
tensor(0, device='cuda:0')	3	386
tensor(1, device='cuda:0')	1	387
tensor(1, device='cuda:0')	1	388
tensor(2, device='cuda:0')	2	389
tensor(1, device='cuda:0')	1	390
tensor(2, device='cuda:0')	0	390
tensor(3, device='cuda:0')	0	390
tensor(3, device='cuda:0')	2	390
tensor(2, device='cuda:0')	2	391
tensor(0, device='cuda:0')	3	391
tensor(0, device='cuda:0')	0	392
tensor(1, device='cuda:0')	3	392
tensor(2, device='cuda:0')	1	392
tensor(2, device='cuda:0')	2	393
tensor(0, device='cuda:0')	0	394
tensor(3, device='cuda:0')	2	394
tensor(0, device='cuda:0')	2	394
tensor(0, device='cuda:0')	2	394
tensor(3, device='cuda:0')	3	395
tensor(2, device='cuda:0')	3	395
tensor(2, device='cuda:0')	2	396
tensor(3, device='cuda:0')	2	396
tensor(3, device='cuda:0')	1	396
tensor(3, device='cuda:0')	1	396
tensor(0, device='cuda:0')	1	396
tensor(3, device='cuda:0')	3	397
tensor(3, device='cuda:0')	2	397
tensor(0, device='cuda:0')	2	397
tensor(1, device='cuda:0')	2	397
tensor(3, device='cuda:0')	2	397
tensor(3, device='cuda:0')	1	397
tensor(0, device='cuda:0')	0	398
tensor(2, device='cuda:0')	1	398
tensor(3, device='cuda:0')	1	398
tensor(0, device='cuda:0')	3	398
tensor(0, device='cuda:0')	0	399
tensor(3, device='cuda:0')	2	399
tensor(1, device='cuda:0')	1	400
tensor(0, device='cuda:0')	3	400
tensor(0, device='cuda:0')	1	400
tensor(2, device='cuda:0')	1	400
tensor(1, device='cuda:0')	3	400
tensor(2, device='cuda:0')	3	400
tensor(2, device='cuda:0')	3	400
tensor(3, device='cuda:0')	2	400
tensor(0, device='cuda:0')	1	400
tensor(2, device='cuda:0')	3	400
tensor(1, device='cuda:0')	3	400
tensor(3, device='cuda:0')	3	401
tensor(1, device='cuda:0')	1	402
tensor(2, device='cuda:0')	3	402
tensor(3, device='cuda:0')	3	403
tensor(3, device='cuda:0')	2	403
tensor(0, device='cuda:0')	1	403
tensor(2, device='cuda:0')	3	403
tensor(3, device='cuda:0')	2	403
tensor(1, device='cuda:0')	1	404
tensor(2, device='cuda:0')	1	404
tensor(0, device='cuda:0')	2	404
tensor(3, device='cuda:0')	2	404
tensor(0, device='cuda:0')	0	405
tensor(0, device='cuda:0')	0	406
tensor(0, device='cuda:0')	2	406
tensor(2, device='cuda:0')	0	406
tensor(3, device='cuda:0')	1	406
tensor(3, device='cuda:0')	2	406
tensor(0, device='cuda:0')	3	406
tensor(3, device='cuda:0')	3	407
tensor(3, device='cuda:0')	3	408
tensor(1, device='cuda:0')	0	408
tensor(0, device='cuda:0')	0	409
tensor(2, device='cuda:0')	3	409
tensor(2, device='cuda:0')	0	409
tensor(3, device='cuda:0')	0	409
tensor(2, device='cuda:0')	0	409
tensor(0, device='cuda:0')	1	409
tensor(2, device='cuda:0')	3	409
tensor(2, device='cuda:0')	3	409
tensor(1, device='cuda:0')	0	409
tensor(2, device='cuda:0')	3	409
tensor(2, device='cuda:0')	0	409
tensor(0, device='cuda:0')	2	409
tensor(0, device='cuda:0')	3	409
tensor(2, device='cuda:0')	3	409
tensor(1, device='cuda:0')	3	409
tensor(2, device='cuda:0')	2	410
tensor(0, device='cuda:0')	2	410
tensor(2, device='cuda:0')	2	411
tensor(0, device='cuda:0')	2	411
tensor(3, device='cuda:0')	1	411
tensor(0, device='cuda:0')	3	411
tensor(3, device='cuda:0')	3	412
tensor(2, device='cuda:0')	0	412
tensor(0, device='cuda:0')	3	412
tensor(3, device='cuda:0')	3	413
tensor(2, device='cuda:0')	0	413
tensor(3, device='cuda:0')	1	413
tensor(3, device='cuda:0')	3	414
tensor(3, device='cuda:0')	1	414
tensor(2, device='cuda:0')	2	415
tensor(1, device='cuda:0')	1	416
tensor(1, device='cuda:0')	1	417
tensor(1, device='cuda:0')	1	418
tensor(0, device='cuda:0')	0	419
tensor(2, device='cuda:0')	2	420
tensor(1, device='cuda:0')	0	420
tensor(3, device='cuda:0')	1	420
tensor(2, device='cuda:0')	3	420
tensor(0, device='cuda:0')	2	420
tensor(2, device='cuda:0')	1	420
tensor(2, device='cuda:0')	0	420
tensor(0, device='cuda:0')	3	420
tensor(0, device='cuda:0')	2	420
tensor(1, device='cuda:0')	3	420
tensor(0, device='cuda:0')	0	421
tensor(3, device='cuda:0')	0	421
tensor(1, device='cuda:0')	0	421
tensor(2, device='cuda:0')	0	421
tensor(0, device='cuda:0')	1	421
tensor(0, device='cuda:0')	0	422
tensor(3, device='cuda:0')	1	422
tensor(3, device='cuda:0')	1	422
tensor(2, device='cuda:0')	0	422
tensor(0, device='cuda:0')	1	422
tensor(1, device='cuda:0')	3	422
tensor(2, device='cuda:0')	3	422
tensor(0, device='cuda:0')	2	422
tensor(2, device='cuda:0')	2	423
tensor(2, device='cuda:0')	3	423
tensor(3, device='cuda:0')	2	423
tensor(1, device='cuda:0')	3	423
tensor(1, device='cuda:0')	3	423
tensor(2, device='cuda:0')	0	423
tensor(0, device='cuda:0')	1	423
tensor(0, device='cuda:0')	0	424
tensor(3, device='cuda:0')	3	425
tensor(0, device='cuda:0')	2	425
tensor(0, device='cuda:0')	3	425
tensor(3, device='cuda:0')	3	426
tensor(0, device='cuda:0')	1	426
tensor(1, device='cuda:0')	1	427
tensor(3, device='cuda:0')	0	427
tensor(0, device='cuda:0')	3	427
tensor(0, device='cuda:0')	0	428
tensor(0, device='cuda:0')	0	429
tensor(1, device='cuda:0')	3	429
tensor(3, device='cuda:0')	0	429
tensor(2, device='cuda:0')	2	430
tensor(0, device='cuda:0')	3	430
tensor(0, device='cuda:0')	0	431
tensor(2, device='cuda:0')	3	431
tensor(3, device='cuda:0')	0	431
tensor(2, device='cuda:0')	2	432
tensor(2, device='cuda:0')	1	432
tensor(2, device='cuda:0')	2	433
tensor(3, device='cuda:0')	3	434
tensor(0, device='cuda:0')	1	434
tensor(1, device='cuda:0')	3	434
tensor(1, device='cuda:0')	2	434
tensor(3, device='cuda:0')	1	434
tensor(3, device='cuda:0')	3	435
tensor(1, device='cuda:0')	3	435
tensor(2, device='cuda:0')	1	435
tensor(1, device='cuda:0')	3	435
tensor(1, device='cuda:0')	0	435
tensor(0, device='cuda:0')	2	435
tensor(2, device='cuda:0')	1	435
tensor(1, device='cuda:0')	3	435
tensor(3, device='cuda:0')	1	435
tensor(3, device='cuda:0')	1	435
tensor(1, device='cuda:0')	3	435
tensor(2, device='cuda:0')	3	435
tensor(2, device='cuda:0')	2	436
tensor(2, device='cuda:0')	3	436
tensor(3, device='cuda:0')	1	436
tensor(1, device='cuda:0')	1	437
tensor(1, device='cuda:0')	2	437
tensor(1, device='cuda:0')	3	437
tensor(2, device='cuda:0')	2	438
tensor(3, device='cuda:0')	0	438
tensor(1, device='cuda:0')	0	438
tensor(2, device='cuda:0')	2	439
tensor(2, device='cuda:0')	0	439
tensor(1, device='cuda:0')	0	439
tensor(0, device='cuda:0')	0	440
tensor(2, device='cuda:0')	2	441
tensor(2, device='cuda:0')	2	442
tensor(2, device='cuda:0')	0	442
tensor(2, device='cuda:0')	2	443
tensor(0, device='cuda:0')	0	444
tensor(2, device='cuda:0')	1	444
tensor(1, device='cuda:0')	0	444
tensor(1, device='cuda:0')	3	444
tensor(1, device='cuda:0')	1	445
tensor(3, device='cuda:0')	3	446
tensor(0, device='cuda:0')	2	446
tensor(0, device='cuda:0')	2	446
tensor(2, device='cuda:0')	2	447
tensor(0, device='cuda:0')	2	447
tensor(0, device='cuda:0')	3	447
tensor(2, device='cuda:0')	2	448
tensor(1, device='cuda:0')	0	448
tensor(3, device='cuda:0')	3	449
tensor(3, device='cuda:0')	3	450
tensor(0, device='cuda:0')	1	450
tensor(2, device='cuda:0')	1	450
tensor(0, device='cuda:0')	1	450
tensor(2, device='cuda:0')	3	450
tensor(0, device='cuda:0')	2	450
tensor(2, device='cuda:0')	1	450
tensor(2, device='cuda:0')	2	451
tensor(1, device='cuda:0')	3	451
tensor(0, device='cuda:0')	2	451
tensor(1, device='cuda:0')	2	451
tensor(1, device='cuda:0')	3	451
tensor(0, device='cuda:0')	3	451
tensor(0, device='cuda:0')	3	451
tensor(0, device='cuda:0')	0	452
tensor(3, device='cuda:0')	2	452
tensor(0, device='cuda:0')	0	453
tensor(2, device='cuda:0')	0	453
tensor(3, device='cuda:0')	1	453
tensor(0, device='cuda:0')	0	454
tensor(2, device='cuda:0')	2	455
tensor(0, device='cuda:0')	1	455
tensor(0, device='cuda:0')	0	456
tensor(3, device='cuda:0')	0	456
tensor(2, device='cuda:0')	1	456
tensor(0, device='cuda:0')	0	457
tensor(0, device='cuda:0')	0	458
tensor(0, device='cuda:0')	0	459
tensor(1, device='cuda:0')	3	459
tensor(1, device='cuda:0')	0	459
1172
Accuracy: 0.3916382252559727
